#
# There is insufficient memory for the Java Runtime Environment to continue.
# Native memory allocation (malloc) failed to allocate 152496 bytes for Chunk::new
# Possible reasons:
#   The system is out of physical RAM or swap space
#   The process is running with CompressedOops enabled, and the Java Heap may be blocking the growth of the native heap
# Possible solutions:
#   Reduce memory load on the system
#   Increase physical memory or swap space
#   Check if swap backing store is full
#   Decrease Java heap size (-Xmx/-Xms)
#   Decrease number of Java threads
#   Decrease Java thread stack sizes (-Xss)
#   Set larger code cache with -XX:ReservedCodeCacheSize=
#   JVM is running with Zero Based Compressed Oops mode in which the Java heap is
#     placed in the first 32GB address space. The Java Heap base address is the
#     maximum limit for the native heap growth. Please use -XX:HeapBaseMinAddress
#     to set the Java Heap base and to place the Java Heap above 32GB virtual address.
# This output file may be truncated or incomplete.
#
#  Out of Memory Error (arena.cpp:168), pid=15316, tid=24728
#
# JRE version: Java(TM) SE Runtime Environment (21.0.6+8) (build 21.0.6+8-LTS-188)
# Java VM: Java HotSpot(TM) 64-Bit Server VM (21.0.6+8-LTS-188, mixed mode, sharing, tiered, compressed oops, compressed class ptrs, g1 gc, windows-amd64)
# No core dump will be written. Minidumps are not enabled by default on client versions of Windows
#

---------------  S U M M A R Y ------------

Command Line: -Dclassworlds.conf=C:\Program Files\NetBeans-21\netbeans\java\maven\bin\m2.conf -Dmaven.home=C:\Program Files\NetBeans-21\netbeans\java\maven -Dlibrary.jansi.path=C:\Program Files\NetBeans-21\netbeans\java\maven\lib\jansi-native -Dmaven.multiModuleProjectDirectory=C:\Users\pc\Documents\NetBeansProjects\GHADS org.codehaus.plexus.classworlds.launcher.Launcher -Dmaven.ext.class.path=C:\Program Files\NetBeans-21\netbeans\java\maven-nblib\netbeans-eventspy.jar --no-transfer-progress install

Host: 11th Gen Intel(R) Core(TM) i7-11800H @ 2.30GHz, 16 cores, 15G,  Windows 11 , 64 bit Build 22621 (10.0.22621.5415)
Time: Wed Jun  3 21:36:01 2026  Windows 11 , 64 bit Build 22621 (10.0.22621.5415) elapsed time: 7.025677 seconds (0d 0h 0m 7s)

---------------  T H R E A D  ---------------

Current thread (0x0000021b697c0d20):  JavaThread "C2 CompilerThread2" daemon [_thread_in_native, id=24728, stack(0x00000023cb000000,0x00000023cb100000) (1024K)]


Current CompileTask:
C2:   7025  847   !   4       java.util.jar.JarFile::checkForSpecialAttributes (163 bytes)

Stack: [0x00000023cb000000,0x00000023cb100000]
Native frames: (J=compiled Java code, j=interpreted, Vv=VM code, C=native code)
V  [jvm.dll+0x6ca6d9]
V  [jvm.dll+0x854f51]
V  [jvm.dll+0x85747e]
V  [jvm.dll+0x857b53]
V  [jvm.dll+0x27dcc6]
V  [jvm.dll+0xc4c2d]
V  [jvm.dll+0xc5163]
V  [jvm.dll+0x3b5122]
V  [jvm.dll+0x381855]
V  [jvm.dll+0x380cca]
V  [jvm.dll+0x246920]
V  [jvm.dll+0x245eff]
V  [jvm.dll+0x1c6d2e]
V  [jvm.dll+0x2554f9]
V  [jvm.dll+0x253a8a]
V  [jvm.dll+0x3ee576]
V  [jvm.dll+0x7ff2fb]
V  [jvm.dll+0x6c8dbd]
C  [ucrtbase.dll+0x29333]
C  [KERNEL32.DLL+0x1259d]
C  [ntdll.dll+0x5af78]


---------------  P R O C E S S  ---------------

Threads class SMR info:
_java_thread_list=0x0000021b69d4fa90, length=16, elements={
0x0000021b021cdb90, 0x0000021b23fb1f60, 0x0000021b23fb7e70, 0x0000021b23fba360,
0x0000021b23fbeb70, 0x0000021b23fbf6b0, 0x0000021b23fc03a0, 0x0000021b23fc5e90,
0x0000021b23fc6e50, 0x0000021b692307a0, 0x0000021b69235e00, 0x0000021b6935e6f0,
0x0000021b6935ed90, 0x0000021b6965f490, 0x0000021b697c0680, 0x0000021b697c0d20
}

Java Threads: ( => current thread )
  0x0000021b021cdb90 JavaThread "main"                              [_thread_in_Java, id=26804, stack(0x00000023c9a00000,0x00000023c9b00000) (1024K)]
  0x0000021b23fb1f60 JavaThread "Reference Handler"          daemon [_thread_blocked, id=27260, stack(0x00000023ca200000,0x00000023ca300000) (1024K)]
  0x0000021b23fb7e70 JavaThread "Finalizer"                  daemon [_thread_blocked, id=27264, stack(0x00000023ca300000,0x00000023ca400000) (1024K)]
  0x0000021b23fba360 JavaThread "Signal Dispatcher"          daemon [_thread_blocked, id=27268, stack(0x00000023ca400000,0x00000023ca500000) (1024K)]
  0x0000021b23fbeb70 JavaThread "Attach Listener"            daemon [_thread_blocked, id=27272, stack(0x00000023ca500000,0x00000023ca600000) (1024K)]
  0x0000021b23fbf6b0 JavaThread "Service Thread"             daemon [_thread_blocked, id=27276, stack(0x00000023ca600000,0x00000023ca700000) (1024K)]
  0x0000021b23fc03a0 JavaThread "Monitor Deflation Thread"   daemon [_thread_blocked, id=27280, stack(0x00000023ca700000,0x00000023ca800000) (1024K)]
  0x0000021b23fc5e90 JavaThread "C2 CompilerThread0"         daemon [_thread_blocked, id=27284, stack(0x00000023ca800000,0x00000023ca900000) (1024K)]
  0x0000021b23fc6e50 JavaThread "C1 CompilerThread0"         daemon [_thread_blocked, id=27288, stack(0x00000023ca900000,0x00000023caa00000) (1024K)]
  0x0000021b692307a0 JavaThread "Notification Thread"        daemon [_thread_blocked, id=27312, stack(0x00000023cab00000,0x00000023cac00000) (1024K)]
  0x0000021b69235e00 JavaThread "Common-Cleaner"             daemon [_thread_blocked, id=27348, stack(0x00000023cac00000,0x00000023cad00000) (1024K)]
  0x0000021b6935e6f0 JavaThread "C1 CompilerThread1"         daemon [_thread_blocked, id=27640, stack(0x00000023caa00000,0x00000023cab00000) (1024K)]
  0x0000021b6935ed90 JavaThread "C1 CompilerThread2"         daemon [_thread_blocked, id=23544, stack(0x00000023cad00000,0x00000023cae00000) (1024K)]
  0x0000021b6965f490 JavaThread "C1 CompilerThread3"         daemon [_thread_blocked, id=5988, stack(0x00000023cae00000,0x00000023caf00000) (1024K)]
  0x0000021b697c0680 JavaThread "C2 CompilerThread1"         daemon [_thread_blocked, id=23144, stack(0x00000023caf00000,0x00000023cb000000) (1024K)]
=>0x0000021b697c0d20 JavaThread "C2 CompilerThread2"         daemon [_thread_in_native, id=24728, stack(0x00000023cb000000,0x00000023cb100000) (1024K)]
Total: 16

Other Threads:
  0x0000021b23f9b920 VMThread "VM Thread"                           [id=27120, stack(0x00000023ca100000,0x00000023ca200000) (1024K)]
  0x0000021b23f84330 WatcherThread "VM Periodic Task Thread"        [id=27092, stack(0x00000023ca000000,0x00000023ca100000) (1024K)]
  0x0000021b04400f70 WorkerThread "GC Thread#0"                     [id=27024, stack(0x00000023c9b00000,0x00000023c9c00000) (1024K)]
  0x0000021b04411aa0 ConcurrentGCThread "G1 Main Marker"            [id=27028, stack(0x00000023c9c00000,0x00000023c9d00000) (1024K)]
  0x0000021b04412db0 WorkerThread "G1 Conc#0"                       [id=27032, stack(0x00000023c9d00000,0x00000023c9e00000) (1024K)]
  0x0000021b23e56c00 ConcurrentGCThread "G1 Refine#0"               [id=27056, stack(0x00000023c9e00000,0x00000023c9f00000) (1024K)]
  0x0000021b23e57420 ConcurrentGCThread "G1 Service"                [id=27060, stack(0x00000023c9f00000,0x00000023ca000000) (1024K)]
Total: 7

Threads with active compile tasks:
C2 CompilerThread2     7054  847   !   4       java.util.jar.JarFile::checkForSpecialAttributes (163 bytes)
Total: 1

VM state: not at safepoint (normal execution)

VM Mutex/Monitor currently owned by a thread: None

Heap address: 0x0000000704a00000, size: 4022 MB, Compressed Oops mode: Zero based, Oop shift amount: 3

CDS archive(s) mapped at: [0x0000021b24000000-0x0000021b24c90000-0x0000021b24c90000), size 13172736, SharedBaseAddress: 0x0000021b24000000, ArchiveRelocationMode: 1.
Compressed class space mapped at: 0x0000021b25000000-0x0000021b65000000, reserved size: 1073741824
Narrow klass base: 0x0000021b24000000, Narrow klass shift: 0, Narrow klass range: 0x100000000

GC Precious Log:
 CardTable entry size: 512
 Card Set container configuration: InlinePtr #cards 4 size 8 Array Of Cards #cards 16 size 48 Howl #buckets 8 coarsen threshold 3686 Howl Bitmap #cards 512 size 80 coarsen threshold 460 Card regions per heap region 1 cards per card region 4096
 CPUs: 16 total, 16 available
 Memory: 16085M
 Large Page Support: Disabled
 NUMA Support: Disabled
 Compressed Oops: Enabled (Zero based)
 Heap Region Size: 2M
 Heap Min Capacity: 8M
 Heap Initial Capacity: 252M
 Heap Max Capacity: 4022M
 Pre-touch: Disabled
 Parallel Workers: 13
 Concurrent Workers: 3
 Concurrent Refinement Workers: 13
 Periodic GC: Disabled

Heap:
 garbage-first heap   total 258048K, used 12288K [0x0000000704a00000, 0x0000000800000000)
  region size 2048K, 7 young (14336K), 0 survivors (0K)
 Metaspace       used 3175K, committed 3328K, reserved 1114112K
  class space    used 306K, committed 384K, reserved 1048576K

Heap Regions: E=young(eden), S=young(survivor), O=old, HS=humongous(starts), HC=humongous(continues), CS=collection set, F=free, TAMS=top-at-mark-start, PB=parsable bottom
|   0|0x0000000704a00000, 0x0000000704a00000, 0x0000000704c00000|  0%| F|  |TAMS 0x0000000704a00000| PB 0x0000000704a00000| Untracked 
|   1|0x0000000704c00000, 0x0000000704c00000, 0x0000000704e00000|  0%| F|  |TAMS 0x0000000704c00000| PB 0x0000000704c00000| Untracked 
|   2|0x0000000704e00000, 0x0000000704e00000, 0x0000000705000000|  0%| F|  |TAMS 0x0000000704e00000| PB 0x0000000704e00000| Untracked 
|   3|0x0000000705000000, 0x0000000705000000, 0x0000000705200000|  0%| F|  |TAMS 0x0000000705000000| PB 0x0000000705000000| Untracked 
|   4|0x0000000705200000, 0x0000000705200000, 0x0000000705400000|  0%| F|  |TAMS 0x0000000705200000| PB 0x0000000705200000| Untracked 
|   5|0x0000000705400000, 0x0000000705400000, 0x0000000705600000|  0%| F|  |TAMS 0x0000000705400000| PB 0x0000000705400000| Untracked 
|   6|0x0000000705600000, 0x0000000705600000, 0x0000000705800000|  0%| F|  |TAMS 0x0000000705600000| PB 0x0000000705600000| Untracked 
|   7|0x0000000705800000, 0x0000000705800000, 0x0000000705a00000|  0%| F|  |TAMS 0x0000000705800000| PB 0x0000000705800000| Untracked 
|   8|0x0000000705a00000, 0x0000000705a00000, 0x0000000705c00000|  0%| F|  |TAMS 0x0000000705a00000| PB 0x0000000705a00000| Untracked 
|   9|0x0000000705c00000, 0x0000000705c00000, 0x0000000705e00000|  0%| F|  |TAMS 0x0000000705c00000| PB 0x0000000705c00000| Untracked 
|  10|0x0000000705e00000, 0x0000000705e00000, 0x0000000706000000|  0%| F|  |TAMS 0x0000000705e00000| PB 0x0000000705e00000| Untracked 
|  11|0x0000000706000000, 0x0000000706000000, 0x0000000706200000|  0%| F|  |TAMS 0x0000000706000000| PB 0x0000000706000000| Untracked 
|  12|0x0000000706200000, 0x0000000706200000, 0x0000000706400000|  0%| F|  |TAMS 0x0000000706200000| PB 0x0000000706200000| Untracked 
|  13|0x0000000706400000, 0x0000000706400000, 0x0000000706600000|  0%| F|  |TAMS 0x0000000706400000| PB 0x0000000706400000| Untracked 
|  14|0x0000000706600000, 0x0000000706600000, 0x0000000706800000|  0%| F|  |TAMS 0x0000000706600000| PB 0x0000000706600000| Untracked 
|  15|0x0000000706800000, 0x0000000706800000, 0x0000000706a00000|  0%| F|  |TAMS 0x0000000706800000| PB 0x0000000706800000| Untracked 
|  16|0x0000000706a00000, 0x0000000706a00000, 0x0000000706c00000|  0%| F|  |TAMS 0x0000000706a00000| PB 0x0000000706a00000| Untracked 
|  17|0x0000000706c00000, 0x0000000706c00000, 0x0000000706e00000|  0%| F|  |TAMS 0x0000000706c00000| PB 0x0000000706c00000| Untracked 
|  18|0x0000000706e00000, 0x0000000706e00000, 0x0000000707000000|  0%| F|  |TAMS 0x0000000706e00000| PB 0x0000000706e00000| Untracked 
|  19|0x0000000707000000, 0x0000000707000000, 0x0000000707200000|  0%| F|  |TAMS 0x0000000707000000| PB 0x0000000707000000| Untracked 
|  20|0x0000000707200000, 0x0000000707200000, 0x0000000707400000|  0%| F|  |TAMS 0x0000000707200000| PB 0x0000000707200000| Untracked 
|  21|0x0000000707400000, 0x0000000707400000, 0x0000000707600000|  0%| F|  |TAMS 0x0000000707400000| PB 0x0000000707400000| Untracked 
|  22|0x0000000707600000, 0x0000000707600000, 0x0000000707800000|  0%| F|  |TAMS 0x0000000707600000| PB 0x0000000707600000| Untracked 
|  23|0x0000000707800000, 0x0000000707800000, 0x0000000707a00000|  0%| F|  |TAMS 0x0000000707800000| PB 0x0000000707800000| Untracked 
|  24|0x0000000707a00000, 0x0000000707a00000, 0x0000000707c00000|  0%| F|  |TAMS 0x0000000707a00000| PB 0x0000000707a00000| Untracked 
|  25|0x0000000707c00000, 0x0000000707c00000, 0x0000000707e00000|  0%| F|  |TAMS 0x0000000707c00000| PB 0x0000000707c00000| Untracked 
|  26|0x0000000707e00000, 0x0000000707e00000, 0x0000000708000000|  0%| F|  |TAMS 0x0000000707e00000| PB 0x0000000707e00000| Untracked 
|  27|0x0000000708000000, 0x0000000708000000, 0x0000000708200000|  0%| F|  |TAMS 0x0000000708000000| PB 0x0000000708000000| Untracked 
|  28|0x0000000708200000, 0x0000000708200000, 0x0000000708400000|  0%| F|  |TAMS 0x0000000708200000| PB 0x0000000708200000| Untracked 
|  29|0x0000000708400000, 0x0000000708400000, 0x0000000708600000|  0%| F|  |TAMS 0x0000000708400000| PB 0x0000000708400000| Untracked 
|  30|0x0000000708600000, 0x0000000708600000, 0x0000000708800000|  0%| F|  |TAMS 0x0000000708600000| PB 0x0000000708600000| Untracked 
|  31|0x0000000708800000, 0x0000000708800000, 0x0000000708a00000|  0%| F|  |TAMS 0x0000000708800000| PB 0x0000000708800000| Untracked 
|  32|0x0000000708a00000, 0x0000000708a00000, 0x0000000708c00000|  0%| F|  |TAMS 0x0000000708a00000| PB 0x0000000708a00000| Untracked 
|  33|0x0000000708c00000, 0x0000000708c00000, 0x0000000708e00000|  0%| F|  |TAMS 0x0000000708c00000| PB 0x0000000708c00000| Untracked 
|  34|0x0000000708e00000, 0x0000000708e00000, 0x0000000709000000|  0%| F|  |TAMS 0x0000000708e00000| PB 0x0000000708e00000| Untracked 
|  35|0x0000000709000000, 0x0000000709000000, 0x0000000709200000|  0%| F|  |TAMS 0x0000000709000000| PB 0x0000000709000000| Untracked 
|  36|0x0000000709200000, 0x0000000709200000, 0x0000000709400000|  0%| F|  |TAMS 0x0000000709200000| PB 0x0000000709200000| Untracked 
|  37|0x0000000709400000, 0x0000000709400000, 0x0000000709600000|  0%| F|  |TAMS 0x0000000709400000| PB 0x0000000709400000| Untracked 
|  38|0x0000000709600000, 0x0000000709600000, 0x0000000709800000|  0%| F|  |TAMS 0x0000000709600000| PB 0x0000000709600000| Untracked 
|  39|0x0000000709800000, 0x0000000709800000, 0x0000000709a00000|  0%| F|  |TAMS 0x0000000709800000| PB 0x0000000709800000| Untracked 
|  40|0x0000000709a00000, 0x0000000709a00000, 0x0000000709c00000|  0%| F|  |TAMS 0x0000000709a00000| PB 0x0000000709a00000| Untracked 
|  41|0x0000000709c00000, 0x0000000709c00000, 0x0000000709e00000|  0%| F|  |TAMS 0x0000000709c00000| PB 0x0000000709c00000| Untracked 
|  42|0x0000000709e00000, 0x0000000709e00000, 0x000000070a000000|  0%| F|  |TAMS 0x0000000709e00000| PB 0x0000000709e00000| Untracked 
|  43|0x000000070a000000, 0x000000070a000000, 0x000000070a200000|  0%| F|  |TAMS 0x000000070a000000| PB 0x000000070a000000| Untracked 
|  44|0x000000070a200000, 0x000000070a200000, 0x000000070a400000|  0%| F|  |TAMS 0x000000070a200000| PB 0x000000070a200000| Untracked 
|  45|0x000000070a400000, 0x000000070a400000, 0x000000070a600000|  0%| F|  |TAMS 0x000000070a400000| PB 0x000000070a400000| Untracked 
|  46|0x000000070a600000, 0x000000070a600000, 0x000000070a800000|  0%| F|  |TAMS 0x000000070a600000| PB 0x000000070a600000| Untracked 
|  47|0x000000070a800000, 0x000000070a800000, 0x000000070aa00000|  0%| F|  |TAMS 0x000000070a800000| PB 0x000000070a800000| Untracked 
|  48|0x000000070aa00000, 0x000000070aa00000, 0x000000070ac00000|  0%| F|  |TAMS 0x000000070aa00000| PB 0x000000070aa00000| Untracked 
|  49|0x000000070ac00000, 0x000000070ac00000, 0x000000070ae00000|  0%| F|  |TAMS 0x000000070ac00000| PB 0x000000070ac00000| Untracked 
|  50|0x000000070ae00000, 0x000000070ae00000, 0x000000070b000000|  0%| F|  |TAMS 0x000000070ae00000| PB 0x000000070ae00000| Untracked 
|  51|0x000000070b000000, 0x000000070b000000, 0x000000070b200000|  0%| F|  |TAMS 0x000000070b000000| PB 0x000000070b000000| Untracked 
|  52|0x000000070b200000, 0x000000070b200000, 0x000000070b400000|  0%| F|  |TAMS 0x000000070b200000| PB 0x000000070b200000| Untracked 
|  53|0x000000070b400000, 0x000000070b400000, 0x000000070b600000|  0%| F|  |TAMS 0x000000070b400000| PB 0x000000070b400000| Untracked 
|  54|0x000000070b600000, 0x000000070b600000, 0x000000070b800000|  0%| F|  |TAMS 0x000000070b600000| PB 0x000000070b600000| Untracked 
|  55|0x000000070b800000, 0x000000070b800000, 0x000000070ba00000|  0%| F|  |TAMS 0x000000070b800000| PB 0x000000070b800000| Untracked 
|  56|0x000000070ba00000, 0x000000070ba00000, 0x000000070bc00000|  0%| F|  |TAMS 0x000000070ba00000| PB 0x000000070ba00000| Untracked 
|  57|0x000000070bc00000, 0x000000070bc00000, 0x000000070be00000|  0%| F|  |TAMS 0x000000070bc00000| PB 0x000000070bc00000| Untracked 
|  58|0x000000070be00000, 0x000000070be00000, 0x000000070c000000|  0%| F|  |TAMS 0x000000070be00000| PB 0x000000070be00000| Untracked 
|  59|0x000000070c000000, 0x000000070c000000, 0x000000070c200000|  0%| F|  |TAMS 0x000000070c000000| PB 0x000000070c000000| Untracked 
|  60|0x000000070c200000, 0x000000070c200000, 0x000000070c400000|  0%| F|  |TAMS 0x000000070c200000| PB 0x000000070c200000| Untracked 
|  61|0x000000070c400000, 0x000000070c400000, 0x000000070c600000|  0%| F|  |TAMS 0x000000070c400000| PB 0x000000070c400000| Untracked 
|  62|0x000000070c600000, 0x000000070c600000, 0x000000070c800000|  0%| F|  |TAMS 0x000000070c600000| PB 0x000000070c600000| Untracked 
|  63|0x000000070c800000, 0x000000070c800000, 0x000000070ca00000|  0%| F|  |TAMS 0x000000070c800000| PB 0x000000070c800000| Untracked 
|  64|0x000000070ca00000, 0x000000070ca00000, 0x000000070cc00000|  0%| F|  |TAMS 0x000000070ca00000| PB 0x000000070ca00000| Untracked 
|  65|0x000000070cc00000, 0x000000070cc00000, 0x000000070ce00000|  0%| F|  |TAMS 0x000000070cc00000| PB 0x000000070cc00000| Untracked 
|  66|0x000000070ce00000, 0x000000070ce00000, 0x000000070d000000|  0%| F|  |TAMS 0x000000070ce00000| PB 0x000000070ce00000| Untracked 
|  67|0x000000070d000000, 0x000000070d000000, 0x000000070d200000|  0%| F|  |TAMS 0x000000070d000000| PB 0x000000070d000000| Untracked 
|  68|0x000000070d200000, 0x000000070d200000, 0x000000070d400000|  0%| F|  |TAMS 0x000000070d200000| PB 0x000000070d200000| Untracked 
|  69|0x000000070d400000, 0x000000070d400000, 0x000000070d600000|  0%| F|  |TAMS 0x000000070d400000| PB 0x000000070d400000| Untracked 
|  70|0x000000070d600000, 0x000000070d600000, 0x000000070d800000|  0%| F|  |TAMS 0x000000070d600000| PB 0x000000070d600000| Untracked 
|  71|0x000000070d800000, 0x000000070d800000, 0x000000070da00000|  0%| F|  |TAMS 0x000000070d800000| PB 0x000000070d800000| Untracked 
|  72|0x000000070da00000, 0x000000070da00000, 0x000000070dc00000|  0%| F|  |TAMS 0x000000070da00000| PB 0x000000070da00000| Untracked 
|  73|0x000000070dc00000, 0x000000070dc00000, 0x000000070de00000|  0%| F|  |TAMS 0x000000070dc00000| PB 0x000000070dc00000| Untracked 
|  74|0x000000070de00000, 0x000000070de00000, 0x000000070e000000|  0%| F|  |TAMS 0x000000070de00000| PB 0x000000070de00000| Untracked 
|  75|0x000000070e000000, 0x000000070e000000, 0x000000070e200000|  0%| F|  |TAMS 0x000000070e000000| PB 0x000000070e000000| Untracked 
|  76|0x000000070e200000, 0x000000070e200000, 0x000000070e400000|  0%| F|  |TAMS 0x000000070e200000| PB 0x000000070e200000| Untracked 
|  77|0x000000070e400000, 0x000000070e400000, 0x000000070e600000|  0%| F|  |TAMS 0x000000070e400000| PB 0x000000070e400000| Untracked 
|  78|0x000000070e600000, 0x000000070e600000, 0x000000070e800000|  0%| F|  |TAMS 0x000000070e600000| PB 0x000000070e600000| Untracked 
|  79|0x000000070e800000, 0x000000070e800000, 0x000000070ea00000|  0%| F|  |TAMS 0x000000070e800000| PB 0x000000070e800000| Untracked 
|  80|0x000000070ea00000, 0x000000070ea00000, 0x000000070ec00000|  0%| F|  |TAMS 0x000000070ea00000| PB 0x000000070ea00000| Untracked 
|  81|0x000000070ec00000, 0x000000070ec00000, 0x000000070ee00000|  0%| F|  |TAMS 0x000000070ec00000| PB 0x000000070ec00000| Untracked 
|  82|0x000000070ee00000, 0x000000070ee00000, 0x000000070f000000|  0%| F|  |TAMS 0x000000070ee00000| PB 0x000000070ee00000| Untracked 
|  83|0x000000070f000000, 0x000000070f000000, 0x000000070f200000|  0%| F|  |TAMS 0x000000070f000000| PB 0x000000070f000000| Untracked 
|  84|0x000000070f200000, 0x000000070f200000, 0x000000070f400000|  0%| F|  |TAMS 0x000000070f200000| PB 0x000000070f200000| Untracked 
|  85|0x000000070f400000, 0x000000070f400000, 0x000000070f600000|  0%| F|  |TAMS 0x000000070f400000| PB 0x000000070f400000| Untracked 
|  86|0x000000070f600000, 0x000000070f600000, 0x000000070f800000|  0%| F|  |TAMS 0x000000070f600000| PB 0x000000070f600000| Untracked 
|  87|0x000000070f800000, 0x000000070f800000, 0x000000070fa00000|  0%| F|  |TAMS 0x000000070f800000| PB 0x000000070f800000| Untracked 
|  88|0x000000070fa00000, 0x000000070fa00000, 0x000000070fc00000|  0%| F|  |TAMS 0x000000070fa00000| PB 0x000000070fa00000| Untracked 
|  89|0x000000070fc00000, 0x000000070fc00000, 0x000000070fe00000|  0%| F|  |TAMS 0x000000070fc00000| PB 0x000000070fc00000| Untracked 
|  90|0x000000070fe00000, 0x000000070fe00000, 0x0000000710000000|  0%| F|  |TAMS 0x000000070fe00000| PB 0x000000070fe00000| Untracked 
|  91|0x0000000710000000, 0x0000000710000000, 0x0000000710200000|  0%| F|  |TAMS 0x0000000710000000| PB 0x0000000710000000| Untracked 
|  92|0x0000000710200000, 0x0000000710200000, 0x0000000710400000|  0%| F|  |TAMS 0x0000000710200000| PB 0x0000000710200000| Untracked 
|  93|0x0000000710400000, 0x0000000710400000, 0x0000000710600000|  0%| F|  |TAMS 0x0000000710400000| PB 0x0000000710400000| Untracked 
|  94|0x0000000710600000, 0x0000000710600000, 0x0000000710800000|  0%| F|  |TAMS 0x0000000710600000| PB 0x0000000710600000| Untracked 
|  95|0x0000000710800000, 0x0000000710800000, 0x0000000710a00000|  0%| F|  |TAMS 0x0000000710800000| PB 0x0000000710800000| Untracked 
|  96|0x0000000710a00000, 0x0000000710a00000, 0x0000000710c00000|  0%| F|  |TAMS 0x0000000710a00000| PB 0x0000000710a00000| Untracked 
|  97|0x0000000710c00000, 0x0000000710c00000, 0x0000000710e00000|  0%| F|  |TAMS 0x0000000710c00000| PB 0x0000000710c00000| Untracked 
|  98|0x0000000710e00000, 0x0000000710e00000, 0x0000000711000000|  0%| F|  |TAMS 0x0000000710e00000| PB 0x0000000710e00000| Untracked 
|  99|0x0000000711000000, 0x0000000711000000, 0x0000000711200000|  0%| F|  |TAMS 0x0000000711000000| PB 0x0000000711000000| Untracked 
| 100|0x0000000711200000, 0x0000000711200000, 0x0000000711400000|  0%| F|  |TAMS 0x0000000711200000| PB 0x0000000711200000| Untracked 
| 101|0x0000000711400000, 0x0000000711400000, 0x0000000711600000|  0%| F|  |TAMS 0x0000000711400000| PB 0x0000000711400000| Untracked 
| 102|0x0000000711600000, 0x0000000711600000, 0x0000000711800000|  0%| F|  |TAMS 0x0000000711600000| PB 0x0000000711600000| Untracked 
| 103|0x0000000711800000, 0x0000000711800000, 0x0000000711a00000|  0%| F|  |TAMS 0x0000000711800000| PB 0x0000000711800000| Untracked 
| 104|0x0000000711a00000, 0x0000000711a00000, 0x0000000711c00000|  0%| F|  |TAMS 0x0000000711a00000| PB 0x0000000711a00000| Untracked 
| 105|0x0000000711c00000, 0x0000000711c00000, 0x0000000711e00000|  0%| F|  |TAMS 0x0000000711c00000| PB 0x0000000711c00000| Untracked 
| 106|0x0000000711e00000, 0x0000000711e00000, 0x0000000712000000|  0%| F|  |TAMS 0x0000000711e00000| PB 0x0000000711e00000| Untracked 
| 107|0x0000000712000000, 0x0000000712000000, 0x0000000712200000|  0%| F|  |TAMS 0x0000000712000000| PB 0x0000000712000000| Untracked 
| 108|0x0000000712200000, 0x0000000712200000, 0x0000000712400000|  0%| F|  |TAMS 0x0000000712200000| PB 0x0000000712200000| Untracked 
| 109|0x0000000712400000, 0x0000000712400000, 0x0000000712600000|  0%| F|  |TAMS 0x0000000712400000| PB 0x0000000712400000| Untracked 
| 110|0x0000000712600000, 0x0000000712600000, 0x0000000712800000|  0%| F|  |TAMS 0x0000000712600000| PB 0x0000000712600000| Untracked 
| 111|0x0000000712800000, 0x0000000712800000, 0x0000000712a00000|  0%| F|  |TAMS 0x0000000712800000| PB 0x0000000712800000| Untracked 
| 112|0x0000000712a00000, 0x0000000712a00000, 0x0000000712c00000|  0%| F|  |TAMS 0x0000000712a00000| PB 0x0000000712a00000| Untracked 
| 113|0x0000000712c00000, 0x0000000712c00000, 0x0000000712e00000|  0%| F|  |TAMS 0x0000000712c00000| PB 0x0000000712c00000| Untracked 
| 114|0x0000000712e00000, 0x0000000712e00000, 0x0000000713000000|  0%| F|  |TAMS 0x0000000712e00000| PB 0x0000000712e00000| Untracked 
| 115|0x0000000713000000, 0x0000000713000000, 0x0000000713200000|  0%| F|  |TAMS 0x0000000713000000| PB 0x0000000713000000| Untracked 
| 116|0x0000000713200000, 0x0000000713200000, 0x0000000713400000|  0%| F|  |TAMS 0x0000000713200000| PB 0x0000000713200000| Untracked 
| 117|0x0000000713400000, 0x0000000713400000, 0x0000000713600000|  0%| F|  |TAMS 0x0000000713400000| PB 0x0000000713400000| Untracked 
| 118|0x0000000713600000, 0x0000000713600000, 0x0000000713800000|  0%| F|  |TAMS 0x0000000713600000| PB 0x0000000713600000| Untracked 
| 119|0x0000000713800000, 0x00000007138712a0, 0x0000000713a00000| 22%| E|  |TAMS 0x0000000713800000| PB 0x0000000713800000| Complete 
| 120|0x0000000713a00000, 0x0000000713c00000, 0x0000000713c00000|100%| E|CS|TAMS 0x0000000713a00000| PB 0x0000000713a00000| Complete 
| 121|0x0000000713c00000, 0x0000000713e00000, 0x0000000713e00000|100%| E|CS|TAMS 0x0000000713c00000| PB 0x0000000713c00000| Complete 
| 122|0x0000000713e00000, 0x0000000714000000, 0x0000000714000000|100%| E|CS|TAMS 0x0000000713e00000| PB 0x0000000713e00000| Complete 
| 123|0x0000000714000000, 0x0000000714200000, 0x0000000714200000|100%| E|CS|TAMS 0x0000000714000000| PB 0x0000000714000000| Complete 
| 124|0x0000000714200000, 0x0000000714400000, 0x0000000714400000|100%| E|CS|TAMS 0x0000000714200000| PB 0x0000000714200000| Complete 
| 125|0x0000000714400000, 0x0000000714600000, 0x0000000714600000|100%| E|CS|TAMS 0x0000000714400000| PB 0x0000000714400000| Complete 

Card table byte_map: [0x0000021b1c890000,0x0000021b1d070000] _byte_map_base: 0x0000021b1906b000

Marking Bits: (CMBitMap*) 0x0000021b04401670
 Bits: [0x0000021b1d070000, 0x0000021b20f48000)

Polling page: 0x0000021b02320000

Metaspace:

Usage:
  Non-class:      2.84 MB used.
      Class:    307.67 KB used.
       Both:      3.14 MB used.

Virtual space:
  Non-class space:       64.00 MB reserved,       2.94 MB (  5%) committed,  1 nodes.
      Class space:        1.00 GB reserved,     384.00 KB ( <1%) committed,  1 nodes.
             Both:        1.06 GB reserved,       3.31 MB ( <1%) committed. 

Chunk freelists:
   Non-Class:  10.73 MB
       Class:  15.56 MB
        Both:  26.30 MB

MaxMetaspaceSize: unlimited
CompressedClassSpaceSize: 1.00 GB
Initial GC threshold: 21.00 MB
Current GC threshold: 21.00 MB
CDS: on
 - commit_granule_bytes: 65536.
 - commit_granule_words: 8192.
 - virtual_space_node_default_size: 8388608.
 - enlarge_chunks_in_place: 1.
 - use_allocation_guard: 0.


Internal statistics:

num_allocs_failed_limit: 0.
num_arena_births: 34.
num_arena_deaths: 0.
num_vsnodes_births: 2.
num_vsnodes_deaths: 0.
num_space_committed: 53.
num_space_uncommitted: 0.
num_chunks_returned_to_freelist: 0.
num_chunks_taken_from_freelist: 105.
num_chunk_merges: 0.
num_chunk_splits: 70.
num_chunks_enlarged: 55.
num_inconsistent_stats: 0.

CodeHeap 'non-profiled nmethods': size=119168Kb used=253Kb max_used=253Kb free=118914Kb
 bounds [0x0000021b143c0000, 0x0000021b14630000, 0x0000021b1b820000]
CodeHeap 'profiled nmethods': size=119104Kb used=1743Kb max_used=1743Kb free=117360Kb
 bounds [0x0000021b0c820000, 0x0000021b0ca90000, 0x0000021b13c70000]
CodeHeap 'non-nmethods': size=7488Kb used=3153Kb max_used=3173Kb free=4334Kb
 bounds [0x0000021b13c70000, 0x0000021b14010000, 0x0000021b143c0000]
 total_blobs=1352 nmethods=905 adapters=349
 compilation: enabled
              stopped_count=0, restarted_count=0
 full_count=0

Compilation events (20 events):
Event: 7.010 Thread 0x0000021b23fc6e50  845       3       java.lang.ThreadLocal::getMap (5 bytes)
Event: 7.010 Thread 0x0000021b23fc6e50 nmethod 845 0x0000021b0c9a9a90 code [0x0000021b0c9a9c20, 0x0000021b0c9a9d38]
Event: 7.012 Thread 0x0000021b23fc6e50  846       3       java.lang.String::contains (19 bytes)
Event: 7.012 Thread 0x0000021b23fc6e50 nmethod 846 0x0000021b0c9a9e10 code [0x0000021b0c9a9fe0, 0x0000021b0c9aa250]
Event: 7.017 Thread 0x0000021b6935e6f0  851       3       jdk.internal.loader.Resource::<init> (5 bytes)
Event: 7.017 Thread 0x0000021b6935e6f0 nmethod 851 0x0000021b0c9aa310 code [0x0000021b0c9aa4c0, 0x0000021b0c9aa628]
Event: 7.017 Thread 0x0000021b23fc5e90 nmethod 831 0x0000021b143f8f10 code [0x0000021b143f9280, 0x0000021b143fac90]
Event: 7.018 Thread 0x0000021b23fc5e90  844       4       java.lang.StringLatin1::inflate (34 bytes)
Event: 7.019 Thread 0x0000021b23fc6e50  852       3       sun.net.www.protocol.jar.Handler::parseURL (173 bytes)
Event: 7.019 Thread 0x0000021b6965f490  853       3       sun.net.www.protocol.jar.Handler::parseContextSpec (150 bytes)
Event: 7.019 Thread 0x0000021b697c0680  848       4       java.util.zip.ZipFile$Source::getEntryPos (164 bytes)
Event: 7.019 Thread 0x0000021b697c0d20  847   !   4       java.util.jar.JarFile::checkForSpecialAttributes (163 bytes)
Event: 7.019 Thread 0x0000021b6935ed90  854       3       sun.net.www.protocol.jar.Handler::indexOfBangSlash (52 bytes)
Event: 7.019 Thread 0x0000021b23fc6e50 nmethod 852 0x0000021b0c9aa710 code [0x0000021b0c9aa9c0, 0x0000021b0c9ab3b8]
Event: 7.020 Thread 0x0000021b6935e6f0  855       3       jdk.internal.loader.URLClassPath$JarLoader$2::<init> (31 bytes)
Event: 7.020 Thread 0x0000021b6935ed90 nmethod 854 0x0000021b0c9ab810 code [0x0000021b0c9aba80, 0x0000021b0c9ac560]
Event: 7.020 Thread 0x0000021b6935e6f0 nmethod 855 0x0000021b0c9ac990 code [0x0000021b0c9acb40, 0x0000021b0c9acec8]
Event: 7.020 Thread 0x0000021b6965f490 nmethod 853 0x0000021b0c9acf90 code [0x0000021b0c9ad400, 0x0000021b0c9aef08]
Event: 7.023 Thread 0x0000021b23fc5e90 nmethod 844 0x0000021b143fbb10 code [0x0000021b143fbca0, 0x0000021b143fbea8]
Event: 7.023 Thread 0x0000021b23fc5e90  850   !   4       jdk.internal.loader.URLClassPath$JarLoader::ensureOpen (36 bytes)

GC Heap History (0 events):
No events

Dll operation events (8 events):
Event: 0.118 Loaded shared library C:\Program Files\Java\jdk-21\bin\java.dll
Event: 0.254 Loaded shared library C:\Program Files\Java\jdk-21\bin\jsvml.dll
Event: 0.280 Loaded shared library C:\Program Files\Java\jdk-21\bin\net.dll
Event: 0.284 Loaded shared library C:\Program Files\Java\jdk-21\bin\nio.dll
Event: 0.288 Loaded shared library C:\Program Files\Java\jdk-21\bin\zip.dll
Event: 5.756 Loaded shared library C:\Program Files\Java\jdk-21\bin\jimage.dll
Event: 5.770 Loaded shared library C:\Program Files\NetBeans-21\netbeans\java\maven\lib\jansi-native\Windows\x86_64\jansi.dll
Event: 5.791 Loaded shared library C:\Program Files\Java\jdk-21\bin\verify.dll

Deoptimization events (20 events):
Event: 6.841 Thread 0x0000021b021cdb90 DEOPT PACKING pc=0x0000021b143f3ab4 sp=0x00000023c9afd9c0
Event: 6.841 Thread 0x0000021b021cdb90 DEOPT UNPACKING pc=0x0000021b13cc7da2 sp=0x00000023c9afd9b0 mode 2
Event: 6.850 Thread 0x0000021b021cdb90 Uncommon trap: trap_request=0xffffff45 fr.pc=0x0000021b143d1584 relative=0x0000000000000524
Event: 6.850 Thread 0x0000021b021cdb90 Uncommon trap: reason=unstable_if action=reinterpret pc=0x0000021b143d1584 method=java.lang.StringLatin1.canEncode(I)Z @ 4 c2
Event: 6.851 Thread 0x0000021b021cdb90 DEOPT PACKING pc=0x0000021b143d1584 sp=0x00000023c9afe000
Event: 6.851 Thread 0x0000021b021cdb90 DEOPT UNPACKING pc=0x0000021b13cc7da2 sp=0x00000023c9afdf38 mode 2
Event: 6.851 Thread 0x0000021b021cdb90 Uncommon trap: trap_request=0xffffff45 fr.pc=0x0000021b143d20ec relative=0x000000000000050c
Event: 6.851 Thread 0x0000021b021cdb90 Uncommon trap: reason=unstable_if action=reinterpret pc=0x0000021b143d20ec method=java.lang.AbstractStringBuilder.isLatin1()Z @ 10 c2
Event: 6.851 Thread 0x0000021b021cdb90 DEOPT PACKING pc=0x0000021b143d20ec sp=0x00000023c9afe020
Event: 6.851 Thread 0x0000021b021cdb90 DEOPT UNPACKING pc=0x0000021b13cc7da2 sp=0x00000023c9afdfb0 mode 2
Event: 6.851 Thread 0x0000021b021cdb90 Uncommon trap: trap_request=0xffffff45 fr.pc=0x0000021b143eb80c relative=0x000000000000006c
Event: 6.851 Thread 0x0000021b021cdb90 Uncommon trap: reason=unstable_if action=reinterpret pc=0x0000021b143eb80c method=java.lang.AbstractStringBuilder.isLatin1()Z @ 10 c2
Event: 6.851 Thread 0x0000021b021cdb90 DEOPT PACKING pc=0x0000021b143eb80c sp=0x00000023c9afe020
Event: 6.851 Thread 0x0000021b021cdb90 DEOPT UNPACKING pc=0x0000021b13cc7da2 sp=0x00000023c9afdfb0 mode 2
Event: 6.863 Thread 0x0000021b021cdb90 Uncommon trap: trap_request=0xffffff45 fr.pc=0x0000021b143cc768 relative=0x0000000000000048
Event: 6.863 Thread 0x0000021b021cdb90 Uncommon trap: reason=unstable_if action=reinterpret pc=0x0000021b143cc768 method=java.lang.StringLatin1.canEncode(I)Z @ 4 c2
Event: 6.863 Thread 0x0000021b021cdb90 DEOPT PACKING pc=0x0000021b143cc768 sp=0x00000023c9afdfb0
Event: 6.863 Thread 0x0000021b021cdb90 DEOPT UNPACKING pc=0x0000021b13cc7da2 sp=0x00000023c9afdf40 mode 2
Event: 6.877 Thread 0x0000021b021cdb90 DEOPT PACKING pc=0x0000021b0c88c977 sp=0x00000023c9afa200
Event: 6.877 Thread 0x0000021b021cdb90 DEOPT UNPACKING pc=0x0000021b13cc88e2 sp=0x00000023c9af9650 mode 0

Classes loaded (20 events):
Event: 6.737 Loading class java/util/concurrent/locks/ReentrantReadWriteLock$Sync$ThreadLocalHoldCounter
Event: 6.737 Loading class java/util/concurrent/locks/ReentrantReadWriteLock$Sync$ThreadLocalHoldCounter done
Event: 6.737 Loading class java/util/concurrent/locks/ReentrantReadWriteLock$ReadLock
Event: 6.737 Loading class java/util/concurrent/locks/ReentrantReadWriteLock$ReadLock done
Event: 6.737 Loading class java/util/concurrent/locks/ReentrantReadWriteLock$WriteLock
Event: 6.737 Loading class java/util/concurrent/locks/ReentrantReadWriteLock$WriteLock done
Event: 6.782 Loading class java/text/ParseException
Event: 6.782 Loading class java/text/ParseException done
Event: 6.793 Loading class sun/util/calendar/ZoneInfoFile$Checksum
Event: 6.793 Loading class sun/util/calendar/ZoneInfoFile$Checksum done
Event: 6.797 Loading class jdk/internal/module/ModulePatcher$PatchedModuleReader
Event: 6.797 Loading class jdk/internal/module/ModulePatcher$PatchedModuleReader done
Event: 6.797 Loading class sun/net/www/protocol/jrt/Handler
Event: 6.797 Loading class sun/net/www/protocol/jrt/Handler done
Event: 6.848 Loading class sun/text/resources/cldr/FormatData_en
Event: 6.848 Loading class sun/text/resources/cldr/FormatData_en done
Event: 6.849 Loading class sun/text/resources/cldr/FormatData_en_US
Event: 6.849 Loading class sun/text/resources/cldr/FormatData_en_US done
Event: 7.018 Loading class java/lang/ArrayIndexOutOfBoundsException
Event: 7.018 Loading class java/lang/ArrayIndexOutOfBoundsException done

Classes unloaded (0 events):
No events

Classes redefined (0 events):
No events

Internal exceptions (19 events):
Event: 0.420 Thread 0x0000021b021cdb90 Exception <a 'java/lang/NoSuchMethodError'{0x00000007142df390}: 'int java.lang.invoke.DirectMethodHandle$Holder.invokeSpecial(java.lang.Object, java.lang.Object, java.lang.Object)'> (0x00000007142df390) 
thrown [s\open\src\hotspot\share\interpreter\linkResolver.cpp, line 773]
Event: 5.733 Thread 0x0000021b021cdb90 Exception <a 'java/lang/NoSuchMethodError'{0x000000071416f870}: 'java.lang.Object java.lang.invoke.Invokers$Holder.invokeExact_MT(java.lang.Object, java.lang.Object, java.lang.Object, java.lang.Object, java.lang.Object)'> (0x000000071416f870) 
thrown [s\open\src\hotspot\share\interpreter\linkResolver.cpp, line 773]
Event: 5.751 Thread 0x0000021b021cdb90 Exception <a 'java/lang/NullPointerException'{0x00000007141c4df0}> (0x00000007141c4df0) 
thrown [s\open\src\hotspot\share\interpreter\linkResolver.cpp, line 1372]
Event: 5.773 Thread 0x0000021b021cdb90 Exception <a 'java/lang/NullPointerException'{0x00000007141eca88}> (0x00000007141eca88) 
thrown [s\open\src\hotspot\share\interpreter\linkResolver.cpp, line 1372]
Event: 5.773 Thread 0x0000021b021cdb90 Exception <a 'java/lang/NullPointerException'{0x00000007141ecd68}> (0x00000007141ecd68) 
thrown [s\open\src\hotspot\share\interpreter\linkResolver.cpp, line 1372]
Event: 5.773 Thread 0x0000021b021cdb90 Exception <a 'java/lang/NullPointerException'{0x00000007141ed048}> (0x00000007141ed048) 
thrown [s\open\src\hotspot\share\interpreter\linkResolver.cpp, line 1372]
Event: 5.775 Thread 0x0000021b021cdb90 Exception <a 'java/lang/NullPointerException'{0x00000007141f1dd0}> (0x00000007141f1dd0) 
thrown [s\open\src\hotspot\share\interpreter\linkResolver.cpp, line 1372]
Event: 5.779 Thread 0x0000021b021cdb90 Exception <a 'java/lang/NullPointerException'{0x0000000713e060e0}> (0x0000000713e060e0) 
thrown [s\open\src\hotspot\share\interpreter\linkResolver.cpp, line 1372]
Event: 5.779 Thread 0x0000021b021cdb90 Exception <a 'java/lang/NullPointerException'{0x0000000713e063c0}> (0x0000000713e063c0) 
thrown [s\open\src\hotspot\share\interpreter\linkResolver.cpp, line 1372]
Event: 5.780 Thread 0x0000021b021cdb90 Exception <a 'java/lang/NullPointerException'{0x0000000713e066a0}> (0x0000000713e066a0) 
thrown [s\open\src\hotspot\share\interpreter\linkResolver.cpp, line 1372]
Event: 5.780 Thread 0x0000021b021cdb90 Exception <a 'java/lang/NullPointerException'{0x0000000713e06980}> (0x0000000713e06980) 
thrown [s\open\src\hotspot\share\interpreter\linkResolver.cpp, line 1372]
Event: 5.788 Thread 0x0000021b021cdb90 Exception <a 'sun/nio/fs/WindowsException'{0x0000000713e2f9d8}> (0x0000000713e2f9d8) 
thrown [s\open\src\hotspot\share\prims\jni.cpp, line 520]
Event: 5.789 Thread 0x0000021b021cdb90 Exception <a 'sun/nio/fs/WindowsException'{0x0000000713e30118}> (0x0000000713e30118) 
thrown [s\open\src\hotspot\share\prims\jni.cpp, line 520]
Event: 5.789 Thread 0x0000021b021cdb90 Exception <a 'sun/nio/fs/WindowsException'{0x0000000713e30690}> (0x0000000713e30690) 
thrown [s\open\src\hotspot\share\prims\jni.cpp, line 520]
Event: 5.789 Thread 0x0000021b021cdb90 Exception <a 'sun/nio/fs/WindowsException'{0x0000000713e30ba0}> (0x0000000713e30ba0) 
thrown [s\open\src\hotspot\share\prims\jni.cpp, line 520]
Event: 5.789 Thread 0x0000021b021cdb90 Exception <a 'sun/nio/fs/WindowsException'{0x0000000713e310a8}> (0x0000000713e310a8) 
thrown [s\open\src\hotspot\share\prims\jni.cpp, line 520]
Event: 5.789 Thread 0x0000021b021cdb90 Exception <a 'sun/nio/fs/WindowsException'{0x0000000713e31568}> (0x0000000713e31568) 
thrown [s\open\src\hotspot\share\prims\jni.cpp, line 520]
Event: 5.881 Thread 0x0000021b021cdb90 Exception <a 'java/lang/NoSuchMethodError'{0x0000000713ea1e40}: 'void java.lang.invoke.DirectMethodHandle$Holder.invokeStatic(java.lang.Object, java.lang.Object, java.lang.Object)'> (0x0000000713ea1e40) 
thrown [s\open\src\hotspot\share\interpreter\linkResolver.cpp, line 773]
Event: 6.710 Thread 0x0000021b021cdb90 Exception <a 'java/lang/NoSuchMethodError'{0x0000000713c532e8}: 'java.lang.Object java.lang.invoke.DirectMethodHandle$Holder.invokeSpecialIFC(java.lang.Object, java.lang.Object, java.lang.Object, java.lang.Object)'> (0x0000000713c532e8) 
thrown [s\open\src\hotspot\share\interpreter\linkResolver.cpp, line 773]

ZGC Phase Switch (0 events):
No events

VM Operations (12 events):
Event: 0.290 Executing VM operation: HandshakeAllThreads (Deoptimize)
Event: 0.290 Executing VM operation: HandshakeAllThreads (Deoptimize) done
Event: 1.303 Executing VM operation: Cleanup
Event: 1.304 Executing VM operation: Cleanup done
Event: 5.331 Executing VM operation: Cleanup
Event: 5.331 Executing VM operation: Cleanup done
Event: 5.748 Executing VM operation: HandshakeAllThreads (Deoptimize)
Event: 5.748 Executing VM operation: HandshakeAllThreads (Deoptimize) done
Event: 5.760 Executing VM operation: HandshakeAllThreads (Deoptimize)
Event: 5.760 Executing VM operation: HandshakeAllThreads (Deoptimize) done
Event: 6.762 Executing VM operation: Cleanup
Event: 6.778 Executing VM operation: Cleanup done

Events (20 events):
Event: 0.145 Thread 0x0000021b021cdb90 Thread added: 0x0000021b021cdb90
Event: 0.250 Thread 0x0000021b23fb1f60 Thread added: 0x0000021b23fb1f60
Event: 0.250 Thread 0x0000021b23fb7e70 Thread added: 0x0000021b23fb7e70
Event: 0.250 Thread 0x0000021b23fba360 Thread added: 0x0000021b23fba360
Event: 0.250 Thread 0x0000021b23fbeb70 Thread added: 0x0000021b23fbeb70
Event: 0.251 Thread 0x0000021b23fbf6b0 Thread added: 0x0000021b23fbf6b0
Event: 0.251 Thread 0x0000021b23fc03a0 Thread added: 0x0000021b23fc03a0
Event: 0.251 Thread 0x0000021b23fc5e90 Thread added: 0x0000021b23fc5e90
Event: 0.251 Thread 0x0000021b23fc6e50 Thread added: 0x0000021b23fc6e50
Event: 0.271 Thread 0x0000021b69219660 Thread added: 0x0000021b69219660
Event: 0.272 Thread 0x0000021b692307a0 Thread added: 0x0000021b692307a0
Event: 0.276 Thread 0x0000021b69235e00 Thread added: 0x0000021b69235e00
Event: 0.532 Thread 0x0000021b692ada90 Thread added: 0x0000021b692ada90
Event: 1.142 Thread 0x0000021b692ada90 Thread exited: 0x0000021b692ada90
Event: 3.049 Thread 0x0000021b69219660 Thread exited: 0x0000021b69219660
Event: 6.786 Thread 0x0000021b6935e6f0 Thread added: 0x0000021b6935e6f0
Event: 6.787 Thread 0x0000021b6935ed90 Thread added: 0x0000021b6935ed90
Event: 6.787 Thread 0x0000021b6965f490 Thread added: 0x0000021b6965f490
Event: 7.017 Thread 0x0000021b697c0680 Thread added: 0x0000021b697c0680
Event: 7.019 Thread 0x0000021b697c0d20 Thread added: 0x0000021b697c0d20


Dynamic libraries:
0x00007ff65f260000 - 0x00007ff65f270000 	C:\Program Files\Java\jdk-21\bin\java.exe
0x00007ffc80210000 - 0x00007ffc80428000 	C:\Windows\SYSTEM32\ntdll.dll
0x00007ffc7f080000 - 0x00007ffc7f144000 	C:\Windows\System32\KERNEL32.DLL
0x00007ffc7d930000 - 0x00007ffc7dd03000 	C:\Windows\System32\KERNELBASE.dll
0x00007ffc7d770000 - 0x00007ffc7d881000 	C:\Windows\System32\ucrtbase.dll
0x00007ffc2a360000 - 0x00007ffc2a379000 	C:\Program Files\Java\jdk-21\bin\jli.dll
0x00007ffc7fce0000 - 0x00007ffc7fd91000 	C:\Windows\System32\ADVAPI32.dll
0x00007ffc7eeb0000 - 0x00007ffc7ef57000 	C:\Windows\System32\msvcrt.dll
0x00007ffc7efd0000 - 0x00007ffc7f078000 	C:\Windows\System32\sechost.dll
0x00007ffc7d740000 - 0x00007ffc7d768000 	C:\Windows\System32\bcrypt.dll
0x00007ffc7ebb0000 - 0x00007ffc7ecc8000 	C:\Windows\System32\RPCRT4.dll
0x00007ffc7e390000 - 0x00007ffc7e542000 	C:\Windows\System32\USER32.dll
0x00007ffc7dd10000 - 0x00007ffc7dd36000 	C:\Windows\System32\win32u.dll
0x00007ffc7f2b0000 - 0x00007ffc7f2d9000 	C:\Windows\System32\GDI32.dll
0x00007ffc7d620000 - 0x00007ffc7d73b000 	C:\Windows\System32\gdi32full.dll
0x00007ffc7d890000 - 0x00007ffc7d92a000 	C:\Windows\System32\msvcp_win.dll
0x00007ffbb88f0000 - 0x00007ffbb890b000 	C:\Program Files\Java\jdk-21\bin\VCRUNTIME140.dll
0x00007ffc69c10000 - 0x00007ffc69eac000 	C:\Windows\WinSxS\amd64_microsoft.windows.common-controls_6595b64144ccf1df_6.0.22621.6060_none_2712eda17382d24b\COMCTL32.dll
0x00007ffc776c0000 - 0x00007ffc776ca000 	C:\Windows\SYSTEM32\VERSION.dll
0x00007ffc7f150000 - 0x00007ffc7f181000 	C:\Windows\System32\IMM32.DLL
0x00007ffc23220000 - 0x00007ffc2322c000 	C:\Program Files\Java\jdk-21\bin\vcruntime140_1.dll
0x00007ffbdf1d0000 - 0x00007ffbdf25e000 	C:\Program Files\Java\jdk-21\bin\msvcp140.dll
0x00007ffbad5b0000 - 0x00007ffbae2ca000 	C:\Program Files\Java\jdk-21\bin\server\jvm.dll
0x00007ffc7e550000 - 0x00007ffc7e5c1000 	C:\Windows\System32\WS2_32.dll
0x00007ffc7caf0000 - 0x00007ffc7cb3d000 	C:\Windows\SYSTEM32\POWRPROF.dll
0x00007ffc75cc0000 - 0x00007ffc75cf4000 	C:\Windows\SYSTEM32\WINMM.dll
0x00007ffc7cad0000 - 0x00007ffc7cae3000 	C:\Windows\SYSTEM32\UMPDC.dll
0x00007ffc7c2c0000 - 0x00007ffc7c2d8000 	C:\Windows\SYSTEM32\kernel.appcore.dll
0x00007ffc22a20000 - 0x00007ffc22a2a000 	C:\Program Files\Java\jdk-21\bin\jimage.dll
0x00007ffc7ad40000 - 0x00007ffc7af73000 	C:\Windows\SYSTEM32\DBGHELP.DLL
0x00007ffc7e640000 - 0x00007ffc7e9d1000 	C:\Windows\System32\combase.dll
0x00007ffc7f190000 - 0x00007ffc7f268000 	C:\Windows\System32\OLEAUT32.dll
0x00007ffc716c0000 - 0x00007ffc716f2000 	C:\Windows\SYSTEM32\dbgcore.DLL
0x00007ffc7d3e0000 - 0x00007ffc7d45b000 	C:\Windows\System32\bcryptPrimitives.dll
0x00007ffbad550000 - 0x00007ffbad56f000 	C:\Program Files\Java\jdk-21\bin\java.dll
0x00007ffc7f440000 - 0x00007ffc7fcdc000 	C:\Windows\System32\SHELL32.dll
0x00007ffc7d4e0000 - 0x00007ffc7d61f000 	C:\Windows\System32\wintypes.dll
0x00007ffc7b1d0000 - 0x00007ffc7baea000 	C:\Windows\SYSTEM32\windows.storage.dll
0x00007ffc7ed20000 - 0x00007ffc7ee24000 	C:\Windows\System32\SHCORE.dll
0x00007ffc7ef60000 - 0x00007ffc7efc9000 	C:\Windows\System32\shlwapi.dll
0x00007ffc7d250000 - 0x00007ffc7d275000 	C:\Windows\SYSTEM32\profapi.dll
0x00007ffbad470000 - 0x00007ffbad547000 	C:\Program Files\Java\jdk-21\bin\jsvml.dll
0x00007ffc1f7d0000 - 0x00007ffc1f7e0000 	C:\Program Files\Java\jdk-21\bin\net.dll
0x00007ffc76140000 - 0x00007ffc7626c000 	C:\Windows\SYSTEM32\WINHTTP.dll
0x00007ffc7c780000 - 0x00007ffc7c7e9000 	C:\Windows\system32\mswsock.dll
0x00007ffbad450000 - 0x00007ffbad466000 	C:\Program Files\Java\jdk-21\bin\nio.dll
0x00007ffbad430000 - 0x00007ffbad448000 	C:\Program Files\Java\jdk-21\bin\zip.dll
0x0000000069ac0000 - 0x0000000069ae4000 	C:\Program Files\NetBeans-21\netbeans\java\maven\lib\jansi-native\Windows\x86_64\jansi.dll
0x00007ffc0fec0000 - 0x00007ffc0fed0000 	C:\Program Files\Java\jdk-21\bin\verify.dll

dbghelp: loaded successfully - version: 4.0.5 - missing functions: none
symbol engine: initialized successfully - sym options: 0x614 - pdb path: .;C:\Program Files\Java\jdk-21\bin;C:\Windows\SYSTEM32;C:\Windows\WinSxS\amd64_microsoft.windows.common-controls_6595b64144ccf1df_6.0.22621.6060_none_2712eda17382d24b;C:\Program Files\Java\jdk-21\bin\server;C:\Program Files\NetBeans-21\netbeans\java\maven\lib\jansi-native\Windows\x86_64

VM Arguments:
jvm_args: -Dclassworlds.conf=C:\Program Files\NetBeans-21\netbeans\java\maven\bin\m2.conf -Dmaven.home=C:\Program Files\NetBeans-21\netbeans\java\maven -Dlibrary.jansi.path=C:\Program Files\NetBeans-21\netbeans\java\maven\lib\jansi-native -Dmaven.multiModuleProjectDirectory=C:\Users\pc\Documents\NetBeansProjects\GHADS 
java_command: org.codehaus.plexus.classworlds.launcher.Launcher -Dmaven.ext.class.path=C:\Program Files\NetBeans-21\netbeans\java\maven-nblib\netbeans-eventspy.jar --no-transfer-progress install
java_class_path (initial): C:\Program Files\NetBeans-21\netbeans\java\maven\boot\plexus-classworlds-2.7.0.jar
Launcher Type: SUN_STANDARD

[Global flags]
     intx CICompilerCount                          = 12                                        {product} {ergonomic}
     uint ConcGCThreads                            = 3                                         {product} {ergonomic}
     uint G1ConcRefinementThreads                  = 13                                        {product} {ergonomic}
   size_t G1HeapRegionSize                         = 2097152                                   {product} {ergonomic}
    uintx GCDrainStackTargetSize                   = 64                                        {product} {ergonomic}
   size_t InitialHeapSize                          = 264241152                                 {product} {ergonomic}
   size_t MarkStackSize                            = 4194304                                   {product} {ergonomic}
   size_t MaxHeapSize                              = 4217372672                                {product} {ergonomic}
   size_t MaxNewSize                               = 2529165312                                {product} {ergonomic}
   size_t MinHeapDeltaBytes                        = 2097152                                   {product} {ergonomic}
   size_t MinHeapSize                              = 8388608                                   {product} {ergonomic}
    uintx NonNMethodCodeHeapSize                   = 7602480                                {pd product} {ergonomic}
    uintx NonProfiledCodeHeapSize                  = 122027880                              {pd product} {ergonomic}
    uintx ProfiledCodeHeapSize                     = 122027880                              {pd product} {ergonomic}
    uintx ReservedCodeCacheSize                    = 251658240                              {pd product} {ergonomic}
     bool SegmentedCodeCache                       = true                                      {product} {ergonomic}
   size_t SoftMaxHeapSize                          = 4217372672                             {manageable} {ergonomic}
     bool UseCompressedOops                        = true                           {product lp64_product} {ergonomic}
     bool UseG1GC                                  = true                                      {product} {ergonomic}
     bool UseLargePagesIndividualAllocation        = false                                  {pd product} {ergonomic}

Logging:
Log output configuration:
 #0: stdout all=warning uptime,level,tags foldmultilines=false
 #1: stderr all=off uptime,level,tags foldmultilines=false

Environment Variables:
JAVA_HOME=C:\Program Files\Java\jdk-21
PATH=C:\Program Files (x86)\VMware\VMware Workstation\bin\;C:\Program Files (x86)\Common Files\Intel\Shared Libraries\redist\intel64\compiler;C:\Program Files\Common Files\Oracle\Java\javapath;C:\Windows\system32;C:\Windows;C:\Windows\System32\Wbem;C:\Windows\System32\WindowsPowerShell\v1.0\;C:\Windows\System32\OpenSSH\;C:\Program Files\IBM\SPSS\Statistics\Subscription\JRE\bin;E:\MATLAB 2018\runtime\win64;E:\MATLAB 2018\bin;E:\MATLAB\R2018a\runtime\win64;E:\MATLAB\R2018a\bin;C:\Program Files (x86)\Microsoft SQL Server\160\DTS\Binn\;C:\Program Files\NVIDIA Corporation\NVIDIA App\NvDLISR;C:\Program Files (x86)\NVIDIA Corporation\PhysX\Common;C:\Program Files\dotnet\;C:\Program Files\Git\cmd;C:\Users\pc\dart-sdk\bin;C:\Program Files\nodejs\;C:\Users\pc\AppData\Local\Programs\Python\Python311\Scripts\;C:\Users\pc\AppData\Local\Programs\Python\Python311\;C:\Users\pc\AppData\Local\Microsoft\WindowsApps;C:\Users\pc\AppData\Local\Programs\Microsoft VS Code\bin;C:\mingw64\bin;C:\Users\pc\.dotnet\tools;C:\dart-sdk\bin;C:\Users\pc\AppData\Roaming\npm;D:\Antigravity\bin;C:\flutter\bin;C:\Users\pc\AppData\Local\Programs\Antigravity IDE\bin;
USERNAME=pc
OS=Windows_NT
PROCESSOR_IDENTIFIER=Intel64 Family 6 Model 141 Stepping 1, GenuineIntel
TMP=C:\Users\pc\AppData\Local\Temp
TEMP=C:\Users\pc\AppData\Local\Temp




Periodic native trim disabled

---------------  S Y S T E M  ---------------

OS:
 Windows 11 , 64 bit Build 22621 (10.0.22621.5415)
OS uptime: 0 days 0:03 hours
Hyper-V role detected

CPU: total 16 (initial active 16) (8 cores per cpu, 2 threads per core) family 6 model 141 stepping 1 microcode 0x34, cx8, cmov, fxsr, ht, mmx, 3dnowpref, sse, sse2, sse3, ssse3, sse4.1, sse4.2, popcnt, lzcnt, tsc, tscinvbit, avx, avx2, aes, erms, clmul, bmi1, bmi2, adx, avx512f, avx512dq, avx512cd, avx512bw, avx512vl, sha, fma, vzeroupper, avx512_vpopcntdq, avx512_vpclmulqdq, avx512_vaes, avx512_vnni, clflush, clflushopt, clwb, avx512_vbmi2, avx512_vbmi, hv, rdtscp, rdpid, fsrm, gfni, avx512_bitalg, f16c, cet_ibt, cet_ss, avx512_ifma
Processor Information for all 16 processors :
  Max Mhz: 2304, Current Mhz: 2304, Mhz Limit: 2304

Memory: 4k page, system-wide physical 16085M (5085M free)
TotalPageFile size 21796M (AvailPageFile size 1M)
current process WorkingSet (physical memory assigned to process): 61M, peak: 61M
current process commit charge ("private bytes"): 360M, peak: 360M

vm_info: Java HotSpot(TM) 64-Bit Server VM (21.0.6+8-LTS-188) for windows-amd64 JRE (21.0.6+8-LTS-188), built on 2024-12-03T10:50:54Z by "mach5one" with MS VC++ 17.6 (VS2022)

END.
