#
# There is insufficient memory for the Java Runtime Environment to continue.
# Native memory allocation (mmap) failed to map 65536 bytes for Failed to commit metaspace.
# Possible reasons:
#   The system is out of physical RAM or swap space
#   The process is running with CompressedOops enabled, and the Java Heap may be blocking the growth of the native heap
# Possible solutions:
#   Reduce memory load on the system
#   Increase physical memory or swap space
#   Check if swap backing store is full
#   Decrease Java heap size (-Xmx/-Xms)
#
#  Out of Memory Error (virtualSpaceNode.cpp:112), pid=12568, tid=13044
#
# JRE version: Java(TM) SE Runtime Environment (21.0.6+8) (build 21.0.6+8-LTS-188)
# Java VM: Java HotSpot(TM) 64-Bit Server VM (21.0.6+8-LTS-188, mixed mode, sharing, tiered, compressed oops, compressed class ptrs, g1 gc, windows-amd64)
# No core dump will be written. Minidumps are not enabled by default on client versions of Windows
#

---------------  S U M M A R Y ------------

Command Line: -Dclassworlds.conf=C:\Program Files\NetBeans-21\netbeans\java\maven\bin\m2.conf -Dmaven.home=C:\Program Files\NetBeans-21\netbeans\java\maven -Dlibrary.jansi.path=C:\Program Files\NetBeans-21\netbeans\java\maven\lib\jansi-native -Dmaven.multiModuleProjectDirectory=C:\Users\pc\Documents\NetBeansProjects\GHADS org.codehaus.plexus.classworlds.launcher.Launcher -Dmaven.ext.class.path=C:\Program Files\NetBeans-21\netbeans\java\maven-nblib\netbeans-eventspy.jar --no-transfer-progress install

Host: 11th Gen Intel(R) Core(TM) i7-11800H @ 2.30GHz, 16 cores, 15G,  Windows 11 , 64 bit Build 22621 (10.0.22621.5415)
Time: Wed Jun  3 21:35:54 2026  Windows 11 , 64 bit Build 22621 (10.0.22621.5415) elapsed time: 5.584114 seconds (0d 0h 0m 5s)

---------------  T H R E A D  ---------------

Current thread (0x000002146dcbdad0):  JavaThread "main"             [_thread_in_vm, id=13044, stack(0x000000353d900000,0x000000353da00000) (1024K)]

Stack: [0x000000353d900000,0x000000353da00000]
Native frames: (J=compiled Java code, j=interpreted, Vv=VM code, C=native code)
V  [jvm.dll+0x6ca6d9]
V  [jvm.dll+0x854f51]
V  [jvm.dll+0x85747e]
V  [jvm.dll+0x857b53]
V  [jvm.dll+0x27dcc6]
V  [jvm.dll+0x850b6e]
V  [jvm.dll+0x66e3e5]
V  [jvm.dll+0x1e3f1c]
V  [jvm.dll+0x1e3cee]
V  [jvm.dll+0x670d13]
V  [jvm.dll+0x670b32]
V  [jvm.dll+0x66edbe]
V  [jvm.dll+0x2681ef]
V  [jvm.dll+0x679135]
V  [jvm.dll+0x214cb1]
V  [jvm.dll+0x21513a]
V  [jvm.dll+0x215b61]
V  [jvm.dll+0x20affe]
V  [jvm.dll+0x5ad2ec]
V  [jvm.dll+0x7cf136]
V  [jvm.dll+0x470c46]
V  [jvm.dll+0x476ac8]
C  [java.dll+0x17ec]

Java frames: (J=compiled Java code, j=interpreted, Vv=VM code)
J 534  java.lang.ClassLoader.defineClass1(Ljava/lang/ClassLoader;Ljava/lang/String;[BIILjava/security/ProtectionDomain;Ljava/lang/String;)Ljava/lang/Class; java.base@21.0.6 (0 bytes) @ 0x0000021407bcbb11 [0x0000021407bcba40+0x00000000000000d1]
J 888 c1 java.lang.ClassLoader.defineClass(Ljava/lang/String;[BIILjava/security/ProtectionDomain;)Ljava/lang/Class; java.base@21.0.6 (43 bytes) @ 0x00000214001a640c [0x00000214001a60a0+0x000000000000036c]
J 976 c1 java.security.SecureClassLoader.defineClass(Ljava/lang/String;[BIILjava/security/CodeSource;)Ljava/lang/Class; java.base@21.0.6 (16 bytes) @ 0x00000214001dfb9c [0x00000214001dfac0+0x00000000000000dc]
J 912 c1 java.net.URLClassLoader.defineClass(Ljava/lang/String;Ljdk/internal/loader/Resource;)Ljava/lang/Class; java.base@21.0.6 (224 bytes) @ 0x00000214001bb684 [0x00000214001ba340+0x0000000000001344]
J 911 c1 java.net.URLClassLoader$1.run()Ljava/lang/Class; java.base@21.0.6 (81 bytes) @ 0x00000214001b8cec [0x00000214001b8060+0x0000000000000c8c]
J 910 c1 java.net.URLClassLoader$1.run()Ljava/lang/Object; java.base@21.0.6 (5 bytes) @ 0x00000214001b5154 [0x00000214001b50c0+0x0000000000000094]
J 526 c1 java.security.AccessController.doPrivileged(Ljava/security/PrivilegedExceptionAction;Ljava/security/AccessControlContext;)Ljava/lang/Object; java.base@21.0.6 (26 bytes) @ 0x00000214000ca114 [0x00000214000c9f20+0x00000000000001f4]
J 908 c1 java.net.URLClassLoader.findClass(Ljava/lang/String;)Ljava/lang/Class; java.base@21.0.6 (47 bytes) @ 0x00000214001b5b54 [0x00000214001b59a0+0x00000000000001b4]
J 905 c1 org.codehaus.plexus.classworlds.realm.ClassRealm.loadClassFromSelf(Ljava/lang/String;)Ljava/lang/Class; (40 bytes) @ 0x00000214001b49bc [0x00000214001b4620+0x000000000000039c]
J 940 c1 org.codehaus.plexus.classworlds.strategy.SelfFirstStrategy.loadClass(Ljava/lang/String;)Ljava/lang/Class; (50 bytes) @ 0x00000214001ca32c [0x00000214001c9f40+0x00000000000003ec]
J 588 c1 org.codehaus.plexus.classworlds.realm.ClassRealm.loadClass(Ljava/lang/String;Z)Ljava/lang/Class; (33 bytes) @ 0x00000214000f08e4 [0x00000214000f0760+0x0000000000000184]
J 587 c1 org.codehaus.plexus.classworlds.realm.ClassRealm.loadClass(Ljava/lang/String;)Ljava/lang/Class; (7 bytes) @ 0x00000214000f0e44 [0x00000214000f0d40+0x0000000000000104]
v  ~StubRoutines::call_stub 0x00000214074510e7
j  java.lang.Class.getDeclaredMethods0(Z)[Ljava/lang/reflect/Method;+0 java.base@21.0.6
J 1352 c1 java.lang.Class.privateGetDeclaredMethods(Z)[Ljava/lang/reflect/Method; java.base@21.0.6 (64 bytes) @ 0x000002140028915c [0x0000021400288fc0+0x000000000000019c]
J 1394 c1 java.lang.Class.getDeclaredMethods()[Ljava/lang/reflect/Method; java.base@21.0.6 (27 bytes) @ 0x00000214002a5914 [0x00000214002a57e0+0x0000000000000134]
J 1731 c1 com.google.inject.internal.DeclaredMembers.getDeclaredMethods(Ljava/lang/Class;)[Ljava/lang/reflect/Method; (76 bytes) @ 0x0000021400358304 [0x00000214003582a0+0x0000000000000064]
j  com.google.inject.spi.InjectionPoint.getDeclaredMethods(Lcom/google/inject/TypeLiteral;)[Ljava/lang/reflect/Method;+4
j  com.google.inject.spi.InjectionPoint.getInjectionPoints(Lcom/google/inject/TypeLiteral;ZLcom/google/inject/internal/Errors;)Ljava/util/Set;+195
j  com.google.inject.spi.InjectionPoint.forInstanceMethodsAndFields(Lcom/google/inject/TypeLiteral;)Ljava/util/Set;+11
j  org.eclipse.sisu.wire.DependencyAnalyzer.analyzeImplementation(Lcom/google/inject/TypeLiteral;Z)Ljava/lang/Boolean;+44
j  org.eclipse.sisu.wire.DependencyAnalyzer.visit(Lcom/google/inject/spi/ProviderInstanceBinding;)Ljava/lang/Boolean;+33
j  org.eclipse.sisu.wire.DependencyAnalyzer.visit(Lcom/google/inject/spi/ProviderInstanceBinding;)Ljava/lang/Object;+2
j  com.google.inject.internal.ProviderInstanceBindingImpl.acceptTargetVisitor(Lcom/google/inject/spi/BindingTargetVisitor;)Ljava/lang/Object;+27
j  org.eclipse.sisu.wire.ElementAnalyzer.visit(Lcom/google/inject/Binding;)Ljava/lang/Void;+43
j  org.eclipse.sisu.wire.ElementAnalyzer.visit(Lcom/google/inject/Binding;)Ljava/lang/Object;+2
j  com.google.inject.internal.BindingImpl.acceptVisitor(Lcom/google/inject/spi/ElementVisitor;)Ljava/lang/Object;+2
j  org.eclipse.sisu.wire.WireModule.configure(Lcom/google/inject/Binder;)V+45
j  com.google.inject.spi.Elements$RecordingBinder.install(Lcom/google/inject/Module;)V+209
j  com.google.inject.spi.Elements.getElements(Lcom/google/inject/Stage;Ljava/lang/Iterable;)Ljava/util/List;+40
j  com.google.inject.internal.InjectorShell$Builder.build(Lcom/google/inject/internal/Initializer;Lcom/google/inject/internal/ProcessedBindingData;Lcom/google/inject/internal/util/ContinuousStopwatch;Lcom/google/inject/internal/Errors;)Ljava/util/List;+163
j  com.google.inject.internal.InternalInjectorCreator.build()Lcom/google/inject/Injector;+48
j  com.google.inject.Guice.createInjector(Lcom/google/inject/Stage;Ljava/lang/Iterable;)Lcom/google/inject/Injector;+15
j  com.google.inject.Guice.createInjector(Ljava/lang/Iterable;)Lcom/google/inject/Injector;+4
j  com.google.inject.Guice.createInjector([Lcom/google/inject/Module;)Lcom/google/inject/Injector;+4
j  org.codehaus.plexus.DefaultPlexusContainer.addPlexusInjector(Ljava/util/List;[Lcom/google/inject/Module;)Lcom/google/inject/Injector;+88
j  org.codehaus.plexus.DefaultPlexusContainer.<init>(Lorg/codehaus/plexus/ContainerConfiguration;[Lcom/google/inject/Module;)V+400
j  org.apache.maven.cli.MavenCli.container(Lorg/apache/maven/cli/CliRequest;)Lorg/codehaus/plexus/PlexusContainer;+279
j  org.apache.maven.cli.MavenCli.doMain(Lorg/apache/maven/cli/CliRequest;)I+34
j  org.apache.maven.cli.MavenCli.main([Ljava/lang/String;Lorg/codehaus/plexus/classworlds/ClassWorld;)I+24
j  java.lang.invoke.DirectMethodHandle$Holder.invokeStatic(Ljava/lang/Object;Ljava/lang/Object;Ljava/lang/Object;)I+11 java.base@21.0.6
j  java.lang.invoke.LambdaForm$MH+0x0000021411009400.invoke(Ljava/lang/Object;Ljava/lang/Object;Ljava/lang/Object;Ljava/lang/Object;)Ljava/lang/Object;+54 java.base@21.0.6
j  java.lang.invoke.LambdaForm$MH+0x0000021411009800.invokeExact_MT(Ljava/lang/Object;Ljava/lang/Object;Ljava/lang/Object;Ljava/lang/Object;Ljava/lang/Object;)Ljava/lang/Object;+22 java.base@21.0.6
j  jdk.internal.reflect.DirectMethodHandleAccessor.invokeImpl(Ljava/lang/Object;[Ljava/lang/Object;)Ljava/lang/Object;+72 java.base@21.0.6
j  jdk.internal.reflect.DirectMethodHandleAccessor.invoke(Ljava/lang/Object;[Ljava/lang/Object;)Ljava/lang/Object;+23 java.base@21.0.6
j  java.lang.reflect.Method.invoke(Ljava/lang/Object;[Ljava/lang/Object;)Ljava/lang/Object;+102 java.base@21.0.6
j  org.codehaus.plexus.classworlds.launcher.Launcher.launchEnhanced([Ljava/lang/String;)V+45
j  org.codehaus.plexus.classworlds.launcher.Launcher.launch([Ljava/lang/String;)V+2
j  org.codehaus.plexus.classworlds.launcher.Launcher.mainWithExitCode([Ljava/lang/String;)I+108
j  org.codehaus.plexus.classworlds.launcher.Launcher.main([Ljava/lang/String;)V+1
v  ~StubRoutines::call_stub 0x00000214074510e7

Compiled method (n/a)    5621  534     n 0       java.lang.ClassLoader::defineClass1 (native)
 total in heap  [0x0000021407bcb890,0x0000021407bcbff0] = 1888
 relocation     [0x0000021407bcb9f0,0x0000021407bcba30] = 64
 main code      [0x0000021407bcba40,0x0000021407bcbfef] = 1455
 stub code      [0x0000021407bcbfef,0x0000021407bcbff0] = 1

[Constant Pool (empty)]

[MachCode]
[Entry Point]
  # {method} {0x000002141043ac80} 'defineClass1' '(Ljava/lang/ClassLoader;Ljava/lang/String;[BIILjava/security/ProtectionDomain;Ljava/lang/String;)Ljava/lang/Class;' in 'java/lang/ClassLoader'
  # parm0:    rdx:rdx   = 'java/lang/ClassLoader'
  # parm1:    r8:r8     = 'java/lang/String'
  # parm2:    r9:r9     = '[B'
  # parm3:    rdi       = int
  # parm4:    rsi       = int
  # parm5:    rcx:rcx   = 'java/security/ProtectionDomain'
  # parm6:    [sp+0xa0]   = 'java/lang/String'  (sp of caller)
  0x0000021407bcba40: 448b 5208 | 49bb 0000 | 0010 1402 | 0000 4d03 | d349 3bc2 | 0f84 0600 

  0x0000021407bcba58: ;   {runtime_call ic_miss_stub}
  0x0000021407bcba58: 0000 e921 | 2f8d ff90 
[Verified Entry Point]
  0x0000021407bcba60: 8984 2400 | 80ff ff55 | 488b ec48 | 81ec 9000 | 0000 6690 | 4181 7f20 | 0100 0000 

  0x0000021407bcba7c: ;   {runtime_call StubRoutines (final stubs)}
  0x0000021407bcba7c: 7405 e8fd | a28b ff48 | 837d 1000 | 488d 4510 | 480f 4445 | 1048 8944 | 2440 4889 | 4c24 7048 
  0x0000021407bcba9c: 83f9 0048 | 8d44 2470 | 480f 4444 | 2470 4889 | 4424 3848 | 8974 2430 | 4889 7c24 | 284c 894c 
  0x0000021407bcbabc: 2458 4983 | f900 488d | 4424 5848 | 0f44 4424 | 5848 8944 | 2420 4c89 | 4424 5049 | 83f8 004c 
  0x0000021407bcbadc: 8d4c 2450 | 4c0f 444c | 2450 4889 | 5424 4848 | 83fa 004c | 8d44 2448 | 4c0f 4444 

  0x0000021407bcbaf8: ;   {oop(a 'java/lang/Class'{0x0000000712f74060} = 'java/lang/ClassLoader')}
  0x0000021407bcbaf8: 2448 49be | 6040 f712 | 0700 0000 | 4c89 7424 | 784c 8d74 | 2478 498b | d6c5 f877 

  0x0000021407bcbb14: ;   {internal_word}
  0x0000021407bcbb14: 49ba 11bb | bc07 1402 | 0000 4d89 | 97a0 0300 | 0049 89a7 | 9803 0000 

  0x0000021407bcbb2c: ;   {external_word}
  0x0000021407bcbb2c: 49ba e057 | 1dae fb7f | 0000 4180 | 3a00 0f84 | 4e00 0000 | 5241 5041 

  0x0000021407bcbb44: ;   {metadata({method} {0x000002141043ac80} 'defineClass1' '(Ljava/lang/ClassLoader;Ljava/lang/String;[BIILjava/security/ProtectionDomain;Ljava/lang/String;)Ljava/lang/Class;' in 'java/lang/ClassLoader')}
  0x0000021407bcbb44: 5148 ba78 | ac43 1014 | 0200 0049 | 8bcf 4883 | ec20 40f6 | c40f 0f84 | 1900 0000 | 4883 ec08 
  0x0000021407bcbb64: ;   {runtime_call}
  0x0000021407bcbb64: 48b8 8005 | cead fb7f | 0000 ffd0 | 4883 c408 | e90c 0000 

  0x0000021407bcbb78: ;   {runtime_call}
  0x0000021407bcbb78: 0048 b880 | 05ce adfb | 7f00 00ff | d048 83c4 | 2041 5941 | 585a 498d | 8fb8 0300 | 0041 c787 
  0x0000021407bcbb98: 4404 0000 | 0400 0000 

  0x0000021407bcbba0: ;   {runtime_call}
  0x0000021407bcbba0: 48b8 ac16 | 55ad fb7f | 0000 ffd0 | c5f8 7741 | c787 4404 | 0000 0500 | 0000 f083 | 4424 c000 
  0x0000021407bcbbc0: 493b af48 | 0400 000f | 870e 0000 | 0041 83bf | 4004 0000 | 000f 842b | 0000 00c5 | f877 4889 
  0x0000021407bcbbe0: 45f8 498b | cf4c 8be4 | 4883 ec20 | 4883 e4f0 

  0x0000021407bcbbf0: ;   {runtime_call}
  0x0000021407bcbbf0: 48b8 f0b2 | 99ad fb7f | 0000 ffd0 | 498b e44d | 33e4 488b | 45f8 41c7 | 8744 0400 | 0008 0000 
  0x0000021407bcbc10: 0041 83bf | c004 0000 | 020f 84a3 

  0x0000021407bcbc1c: ;   {external_word}
  0x0000021407bcbc1c: 0300 0049 | bae0 571d | aefb 7f00 | 0041 803a | 000f 844c | 0000 0048 

  0x0000021407bcbc34: ;   {metadata({method} {0x000002141043ac80} 'defineClass1' '(Ljava/lang/ClassLoader;Ljava/lang/String;[BIILjava/security/ProtectionDomain;Ljava/lang/String;)Ljava/lang/Class;' in 'java/lang/ClassLoader')}
  0x0000021407bcbc34: 8945 f848 | ba78 ac43 | 1014 0200 | 0049 8bcf | 4883 ec20 | 40f6 c40f | 0f84 1900 | 0000 4883 
  0x0000021407bcbc54: ;   {runtime_call}
  0x0000021407bcbc54: ec08 48b8 | 8005 cead | fb7f 0000 | ffd0 4883 | c408 e90c 

  0x0000021407bcbc68: ;   {runtime_call}
  0x0000021407bcbc68: 0000 0048 | b880 05ce | adfb 7f00 | 00ff d048 | 83c4 2048 | 8b45 f849 | c787 9803 | 0000 0000 
  0x0000021407bcbc88: 0000 49c7 | 87a0 0300 | 0000 0000 | 00c5 f877 | 4885 c00f | 84fe 0200 | 00a8 030f | 8508 0000 
  0x0000021407bcbca8: 0048 8b00 | e9ee 0200 | 00a8 010f | 8509 0000 | 0048 8b40 | fee9 dd02 | 0000 488b | 40ff 4180 
  0x0000021407bcbcc8: 7f40 000f | 84ce 0200 | 0048 83f8 | 000f 84c4 | 0200 0049 | 8b4f 2848 | 83f9 000f | 8414 0000 
  0x0000021407bcbce8: 0048 83e9 | 0849 894f | 2849 034f | 3848 8901 | e9a2 0200 | 0048 81ec | 5001 0000 | 4889 0424 
  0x0000021407bcbd08: 4889 4c24 | 0848 8954 | 2410 4889 | 7424 1848 | 897c 2420 | 4c89 4424 | 284c 894c | 2430 4c89 
  0x0000021407bcbd28: 5424 384c | 895c 2440 | c5fb 1144 | 2450 c5fb | 114c 2458 | c5fb 1154 | 2460 c5fb | 115c 2468 
  0x0000021407bcbd48: c5fb 1164 | 2470 c5fb | 116c 2478 | c5fb 11b4 | 2480 0000 | 00c5 fb11 | bc24 8800 | 0000 c57b 
  0x0000021407bcbd68: ;   {no_reloc}
  0x0000021407bcbd68: 1184 2490 | 0000 00c5 | 7b11 8c24 | 9800 0000 | c57b 1194 | 24a0 0000 | 00c5 7b11 | 9c24 a800 
  0x0000021407bcbd88: 0000 c57b | 11a4 24b0 | 0000 00c5 | 7b11 ac24 | b800 0000 | c57b 11b4 | 24c0 0000 | 00c5 7b11 
  0x0000021407bcbda8: bc24 c800 | 0000 62e1 | ff08 1144 | 241a 62e1 | ff08 114c | 241b 62e1 | ff08 1154 | 241c 62e1 
  0x0000021407bcbdc8: ff08 115c | 241d 62e1 | ff08 1164 | 241e 62e1 | ff08 116c | 241f 62e1 | ff08 1174 | 2420 62e1 
  0x0000021407bcbde8: ff08 117c | 2421 6261 | ff08 1144 | 2422 6261 | ff08 114c | 2423 6261 | ff08 1154 | 2424 6261 
  0x0000021407bcbe08: ff08 115c | 2425 6261 | ff08 1164 | 2426 6261 | ff08 116c | 2427 6261 | ff08 1174 | 2428 6261 
  0x0000021407bcbe28: ff08 117c | 2429 498b | d748 8bc8 | 4883 ec20 | 40f6 c40f | 0f84 1900 | 0000 4883 

  0x0000021407bcbe44: ;   {runtime_call}
  0x0000021407bcbe44: ec08 48b8 | 90f1 8cad | fb7f 0000 | ffd0 4883 | c408 e90c 

  0x0000021407bcbe58: ;   {runtime_call}
  0x0000021407bcbe58: 0000 0048 | b890 f18c | adfb 7f00 | 00ff d048 | 83c4 2062 | 61ff 0810 | 7c24 2962 | 61ff 0810 
  0x0000021407bcbe78: 7424 2862 | 61ff 0810 | 6c24 2762 | 61ff 0810 | 6424 2662 | 61ff 0810 | 5c24 2562 | 61ff 0810 
  0x0000021407bcbe98: 5424 2462 | 61ff 0810 | 4c24 2362 | 61ff 0810 | 4424 2262 | e1ff 0810 | 7c24 2162 | e1ff 0810 
  0x0000021407bcbeb8: 7424 2062 | e1ff 0810 | 6c24 1f62 | e1ff 0810 | 6424 1e62 | e1ff 0810 | 5c24 1d62 | e1ff 0810 
  0x0000021407bcbed8: 5424 1c62 | e1ff 0810 | 4c24 1b62 | e1ff 0810 | 4424 1ac5 | 7b10 bc24 | c800 0000 | c57b 10b4 
  0x0000021407bcbef8: 24c0 0000 | 00c5 7b10 | ac24 b800 | 0000 c57b | 10a4 24b0 | 0000 00c5 | 7b10 9c24 | a800 0000 
  0x0000021407bcbf18: c57b 1094 | 24a0 0000 | 00c5 7b10 | 8c24 9800 | 0000 c57b | 1084 2490 | 0000 00c5 | fb10 bc24 
  0x0000021407bcbf38: 8800 0000 | c5fb 10b4 | 2480 0000 | 00c5 fb10 | 6c24 78c5 | fb10 6424 | 70c5 fb10 | 5c24 68c5 
  0x0000021407bcbf58: ;   {no_reloc}
  0x0000021407bcbf58: fb10 5424 | 60c5 fb10 | 4c24 58c5 | fb10 4424 | 504c 8b5c | 2440 4c8b | 5424 384c | 8b4c 2430 
  0x0000021407bcbf78: 4c8b 4424 | 2848 8b7c | 2420 488b | 7424 1848 | 8b54 2410 | 488b 4c24 | 0848 8b04 | 2448 81c4 
  0x0000021407bcbf98: 5001 0000 | c5f8 7749 | 8b8f 2804 | 0000 c781 | 0001 0000 | 0000 0000 | c949 837f | 0800 0f85 
  0x0000021407bcbfb8: 0100 0000 

  0x0000021407bcbfbc: ;   {runtime_call StubRoutines (initial stubs)}
  0x0000021407bcbfbc: c3e9 3e4f | 88ff c5f8 | 7748 8945 | f84c 8be4 | 4883 ec20 | 4883 e4f0 

  0x0000021407bcbfd4: ;   {runtime_call}
  0x0000021407bcbfd4: 48b8 703d | cead fb7f | 0000 ffd0 | 498b e44d | 33e4 488b | 45f8 e930 | fcff fff4 
[/MachCode]


Compiled method (c1)    5650  888       3       java.lang.ClassLoader::defineClass (43 bytes)
 total in heap  [0x00000214001a5e90,0x00000214001a67f8] = 2408
 relocation     [0x00000214001a5ff0,0x00000214001a6090] = 160
 main code      [0x00000214001a60a0,0x00000214001a6550] = 1200
 stub code      [0x00000214001a6550,0x00000214001a65c8] = 120
 metadata       [0x00000214001a65c8,0x00000214001a65f8] = 48
 scopes data    [0x00000214001a65f8,0x00000214001a66e8] = 240
 scopes pcs     [0x00000214001a66e8,0x00000214001a67c8] = 224
 dependencies   [0x00000214001a67c8,0x00000214001a67d0] = 8
 nul chk table  [0x00000214001a67d0,0x00000214001a67f8] = 40

[Constant Pool (empty)]

[MachCode]
[Entry Point]
  # {method} {0x000002141043b000} 'defineClass' '(Ljava/lang/String;[BIILjava/security/ProtectionDomain;)Ljava/lang/Class;' in 'java/lang/ClassLoader'
  # this:     rdx:rdx   = 'java/lang/ClassLoader'
  # parm0:    r8:r8     = 'java/lang/String'
  # parm1:    r9:r9     = '[B'
  # parm2:    rdi       = int
  # parm3:    rsi       = int
  # parm4:    rcx:rcx   = 'java/security/ProtectionDomain'
  #           [sp+0xc0]  (sp of caller)
  0x00000214001a60a0: 448b 5208 | 49bb 0000 | 0010 1402 | 0000 4d03 | d34c 3bd0 

  0x00000214001a60b4: ;   {runtime_call ic_miss_stub}
  0x00000214001a60b4: 0f85 c688 | 2f07 660f | 1f44 0000 
[Verified Entry Point]
  0x00000214001a60c0: 8984 2400 | 80ff ff55 | 4881 ecb0 | 0000 0090 | 4181 7f20 | 0100 0000 

  0x00000214001a60d8: ;   {runtime_call StubRoutines (final stubs)}
  0x00000214001a60d8: 7405 e8a1 | fc2d 0748 | 8954 2478 

  0x00000214001a60e4: ;   {metadata(method data for {method} {0x000002141043b000} 'defineClass' '(Ljava/lang/String;[BIILjava/security/ProtectionDomain;)Ljava/lang/Class;' in 'java/lang/ClassLoader')}
  0x00000214001a60e4: 48bb b00b | 1951 1402 | 0000 8b83 | cc00 0000 | 83c0 0289 | 83cc 0000 | 0025 fe07 | 0000 85c0 
  0x00000214001a6104: 0f84 6803 | 0000 89b4 | 2494 0000 | 0089 bc24 | 9000 0000 | 4c89 8c24 | 8800 0000 

  0x00000214001a6120: ;   {metadata(method data for {method} {0x000002141043b000} 'defineClass' '(Ljava/lang/String;[BIILjava/security/ProtectionDomain;)Ljava/lang/Class;' in 'java/lang/ClassLoader')}
  0x00000214001a6120: 488b da48 | b8b0 0b19 | 5114 0200 | 0048 8380 | 1001 0000 | 0149 8bd8 | 4c8b c34c | 8bc9 488b 
  0x00000214001a6140: ca48 8bd1 | 4889 9c24 | 8000 0000 

  0x00000214001a614c: ;   {optimized virtual_call}
  0x00000214001a614c: 6666 90e8 

  0x00000214001a6150: ; ImmutableOopMap {[120]=Oop [128]=Oop [136]=Oop }
                      ;*invokevirtual preDefineClass {reexecute=0 rethrow=0 return_oop=0}
                      ; - java.lang.ClassLoader::defineClass@4 (line 1025)
  0x00000214001a6150: cca8 ffff 

  0x00000214001a6154: ;   {other}
  0x00000214001a6154: 0f1f 8400 | c402 0000 | 4889 8424 | 9800 0000 | 488b 5424 

  0x00000214001a6168: ;   {metadata(method data for {method} {0x000002141043b000} 'defineClass' '(Ljava/lang/String;[BIILjava/security/ProtectionDomain;)Ljava/lang/Class;' in 'java/lang/ClassLoader')}
  0x00000214001a6168: 7849 b8b0 | 0b19 5114 | 0200 0049 | 8380 4801 

  0x00000214001a6178: ;   {metadata(method data for {method} {0x000002141043ace8} 'defineClassSourceLocation' '(Ljava/security/ProtectionDomain;)Ljava/lang/String;' in 'java/lang/ClassLoader')}
  0x00000214001a6178: 0000 0149 | b838 ef18 | 5114 0200 | 0041 8b90 | cc00 0000 | 83c2 0241 | 8990 cc00 | 0000 81e2 
  0x00000214001a6198: feff 1f00 | 85d2 0f84 | ef02 0000 

  0x00000214001a61a4: ; implicit exception: dispatches to 0x00000214001a64b4
  0x00000214001a61a4: 483b 004c 

  0x00000214001a61a8: ;   {metadata(method data for {method} {0x000002141043ace8} 'defineClassSourceLocation' '(Ljava/security/ProtectionDomain;)Ljava/lang/String;' in 'java/lang/ClassLoader')}
  0x00000214001a61a8: 8bc0 48ba | 38ef 1851 | 1402 0000 | 4883 8210 | 0100 0001 | 448b 4010 | 49c1 e003 

  0x00000214001a61c4: ;   {metadata(method data for {method} {0x000002141043ace8} 'defineClassSourceLocation' '(Ljava/security/ProtectionDomain;)Ljava/lang/String;' in 'java/lang/ClassLoader')}
  0x00000214001a61c4: 4d85 c048 | ba38 ef18 | 5114 0200 | 0048 be58 | 0100 0000 | 0000 0075 | 0a48 be48 | 0100 0000 
  0x00000214001a61e4: 0000 0048 | 8b3c 3248 | 8d7f 0148 | 893c 320f | 850f 0000 

  0x00000214001a61f8: ;   {oop(nullptr)}
  0x00000214001a61f8: 0048 bb00 | 0000 0000 | 0000 00e9 | af01 0000 

  0x00000214001a6208: ; implicit exception: dispatches to 0x00000214001a64b9
  0x00000214001a6208: 493b 0049 

  0x00000214001a620c: ;   {metadata(method data for {method} {0x000002141043ace8} 'defineClassSourceLocation' '(Ljava/security/ProtectionDomain;)Ljava/lang/String;' in 'java/lang/ClassLoader')}
  0x00000214001a620c: 8bd0 48be | 38ef 1851 | 1402 0000 | 4883 8668 | 0100 0001 | 418b 500c | 48c1 e203 

  0x00000214001a6228: ;   {metadata(method data for {method} {0x000002141043ace8} 'defineClassSourceLocation' '(Ljava/security/ProtectionDomain;)Ljava/lang/String;' in 'java/lang/ClassLoader')}
  0x00000214001a6228: 4885 d248 | be38 ef18 | 5114 0200 | 0048 bfb0 | 0100 0000 | 0000 0075 | 0a48 bfa0 | 0100 0000 
  0x00000214001a6248: 0000 0048 | 8b1c 3e48 | 8d5b 0148 | 891c 3e0f | 850f 0000 

  0x00000214001a625c: ;   {oop(nullptr)}
  0x00000214001a625c: 0048 bb00 | 0000 0000 | 0000 00e9 | 4b01 0000 

  0x00000214001a626c: ;   {metadata(method data for {method} {0x000002141043ace8} 'defineClassSourceLocation' '(Ljava/security/ProtectionDomain;)Ljava/lang/String;' in 'java/lang/ClassLoader')}
  0x00000214001a626c: 48be 38ef | 1851 1402 | 0000 4883 | 86c0 0100 | 0001 483b | 024c 8bc2 

  0x00000214001a6284: ;   {metadata(method data for {method} {0x000002141043ace8} 'defineClassSourceLocation' '(Ljava/security/ProtectionDomain;)Ljava/lang/String;' in 'java/lang/ClassLoader')}
  0x00000214001a6284: 48be 38ef | 1851 1402 | 0000 4883 | 86f8 0100 

  0x00000214001a6294: ;   {metadata(method data for {method} {0x000002141001a7c0} 'toString' '()Ljava/lang/String;' in 'java/net/URL')}
  0x00000214001a6294: 0001 49b8 | 6889 1851 | 1402 0000 | 418b b0cc | 0000 0083 | c602 4189 | b0cc 0000 | 0081 e6fe 
  0x00000214001a62b4: ff1f 0085 | f60f 8404 | 0200 004c 

  0x00000214001a62c0: ;   {metadata(method data for {method} {0x000002141001a7c0} 'toString' '()Ljava/lang/String;' in 'java/net/URL')}
  0x00000214001a62c0: 8bc2 48be | 6889 1851 | 1402 0000 | 4883 8610 | 0100 0001 

  0x00000214001a62d4: ;   {metadata(method data for {method} {0x000002141042e900} 'toExternalForm' '()Ljava/lang/String;' in 'java/net/URL')}
  0x00000214001a62d4: 49b8 a0e0 | 1351 1402 | 0000 418b | b0cc 0000 | 0083 c602 | 4189 b0cc | 0000 0081 | e6fe ff1f 
  0x00000214001a62f4: 0085 f60f | 84e7 0100 | 008b 7238 | 48c1 e603 

  0x00000214001a6304: ; implicit exception: dispatches to 0x00000214001a6505
  0x00000214001a6304: 483b 064c 

  0x00000214001a6308: ;   {metadata(method data for {method} {0x000002141042e900} 'toExternalForm' '()Ljava/lang/String;' in 'java/net/URL')}
  0x00000214001a6308: 8bc6 48bf | a0e0 1351 | 1402 0000 | 458b 4008 | 49ba 0000 | 0010 1402 | 0000 4d03 | c24c 3b87 
  0x00000214001a6328: 2001 0000 | 750d 4883 | 8728 0100 | 0001 e960 | 0000 004c | 3b87 3001 | 0000 750d | 4883 8738 
  0x00000214001a6348: 0100 0001 | e94a 0000 | 0048 83bf | 2001 0000 | 0075 174c | 8987 2001 | 0000 48c7 | 8728 0100 
  0x00000214001a6368: 0001 0000 | 00e9 2900 | 0000 4883 | bf30 0100 | 0000 7517 | 4c89 8730 | 0100 0048 | c787 3801 
  0x00000214001a6388: 0000 0100 | 0000 e908 | 0000 0048 | 8387 1001 | 0000 014c | 8bc2 488b | d666 0f1f 

  0x00000214001a63a4: ;   {optimized virtual_call}
  0x00000214001a63a4: 4400 00e8 

  0x00000214001a63a8: ; ImmutableOopMap {[120]=Oop [128]=Oop [136]=Oop [152]=Oop }
                      ;*invokevirtual toExternalForm {reexecute=0 rethrow=0 return_oop=0}
                      ; - java.net.URL::toExternalForm@5 (line 1203)
                      ; - java.net.URL::toString@1 (line 1189)
                      ; - java.lang.ClassLoader::defineClassSourceLocation@22 (line 927)
                      ; - java.lang.ClassLoader::defineClass@12 (line 1026)
  0x00000214001a63a8: f4ca f4ff 

  0x00000214001a63ac: ;   {other}
  0x00000214001a63ac: 0f1f 8400 | 1c05 0001 | 488b d848 | 8b84 2498 | 0000 008b | b424 9400 | 0000 8bbc | 2490 0000 
  0x00000214001a63cc: 004c 8b8c | 2488 0000 | 004c 8b84 | 2480 0000 | 0048 8b54 

  0x00000214001a63e0: ;   {metadata(method data for {method} {0x000002141043b000} 'defineClass' '(Ljava/lang/String;[BIILjava/security/ProtectionDomain;)Ljava/lang/Class;' in 'java/lang/ClassLoader')}
  0x00000214001a63e0: 2478 48b9 | b00b 1951 | 1402 0000 | 4883 8180 | 0100 0001 | 4c8b da49 | 8bd3 488b | c848 891c 
  0x00000214001a6400: 2466 0f1f 

  0x00000214001a6404: ;   {static_call}
  0x00000214001a6404: 4400 00e8 

  0x00000214001a6408: ; ImmutableOopMap {[120]=Oop [152]=Oop }
                      ;*invokestatic defineClass1 {reexecute=0 rethrow=0 return_oop=0}
                      ; - java.lang.ClassLoader::defineClass@27 (line 1027)
  0x00000214001a6408: 5456 a207 

  0x00000214001a640c: ;   {other}
  0x00000214001a640c: 0f1f 8400 | 7c05 0002 | 488b 5424 

  0x00000214001a6418: ;   {metadata(method data for {method} {0x000002141043b000} 'defineClass' '(Ljava/lang/String;[BIILjava/security/ProtectionDomain;)Ljava/lang/Class;' in 'java/lang/ClassLoader')}
  0x00000214001a6418: 7849 b8b0 | 0b19 5114 | 0200 0049 | 8380 9001 | 0000 014c | 8bc0 4c8b | 8c24 9800 | 0000 488b 
  0x00000214001a6438: 5424 7848 | 8984 24a0 | 0000 000f 

  0x00000214001a6444: ;   {optimized virtual_call}
  0x00000214001a6444: 1f40 00e8 

  0x00000214001a6448: ; ImmutableOopMap {[160]=Oop }
                      ;*invokevirtual postDefineClass {reexecute=0 rethrow=0 return_oop=0}
                      ; - java.lang.ClassLoader::defineClass@37 (line 1028)
  0x00000214001a6448: 5443 0300 

  0x00000214001a644c: ;   {other}
  0x00000214001a644c: 0f1f 8400 | bc05 0003 | 488b 8424 | a000 0000 | 4881 c4b0 | 0000 005d 

  0x00000214001a6464: ;   {poll_return}
  0x00000214001a6464: 493b a748 | 0400 000f | 8799 0000 

  0x00000214001a6470: ;   {metadata({method} {0x000002141043b000} 'defineClass' '(Ljava/lang/String;[BIILjava/security/ProtectionDomain;)Ljava/lang/Class;' in 'java/lang/ClassLoader')}
  0x00000214001a6470: 00c3 49ba | f8af 4310 | 1402 0000 | 4c89 5424 | 0848 c704 | 24ff ffff 

  0x00000214001a6488: ;   {runtime_call counter_overflow Runtime1 stub}
  0x00000214001a6488: ffe8 f23e 

  0x00000214001a648c: ; ImmutableOopMap {rdx=Oop r8=Oop r9=Oop rcx=Oop [120]=Oop }
                      ;*synchronization entry
                      ; - java.lang.ClassLoader::defineClass@-1 (line 1025)
  0x00000214001a648c: 3e07 e977 

  0x00000214001a6490: ;   {metadata({method} {0x000002141043ace8} 'defineClassSourceLocation' '(Ljava/security/ProtectionDomain;)Ljava/lang/String;' in 'java/lang/ClassLoader')}
  0x00000214001a6490: fcff ff49 | bae0 ac43 | 1014 0200 | 004c 8954 | 2408 48c7 | 0424 ffff 

  0x00000214001a64a8: ;   {runtime_call counter_overflow Runtime1 stub}
  0x00000214001a64a8: ffff e8d1 

  0x00000214001a64ac: ; ImmutableOopMap {rax=Oop [120]=Oop [128]=Oop [136]=Oop [152]=Oop }
                      ;*synchronization entry
                      ; - java.lang.ClassLoader::defineClassSourceLocation@-1 (line 924)
                      ; - java.lang.ClassLoader::defineClass@12 (line 1026)
  0x00000214001a64ac: 3e3e 07e9 | f0fc ffff 

  0x00000214001a64b4: ;   {runtime_call throw_null_pointer_exception Runtime1 stub}
  0x00000214001a64b4: e867 dc3d 

  0x00000214001a64b8: ; ImmutableOopMap {rax=Oop [120]=Oop [128]=Oop [136]=Oop [152]=Oop }
                      ;*invokevirtual getCodeSource {reexecute=0 rethrow=0 return_oop=0}
                      ; - java.lang.ClassLoader::defineClassSourceLocation@1 (line 924)
                      ; - java.lang.ClassLoader::defineClass@12 (line 1026)
                      ;   {runtime_call throw_null_pointer_exception Runtime1 stub}
  0x00000214001a64b8: 07e8 62dc 

  0x00000214001a64bc: ; ImmutableOopMap {rax=Oop r8=Oop [120]=Oop [128]=Oop [136]=Oop [152]=Oop }
                      ;*invokevirtual getLocation {reexecute=0 rethrow=0 return_oop=0}
                      ; - java.lang.ClassLoader::defineClassSourceLocation@12 (line 926)
                      ; - java.lang.ClassLoader::defineClass@12 (line 1026)
                      ;   {runtime_call throw_null_pointer_exception Runtime1 stub}
  0x00000214001a64bc: 3d07 e85d 

  0x00000214001a64c0: ; ImmutableOopMap {rdx=Oop [120]=Oop [128]=Oop [136]=Oop [152]=Oop }
                      ;*invokevirtual toString {reexecute=0 rethrow=0 return_oop=0}
                      ; - java.lang.ClassLoader::defineClassSourceLocation@22 (line 927)
                      ; - java.lang.ClassLoader::defineClass@12 (line 1026)
                      ;   {metadata({method} {0x000002141001a7c0} 'toString' '()Ljava/lang/String;' in 'java/net/URL')}
  0x00000214001a64c0: dc3d 0749 | bab8 a701 | 1014 0200 | 004c 8954 | 2408 48c7 | 0424 ffff 

  0x00000214001a64d8: ;   {runtime_call counter_overflow Runtime1 stub}
  0x00000214001a64d8: ffff e8a1 

  0x00000214001a64dc: ; ImmutableOopMap {rdx=Oop [120]=Oop [128]=Oop [136]=Oop [152]=Oop }
                      ;*synchronization entry
                      ; - java.net.URL::toString@-1 (line 1189)
                      ; - java.lang.ClassLoader::defineClassSourceLocation@22 (line 927)
                      ; - java.lang.ClassLoader::defineClass@12 (line 1026)
  0x00000214001a64dc: 3e3e 07e9 | dbfd ffff 

  0x00000214001a64e4: ;   {metadata({method} {0x000002141042e900} 'toExternalForm' '()Ljava/lang/String;' in 'java/net/URL')}
  0x00000214001a64e4: 49ba f8e8 | 4210 1402 | 0000 4c89 | 5424 0848 | c704 24ff 

  0x00000214001a64f8: ;   {runtime_call counter_overflow Runtime1 stub}
  0x00000214001a64f8: ffff ffe8 

  0x00000214001a64fc: ; ImmutableOopMap {rdx=Oop [120]=Oop [128]=Oop [136]=Oop [152]=Oop }
                      ;*synchronization entry
                      ; - java.net.URL::toExternalForm@-1 (line 1203)
                      ; - java.net.URL::toString@1 (line 1189)
                      ; - java.lang.ClassLoader::defineClassSourceLocation@22 (line 927)
                      ; - java.lang.ClassLoader::defineClass@12 (line 1026)
  0x00000214001a64fc: 803e 3e07 | e9f8 fdff 

  0x00000214001a6504: ;   {runtime_call throw_null_pointer_exception Runtime1 stub}
  0x00000214001a6504: ffe8 16dc 

  0x00000214001a6508: ; ImmutableOopMap {rdx=Oop rsi=Oop [120]=Oop [128]=Oop [136]=Oop [152]=Oop }
                      ;*invokevirtual toExternalForm {reexecute=0 rethrow=0 return_oop=0}
                      ; - java.net.URL::toExternalForm@5 (line 1203)
                      ; - java.net.URL::toString@1 (line 1189)
                      ; - java.lang.ClassLoader::defineClassSourceLocation@22 (line 927)
                      ; - java.lang.ClassLoader::defineClass@12 (line 1026)
                      ;   {internal_word}
  0x00000214001a6508: 3d07 49ba | 6464 1a00 | 1402 0000 | 4d89 9760 

  0x00000214001a6518: ;   {runtime_call SafepointBlob}
  0x00000214001a6518: 0400 00e9 | 6006 3007 | 498b 87f8 | 0400 0049 | c787 f804 | 0000 0000 | 0000 49c7 | 8700 0500 
  0x00000214001a6538: 0000 0000 | 0048 81c4 | b000 0000 

  0x00000214001a6544: ;   {runtime_call unwind_exception Runtime1 stub}
  0x00000214001a6544: 5de9 b6cc | 3d07 f4f4 | f4f4 f4f4 
[Stub Code]
  0x00000214001a6550: ;   {no_reloc}
  0x00000214001a6550: 0f1f 4400 

  0x00000214001a6554: ;   {static_stub}
  0x00000214001a6554: 0048 bb00 | 0000 0000 

  0x00000214001a655c: ;   {runtime_call}
  0x00000214001a655c: 0000 00e9 | fbff ffff 

  0x00000214001a6564: ;   {static_stub}
  0x00000214001a6564: 48bb 0000 | 0000 0000 

  0x00000214001a656c: ;   {runtime_call}
  0x00000214001a656c: 0000 e9fb 

  0x00000214001a6570: ;   {static_stub}
  0x00000214001a6570: ffff ff48 | bb00 0000 | 0000 0000 

  0x00000214001a657c: ;   {runtime_call}
  0x00000214001a657c: 00e9 fbff 

  0x00000214001a6580: ;   {static_stub}
  0x00000214001a6580: ffff 48bb | 20ac 4310 | 1402 0000 

  0x00000214001a658c: ;   {runtime_call I2C/C2I adapters}
  0x00000214001a658c: e9fa 4a2f 

  0x00000214001a6590: ;   {runtime_call handle_exception_from_callee Runtime1 stub}
  0x00000214001a6590: 07e8 6a01 

  0x00000214001a6594: ;   {external_word}
  0x00000214001a6594: 3e07 48b9 | a046 f5ad | fb7f 0000 | 4883 e4f0 

  0x00000214001a65a4: ;   {runtime_call}
  0x00000214001a65a4: 48b8 b028 | bdad fb7f | 0000 ffd0 

  0x00000214001a65b0: ;   {section_word}
  0x00000214001a65b0: f449 bab1 | 651a 0014 | 0200 0041 

  0x00000214001a65bc: ;   {runtime_call DeoptimizationBlob}
  0x00000214001a65bc: 52e9 5e1a | 3007 f4f4 | f4f4 f4f4 
[/MachCode]


Compiled method (c1)    5680  976       3       java.security.SecureClassLoader::defineClass (16 bytes)
 total in heap  [0x00000214001df910,0x00000214001dfd10] = 1024
 relocation     [0x00000214001dfa70,0x00000214001dfac0] = 80
 main code      [0x00000214001dfac0,0x00000214001dfc18] = 344
 stub code      [0x00000214001dfc18,0x00000214001dfc68] = 80
 metadata       [0x00000214001dfc68,0x00000214001dfc70] = 8
 scopes data    [0x00000214001dfc70,0x00000214001dfcb8] = 72
 scopes pcs     [0x00000214001dfcb8,0x00000214001dfd08] = 80
 dependencies   [0x00000214001dfd08,0x00000214001dfd10] = 8

[Constant Pool (empty)]

[MachCode]
[Entry Point]
  # {method} {0x000002141004d398} 'defineClass' '(Ljava/lang/String;[BIILjava/security/CodeSource;)Ljava/lang/Class;' in 'java/security/SecureClassLoader'
  # this:     rdx:rdx   = 'java/security/SecureClassLoader'
  # parm0:    r8:r8     = 'java/lang/String'
  # parm1:    r9:r9     = '[B'
  # parm2:    rdi       = int
  # parm3:    rsi       = int
  # parm4:    rcx:rcx   = 'java/security/CodeSource'
  #           [sp+0x80]  (sp of caller)
  0x00000214001dfac0: 448b 5208 | 49bb 0000 | 0010 1402 | 0000 4d03 | d34c 3bd0 

  0x00000214001dfad4: ;   {runtime_call ic_miss_stub}
  0x00000214001dfad4: 0f85 a6ee | 2b07 660f | 1f44 0000 
[Verified Entry Point]
  0x00000214001dfae0: 8984 2400 | 80ff ff55 | 4883 ec70 | 4181 7f20 | 0100 0000 

  0x00000214001dfaf4: ;   {runtime_call StubRoutines (final stubs)}
  0x00000214001dfaf4: 7405 e885 

  0x00000214001dfaf8: ;   {metadata(method data for {method} {0x000002141004d398} 'defineClass' '(Ljava/lang/String;[BIILjava/security/CodeSource;)Ljava/lang/Class;' in 'java/security/SecureClassLoader')}
  0x00000214001dfaf8: 622a 0748 | bb68 7619 | 5114 0200 | 008b 83cc | 0000 0083 | c002 8983 | cc00 0000 | 25fe 0700 
  0x00000214001dfb18: 0085 c00f | 8496 0000 | 0089 7424 | 5c89 7c24 | 584c 894c | 2450 4c89 | 4424 4848 

  0x00000214001dfb34: ;   {metadata(method data for {method} {0x000002141004d398} 'defineClass' '(Ljava/lang/String;[BIILjava/security/CodeSource;)Ljava/lang/Class;' in 'java/security/SecureClassLoader')}
  0x00000214001dfb34: 8bda 48b8 | 6876 1951 | 1402 0000 | 4883 8010 | 0100 0001 | 4c8b c148 | 8bc2 488b | d048 8944 
  0x00000214001dfb54: ;   {optimized virtual_call}
  0x00000214001dfb54: 2440 90e8 

  0x00000214001dfb58: ; ImmutableOopMap {[64]=Oop [72]=Oop [80]=Oop }
                      ;*invokevirtual getProtectionDomain {reexecute=0 rethrow=0 return_oop=0}
                      ; - java.security.SecureClassLoader::defineClass@9 (line 150)
  0x00000214001dfb58: 44d9 fbff 

  0x00000214001dfb5c: ;   {other}
  0x00000214001dfb5c: 0f1f 8400 | 4c02 0000 | 488b 5424 

  0x00000214001dfb68: ;   {metadata(method data for {method} {0x000002141004d398} 'defineClass' '(Ljava/lang/String;[BIILjava/security/CodeSource;)Ljava/lang/Class;' in 'java/security/SecureClassLoader')}
  0x00000214001dfb68: 4049 b868 | 7619 5114 | 0200 0049 | 8380 4801 | 0000 014c | 8b44 2448 | 4c8b 4c24 | 508b 7c24 
  0x00000214001dfb88: 588b 7424 | 5c48 8bc8 | 488b 5424 

  0x00000214001dfb94: ;   {optimized virtual_call}
  0x00000214001dfb94: 4066 90e8 

  0x00000214001dfb98: ; ImmutableOopMap {}
                      ;*invokevirtual defineClass {reexecute=0 rethrow=0 return_oop=0}
                      ; - java.security.SecureClassLoader::defineClass@12 (line 150)
  0x00000214001dfb98: 2465 fcff 

  0x00000214001dfb9c: ;   {other}
  0x00000214001dfb9c: 0f1f 8400 | 8c02 0001 | 4883 c470 

  0x00000214001dfba8: ;   {poll_return}
  0x00000214001dfba8: 5d49 3ba7 | 4804 0000 | 0f87 2200 

  0x00000214001dfbb4: ;   {metadata({method} {0x000002141004d398} 'defineClass' '(Ljava/lang/String;[BIILjava/security/CodeSource;)Ljava/lang/Class;' in 'java/security/SecureClassLoader')}
  0x00000214001dfbb4: 0000 c349 | ba90 d304 | 1014 0200 | 004c 8954 | 2408 48c7 | 0424 ffff 

  0x00000214001dfbcc: ;   {runtime_call counter_overflow Runtime1 stub}
  0x00000214001dfbcc: ffff e8ad 

  0x00000214001dfbd0: ; ImmutableOopMap {rdx=Oop r8=Oop r9=Oop rcx=Oop }
                      ;*synchronization entry
                      ; - java.security.SecureClassLoader::defineClass@-1 (line 150)
  0x00000214001dfbd0: a73a 07e9 | 49ff ffff 

  0x00000214001dfbd8: ;   {internal_word}
  0x00000214001dfbd8: 49ba a9fb | 1d00 1402 | 0000 4d89 | 9760 0400 

  0x00000214001dfbe8: ;   {runtime_call SafepointBlob}
  0x00000214001dfbe8: 00e9 926f | 2c07 498b | 87f8 0400 | 0049 c787 | f804 0000 | 0000 0000 | 49c7 8700 | 0500 0000 
  0x00000214001dfc08: 0000 0048 | 83c4 705d 

  0x00000214001dfc10: ;   {runtime_call unwind_exception Runtime1 stub}
  0x00000214001dfc10: e9eb 353a | 07f4 f4f4 
[Stub Code]
  0x00000214001dfc18: ;   {no_reloc}
  0x00000214001dfc18: 48bb 0000 | 0000 0000 

  0x00000214001dfc20: ;   {runtime_call}
  0x00000214001dfc20: 0000 e9fb 

  0x00000214001dfc24: ;   {static_stub}
  0x00000214001dfc24: ffff ff48 | bb00 0000 | 0000 0000 

  0x00000214001dfc30: ;   {runtime_call}
  0x00000214001dfc30: 00e9 fbff 

  0x00000214001dfc34: ;   {runtime_call handle_exception_from_callee Runtime1 stub}
  0x00000214001dfc34: ffff e8c5 

  0x00000214001dfc38: ;   {external_word}
  0x00000214001dfc38: 6a3a 0748 | b9a0 46f5 | adfb 7f00 | 0048 83e4 

  0x00000214001dfc48: ;   {runtime_call}
  0x00000214001dfc48: f048 b8b0 | 28bd adfb | 7f00 00ff 

  0x00000214001dfc54: ;   {section_word}
  0x00000214001dfc54: d0f4 49ba | 56fc 1d00 | 1402 0000 

  0x00000214001dfc60: ;   {runtime_call DeoptimizationBlob}
  0x00000214001dfc60: 4152 e9b9 | 832c 07f4 
[/MachCode]


---------------  P R O C E S S  ---------------

Threads class SMR info:
_java_thread_list=0x0000021455b2fb70, length=12, elements={
0x000002146dcbdad0, 0x000002140fa3f8b0, 0x000002140fa447d0, 0x000002140fa46680,
0x000002140fa491d0, 0x000002140fa4ad20, 0x000002140fa4b860, 0x000002140fa4d5f0,
0x000002140fa50090, 0x000002140fc105e0, 0x000002140fc15260, 0x000002140fc42040
}

Java Threads: ( => current thread )
=>0x000002146dcbdad0 JavaThread "main"                              [_thread_in_vm, id=13044, stack(0x000000353d900000,0x000000353da00000) (1024K)]
  0x000002140fa3f8b0 JavaThread "Reference Handler"          daemon [_thread_blocked, id=1980, stack(0x000000353e100000,0x000000353e200000) (1024K)]
  0x000002140fa447d0 JavaThread "Finalizer"                  daemon [_thread_blocked, id=19008, stack(0x000000353e200000,0x000000353e300000) (1024K)]
  0x000002140fa46680 JavaThread "Signal Dispatcher"          daemon [_thread_blocked, id=19016, stack(0x000000353e300000,0x000000353e400000) (1024K)]
  0x000002140fa491d0 JavaThread "Attach Listener"            daemon [_thread_blocked, id=23108, stack(0x000000353e400000,0x000000353e500000) (1024K)]
  0x000002140fa4ad20 JavaThread "Service Thread"             daemon [_thread_blocked, id=19596, stack(0x000000353e500000,0x000000353e600000) (1024K)]
  0x000002140fa4b860 JavaThread "Monitor Deflation Thread"   daemon [_thread_blocked, id=17160, stack(0x000000353e600000,0x000000353e700000) (1024K)]
  0x000002140fa4d5f0 JavaThread "C2 CompilerThread0"         daemon [_thread_blocked, id=18316, stack(0x000000353e700000,0x000000353e800000) (1024K)]
  0x000002140fa50090 JavaThread "C1 CompilerThread0"         daemon [_thread_blocked, id=12844, stack(0x000000353e800000,0x000000353e900000) (1024K)]
  0x000002140fc105e0 JavaThread "Notification Thread"        daemon [_thread_blocked, id=18436, stack(0x000000353e900000,0x000000353ea00000) (1024K)]
  0x000002140fc15260 JavaThread "Common-Cleaner"             daemon [_thread_blocked, id=4724, stack(0x000000353ea00000,0x000000353eb00000) (1024K)]
  0x000002140fc42040 JavaThread "C1 CompilerThread1"         daemon [_thread_blocked, id=25192, stack(0x000000353eb00000,0x000000353ec00000) (1024K)]
Total: 12

Other Threads:
  0x000002140fa26c70 VMThread "VM Thread"                           [id=15052, stack(0x000000353e000000,0x000000353e100000) (1024K)]
  0x000002140fa13dd0 WatcherThread "VM Periodic Task Thread"        [id=4800, stack(0x000000353df00000,0x000000353e000000) (1024K)]
  0x000002146fe80da0 WorkerThread "GC Thread#0"                     [id=14208, stack(0x000000353da00000,0x000000353db00000) (1024K)]
  0x000002140fa268d0 WorkerThread "GC Thread#1"                     [id=24880, stack(0x000000353f500000,0x000000353f600000) (1024K)]
  0x000002140fa256b0 WorkerThread "GC Thread#2"                     [id=24884, stack(0x000000353f600000,0x000000353f700000) (1024K)]
  0x000002140fa26530 WorkerThread "GC Thread#3"                     [id=24888, stack(0x000000353f700000,0x000000353f800000) (1024K)]
  0x000002140fa25a50 WorkerThread "GC Thread#4"                     [id=24892, stack(0x000000353f800000,0x000000353f900000) (1024K)]
  0x000002140fa25df0 WorkerThread "GC Thread#5"                     [id=24896, stack(0x000000353f900000,0x000000353fa00000) (1024K)]
  0x000002140fa26190 WorkerThread "GC Thread#6"                     [id=25432, stack(0x000000353fa00000,0x000000353fb00000) (1024K)]
  0x0000021455b2b0a0 WorkerThread "GC Thread#7"                     [id=25436, stack(0x000000353fb00000,0x000000353fc00000) (1024K)]
  0x0000021455b29740 WorkerThread "GC Thread#8"                     [id=25440, stack(0x000000353fc00000,0x000000353fd00000) (1024K)]
  0x000002146fe918d0 ConcurrentGCThread "G1 Main Marker"            [id=20376, stack(0x000000353db00000,0x000000353dc00000) (1024K)]
  0x000002146fe92d90 WorkerThread "G1 Conc#0"                       [id=15184, stack(0x000000353dc00000,0x000000353dd00000) (1024K)]
  0x000002140f8e25f0 ConcurrentGCThread "G1 Refine#0"               [id=6884, stack(0x000000353dd00000,0x000000353de00000) (1024K)]
  0x000002140f8e2f00 ConcurrentGCThread "G1 Service"                [id=15064, stack(0x000000353de00000,0x000000353df00000) (1024K)]
Total: 15

Threads with active compile tasks:
Total: 0

VM state: not at safepoint (normal execution)

VM Mutex/Monitor currently owned by a thread:  ([mutex/lock_event])
[0x00007ffbae1ebe18] Metaspace_lock - owner thread: 0x000002146dcbdad0

Heap address: 0x0000000704a00000, size: 4022 MB, Compressed Oops mode: Zero based, Oop shift amount: 3

CDS archive(s) mapped at: [0x0000021410000000-0x0000021410c90000-0x0000021410c90000), size 13172736, SharedBaseAddress: 0x0000021410000000, ArchiveRelocationMode: 1.
Compressed class space mapped at: 0x0000021411000000-0x0000021451000000, reserved size: 1073741824
Narrow klass base: 0x0000021410000000, Narrow klass shift: 0, Narrow klass range: 0x100000000

GC Precious Log:
 CardTable entry size: 512
 Card Set container configuration: InlinePtr #cards 4 size 8 Array Of Cards #cards 16 size 48 Howl #buckets 8 coarsen threshold 3686 Howl Bitmap #cards 512 size 80 coarsen threshold 460 Card regions per heap region 1 cards per card region 4096
 CPUs: 16 total, 16 available
 Memory: 16085M
 Large Page Support: Disabled
 NUMA Support: Disabled
 Compressed Oops: Enabled (Zero based)
 Heap Region Size: 2M
 Heap Min Capacity: 8M
 Heap Initial Capacity: 252M
 Heap Max Capacity: 4022M
 Pre-touch: Disabled
 Parallel Workers: 13
 Concurrent Workers: 3
 Concurrent Refinement Workers: 13
 Periodic GC: Disabled

Heap:
 garbage-first heap   total 258048K, used 24469K [0x0000000704a00000, 0x0000000800000000)
  region size 2048K, 13 young (26624K), 2 survivors (4096K)
 Metaspace       used 7784K, committed 7936K, reserved 1114112K
  class space    used 880K, committed 960K, reserved 1048576K

Heap Regions: E=young(eden), S=young(survivor), O=old, HS=humongous(starts), HC=humongous(continues), CS=collection set, F=free, TAMS=top-at-mark-start, PB=parsable bottom
|   0|0x0000000704a00000, 0x0000000704a00000, 0x0000000704c00000|  0%| F|  |TAMS 0x0000000704a00000| PB 0x0000000704a00000| Untracked 
|   1|0x0000000704c00000, 0x0000000704c00000, 0x0000000704e00000|  0%| F|  |TAMS 0x0000000704c00000| PB 0x0000000704c00000| Untracked 
|   2|0x0000000704e00000, 0x0000000704e00000, 0x0000000705000000|  0%| F|  |TAMS 0x0000000704e00000| PB 0x0000000704e00000| Untracked 
|   3|0x0000000705000000, 0x0000000705000000, 0x0000000705200000|  0%| F|  |TAMS 0x0000000705000000| PB 0x0000000705000000| Untracked 
|   4|0x0000000705200000, 0x0000000705200000, 0x0000000705400000|  0%| F|  |TAMS 0x0000000705200000| PB 0x0000000705200000| Untracked 
|   5|0x0000000705400000, 0x0000000705400000, 0x0000000705600000|  0%| F|  |TAMS 0x0000000705400000| PB 0x0000000705400000| Untracked 
|   6|0x0000000705600000, 0x0000000705600000, 0x0000000705800000|  0%| F|  |TAMS 0x0000000705600000| PB 0x0000000705600000| Untracked 
|   7|0x0000000705800000, 0x0000000705800000, 0x0000000705a00000|  0%| F|  |TAMS 0x0000000705800000| PB 0x0000000705800000| Untracked 
|   8|0x0000000705a00000, 0x0000000705a00000, 0x0000000705c00000|  0%| F|  |TAMS 0x0000000705a00000| PB 0x0000000705a00000| Untracked 
|   9|0x0000000705c00000, 0x0000000705c00000, 0x0000000705e00000|  0%| F|  |TAMS 0x0000000705c00000| PB 0x0000000705c00000| Untracked 
|  10|0x0000000705e00000, 0x0000000705e00000, 0x0000000706000000|  0%| F|  |TAMS 0x0000000705e00000| PB 0x0000000705e00000| Untracked 
|  11|0x0000000706000000, 0x0000000706000000, 0x0000000706200000|  0%| F|  |TAMS 0x0000000706000000| PB 0x0000000706000000| Untracked 
|  12|0x0000000706200000, 0x0000000706200000, 0x0000000706400000|  0%| F|  |TAMS 0x0000000706200000| PB 0x0000000706200000| Untracked 
|  13|0x0000000706400000, 0x0000000706400000, 0x0000000706600000|  0%| F|  |TAMS 0x0000000706400000| PB 0x0000000706400000| Untracked 
|  14|0x0000000706600000, 0x0000000706600000, 0x0000000706800000|  0%| F|  |TAMS 0x0000000706600000| PB 0x0000000706600000| Untracked 
|  15|0x0000000706800000, 0x0000000706800000, 0x0000000706a00000|  0%| F|  |TAMS 0x0000000706800000| PB 0x0000000706800000| Untracked 
|  16|0x0000000706a00000, 0x0000000706a00000, 0x0000000706c00000|  0%| F|  |TAMS 0x0000000706a00000| PB 0x0000000706a00000| Untracked 
|  17|0x0000000706c00000, 0x0000000706c00000, 0x0000000706e00000|  0%| F|  |TAMS 0x0000000706c00000| PB 0x0000000706c00000| Untracked 
|  18|0x0000000706e00000, 0x0000000706e00000, 0x0000000707000000|  0%| F|  |TAMS 0x0000000706e00000| PB 0x0000000706e00000| Untracked 
|  19|0x0000000707000000, 0x0000000707000000, 0x0000000707200000|  0%| F|  |TAMS 0x0000000707000000| PB 0x0000000707000000| Untracked 
|  20|0x0000000707200000, 0x0000000707200000, 0x0000000707400000|  0%| F|  |TAMS 0x0000000707200000| PB 0x0000000707200000| Untracked 
|  21|0x0000000707400000, 0x0000000707400000, 0x0000000707600000|  0%| F|  |TAMS 0x0000000707400000| PB 0x0000000707400000| Untracked 
|  22|0x0000000707600000, 0x0000000707600000, 0x0000000707800000|  0%| F|  |TAMS 0x0000000707600000| PB 0x0000000707600000| Untracked 
|  23|0x0000000707800000, 0x0000000707800000, 0x0000000707a00000|  0%| F|  |TAMS 0x0000000707800000| PB 0x0000000707800000| Untracked 
|  24|0x0000000707a00000, 0x0000000707a00000, 0x0000000707c00000|  0%| F|  |TAMS 0x0000000707a00000| PB 0x0000000707a00000| Untracked 
|  25|0x0000000707c00000, 0x0000000707c00000, 0x0000000707e00000|  0%| F|  |TAMS 0x0000000707c00000| PB 0x0000000707c00000| Untracked 
|  26|0x0000000707e00000, 0x0000000707e00000, 0x0000000708000000|  0%| F|  |TAMS 0x0000000707e00000| PB 0x0000000707e00000| Untracked 
|  27|0x0000000708000000, 0x0000000708000000, 0x0000000708200000|  0%| F|  |TAMS 0x0000000708000000| PB 0x0000000708000000| Untracked 
|  28|0x0000000708200000, 0x0000000708200000, 0x0000000708400000|  0%| F|  |TAMS 0x0000000708200000| PB 0x0000000708200000| Untracked 
|  29|0x0000000708400000, 0x0000000708400000, 0x0000000708600000|  0%| F|  |TAMS 0x0000000708400000| PB 0x0000000708400000| Untracked 
|  30|0x0000000708600000, 0x0000000708600000, 0x0000000708800000|  0%| F|  |TAMS 0x0000000708600000| PB 0x0000000708600000| Untracked 
|  31|0x0000000708800000, 0x0000000708800000, 0x0000000708a00000|  0%| F|  |TAMS 0x0000000708800000| PB 0x0000000708800000| Untracked 
|  32|0x0000000708a00000, 0x0000000708a00000, 0x0000000708c00000|  0%| F|  |TAMS 0x0000000708a00000| PB 0x0000000708a00000| Untracked 
|  33|0x0000000708c00000, 0x0000000708c00000, 0x0000000708e00000|  0%| F|  |TAMS 0x0000000708c00000| PB 0x0000000708c00000| Untracked 
|  34|0x0000000708e00000, 0x0000000708e00000, 0x0000000709000000|  0%| F|  |TAMS 0x0000000708e00000| PB 0x0000000708e00000| Untracked 
|  35|0x0000000709000000, 0x0000000709000000, 0x0000000709200000|  0%| F|  |TAMS 0x0000000709000000| PB 0x0000000709000000| Untracked 
|  36|0x0000000709200000, 0x0000000709200000, 0x0000000709400000|  0%| F|  |TAMS 0x0000000709200000| PB 0x0000000709200000| Untracked 
|  37|0x0000000709400000, 0x0000000709400000, 0x0000000709600000|  0%| F|  |TAMS 0x0000000709400000| PB 0x0000000709400000| Untracked 
|  38|0x0000000709600000, 0x0000000709600000, 0x0000000709800000|  0%| F|  |TAMS 0x0000000709600000| PB 0x0000000709600000| Untracked 
|  39|0x0000000709800000, 0x0000000709800000, 0x0000000709a00000|  0%| F|  |TAMS 0x0000000709800000| PB 0x0000000709800000| Untracked 
|  40|0x0000000709a00000, 0x0000000709a00000, 0x0000000709c00000|  0%| F|  |TAMS 0x0000000709a00000| PB 0x0000000709a00000| Untracked 
|  41|0x0000000709c00000, 0x0000000709c00000, 0x0000000709e00000|  0%| F|  |TAMS 0x0000000709c00000| PB 0x0000000709c00000| Untracked 
|  42|0x0000000709e00000, 0x0000000709e00000, 0x000000070a000000|  0%| F|  |TAMS 0x0000000709e00000| PB 0x0000000709e00000| Untracked 
|  43|0x000000070a000000, 0x000000070a000000, 0x000000070a200000|  0%| F|  |TAMS 0x000000070a000000| PB 0x000000070a000000| Untracked 
|  44|0x000000070a200000, 0x000000070a200000, 0x000000070a400000|  0%| F|  |TAMS 0x000000070a200000| PB 0x000000070a200000| Untracked 
|  45|0x000000070a400000, 0x000000070a400000, 0x000000070a600000|  0%| F|  |TAMS 0x000000070a400000| PB 0x000000070a400000| Untracked 
|  46|0x000000070a600000, 0x000000070a600000, 0x000000070a800000|  0%| F|  |TAMS 0x000000070a600000| PB 0x000000070a600000| Untracked 
|  47|0x000000070a800000, 0x000000070a800000, 0x000000070aa00000|  0%| F|  |TAMS 0x000000070a800000| PB 0x000000070a800000| Untracked 
|  48|0x000000070aa00000, 0x000000070aa00000, 0x000000070ac00000|  0%| F|  |TAMS 0x000000070aa00000| PB 0x000000070aa00000| Untracked 
|  49|0x000000070ac00000, 0x000000070ac00000, 0x000000070ae00000|  0%| F|  |TAMS 0x000000070ac00000| PB 0x000000070ac00000| Untracked 
|  50|0x000000070ae00000, 0x000000070ae00000, 0x000000070b000000|  0%| F|  |TAMS 0x000000070ae00000| PB 0x000000070ae00000| Untracked 
|  51|0x000000070b000000, 0x000000070b000000, 0x000000070b200000|  0%| F|  |TAMS 0x000000070b000000| PB 0x000000070b000000| Untracked 
|  52|0x000000070b200000, 0x000000070b200000, 0x000000070b400000|  0%| F|  |TAMS 0x000000070b200000| PB 0x000000070b200000| Untracked 
|  53|0x000000070b400000, 0x000000070b400000, 0x000000070b600000|  0%| F|  |TAMS 0x000000070b400000| PB 0x000000070b400000| Untracked 
|  54|0x000000070b600000, 0x000000070b600000, 0x000000070b800000|  0%| F|  |TAMS 0x000000070b600000| PB 0x000000070b600000| Untracked 
|  55|0x000000070b800000, 0x000000070b800000, 0x000000070ba00000|  0%| F|  |TAMS 0x000000070b800000| PB 0x000000070b800000| Untracked 
|  56|0x000000070ba00000, 0x000000070ba00000, 0x000000070bc00000|  0%| F|  |TAMS 0x000000070ba00000| PB 0x000000070ba00000| Untracked 
|  57|0x000000070bc00000, 0x000000070bc00000, 0x000000070be00000|  0%| F|  |TAMS 0x000000070bc00000| PB 0x000000070bc00000| Untracked 
|  58|0x000000070be00000, 0x000000070be00000, 0x000000070c000000|  0%| F|  |TAMS 0x000000070be00000| PB 0x000000070be00000| Untracked 
|  59|0x000000070c000000, 0x000000070c000000, 0x000000070c200000|  0%| F|  |TAMS 0x000000070c000000| PB 0x000000070c000000| Untracked 
|  60|0x000000070c200000, 0x000000070c200000, 0x000000070c400000|  0%| F|  |TAMS 0x000000070c200000| PB 0x000000070c200000| Untracked 
|  61|0x000000070c400000, 0x000000070c400000, 0x000000070c600000|  0%| F|  |TAMS 0x000000070c400000| PB 0x000000070c400000| Untracked 
|  62|0x000000070c600000, 0x000000070c600000, 0x000000070c800000|  0%| F|  |TAMS 0x000000070c600000| PB 0x000000070c600000| Untracked 
|  63|0x000000070c800000, 0x000000070c800000, 0x000000070ca00000|  0%| F|  |TAMS 0x000000070c800000| PB 0x000000070c800000| Untracked 
|  64|0x000000070ca00000, 0x000000070ca00000, 0x000000070cc00000|  0%| F|  |TAMS 0x000000070ca00000| PB 0x000000070ca00000| Untracked 
|  65|0x000000070cc00000, 0x000000070cc00000, 0x000000070ce00000|  0%| F|  |TAMS 0x000000070cc00000| PB 0x000000070cc00000| Untracked 
|  66|0x000000070ce00000, 0x000000070ce00000, 0x000000070d000000|  0%| F|  |TAMS 0x000000070ce00000| PB 0x000000070ce00000| Untracked 
|  67|0x000000070d000000, 0x000000070d000000, 0x000000070d200000|  0%| F|  |TAMS 0x000000070d000000| PB 0x000000070d000000| Untracked 
|  68|0x000000070d200000, 0x000000070d200000, 0x000000070d400000|  0%| F|  |TAMS 0x000000070d200000| PB 0x000000070d200000| Untracked 
|  69|0x000000070d400000, 0x000000070d400000, 0x000000070d600000|  0%| F|  |TAMS 0x000000070d400000| PB 0x000000070d400000| Untracked 
|  70|0x000000070d600000, 0x000000070d600000, 0x000000070d800000|  0%| F|  |TAMS 0x000000070d600000| PB 0x000000070d600000| Untracked 
|  71|0x000000070d800000, 0x000000070d800000, 0x000000070da00000|  0%| F|  |TAMS 0x000000070d800000| PB 0x000000070d800000| Untracked 
|  72|0x000000070da00000, 0x000000070da00000, 0x000000070dc00000|  0%| F|  |TAMS 0x000000070da00000| PB 0x000000070da00000| Untracked 
|  73|0x000000070dc00000, 0x000000070dc00000, 0x000000070de00000|  0%| F|  |TAMS 0x000000070dc00000| PB 0x000000070dc00000| Untracked 
|  74|0x000000070de00000, 0x000000070de00000, 0x000000070e000000|  0%| F|  |TAMS 0x000000070de00000| PB 0x000000070de00000| Untracked 
|  75|0x000000070e000000, 0x000000070e000000, 0x000000070e200000|  0%| F|  |TAMS 0x000000070e000000| PB 0x000000070e000000| Untracked 
|  76|0x000000070e200000, 0x000000070e200000, 0x000000070e400000|  0%| F|  |TAMS 0x000000070e200000| PB 0x000000070e200000| Untracked 
|  77|0x000000070e400000, 0x000000070e400000, 0x000000070e600000|  0%| F|  |TAMS 0x000000070e400000| PB 0x000000070e400000| Untracked 
|  78|0x000000070e600000, 0x000000070e600000, 0x000000070e800000|  0%| F|  |TAMS 0x000000070e600000| PB 0x000000070e600000| Untracked 
|  79|0x000000070e800000, 0x000000070e800000, 0x000000070ea00000|  0%| F|  |TAMS 0x000000070e800000| PB 0x000000070e800000| Untracked 
|  80|0x000000070ea00000, 0x000000070ea00000, 0x000000070ec00000|  0%| F|  |TAMS 0x000000070ea00000| PB 0x000000070ea00000| Untracked 
|  81|0x000000070ec00000, 0x000000070ec00000, 0x000000070ee00000|  0%| F|  |TAMS 0x000000070ec00000| PB 0x000000070ec00000| Untracked 
|  82|0x000000070ee00000, 0x000000070ee00000, 0x000000070f000000|  0%| F|  |TAMS 0x000000070ee00000| PB 0x000000070ee00000| Untracked 
|  83|0x000000070f000000, 0x000000070f000000, 0x000000070f200000|  0%| F|  |TAMS 0x000000070f000000| PB 0x000000070f000000| Untracked 
|  84|0x000000070f200000, 0x000000070f200000, 0x000000070f400000|  0%| F|  |TAMS 0x000000070f200000| PB 0x000000070f200000| Untracked 
|  85|0x000000070f400000, 0x000000070f400000, 0x000000070f600000|  0%| F|  |TAMS 0x000000070f400000| PB 0x000000070f400000| Untracked 
|  86|0x000000070f600000, 0x000000070f600000, 0x000000070f800000|  0%| F|  |TAMS 0x000000070f600000| PB 0x000000070f600000| Untracked 
|  87|0x000000070f800000, 0x000000070f800000, 0x000000070fa00000|  0%| F|  |TAMS 0x000000070f800000| PB 0x000000070f800000| Untracked 
|  88|0x000000070fa00000, 0x000000070fa00000, 0x000000070fc00000|  0%| F|  |TAMS 0x000000070fa00000| PB 0x000000070fa00000| Untracked 
|  89|0x000000070fc00000, 0x000000070fc00000, 0x000000070fe00000|  0%| F|  |TAMS 0x000000070fc00000| PB 0x000000070fc00000| Untracked 
|  90|0x000000070fe00000, 0x000000070fe00000, 0x0000000710000000|  0%| F|  |TAMS 0x000000070fe00000| PB 0x000000070fe00000| Untracked 
|  91|0x0000000710000000, 0x0000000710000000, 0x0000000710200000|  0%| F|  |TAMS 0x0000000710000000| PB 0x0000000710000000| Untracked 
|  92|0x0000000710200000, 0x0000000710200000, 0x0000000710400000|  0%| F|  |TAMS 0x0000000710200000| PB 0x0000000710200000| Untracked 
|  93|0x0000000710400000, 0x0000000710400000, 0x0000000710600000|  0%| F|  |TAMS 0x0000000710400000| PB 0x0000000710400000| Untracked 
|  94|0x0000000710600000, 0x0000000710600000, 0x0000000710800000|  0%| F|  |TAMS 0x0000000710600000| PB 0x0000000710600000| Untracked 
|  95|0x0000000710800000, 0x0000000710800000, 0x0000000710a00000|  0%| F|  |TAMS 0x0000000710800000| PB 0x0000000710800000| Untracked 
|  96|0x0000000710a00000, 0x0000000710a00000, 0x0000000710c00000|  0%| F|  |TAMS 0x0000000710a00000| PB 0x0000000710a00000| Untracked 
|  97|0x0000000710c00000, 0x0000000710c00000, 0x0000000710e00000|  0%| F|  |TAMS 0x0000000710c00000| PB 0x0000000710c00000| Untracked 
|  98|0x0000000710e00000, 0x0000000710e00000, 0x0000000711000000|  0%| F|  |TAMS 0x0000000710e00000| PB 0x0000000710e00000| Untracked 
|  99|0x0000000711000000, 0x0000000711000000, 0x0000000711200000|  0%| F|  |TAMS 0x0000000711000000| PB 0x0000000711000000| Untracked 
| 100|0x0000000711200000, 0x0000000711200000, 0x0000000711400000|  0%| F|  |TAMS 0x0000000711200000| PB 0x0000000711200000| Untracked 
| 101|0x0000000711400000, 0x0000000711400000, 0x0000000711600000|  0%| F|  |TAMS 0x0000000711400000| PB 0x0000000711400000| Untracked 
| 102|0x0000000711600000, 0x0000000711600000, 0x0000000711800000|  0%| F|  |TAMS 0x0000000711600000| PB 0x0000000711600000| Untracked 
| 103|0x0000000711800000, 0x0000000711800000, 0x0000000711a00000|  0%| F|  |TAMS 0x0000000711800000| PB 0x0000000711800000| Untracked 
| 104|0x0000000711a00000, 0x0000000711a00000, 0x0000000711c00000|  0%| F|  |TAMS 0x0000000711a00000| PB 0x0000000711a00000| Untracked 
| 105|0x0000000711c00000, 0x0000000711c00000, 0x0000000711e00000|  0%| F|  |TAMS 0x0000000711c00000| PB 0x0000000711c00000| Untracked 
| 106|0x0000000711e00000, 0x0000000711e00000, 0x0000000712000000|  0%| F|  |TAMS 0x0000000711e00000| PB 0x0000000711e00000| Untracked 
| 107|0x0000000712000000, 0x0000000712000000, 0x0000000712200000|  0%| F|  |TAMS 0x0000000712000000| PB 0x0000000712000000| Untracked 
| 108|0x0000000712200000, 0x0000000712200000, 0x0000000712400000|  0%| F|  |TAMS 0x0000000712200000| PB 0x0000000712200000| Untracked 
| 109|0x0000000712400000, 0x0000000712400000, 0x0000000712600000|  0%| F|  |TAMS 0x0000000712400000| PB 0x0000000712400000| Untracked 
| 110|0x0000000712600000, 0x0000000712600000, 0x0000000712800000|  0%| F|  |TAMS 0x0000000712600000| PB 0x0000000712600000| Untracked 
| 111|0x0000000712800000, 0x0000000712800000, 0x0000000712a00000|  0%| F|  |TAMS 0x0000000712800000| PB 0x0000000712800000| Untracked 
| 112|0x0000000712a00000, 0x0000000712a00000, 0x0000000712c00000|  0%| F|  |TAMS 0x0000000712a00000| PB 0x0000000712a00000| Untracked 
| 113|0x0000000712c00000, 0x0000000712de54c0, 0x0000000712e00000| 94%| S|CS|TAMS 0x0000000712c00000| PB 0x0000000712c00000| Complete 
| 114|0x0000000712e00000, 0x0000000713000000, 0x0000000713000000|100%| S|CS|TAMS 0x0000000712e00000| PB 0x0000000712e00000| Complete 
| 115|0x0000000713000000, 0x0000000713109a88, 0x0000000713200000| 51%| E|  |TAMS 0x0000000713000000| PB 0x0000000713000000| Complete 
| 116|0x0000000713200000, 0x0000000713400000, 0x0000000713400000|100%| E|CS|TAMS 0x0000000713200000| PB 0x0000000713200000| Complete 
| 117|0x0000000713400000, 0x0000000713600000, 0x0000000713600000|100%| E|CS|TAMS 0x0000000713400000| PB 0x0000000713400000| Complete 
| 118|0x0000000713600000, 0x0000000713800000, 0x0000000713800000|100%| E|CS|TAMS 0x0000000713600000| PB 0x0000000713600000| Complete 
| 119|0x0000000713800000, 0x0000000713a00000, 0x0000000713a00000|100%| E|CS|TAMS 0x0000000713800000| PB 0x0000000713800000| Complete 
| 120|0x0000000713a00000, 0x0000000713c00000, 0x0000000713c00000|100%| E|CS|TAMS 0x0000000713a00000| PB 0x0000000713a00000| Complete 
| 121|0x0000000713c00000, 0x0000000713e00000, 0x0000000713e00000|100%| E|CS|TAMS 0x0000000713c00000| PB 0x0000000713c00000| Complete 
| 122|0x0000000713e00000, 0x0000000714000000, 0x0000000714000000|100%| E|CS|TAMS 0x0000000713e00000| PB 0x0000000713e00000| Complete 
| 123|0x0000000714000000, 0x0000000714200000, 0x0000000714200000|100%| E|CS|TAMS 0x0000000714000000| PB 0x0000000714000000| Complete 
| 124|0x0000000714200000, 0x0000000714400000, 0x0000000714400000|100%| E|CS|TAMS 0x0000000714200000| PB 0x0000000714200000| Complete 
| 125|0x0000000714400000, 0x0000000714600000, 0x0000000714600000|100%| E|CS|TAMS 0x0000000714400000| PB 0x0000000714400000| Complete 

Card table byte_map: [0x0000021479300000,0x0000021479ae0000] _byte_map_base: 0x0000021475adb000

Marking Bits: (CMBitMap*) 0x000002146fe814a0
 Bits: [0x0000021479ae0000, 0x000002147d9b8000)

Polling page: 0x000002146de00000

Metaspace:

Usage:
  Non-class:      6.74 MB used.
      Class:    880.77 KB used.
       Both:      7.60 MB used.

Virtual space:
  Non-class space:       64.00 MB reserved,       6.81 MB ( 11%) committed,  1 nodes.
      Class space:        1.00 GB reserved,     960.00 KB ( <1%) committed,  1 nodes.
             Both:        1.06 GB reserved,       7.75 MB ( <1%) committed. 

Chunk freelists:
   Non-Class:  7.73 MB
       Class:  15.08 MB
        Both:  22.81 MB

MaxMetaspaceSize: unlimited
CompressedClassSpaceSize: 1.00 GB
Initial GC threshold: 21.00 MB
Current GC threshold: 21.00 MB
CDS: on
 - commit_granule_bytes: 65536.
 - commit_granule_words: 8192.
 - virtual_space_node_default_size: 8388608.
 - enlarge_chunks_in_place: 1.
 - use_allocation_guard: 0.


Internal statistics:

num_allocs_failed_limit: 0.
num_arena_births: 56.
num_arena_deaths: 0.
num_vsnodes_births: 2.
num_vsnodes_deaths: 0.
num_space_committed: 124.
num_space_uncommitted: 0.
num_chunks_returned_to_freelist: 0.
num_chunks_taken_from_freelist: 280.
num_chunk_merges: 0.
num_chunk_splits: 193.
num_chunks_enlarged: 162.
num_inconsistent_stats: 0.

CodeHeap 'non-profiled nmethods': size=119168Kb used=776Kb max_used=776Kb free=118391Kb
 bounds [0x0000021407ba0000, 0x0000021407e10000, 0x000002140f000000]
CodeHeap 'profiled nmethods': size=119104Kb used=3548Kb max_used=3548Kb free=115555Kb
 bounds [0x0000021400000000, 0x0000021400380000, 0x0000021407450000]
CodeHeap 'non-nmethods': size=7488Kb used=2051Kb max_used=3217Kb free=5436Kb
 bounds [0x0000021407450000, 0x0000021407780000, 0x0000021407ba0000]
 total_blobs=2232 nmethods=1771 adapters=365
 compilation: enabled
              stopped_count=0, restarted_count=0
 full_count=0

Compilation events (20 events):
Event: 5.506 Thread 0x000002140fa50090 nmethod 1763 0x0000021400368110 code [0x00000214003682a0, 0x0000021400368428]
Event: 5.508 Thread 0x000002140fc42040 nmethod 1760 0x0000021400368510 code [0x0000021400368b60, 0x000002140036c310]
Event: 5.509 Thread 0x000002140fa4d5f0 nmethod 1758 0x0000021407c60a90 code [0x0000021407c60ce0, 0x0000021407c616e8]
Event: 5.577 Thread 0x000002140fa50090 1764       3       jdk.internal.org.objectweb.asm.Frame::setLocal (65 bytes)
Event: 5.578 Thread 0x000002140fa50090 nmethod 1764 0x000002140036d890 code [0x000002140036da60, 0x000002140036df90]
Event: 5.578 Thread 0x000002140fa50090 1765       3       jdk.internal.org.objectweb.asm.MethodWriter::visitTryCatchBlock (67 bytes)
Event: 5.578 Thread 0x000002140fc42040 1766       3       jdk.internal.org.objectweb.asm.Handler::<init> (32 bytes)
Event: 5.578 Thread 0x000002140fc42040 nmethod 1766 0x000002140036e190 code [0x000002140036e340, 0x000002140036e638]
Event: 5.578 Thread 0x000002140fc42040 1767       3       jdk.internal.org.objectweb.asm.Frame::getAbstractTypeFromInternalName (9 bytes)
Event: 5.578 Thread 0x000002140fc42040 nmethod 1767 0x000002140036e710 code [0x000002140036e8c0, 0x000002140036e9e8]
Event: 5.578 Thread 0x000002140fa50090 nmethod 1765 0x000002140036ea90 code [0x000002140036ec80, 0x000002140036f350]
Event: 5.578 Thread 0x000002140fa4d5f0 1768       4       jdk.internal.org.objectweb.asm.ByteVector::putShort (52 bytes)
Event: 5.579 Thread 0x000002140fa50090 1769       3       java.lang.invoke.MethodHandle::isBuiltinLoader (24 bytes)
Event: 5.579 Thread 0x000002140fa50090 nmethod 1769 0x000002140036f590 code [0x000002140036f740, 0x000002140036f9b8]
Event: 5.580 Thread 0x000002140fa4d5f0 nmethod 1768 0x0000021407c61e90 code [0x0000021407c62020, 0x0000021407c62188]
Event: 5.580 Thread 0x000002140fa50090 1770       3       sun.nio.fs.WindowsPathParser::parse (504 bytes)
Event: 5.580 Thread 0x000002140fc42040 1771       3       sun.nio.fs.WindowsPathParser$Result::<init> (20 bytes)
Event: 5.580 Thread 0x000002140fc42040 nmethod 1771 0x000002140036fa90 code [0x000002140036fc40, 0x000002140036fed8]
Event: 5.581 Thread 0x000002140fc42040 1772       3       sun.nio.fs.WindowsPathParser::parse (6 bytes)
Event: 5.581 Thread 0x000002140fc42040 nmethod 1772 0x000002140036ff90 code [0x0000021400370140, 0x0000021400370260]

GC Heap History (2 events):
Event: 2.898 GC heap before
{Heap before GC invocations=0 (full 0):
 garbage-first heap   total 258048K, used 22528K [0x0000000704a00000, 0x0000000800000000)
  region size 2048K, 11 young (22528K), 0 survivors (0K)
 Metaspace       used 5777K, committed 6016K, reserved 1114112K
  class space    used 651K, committed 768K, reserved 1048576K
}
Event: 3.278 GC heap after
{Heap after GC invocations=1 (full 0):
 garbage-first heap   total 258048K, used 3989K [0x0000000704a00000, 0x0000000800000000)
  region size 2048K, 2 young (4096K), 2 survivors (4096K)
 Metaspace       used 5777K, committed 6016K, reserved 1114112K
  class space    used 651K, committed 768K, reserved 1048576K
}

Dll operation events (8 events):
Event: 0.009 Loaded shared library C:\Program Files\Java\jdk-21\bin\java.dll
Event: 0.148 Loaded shared library C:\Program Files\Java\jdk-21\bin\jsvml.dll
Event: 0.157 Loaded shared library C:\Program Files\Java\jdk-21\bin\net.dll
Event: 0.209 Loaded shared library C:\Program Files\Java\jdk-21\bin\nio.dll
Event: 0.230 Loaded shared library C:\Program Files\Java\jdk-21\bin\zip.dll
Event: 0.762 Loaded shared library C:\Program Files\Java\jdk-21\bin\jimage.dll
Event: 0.846 Loaded shared library C:\Program Files\NetBeans-21\netbeans\java\maven\lib\jansi-native\Windows\x86_64\jansi.dll
Event: 0.886 Loaded shared library C:\Program Files\Java\jdk-21\bin\verify.dll

Deoptimization events (20 events):
Event: 4.600 Thread 0x000002146dcbdad0 Uncommon trap: trap_request=0xffffff45 fr.pc=0x0000021407c43414 relative=0x0000000000000754
Event: 4.601 Thread 0x000002146dcbdad0 Uncommon trap: reason=unstable_if action=reinterpret pc=0x0000021407c43414 method=java.lang.String.<init>([CIILjava/lang/Void;)V @ 5 c2
Event: 4.601 Thread 0x000002146dcbdad0 DEOPT PACKING pc=0x0000021407c43414 sp=0x000000353d9fdf10
Event: 4.601 Thread 0x000002146dcbdad0 DEOPT UNPACKING pc=0x00000214074a7da2 sp=0x000000353d9fddb0 mode 2
Event: 4.712 Thread 0x000002146dcbdad0 DEOPT PACKING pc=0x000002140025ed27 sp=0x000000353d9fe0d0
Event: 4.713 Thread 0x000002146dcbdad0 DEOPT UNPACKING pc=0x00000214074a88e2 sp=0x000000353d9fd540 mode 0
Event: 4.735 Thread 0x000002146dcbdad0 DEOPT PACKING pc=0x000002140025ed27 sp=0x000000353d9fe0d0
Event: 4.735 Thread 0x000002146dcbdad0 DEOPT UNPACKING pc=0x00000214074a88e2 sp=0x000000353d9fd540 mode 0
Event: 5.117 Thread 0x000002146dcbdad0 Uncommon trap: trap_request=0xffffffde fr.pc=0x0000021407c0b8d4 relative=0x00000000000002f4
Event: 5.117 Thread 0x000002146dcbdad0 Uncommon trap: reason=class_check action=maybe_recompile pc=0x0000021407c0b8d4 method=java.util.HashMap.getNode(Ljava/lang/Object;)Ljava/util/HashMap$Node; @ 128 c2
Event: 5.117 Thread 0x000002146dcbdad0 DEOPT PACKING pc=0x0000021407c0b8d4 sp=0x000000353d9fdd20
Event: 5.117 Thread 0x000002146dcbdad0 DEOPT UNPACKING pc=0x00000214074a7da2 sp=0x000000353d9fdc88 mode 2
Event: 5.120 Thread 0x000002146dcbdad0 Uncommon trap: trap_request=0xffffffde fr.pc=0x0000021407c0b8d4 relative=0x00000000000002f4
Event: 5.120 Thread 0x000002146dcbdad0 Uncommon trap: reason=class_check action=maybe_recompile pc=0x0000021407c0b8d4 method=java.util.HashMap.getNode(Ljava/lang/Object;)Ljava/util/HashMap$Node; @ 128 c2
Event: 5.120 Thread 0x000002146dcbdad0 DEOPT PACKING pc=0x0000021407c0b8d4 sp=0x000000353d9fdd20
Event: 5.120 Thread 0x000002146dcbdad0 DEOPT UNPACKING pc=0x00000214074a7da2 sp=0x000000353d9fdc88 mode 2
Event: 5.500 Thread 0x000002146dcbdad0 Uncommon trap: trap_request=0xffffffc6 fr.pc=0x0000021407c5cf18 relative=0x0000000000000318
Event: 5.500 Thread 0x000002146dcbdad0 Uncommon trap: reason=bimorphic_or_optimized_type_check action=maybe_recompile pc=0x0000021407c5cf18 method=java.util.HashMap.getNode(Ljava/lang/Object;)Ljava/util/HashMap$Node; @ 63 c2
Event: 5.500 Thread 0x000002146dcbdad0 DEOPT PACKING pc=0x0000021407c5cf18 sp=0x000000353d9fe3e0
Event: 5.500 Thread 0x000002146dcbdad0 DEOPT UNPACKING pc=0x00000214074a7da2 sp=0x000000353d9fe358 mode 2

Classes loaded (20 events):
Event: 3.742 Loading class sun/reflect/generics/reflectiveObjects/TypeVariableImpl
Event: 3.743 Loading class sun/reflect/generics/reflectiveObjects/LazyReflectiveObjectGenerator
Event: 3.743 Loading class sun/reflect/generics/reflectiveObjects/LazyReflectiveObjectGenerator done
Event: 3.743 Loading class sun/reflect/generics/reflectiveObjects/TypeVariableImpl done
Event: 3.744 Loading class sun/reflect/generics/reflectiveObjects/ParameterizedTypeImpl
Event: 3.744 Loading class sun/reflect/generics/reflectiveObjects/ParameterizedTypeImpl done
Event: 5.099 Loading class java/lang/Deprecated
Event: 5.099 Loading class java/lang/Deprecated done
Event: 5.466 Loading class java/lang/invoke/MethodHandle$1
Event: 5.466 Loading class java/lang/invoke/MethodHandle$1 done
Event: 5.483 Loading class sun/reflect/generics/tree/BottomSignature
Event: 5.483 Loading class sun/reflect/generics/tree/BottomSignature done
Event: 5.484 Loading class sun/reflect/generics/tree/Wildcard
Event: 5.484 Loading class sun/reflect/generics/tree/Wildcard done
Event: 5.484 Loading class sun/reflect/generics/reflectiveObjects/WildcardTypeImpl
Event: 5.484 Loading class sun/reflect/generics/reflectiveObjects/WildcardTypeImpl done
Event: 5.484 Loading class sun/reflect/annotation/AnnotatedTypeFactory$AnnotatedParameterizedTypeImpl
Event: 5.484 Loading class java/lang/reflect/AnnotatedParameterizedType
Event: 5.484 Loading class java/lang/reflect/AnnotatedParameterizedType done
Event: 5.484 Loading class sun/reflect/annotation/AnnotatedTypeFactory$AnnotatedParameterizedTypeImpl done

Classes unloaded (0 events):
No events

Classes redefined (0 events):
No events

Internal exceptions (20 events):
Event: 0.868 Thread 0x000002146dcbdad0 Exception <a 'java/lang/NullPointerException'{0x0000000713eb0e28}> (0x0000000713eb0e28) 
thrown [s\open\src\hotspot\share\interpreter\linkResolver.cpp, line 1372]
Event: 0.868 Thread 0x000002146dcbdad0 Exception <a 'java/lang/NullPointerException'{0x0000000713eb1108}> (0x0000000713eb1108) 
thrown [s\open\src\hotspot\share\interpreter\linkResolver.cpp, line 1372]
Event: 0.868 Thread 0x000002146dcbdad0 Exception <a 'java/lang/NullPointerException'{0x0000000713eb13e8}> (0x0000000713eb13e8) 
thrown [s\open\src\hotspot\share\interpreter\linkResolver.cpp, line 1372]
Event: 0.868 Thread 0x000002146dcbdad0 Exception <a 'java/lang/NullPointerException'{0x0000000713eb16c8}> (0x0000000713eb16c8) 
thrown [s\open\src\hotspot\share\interpreter\linkResolver.cpp, line 1372]
Event: 0.879 Thread 0x000002146dcbdad0 Exception <a 'sun/nio/fs/WindowsException'{0x0000000713eda720}> (0x0000000713eda720) 
thrown [s\open\src\hotspot\share\prims\jni.cpp, line 520]
Event: 0.880 Thread 0x000002146dcbdad0 Exception <a 'sun/nio/fs/WindowsException'{0x0000000713edae60}> (0x0000000713edae60) 
thrown [s\open\src\hotspot\share\prims\jni.cpp, line 520]
Event: 0.880 Thread 0x000002146dcbdad0 Exception <a 'sun/nio/fs/WindowsException'{0x0000000713edb3d8}> (0x0000000713edb3d8) 
thrown [s\open\src\hotspot\share\prims\jni.cpp, line 520]
Event: 0.880 Thread 0x000002146dcbdad0 Exception <a 'sun/nio/fs/WindowsException'{0x0000000713edb8e8}> (0x0000000713edb8e8) 
thrown [s\open\src\hotspot\share\prims\jni.cpp, line 520]
Event: 0.880 Thread 0x000002146dcbdad0 Exception <a 'sun/nio/fs/WindowsException'{0x0000000713edbdf0}> (0x0000000713edbdf0) 
thrown [s\open\src\hotspot\share\prims\jni.cpp, line 520]
Event: 0.880 Thread 0x000002146dcbdad0 Exception <a 'sun/nio/fs/WindowsException'{0x0000000713edc2b0}> (0x0000000713edc2b0) 
thrown [s\open\src\hotspot\share\prims\jni.cpp, line 520]
Event: 0.945 Thread 0x000002146dcbdad0 Exception <a 'java/lang/NoSuchMethodError'{0x0000000713f4cb10}: 'void java.lang.invoke.DirectMethodHandle$Holder.invokeStatic(java.lang.Object, java.lang.Object, java.lang.Object)'> (0x0000000713f4cb10) 
thrown [s\open\src\hotspot\share\interpreter\linkResolver.cpp, line 773]
Event: 1.165 Thread 0x000002146dcbdad0 Exception <a 'java/lang/NoSuchMethodError'{0x0000000713d006f8}: 'java.lang.Object java.lang.invoke.DirectMethodHandle$Holder.invokeSpecialIFC(java.lang.Object, java.lang.Object, java.lang.Object, java.lang.Object)'> (0x0000000713d006f8) 
thrown [s\open\src\hotspot\share\interpreter\linkResolver.cpp, line 773]
Event: 1.837 Thread 0x000002146dcbdad0 Exception <a 'java/lang/NoSuchMethodError'{0x0000000713667e98}: 'void java.lang.invoke.DirectMethodHandle$Holder.invokeSpecial(java.lang.Object, java.lang.Object, java.lang.Object)'> (0x0000000713667e98) 
thrown [s\open\src\hotspot\share\interpreter\linkResolver.cpp, line 773]
Event: 1.968 Thread 0x000002146dcbdad0 Exception <a 'java/lang/NoSuchMethodError'{0x00000007137a9310}: 'java.lang.Object java.lang.invoke.DirectMethodHandle$Holder.invokeInterface(java.lang.Object, java.lang.Object)'> (0x00000007137a9310) 
thrown [s\open\src\hotspot\share\interpreter\linkResolver.cpp, line 773]
Event: 2.049 Thread 0x000002146dcbdad0 Exception <a 'java/lang/NoSuchMethodError'{0x000000071343dc30}: 'int java.lang.invoke.DirectMethodHandle$Holder.invokeStatic(java.lang.Object, java.lang.Object, java.lang.Object, java.lang.Object)'> (0x000000071343dc30) 
thrown [s\open\src\hotspot\share\interpreter\linkResolver.cpp, line 773]
Event: 2.051 Thread 0x000002146dcbdad0 Exception <a 'java/lang/NoSuchMethodError'{0x00000007134412c0}: 'java.lang.Object java.lang.invoke.Invokers$Holder.invokeExact_MT(java.lang.Object, java.lang.Object, java.lang.Object, java.lang.Object, java.lang.Object, java.lang.Object)'> (0x00000007134412c0) 
thrown [s\open\src\hotspot\share\interpreter\linkResolver.cpp, line 773]
Event: 2.061 Thread 0x000002146dcbdad0 Exception <a 'java/lang/NoSuchMethodError'{0x000000071344f930}: 'int java.lang.invoke.DirectMethodHandle$Holder.invokeSpecialIFC(java.lang.Object, java.lang.Object, java.lang.Object, java.lang.Object, java.lang.Object)'> (0x000000071344f930) 
thrown [s\open\src\hotspot\share\interpreter\linkResolver.cpp, line 773]
Event: 2.367 Thread 0x000002146dcbdad0 Exception <a 'java/lang/NoSuchMethodError'{0x00000007135c6208}: 'java.lang.Object java.lang.invoke.DirectMethodHandle$Holder.newInvokeSpecial(java.lang.Object, java.lang.Object, java.lang.Object, java.lang.Object, java.lang.Object)'> (0x00000007135c6208) 
thrown [s\open\src\hotspot\share\interpreter\linkResolver.cpp, line 773]
Event: 2.461 Thread 0x000002146dcbdad0 Exception <a 'java/lang/NoSuchMethodError'{0x00000007132bd570}: 'int java.lang.invoke.DirectMethodHandle$Holder.invokeStaticInit(java.lang.Object, java.lang.Object)'> (0x00000007132bd570) 
thrown [s\open\src\hotspot\share\interpreter\linkResolver.cpp, line 773]
Event: 2.476 Thread 0x000002146dcbdad0 Exception <a 'java/lang/NoClassDefFoundError'{0x00000007132f34e0}: javax/enterprise/inject/Typed> (0x00000007132f34e0) 
thrown [s\open\src\hotspot\share\classfile\systemDictionary.cpp, line 301]

ZGC Phase Switch (0 events):
No events

VM Operations (14 events):
Event: 0.231 Executing VM operation: HandshakeAllThreads (Deoptimize)
Event: 0.231 Executing VM operation: HandshakeAllThreads (Deoptimize) done
Event: 0.754 Executing VM operation: HandshakeAllThreads (Deoptimize)
Event: 0.754 Executing VM operation: HandshakeAllThreads (Deoptimize) done
Event: 0.766 Executing VM operation: HandshakeAllThreads (Deoptimize)
Event: 0.766 Executing VM operation: HandshakeAllThreads (Deoptimize) done
Event: 1.775 Executing VM operation: Cleanup
Event: 1.792 Executing VM operation: Cleanup done
Event: 2.599 Executing VM operation: G1CollectForAllocation (G1 Evacuation Pause)
Event: 3.278 Executing VM operation: G1CollectForAllocation (G1 Evacuation Pause) done
Event: 4.284 Executing VM operation: Cleanup
Event: 4.285 Executing VM operation: Cleanup done
Event: 5.297 Executing VM operation: Cleanup
Event: 5.297 Executing VM operation: Cleanup done

Events (20 events):
Event: 1.794 Thread 0x000002140fc3fe30 Thread exited: 0x000002140fc3fe30
Event: 1.794 Thread 0x000002140fc3f760 Thread exited: 0x000002140fc3f760
Event: 2.568 Thread 0x000002140fc3fe30 Thread added: 0x000002140fc3fe30
Event: 2.568 Thread 0x000002140fc42710 Thread added: 0x000002140fc42710
Event: 2.570 Thread 0x000002140fc3f760 Thread added: 0x000002140fc3f760
Event: 2.578 Thread 0x000002140fc40500 Thread added: 0x000002140fc40500
Event: 2.579 Thread 0x000002140fc40bd0 Thread added: 0x000002140fc40bd0
Event: 2.579 Thread 0x000002140fc412a0 Thread added: 0x000002140fc412a0
Event: 2.579 Thread 0x000002140fc41970 Thread added: 0x000002140fc41970
Event: 3.280 Thread 0x000002140fc3f090 Thread exited: 0x000002140fc3f090
Event: 3.280 Thread 0x000002140fc3e380 Thread exited: 0x000002140fc3e380
Event: 3.280 Thread 0x000002140fc3cec0 Thread exited: 0x000002140fc3cec0
Event: 3.811 Thread 0x000002140fc42040 Thread added: 0x000002140fc42040
Event: 3.920 Thread 0x000002140fc41970 Thread exited: 0x000002140fc41970
Event: 3.925 Thread 0x000002140fc412a0 Thread exited: 0x000002140fc412a0
Event: 3.925 Thread 0x000002140fc40bd0 Thread exited: 0x000002140fc40bd0
Event: 3.926 Thread 0x000002140fc40500 Thread exited: 0x000002140fc40500
Event: 3.926 Thread 0x000002140fc3f760 Thread exited: 0x000002140fc3f760
Event: 3.927 Thread 0x000002140fc42710 Thread exited: 0x000002140fc42710
Event: 3.927 Thread 0x000002140fc3fe30 Thread exited: 0x000002140fc3fe30


Dynamic libraries:
0x00007ff65f260000 - 0x00007ff65f270000 	C:\Program Files\Java\jdk-21\bin\java.exe
0x00007ffc80210000 - 0x00007ffc80428000 	C:\Windows\SYSTEM32\ntdll.dll
0x00007ffc7f080000 - 0x00007ffc7f144000 	C:\Windows\System32\KERNEL32.DLL
0x00007ffc7d930000 - 0x00007ffc7dd03000 	C:\Windows\System32\KERNELBASE.dll
0x00007ffc7d770000 - 0x00007ffc7d881000 	C:\Windows\System32\ucrtbase.dll
0x00007ffc2a360000 - 0x00007ffc2a379000 	C:\Program Files\Java\jdk-21\bin\jli.dll
0x00007ffbb88f0000 - 0x00007ffbb890b000 	C:\Program Files\Java\jdk-21\bin\VCRUNTIME140.dll
0x00007ffc7fce0000 - 0x00007ffc7fd91000 	C:\Windows\System32\ADVAPI32.dll
0x00007ffc7eeb0000 - 0x00007ffc7ef57000 	C:\Windows\System32\msvcrt.dll
0x00007ffc7efd0000 - 0x00007ffc7f078000 	C:\Windows\System32\sechost.dll
0x00007ffc7d740000 - 0x00007ffc7d768000 	C:\Windows\System32\bcrypt.dll
0x00007ffc7ebb0000 - 0x00007ffc7ecc8000 	C:\Windows\System32\RPCRT4.dll
0x00007ffc7e390000 - 0x00007ffc7e542000 	C:\Windows\System32\USER32.dll
0x00007ffc7dd10000 - 0x00007ffc7dd36000 	C:\Windows\System32\win32u.dll
0x00007ffc7f2b0000 - 0x00007ffc7f2d9000 	C:\Windows\System32\GDI32.dll
0x00007ffc69c10000 - 0x00007ffc69eac000 	C:\Windows\WinSxS\amd64_microsoft.windows.common-controls_6595b64144ccf1df_6.0.22621.6060_none_2712eda17382d24b\COMCTL32.dll
0x00007ffc7d620000 - 0x00007ffc7d73b000 	C:\Windows\System32\gdi32full.dll
0x00007ffc7d890000 - 0x00007ffc7d92a000 	C:\Windows\System32\msvcp_win.dll
0x00007ffc776c0000 - 0x00007ffc776ca000 	C:\Windows\SYSTEM32\VERSION.dll
0x00007ffc7f150000 - 0x00007ffc7f181000 	C:\Windows\System32\IMM32.DLL
0x00007ffc23220000 - 0x00007ffc2322c000 	C:\Program Files\Java\jdk-21\bin\vcruntime140_1.dll
0x00007ffbdf1d0000 - 0x00007ffbdf25e000 	C:\Program Files\Java\jdk-21\bin\msvcp140.dll
0x00007ffbad5b0000 - 0x00007ffbae2ca000 	C:\Program Files\Java\jdk-21\bin\server\jvm.dll
0x00007ffc7e550000 - 0x00007ffc7e5c1000 	C:\Windows\System32\WS2_32.dll
0x00007ffc7caf0000 - 0x00007ffc7cb3d000 	C:\Windows\SYSTEM32\POWRPROF.dll
0x00007ffc75cc0000 - 0x00007ffc75cf4000 	C:\Windows\SYSTEM32\WINMM.dll
0x00007ffc7cad0000 - 0x00007ffc7cae3000 	C:\Windows\SYSTEM32\UMPDC.dll
0x00007ffc7c2c0000 - 0x00007ffc7c2d8000 	C:\Windows\SYSTEM32\kernel.appcore.dll
0x00007ffc22a20000 - 0x00007ffc22a2a000 	C:\Program Files\Java\jdk-21\bin\jimage.dll
0x00007ffc7ad40000 - 0x00007ffc7af73000 	C:\Windows\SYSTEM32\DBGHELP.DLL
0x00007ffc7e640000 - 0x00007ffc7e9d1000 	C:\Windows\System32\combase.dll
0x00007ffc7f190000 - 0x00007ffc7f268000 	C:\Windows\System32\OLEAUT32.dll
0x00007ffc716c0000 - 0x00007ffc716f2000 	C:\Windows\SYSTEM32\dbgcore.DLL
0x00007ffc7d3e0000 - 0x00007ffc7d45b000 	C:\Windows\System32\bcryptPrimitives.dll
0x00007ffbad550000 - 0x00007ffbad56f000 	C:\Program Files\Java\jdk-21\bin\java.dll
0x00007ffc7f440000 - 0x00007ffc7fcdc000 	C:\Windows\System32\SHELL32.dll
0x00007ffc7d4e0000 - 0x00007ffc7d61f000 	C:\Windows\System32\wintypes.dll
0x00007ffc7b1d0000 - 0x00007ffc7baea000 	C:\Windows\SYSTEM32\windows.storage.dll
0x00007ffc7ed20000 - 0x00007ffc7ee24000 	C:\Windows\System32\SHCORE.dll
0x00007ffc7ef60000 - 0x00007ffc7efc9000 	C:\Windows\System32\shlwapi.dll
0x00007ffc7d250000 - 0x00007ffc7d275000 	C:\Windows\SYSTEM32\profapi.dll
0x00007ffbad470000 - 0x00007ffbad547000 	C:\Program Files\Java\jdk-21\bin\jsvml.dll
0x00007ffc1f7d0000 - 0x00007ffc1f7e0000 	C:\Program Files\Java\jdk-21\bin\net.dll
0x00007ffc76140000 - 0x00007ffc7626c000 	C:\Windows\SYSTEM32\WINHTTP.dll
0x00007ffc7c780000 - 0x00007ffc7c7e9000 	C:\Windows\system32\mswsock.dll
0x00007ffbad450000 - 0x00007ffbad466000 	C:\Program Files\Java\jdk-21\bin\nio.dll
0x00007ffbad430000 - 0x00007ffbad448000 	C:\Program Files\Java\jdk-21\bin\zip.dll
0x0000000069ac0000 - 0x0000000069ae4000 	C:\Program Files\NetBeans-21\netbeans\java\maven\lib\jansi-native\Windows\x86_64\jansi.dll
0x00007ffc0fec0000 - 0x00007ffc0fed0000 	C:\Program Files\Java\jdk-21\bin\verify.dll

dbghelp: loaded successfully - version: 4.0.5 - missing functions: none
symbol engine: initialized successfully - sym options: 0x614 - pdb path: .;C:\Program Files\Java\jdk-21\bin;C:\Windows\SYSTEM32;C:\Windows\WinSxS\amd64_microsoft.windows.common-controls_6595b64144ccf1df_6.0.22621.6060_none_2712eda17382d24b;C:\Program Files\Java\jdk-21\bin\server;C:\Program Files\NetBeans-21\netbeans\java\maven\lib\jansi-native\Windows\x86_64

VM Arguments:
jvm_args: -Dclassworlds.conf=C:\Program Files\NetBeans-21\netbeans\java\maven\bin\m2.conf -Dmaven.home=C:\Program Files\NetBeans-21\netbeans\java\maven -Dlibrary.jansi.path=C:\Program Files\NetBeans-21\netbeans\java\maven\lib\jansi-native -Dmaven.multiModuleProjectDirectory=C:\Users\pc\Documents\NetBeansProjects\GHADS 
java_command: org.codehaus.plexus.classworlds.launcher.Launcher -Dmaven.ext.class.path=C:\Program Files\NetBeans-21\netbeans\java\maven-nblib\netbeans-eventspy.jar --no-transfer-progress install
java_class_path (initial): C:\Program Files\NetBeans-21\netbeans\java\maven\boot\plexus-classworlds-2.7.0.jar
Launcher Type: SUN_STANDARD

[Global flags]
     intx CICompilerCount                          = 12                                        {product} {ergonomic}
     uint ConcGCThreads                            = 3                                         {product} {ergonomic}
     uint G1ConcRefinementThreads                  = 13                                        {product} {ergonomic}
   size_t G1HeapRegionSize                         = 2097152                                   {product} {ergonomic}
    uintx GCDrainStackTargetSize                   = 64                                        {product} {ergonomic}
   size_t InitialHeapSize                          = 264241152                                 {product} {ergonomic}
   size_t MarkStackSize                            = 4194304                                   {product} {ergonomic}
   size_t MaxHeapSize                              = 4217372672                                {product} {ergonomic}
   size_t MaxNewSize                               = 2529165312                                {product} {ergonomic}
   size_t MinHeapDeltaBytes                        = 2097152                                   {product} {ergonomic}
   size_t MinHeapSize                              = 8388608                                   {product} {ergonomic}
    uintx NonNMethodCodeHeapSize                   = 7602480                                {pd product} {ergonomic}
    uintx NonProfiledCodeHeapSize                  = 122027880                              {pd product} {ergonomic}
    uintx ProfiledCodeHeapSize                     = 122027880                              {pd product} {ergonomic}
    uintx ReservedCodeCacheSize                    = 251658240                              {pd product} {ergonomic}
     bool SegmentedCodeCache                       = true                                      {product} {ergonomic}
   size_t SoftMaxHeapSize                          = 4217372672                             {manageable} {ergonomic}
     bool UseCompressedOops                        = true                           {product lp64_product} {ergonomic}
     bool UseG1GC                                  = true                                      {product} {ergonomic}
     bool UseLargePagesIndividualAllocation        = false                                  {pd product} {ergonomic}

Logging:
Log output configuration:
 #0: stdout all=warning uptime,level,tags foldmultilines=false
 #1: stderr all=off uptime,level,tags foldmultilines=false

Environment Variables:
JAVA_HOME=C:\Program Files\Java\jdk-21
PATH=C:\Program Files (x86)\VMware\VMware Workstation\bin\;C:\Program Files (x86)\Common Files\Intel\Shared Libraries\redist\intel64\compiler;C:\Program Files\Common Files\Oracle\Java\javapath;C:\Windows\system32;C:\Windows;C:\Windows\System32\Wbem;C:\Windows\System32\WindowsPowerShell\v1.0\;C:\Windows\System32\OpenSSH\;C:\Program Files\IBM\SPSS\Statistics\Subscription\JRE\bin;E:\MATLAB 2018\runtime\win64;E:\MATLAB 2018\bin;E:\MATLAB\R2018a\runtime\win64;E:\MATLAB\R2018a\bin;C:\Program Files (x86)\Microsoft SQL Server\160\DTS\Binn\;C:\Program Files\NVIDIA Corporation\NVIDIA App\NvDLISR;C:\Program Files (x86)\NVIDIA Corporation\PhysX\Common;C:\Program Files\dotnet\;C:\Program Files\Git\cmd;C:\Users\pc\dart-sdk\bin;C:\Program Files\nodejs\;C:\Users\pc\AppData\Local\Programs\Python\Python311\Scripts\;C:\Users\pc\AppData\Local\Programs\Python\Python311\;C:\Users\pc\AppData\Local\Microsoft\WindowsApps;C:\Users\pc\AppData\Local\Programs\Microsoft VS Code\bin;C:\mingw64\bin;C:\Users\pc\.dotnet\tools;C:\dart-sdk\bin;C:\Users\pc\AppData\Roaming\npm;D:\Antigravity\bin;C:\flutter\bin;C:\Users\pc\AppData\Local\Programs\Antigravity IDE\bin;
USERNAME=pc
OS=Windows_NT
PROCESSOR_IDENTIFIER=Intel64 Family 6 Model 141 Stepping 1, GenuineIntel
TMP=C:\Users\pc\AppData\Local\Temp
TEMP=C:\Users\pc\AppData\Local\Temp




Periodic native trim disabled

---------------  S Y S T E M  ---------------

OS:
 Windows 11 , 64 bit Build 22621 (10.0.22621.5415)
OS uptime: 0 days 0:03 hours
Hyper-V role detected

CPU: total 16 (initial active 16) (8 cores per cpu, 2 threads per core) family 6 model 141 stepping 1 microcode 0x34, cx8, cmov, fxsr, ht, mmx, 3dnowpref, sse, sse2, sse3, ssse3, sse4.1, sse4.2, popcnt, lzcnt, tsc, tscinvbit, avx, avx2, aes, erms, clmul, bmi1, bmi2, adx, avx512f, avx512dq, avx512cd, avx512bw, avx512vl, sha, fma, vzeroupper, avx512_vpopcntdq, avx512_vpclmulqdq, avx512_vaes, avx512_vnni, clflush, clflushopt, clwb, avx512_vbmi2, avx512_vbmi, hv, rdtscp, rdpid, fsrm, gfni, avx512_bitalg, f16c, cet_ibt, cet_ss, avx512_ifma
Processor Information for all 16 processors :
  Max Mhz: 2304, Current Mhz: 2304, Mhz Limit: 2304

Memory: 4k page, system-wide physical 16085M (5828M free)
TotalPageFile size 21796M (AvailPageFile size 367M)
current process WorkingSet (physical memory assigned to process): 85M, peak: 117M
current process commit charge ("private bytes"): 366M, peak: 400M

vm_info: Java HotSpot(TM) 64-Bit Server VM (21.0.6+8-LTS-188) for windows-amd64 JRE (21.0.6+8-LTS-188), built on 2024-12-03T10:50:54Z by "mach5one" with MS VC++ 17.6 (VS2022)

END.
