#
# There is insufficient memory for the Java Runtime Environment to continue.
# Native memory allocation (malloc) failed to allocate 403936 bytes for Chunk::new
# Possible reasons:
#   The system is out of physical RAM or swap space
#   The process is running with CompressedOops enabled, and the Java Heap may be blocking the growth of the native heap
# Possible solutions:
#   Reduce memory load on the system
#   Increase physical memory or swap space
#   Check if swap backing store is full
#   Decrease Java heap size (-Xmx/-Xms)
#   Decrease number of Java threads
#   Decrease Java thread stack sizes (-Xss)
#   Set larger code cache with -XX:ReservedCodeCacheSize=
#   JVM is running with Zero Based Compressed Oops mode in which the Java heap is
#     placed in the first 32GB address space. The Java Heap base address is the
#     maximum limit for the native heap growth. Please use -XX:HeapBaseMinAddress
#     to set the Java Heap base and to place the Java Heap above 32GB virtual address.
# This output file may be truncated or incomplete.
#
#  Out of Memory Error (arena.cpp:168), pid=14320, tid=23320
#
# JRE version: Java(TM) SE Runtime Environment (21.0.6+8) (build 21.0.6+8-LTS-188)
# Java VM: Java HotSpot(TM) 64-Bit Server VM (21.0.6+8-LTS-188, mixed mode, sharing, tiered, compressed oops, compressed class ptrs, g1 gc, windows-amd64)
# No core dump will be written. Minidumps are not enabled by default on client versions of Windows
#

---------------  S U M M A R Y ------------

Command Line: -Dclassworlds.conf=C:\Program Files\NetBeans-21\netbeans\java\maven\bin\m2.conf -Dmaven.home=C:\Program Files\NetBeans-21\netbeans\java\maven -Dlibrary.jansi.path=C:\Program Files\NetBeans-21\netbeans\java\maven\lib\jansi-native -Dmaven.multiModuleProjectDirectory=C:\Users\pc\Documents\NetBeansProjects\GHADS org.codehaus.plexus.classworlds.launcher.Launcher -Dmaven.ext.class.path=C:\Program Files\NetBeans-21\netbeans\java\maven-nblib\netbeans-eventspy.jar --no-transfer-progress install

Host: 11th Gen Intel(R) Core(TM) i7-11800H @ 2.30GHz, 16 cores, 15G,  Windows 11 , 64 bit Build 22621 (10.0.22621.5415)
Time: Wed Jun  3 21:35:59 2026  Windows 11 , 64 bit Build 22621 (10.0.22621.5415) elapsed time: 10.766848 seconds (0d 0h 0m 10s)

---------------  T H R E A D  ---------------

Current thread (0x000001cb7dbcb110):  JavaThread "C2 CompilerThread0" daemon [_thread_in_native, id=23320, stack(0x0000008ccb200000,0x0000008ccb300000) (1024K)]


Current CompileTask:
C2:  10766 2950   !   4       java.net.URL::<init> (543 bytes)

Stack: [0x0000008ccb200000,0x0000008ccb300000]
Native frames: (J=compiled Java code, j=interpreted, Vv=VM code, C=native code)
V  [jvm.dll+0x6ca6d9]
V  [jvm.dll+0x854f51]
V  [jvm.dll+0x85747e]
V  [jvm.dll+0x857b53]
V  [jvm.dll+0x27dcc6]
V  [jvm.dll+0xc4c2d]
V  [jvm.dll+0xc5163]
V  [jvm.dll+0x3b515c]
V  [jvm.dll+0x1df4aa]
V  [jvm.dll+0x246a72]
V  [jvm.dll+0x245eff]
V  [jvm.dll+0x1c6d2e]
V  [jvm.dll+0x2554f9]
V  [jvm.dll+0x253a8a]
V  [jvm.dll+0x3ee576]
V  [jvm.dll+0x7ff2fb]
V  [jvm.dll+0x6c8dbd]
C  [ucrtbase.dll+0x29333]
C  [KERNEL32.DLL+0x1259d]
C  [ntdll.dll+0x5af78]


---------------  P R O C E S S  ---------------

Threads class SMR info:
_java_thread_list=0x000001cb7f068d60, length=14, elements={
0x000001cb5bc8d670, 0x000001cb7dbc1090, 0x000001cb7dbc2240, 0x000001cb7dbc61b0,
0x000001cb7dbc6cf0, 0x000001cb7dbc8840, 0x000001cb7dbc9380, 0x000001cb7dbcb110,
0x000001cb7dbcd530, 0x000001cb7dd7fdd0, 0x000001cb7de22e60, 0x000001cb7e2ad250,
0x000001cb7e2ad8f0, 0x000001cb7e5c68f0
}

Java Threads: ( => current thread )
  0x000001cb5bc8d670 JavaThread "main"                              [_thread_blocked, id=13876, stack(0x0000008cca400000,0x0000008cca500000) (1024K)]
  0x000001cb7dbc1090 JavaThread "Reference Handler"          daemon [_thread_blocked, id=17016, stack(0x0000008ccac00000,0x0000008ccad00000) (1024K)]
  0x000001cb7dbc2240 JavaThread "Finalizer"                  daemon [_thread_blocked, id=3624, stack(0x0000008ccad00000,0x0000008ccae00000) (1024K)]
  0x000001cb7dbc61b0 JavaThread "Signal Dispatcher"          daemon [_thread_blocked, id=11388, stack(0x0000008ccae00000,0x0000008ccaf00000) (1024K)]
  0x000001cb7dbc6cf0 JavaThread "Attach Listener"            daemon [_thread_blocked, id=19848, stack(0x0000008ccaf00000,0x0000008ccb000000) (1024K)]
  0x000001cb7dbc8840 JavaThread "Service Thread"             daemon [_thread_blocked, id=19176, stack(0x0000008ccb000000,0x0000008ccb100000) (1024K)]
  0x000001cb7dbc9380 JavaThread "Monitor Deflation Thread"   daemon [_thread_blocked, id=19300, stack(0x0000008ccb100000,0x0000008ccb200000) (1024K)]
=>0x000001cb7dbcb110 JavaThread "C2 CompilerThread0"         daemon [_thread_in_native, id=23320, stack(0x0000008ccb200000,0x0000008ccb300000) (1024K)]
  0x000001cb7dbcd530 JavaThread "C1 CompilerThread0"         daemon [_thread_blocked, id=3392, stack(0x0000008ccb300000,0x0000008ccb400000) (1024K)]
  0x000001cb7dd7fdd0 JavaThread "Notification Thread"        daemon [_thread_blocked, id=19572, stack(0x0000008ccb400000,0x0000008ccb500000) (1024K)]
  0x000001cb7de22e60 JavaThread "Common-Cleaner"             daemon [_thread_blocked, id=18028, stack(0x0000008ccb800000,0x0000008ccb900000) (1024K)]
  0x000001cb7e2ad250 JavaThread "C1 CompilerThread1"         daemon [_thread_blocked, id=23012, stack(0x0000008ccb500000,0x0000008ccb600000) (1024K)]
  0x000001cb7e2ad8f0 JavaThread "C1 CompilerThread2"         daemon [_thread_blocked, id=26976, stack(0x0000008ccb600000,0x0000008ccb700000) (1024K)]
  0x000001cb7e5c68f0 JavaThread "C1 CompilerThread3"         daemon [_thread_blocked, id=26980, stack(0x0000008ccb700000,0x0000008ccb800000) (1024K)]
Total: 14

Other Threads:
  0x000001cb7dba4ac0 VMThread "VM Thread"                           [id=15544, stack(0x0000008ccab00000,0x0000008ccac00000) (1024K)]
  0x000001cb7db908d0 WatcherThread "VM Periodic Task Thread"        [id=19692, stack(0x0000008ccaa00000,0x0000008ccab00000) (1024K)]
  0x000001cb5e0013f0 WorkerThread "GC Thread#0"                     [id=11960, stack(0x0000008cca500000,0x0000008cca600000) (1024K)]
  0x000001cb7e33aea0 WorkerThread "GC Thread#1"                     [id=27368, stack(0x0000008ccbf00000,0x0000008ccc000000) (1024K)]
  0x000001cb7e33b240 WorkerThread "GC Thread#2"                     [id=27372, stack(0x0000008ccc000000,0x0000008ccc100000) (1024K)]
  0x000001cb7e33b5e0 WorkerThread "GC Thread#3"                     [id=27376, stack(0x0000008ccc100000,0x0000008ccc200000) (1024K)]
  0x000001cb7e33b980 WorkerThread "GC Thread#4"                     [id=27380, stack(0x0000008ccc200000,0x0000008ccc300000) (1024K)]
  0x000001cb7e33bd20 WorkerThread "GC Thread#5"                     [id=27384, stack(0x0000008ccc300000,0x0000008ccc400000) (1024K)]
  0x000001cb7e33d860 WorkerThread "GC Thread#6"                     [id=2392, stack(0x0000008ccc400000,0x0000008ccc500000) (1024K)]
  0x000001cb7e44ef60 WorkerThread "GC Thread#7"                     [id=26456, stack(0x0000008ccc500000,0x0000008ccc600000) (1024K)]
  0x000001cb7dfaacb0 WorkerThread "GC Thread#8"                     [id=26448, stack(0x0000008ccc600000,0x0000008ccc700000) (1024K)]
  0x000001cb7ddb2860 WorkerThread "GC Thread#9"                     [id=21248, stack(0x0000008ccb900000,0x0000008ccba00000) (1024K)]
  0x000001cb7ddb2c00 WorkerThread "GC Thread#10"                    [id=23056, stack(0x0000008ccba00000,0x0000008ccbb00000) (1024K)]
  0x000001cb5e011f20 ConcurrentGCThread "G1 Main Marker"            [id=6888, stack(0x0000008cca600000,0x0000008cca700000) (1024K)]
  0x000001cb5e012a20 WorkerThread "G1 Conc#0"                       [id=4540, stack(0x0000008cca700000,0x0000008cca800000) (1024K)]
  0x000001cb5e05e7f0 ConcurrentGCThread "G1 Refine#0"               [id=16392, stack(0x0000008cca800000,0x0000008cca900000) (1024K)]
  0x000001cb7da625e0 ConcurrentGCThread "G1 Service"                [id=15268, stack(0x0000008cca900000,0x0000008ccaa00000) (1024K)]
Total: 17

Threads with active compile tasks:
C2 CompilerThread0    10794 2950   !   4       java.net.URL::<init> (543 bytes)
Total: 1

VM state: not at safepoint (normal execution)

VM Mutex/Monitor currently owned by a thread: None

Heap address: 0x0000000704a00000, size: 4022 MB, Compressed Oops mode: Zero based, Oop shift amount: 3

CDS archive(s) mapped at: [0x000001cb00000000-0x000001cb00c90000-0x000001cb00c90000), size 13172736, SharedBaseAddress: 0x000001cb00000000, ArchiveRelocationMode: 1.
Compressed class space mapped at: 0x000001cb01000000-0x000001cb41000000, reserved size: 1073741824
Narrow klass base: 0x000001cb00000000, Narrow klass shift: 0, Narrow klass range: 0x100000000

GC Precious Log:
 CardTable entry size: 512
 Card Set container configuration: InlinePtr #cards 4 size 8 Array Of Cards #cards 16 size 48 Howl #buckets 8 coarsen threshold 3686 Howl Bitmap #cards 512 size 80 coarsen threshold 460 Card regions per heap region 1 cards per card region 4096
 CPUs: 16 total, 16 available
 Memory: 16085M
 Large Page Support: Disabled
 NUMA Support: Disabled
 Compressed Oops: Enabled (Zero based)
 Heap Region Size: 2M
 Heap Min Capacity: 8M
 Heap Initial Capacity: 252M
 Heap Max Capacity: 4022M
 Pre-touch: Disabled
 Parallel Workers: 13
 Concurrent Workers: 3
 Concurrent Refinement Workers: 13
 Periodic GC: Disabled

Heap:
 garbage-first heap   total 258048K, used 28167K [0x0000000704a00000, 0x0000000800000000)
  region size 2048K, 13 young (26624K), 1 survivors (2048K)
 Metaspace       used 14103K, committed 14336K, reserved 1114112K
  class space    used 1660K, committed 1792K, reserved 1048576K

Heap Regions: E=young(eden), S=young(survivor), O=old, HS=humongous(starts), HC=humongous(continues), CS=collection set, F=free, TAMS=top-at-mark-start, PB=parsable bottom
|   0|0x0000000704a00000, 0x0000000704c00000, 0x0000000704c00000|100%| O|  |TAMS 0x0000000704a00000| PB 0x0000000704a00000| Untracked 
|   1|0x0000000704c00000, 0x0000000704d9d048, 0x0000000704e00000| 80%| O|  |TAMS 0x0000000704c00000| PB 0x0000000704c00000| Untracked 
|   2|0x0000000704e00000, 0x0000000704e00000, 0x0000000705000000|  0%| F|  |TAMS 0x0000000704e00000| PB 0x0000000704e00000| Untracked 
|   3|0x0000000705000000, 0x0000000705000000, 0x0000000705200000|  0%| F|  |TAMS 0x0000000705000000| PB 0x0000000705000000| Untracked 
|   4|0x0000000705200000, 0x0000000705200000, 0x0000000705400000|  0%| F|  |TAMS 0x0000000705200000| PB 0x0000000705200000| Untracked 
|   5|0x0000000705400000, 0x0000000705400000, 0x0000000705600000|  0%| F|  |TAMS 0x0000000705400000| PB 0x0000000705400000| Untracked 
|   6|0x0000000705600000, 0x0000000705600000, 0x0000000705800000|  0%| F|  |TAMS 0x0000000705600000| PB 0x0000000705600000| Untracked 
|   7|0x0000000705800000, 0x0000000705800000, 0x0000000705a00000|  0%| F|  |TAMS 0x0000000705800000| PB 0x0000000705800000| Untracked 
|   8|0x0000000705a00000, 0x0000000705a00000, 0x0000000705c00000|  0%| F|  |TAMS 0x0000000705a00000| PB 0x0000000705a00000| Untracked 
|   9|0x0000000705c00000, 0x0000000705c00000, 0x0000000705e00000|  0%| F|  |TAMS 0x0000000705c00000| PB 0x0000000705c00000| Untracked 
|  10|0x0000000705e00000, 0x0000000705e00000, 0x0000000706000000|  0%| F|  |TAMS 0x0000000705e00000| PB 0x0000000705e00000| Untracked 
|  11|0x0000000706000000, 0x0000000706000000, 0x0000000706200000|  0%| F|  |TAMS 0x0000000706000000| PB 0x0000000706000000| Untracked 
|  12|0x0000000706200000, 0x0000000706200000, 0x0000000706400000|  0%| F|  |TAMS 0x0000000706200000| PB 0x0000000706200000| Untracked 
|  13|0x0000000706400000, 0x0000000706400000, 0x0000000706600000|  0%| F|  |TAMS 0x0000000706400000| PB 0x0000000706400000| Untracked 
|  14|0x0000000706600000, 0x0000000706600000, 0x0000000706800000|  0%| F|  |TAMS 0x0000000706600000| PB 0x0000000706600000| Untracked 
|  15|0x0000000706800000, 0x0000000706800000, 0x0000000706a00000|  0%| F|  |TAMS 0x0000000706800000| PB 0x0000000706800000| Untracked 
|  16|0x0000000706a00000, 0x0000000706a00000, 0x0000000706c00000|  0%| F|  |TAMS 0x0000000706a00000| PB 0x0000000706a00000| Untracked 
|  17|0x0000000706c00000, 0x0000000706c00000, 0x0000000706e00000|  0%| F|  |TAMS 0x0000000706c00000| PB 0x0000000706c00000| Untracked 
|  18|0x0000000706e00000, 0x0000000706e00000, 0x0000000707000000|  0%| F|  |TAMS 0x0000000706e00000| PB 0x0000000706e00000| Untracked 
|  19|0x0000000707000000, 0x0000000707000000, 0x0000000707200000|  0%| F|  |TAMS 0x0000000707000000| PB 0x0000000707000000| Untracked 
|  20|0x0000000707200000, 0x0000000707200000, 0x0000000707400000|  0%| F|  |TAMS 0x0000000707200000| PB 0x0000000707200000| Untracked 
|  21|0x0000000707400000, 0x0000000707400000, 0x0000000707600000|  0%| F|  |TAMS 0x0000000707400000| PB 0x0000000707400000| Untracked 
|  22|0x0000000707600000, 0x0000000707600000, 0x0000000707800000|  0%| F|  |TAMS 0x0000000707600000| PB 0x0000000707600000| Untracked 
|  23|0x0000000707800000, 0x0000000707800000, 0x0000000707a00000|  0%| F|  |TAMS 0x0000000707800000| PB 0x0000000707800000| Untracked 
|  24|0x0000000707a00000, 0x0000000707a00000, 0x0000000707c00000|  0%| F|  |TAMS 0x0000000707a00000| PB 0x0000000707a00000| Untracked 
|  25|0x0000000707c00000, 0x0000000707c00000, 0x0000000707e00000|  0%| F|  |TAMS 0x0000000707c00000| PB 0x0000000707c00000| Untracked 
|  26|0x0000000707e00000, 0x0000000707e00000, 0x0000000708000000|  0%| F|  |TAMS 0x0000000707e00000| PB 0x0000000707e00000| Untracked 
|  27|0x0000000708000000, 0x0000000708000000, 0x0000000708200000|  0%| F|  |TAMS 0x0000000708000000| PB 0x0000000708000000| Untracked 
|  28|0x0000000708200000, 0x0000000708200000, 0x0000000708400000|  0%| F|  |TAMS 0x0000000708200000| PB 0x0000000708200000| Untracked 
|  29|0x0000000708400000, 0x0000000708400000, 0x0000000708600000|  0%| F|  |TAMS 0x0000000708400000| PB 0x0000000708400000| Untracked 
|  30|0x0000000708600000, 0x0000000708600000, 0x0000000708800000|  0%| F|  |TAMS 0x0000000708600000| PB 0x0000000708600000| Untracked 
|  31|0x0000000708800000, 0x0000000708800000, 0x0000000708a00000|  0%| F|  |TAMS 0x0000000708800000| PB 0x0000000708800000| Untracked 
|  32|0x0000000708a00000, 0x0000000708a00000, 0x0000000708c00000|  0%| F|  |TAMS 0x0000000708a00000| PB 0x0000000708a00000| Untracked 
|  33|0x0000000708c00000, 0x0000000708c00000, 0x0000000708e00000|  0%| F|  |TAMS 0x0000000708c00000| PB 0x0000000708c00000| Untracked 
|  34|0x0000000708e00000, 0x0000000708e00000, 0x0000000709000000|  0%| F|  |TAMS 0x0000000708e00000| PB 0x0000000708e00000| Untracked 
|  35|0x0000000709000000, 0x0000000709000000, 0x0000000709200000|  0%| F|  |TAMS 0x0000000709000000| PB 0x0000000709000000| Untracked 
|  36|0x0000000709200000, 0x0000000709200000, 0x0000000709400000|  0%| F|  |TAMS 0x0000000709200000| PB 0x0000000709200000| Untracked 
|  37|0x0000000709400000, 0x0000000709400000, 0x0000000709600000|  0%| F|  |TAMS 0x0000000709400000| PB 0x0000000709400000| Untracked 
|  38|0x0000000709600000, 0x0000000709600000, 0x0000000709800000|  0%| F|  |TAMS 0x0000000709600000| PB 0x0000000709600000| Untracked 
|  39|0x0000000709800000, 0x0000000709800000, 0x0000000709a00000|  0%| F|  |TAMS 0x0000000709800000| PB 0x0000000709800000| Untracked 
|  40|0x0000000709a00000, 0x0000000709a00000, 0x0000000709c00000|  0%| F|  |TAMS 0x0000000709a00000| PB 0x0000000709a00000| Untracked 
|  41|0x0000000709c00000, 0x0000000709c00000, 0x0000000709e00000|  0%| F|  |TAMS 0x0000000709c00000| PB 0x0000000709c00000| Untracked 
|  42|0x0000000709e00000, 0x0000000709e00000, 0x000000070a000000|  0%| F|  |TAMS 0x0000000709e00000| PB 0x0000000709e00000| Untracked 
|  43|0x000000070a000000, 0x000000070a000000, 0x000000070a200000|  0%| F|  |TAMS 0x000000070a000000| PB 0x000000070a000000| Untracked 
|  44|0x000000070a200000, 0x000000070a200000, 0x000000070a400000|  0%| F|  |TAMS 0x000000070a200000| PB 0x000000070a200000| Untracked 
|  45|0x000000070a400000, 0x000000070a400000, 0x000000070a600000|  0%| F|  |TAMS 0x000000070a400000| PB 0x000000070a400000| Untracked 
|  46|0x000000070a600000, 0x000000070a600000, 0x000000070a800000|  0%| F|  |TAMS 0x000000070a600000| PB 0x000000070a600000| Untracked 
|  47|0x000000070a800000, 0x000000070a800000, 0x000000070aa00000|  0%| F|  |TAMS 0x000000070a800000| PB 0x000000070a800000| Untracked 
|  48|0x000000070aa00000, 0x000000070aa00000, 0x000000070ac00000|  0%| F|  |TAMS 0x000000070aa00000| PB 0x000000070aa00000| Untracked 
|  49|0x000000070ac00000, 0x000000070ac00000, 0x000000070ae00000|  0%| F|  |TAMS 0x000000070ac00000| PB 0x000000070ac00000| Untracked 
|  50|0x000000070ae00000, 0x000000070ae00000, 0x000000070b000000|  0%| F|  |TAMS 0x000000070ae00000| PB 0x000000070ae00000| Untracked 
|  51|0x000000070b000000, 0x000000070b000000, 0x000000070b200000|  0%| F|  |TAMS 0x000000070b000000| PB 0x000000070b000000| Untracked 
|  52|0x000000070b200000, 0x000000070b200000, 0x000000070b400000|  0%| F|  |TAMS 0x000000070b200000| PB 0x000000070b200000| Untracked 
|  53|0x000000070b400000, 0x000000070b400000, 0x000000070b600000|  0%| F|  |TAMS 0x000000070b400000| PB 0x000000070b400000| Untracked 
|  54|0x000000070b600000, 0x000000070b600000, 0x000000070b800000|  0%| F|  |TAMS 0x000000070b600000| PB 0x000000070b600000| Untracked 
|  55|0x000000070b800000, 0x000000070b800000, 0x000000070ba00000|  0%| F|  |TAMS 0x000000070b800000| PB 0x000000070b800000| Untracked 
|  56|0x000000070ba00000, 0x000000070ba00000, 0x000000070bc00000|  0%| F|  |TAMS 0x000000070ba00000| PB 0x000000070ba00000| Untracked 
|  57|0x000000070bc00000, 0x000000070bc00000, 0x000000070be00000|  0%| F|  |TAMS 0x000000070bc00000| PB 0x000000070bc00000| Untracked 
|  58|0x000000070be00000, 0x000000070be00000, 0x000000070c000000|  0%| F|  |TAMS 0x000000070be00000| PB 0x000000070be00000| Untracked 
|  59|0x000000070c000000, 0x000000070c000000, 0x000000070c200000|  0%| F|  |TAMS 0x000000070c000000| PB 0x000000070c000000| Untracked 
|  60|0x000000070c200000, 0x000000070c200000, 0x000000070c400000|  0%| F|  |TAMS 0x000000070c200000| PB 0x000000070c200000| Untracked 
|  61|0x000000070c400000, 0x000000070c400000, 0x000000070c600000|  0%| F|  |TAMS 0x000000070c400000| PB 0x000000070c400000| Untracked 
|  62|0x000000070c600000, 0x000000070c600000, 0x000000070c800000|  0%| F|  |TAMS 0x000000070c600000| PB 0x000000070c600000| Untracked 
|  63|0x000000070c800000, 0x000000070c800000, 0x000000070ca00000|  0%| F|  |TAMS 0x000000070c800000| PB 0x000000070c800000| Untracked 
|  64|0x000000070ca00000, 0x000000070ca00000, 0x000000070cc00000|  0%| F|  |TAMS 0x000000070ca00000| PB 0x000000070ca00000| Untracked 
|  65|0x000000070cc00000, 0x000000070cc00000, 0x000000070ce00000|  0%| F|  |TAMS 0x000000070cc00000| PB 0x000000070cc00000| Untracked 
|  66|0x000000070ce00000, 0x000000070ce00000, 0x000000070d000000|  0%| F|  |TAMS 0x000000070ce00000| PB 0x000000070ce00000| Untracked 
|  67|0x000000070d000000, 0x000000070d000000, 0x000000070d200000|  0%| F|  |TAMS 0x000000070d000000| PB 0x000000070d000000| Untracked 
|  68|0x000000070d200000, 0x000000070d200000, 0x000000070d400000|  0%| F|  |TAMS 0x000000070d200000| PB 0x000000070d200000| Untracked 
|  69|0x000000070d400000, 0x000000070d400000, 0x000000070d600000|  0%| F|  |TAMS 0x000000070d400000| PB 0x000000070d400000| Untracked 
|  70|0x000000070d600000, 0x000000070d600000, 0x000000070d800000|  0%| F|  |TAMS 0x000000070d600000| PB 0x000000070d600000| Untracked 
|  71|0x000000070d800000, 0x000000070d800000, 0x000000070da00000|  0%| F|  |TAMS 0x000000070d800000| PB 0x000000070d800000| Untracked 
|  72|0x000000070da00000, 0x000000070da00000, 0x000000070dc00000|  0%| F|  |TAMS 0x000000070da00000| PB 0x000000070da00000| Untracked 
|  73|0x000000070dc00000, 0x000000070dc00000, 0x000000070de00000|  0%| F|  |TAMS 0x000000070dc00000| PB 0x000000070dc00000| Untracked 
|  74|0x000000070de00000, 0x000000070de00000, 0x000000070e000000|  0%| F|  |TAMS 0x000000070de00000| PB 0x000000070de00000| Untracked 
|  75|0x000000070e000000, 0x000000070e000000, 0x000000070e200000|  0%| F|  |TAMS 0x000000070e000000| PB 0x000000070e000000| Untracked 
|  76|0x000000070e200000, 0x000000070e200000, 0x000000070e400000|  0%| F|  |TAMS 0x000000070e200000| PB 0x000000070e200000| Untracked 
|  77|0x000000070e400000, 0x000000070e400000, 0x000000070e600000|  0%| F|  |TAMS 0x000000070e400000| PB 0x000000070e400000| Untracked 
|  78|0x000000070e600000, 0x000000070e600000, 0x000000070e800000|  0%| F|  |TAMS 0x000000070e600000| PB 0x000000070e600000| Untracked 
|  79|0x000000070e800000, 0x000000070e800000, 0x000000070ea00000|  0%| F|  |TAMS 0x000000070e800000| PB 0x000000070e800000| Untracked 
|  80|0x000000070ea00000, 0x000000070ea00000, 0x000000070ec00000|  0%| F|  |TAMS 0x000000070ea00000| PB 0x000000070ea00000| Untracked 
|  81|0x000000070ec00000, 0x000000070ec00000, 0x000000070ee00000|  0%| F|  |TAMS 0x000000070ec00000| PB 0x000000070ec00000| Untracked 
|  82|0x000000070ee00000, 0x000000070ee00000, 0x000000070f000000|  0%| F|  |TAMS 0x000000070ee00000| PB 0x000000070ee00000| Untracked 
|  83|0x000000070f000000, 0x000000070f000000, 0x000000070f200000|  0%| F|  |TAMS 0x000000070f000000| PB 0x000000070f000000| Untracked 
|  84|0x000000070f200000, 0x000000070f200000, 0x000000070f400000|  0%| F|  |TAMS 0x000000070f200000| PB 0x000000070f200000| Untracked 
|  85|0x000000070f400000, 0x000000070f400000, 0x000000070f600000|  0%| F|  |TAMS 0x000000070f400000| PB 0x000000070f400000| Untracked 
|  86|0x000000070f600000, 0x000000070f600000, 0x000000070f800000|  0%| F|  |TAMS 0x000000070f600000| PB 0x000000070f600000| Untracked 
|  87|0x000000070f800000, 0x000000070f800000, 0x000000070fa00000|  0%| F|  |TAMS 0x000000070f800000| PB 0x000000070f800000| Untracked 
|  88|0x000000070fa00000, 0x000000070fa00000, 0x000000070fc00000|  0%| F|  |TAMS 0x000000070fa00000| PB 0x000000070fa00000| Untracked 
|  89|0x000000070fc00000, 0x000000070fc00000, 0x000000070fe00000|  0%| F|  |TAMS 0x000000070fc00000| PB 0x000000070fc00000| Untracked 
|  90|0x000000070fe00000, 0x000000070fe00000, 0x0000000710000000|  0%| F|  |TAMS 0x000000070fe00000| PB 0x000000070fe00000| Untracked 
|  91|0x0000000710000000, 0x0000000710000000, 0x0000000710200000|  0%| F|  |TAMS 0x0000000710000000| PB 0x0000000710000000| Untracked 
|  92|0x0000000710200000, 0x0000000710200000, 0x0000000710400000|  0%| F|  |TAMS 0x0000000710200000| PB 0x0000000710200000| Untracked 
|  93|0x0000000710400000, 0x0000000710400000, 0x0000000710600000|  0%| F|  |TAMS 0x0000000710400000| PB 0x0000000710400000| Untracked 
|  94|0x0000000710600000, 0x0000000710600000, 0x0000000710800000|  0%| F|  |TAMS 0x0000000710600000| PB 0x0000000710600000| Untracked 
|  95|0x0000000710800000, 0x0000000710800000, 0x0000000710a00000|  0%| F|  |TAMS 0x0000000710800000| PB 0x0000000710800000| Untracked 
|  96|0x0000000710a00000, 0x0000000710a00000, 0x0000000710c00000|  0%| F|  |TAMS 0x0000000710a00000| PB 0x0000000710a00000| Untracked 
|  97|0x0000000710c00000, 0x0000000710c00000, 0x0000000710e00000|  0%| F|  |TAMS 0x0000000710c00000| PB 0x0000000710c00000| Untracked 
|  98|0x0000000710e00000, 0x0000000710e00000, 0x0000000711000000|  0%| F|  |TAMS 0x0000000710e00000| PB 0x0000000710e00000| Untracked 
|  99|0x0000000711000000, 0x0000000711000000, 0x0000000711200000|  0%| F|  |TAMS 0x0000000711000000| PB 0x0000000711000000| Untracked 
| 100|0x0000000711200000, 0x0000000711200000, 0x0000000711400000|  0%| F|  |TAMS 0x0000000711200000| PB 0x0000000711200000| Untracked 
| 101|0x0000000711400000, 0x0000000711400000, 0x0000000711600000|  0%| F|  |TAMS 0x0000000711400000| PB 0x0000000711400000| Untracked 
| 102|0x0000000711600000, 0x0000000711600000, 0x0000000711800000|  0%| F|  |TAMS 0x0000000711600000| PB 0x0000000711600000| Untracked 
| 103|0x0000000711800000, 0x0000000711800000, 0x0000000711a00000|  0%| F|  |TAMS 0x0000000711800000| PB 0x0000000711800000| Untracked 
| 104|0x0000000711a00000, 0x0000000711a00000, 0x0000000711c00000|  0%| F|  |TAMS 0x0000000711a00000| PB 0x0000000711a00000| Untracked 
| 105|0x0000000711c00000, 0x0000000711c00000, 0x0000000711e00000|  0%| F|  |TAMS 0x0000000711c00000| PB 0x0000000711c00000| Untracked 
| 106|0x0000000711e00000, 0x0000000711e00000, 0x0000000712000000|  0%| F|  |TAMS 0x0000000711e00000| PB 0x0000000711e00000| Untracked 
| 107|0x0000000712000000, 0x00000007121e4c10, 0x0000000712200000| 94%| S|CS|TAMS 0x0000000712000000| PB 0x0000000712000000| Complete 
| 108|0x0000000712200000, 0x0000000712200000, 0x0000000712400000|  0%| F|  |TAMS 0x0000000712200000| PB 0x0000000712200000| Untracked 
| 109|0x0000000712400000, 0x0000000712400000, 0x0000000712600000|  0%| F|  |TAMS 0x0000000712400000| PB 0x0000000712400000| Untracked 
| 110|0x0000000712600000, 0x0000000712600000, 0x0000000712800000|  0%| F|  |TAMS 0x0000000712600000| PB 0x0000000712600000| Untracked 
| 111|0x0000000712800000, 0x0000000712800000, 0x0000000712a00000|  0%| F|  |TAMS 0x0000000712800000| PB 0x0000000712800000| Untracked 
| 112|0x0000000712a00000, 0x0000000712a00000, 0x0000000712c00000|  0%| F|  |TAMS 0x0000000712a00000| PB 0x0000000712a00000| Untracked 
| 113|0x0000000712c00000, 0x0000000712c00000, 0x0000000712e00000|  0%| F|  |TAMS 0x0000000712c00000| PB 0x0000000712c00000| Untracked 
| 114|0x0000000712e00000, 0x0000000712ea0198, 0x0000000713000000| 31%| E|  |TAMS 0x0000000712e00000| PB 0x0000000712e00000| Complete 
| 115|0x0000000713000000, 0x0000000713200000, 0x0000000713200000|100%| E|CS|TAMS 0x0000000713000000| PB 0x0000000713000000| Complete 
| 116|0x0000000713200000, 0x0000000713400000, 0x0000000713400000|100%| E|CS|TAMS 0x0000000713200000| PB 0x0000000713200000| Complete 
| 117|0x0000000713400000, 0x0000000713600000, 0x0000000713600000|100%| E|CS|TAMS 0x0000000713400000| PB 0x0000000713400000| Complete 
| 118|0x0000000713600000, 0x0000000713800000, 0x0000000713800000|100%| E|CS|TAMS 0x0000000713600000| PB 0x0000000713600000| Complete 
| 119|0x0000000713800000, 0x0000000713a00000, 0x0000000713a00000|100%| E|CS|TAMS 0x0000000713800000| PB 0x0000000713800000| Complete 
| 120|0x0000000713a00000, 0x0000000713c00000, 0x0000000713c00000|100%| E|CS|TAMS 0x0000000713a00000| PB 0x0000000713a00000| Complete 
| 121|0x0000000713c00000, 0x0000000713e00000, 0x0000000713e00000|100%| E|CS|TAMS 0x0000000713c00000| PB 0x0000000713c00000| Complete 
| 122|0x0000000713e00000, 0x0000000714000000, 0x0000000714000000|100%| E|CS|TAMS 0x0000000713e00000| PB 0x0000000713e00000| Complete 
| 123|0x0000000714000000, 0x0000000714200000, 0x0000000714200000|100%| E|CS|TAMS 0x0000000714000000| PB 0x0000000714000000| Complete 
| 124|0x0000000714200000, 0x0000000714400000, 0x0000000714400000|100%| E|CS|TAMS 0x0000000714200000| PB 0x0000000714200000| Complete 
| 125|0x0000000714400000, 0x0000000714600000, 0x0000000714600000|100%| E|CS|TAMS 0x0000000714400000| PB 0x0000000714400000| Complete 

Card table byte_map: [0x000001cb76480000,0x000001cb76c60000] _byte_map_base: 0x000001cb72c5b000

Marking Bits: (CMBitMap*) 0x000001cb5e001af0
 Bits: [0x000001cb76c60000, 0x000001cb7ab38000)

Polling page: 0x000001cb5bfa0000

Metaspace:

Usage:
  Non-class:     12.15 MB used.
      Class:      1.62 MB used.
       Both:     13.77 MB used.

Virtual space:
  Non-class space:       64.00 MB reserved,      12.25 MB ( 19%) committed,  1 nodes.
      Class space:        1.00 GB reserved,       1.75 MB ( <1%) committed,  1 nodes.
             Both:        1.06 GB reserved,      14.00 MB (  1%) committed. 

Chunk freelists:
   Non-Class:  3.14 MB
       Class:  14.11 MB
        Both:  17.25 MB

MaxMetaspaceSize: unlimited
CompressedClassSpaceSize: 1.00 GB
Initial GC threshold: 21.00 MB
Current GC threshold: 21.00 MB
CDS: on
 - commit_granule_bytes: 65536.
 - commit_granule_words: 8192.
 - virtual_space_node_default_size: 8388608.
 - enlarge_chunks_in_place: 1.
 - use_allocation_guard: 0.


Internal statistics:

num_allocs_failed_limit: 0.
num_arena_births: 134.
num_arena_deaths: 0.
num_vsnodes_births: 2.
num_vsnodes_deaths: 0.
num_space_committed: 224.
num_space_uncommitted: 0.
num_chunks_returned_to_freelist: 0.
num_chunks_taken_from_freelist: 588.
num_chunk_merges: 0.
num_chunk_splits: 412.
num_chunks_enlarged: 344.
num_inconsistent_stats: 0.

CodeHeap 'non-profiled nmethods': size=119168Kb used=1095Kb max_used=1095Kb free=118072Kb
 bounds [0x000001cb6dfc0000, 0x000001cb6e230000, 0x000001cb75420000]
CodeHeap 'profiled nmethods': size=119104Kb used=5968Kb max_used=5968Kb free=113135Kb
 bounds [0x000001cb66420000, 0x000001cb66a00000, 0x000001cb6d870000]
CodeHeap 'non-nmethods': size=7488Kb used=3211Kb max_used=3235Kb free=4277Kb
 bounds [0x000001cb6d870000, 0x000001cb6dc10000, 0x000001cb6dfc0000]
 total_blobs=3439 nmethods=2958 adapters=382
 compilation: enabled
              stopped_count=0, restarted_count=0
 full_count=0

Compilation events (20 events):
Event: 10.664 Thread 0x000001cb7dbcd530 2951       3       java.util.regex.Pattern$Slice::match (79 bytes)
Event: 10.664 Thread 0x000001cb7e2ad250 2953       3       org.codehaus.plexus.util.xml.pull.MXParser::more (106 bytes)
Event: 10.664 Thread 0x000001cb7dbcd530 nmethod 2951 0x000001cb669eeb10 code [0x000001cb669eed00, 0x000001cb669ef1a0]
Event: 10.664 Thread 0x000001cb7e2ad250 nmethod 2953 0x000001cb669ef390 code [0x000001cb669ef5e0, 0x000001cb669efd10]
Event: 10.670 Thread 0x000001cb7e5c68f0 2954       3       java.util.regex.Pattern$$Lambda/0x000001cb01059580::is (5 bytes)
Event: 10.670 Thread 0x000001cb7dbcd530 2955       3       java.util.regex.Pattern::lambda$DOT$11 (34 bytes)
Event: 10.670 Thread 0x000001cb7dbcd530 nmethod 2955 0x000001cb669f0010 code [0x000001cb669f01c0, 0x000001cb669f03b0]
Event: 10.670 Thread 0x000001cb7e5c68f0 nmethod 2954 0x000001cb669f0410 code [0x000001cb669f05c0, 0x000001cb669f0830]
Event: 10.686 Thread 0x000001cb7dbcd530 2956       3       com.google.inject.internal.InjectorImpl::getProviderOrThrow (35 bytes)
Event: 10.687 Thread 0x000001cb7dbcd530 nmethod 2956 0x000001cb669f0910 code [0x000001cb669f0ae0, 0x000001cb669f0f48]
Event: 10.726 Thread 0x000001cb7e5c68f0 2959       3       java.lang.invoke.MethodHandle::bindTo (19 bytes)
Event: 10.727 Thread 0x000001cb7e2ad8f0 2960       3       java.lang.invoke.MethodType::leadingReferenceParameter (30 bytes)
Event: 10.727 Thread 0x000001cb7dbcd530 2961       3       java.lang.invoke.MethodHandle::bindArgumentL (10 bytes)
Event: 10.727 Thread 0x000001cb7e2ad250 2962       3       java.lang.invoke.BoundMethodHandle::bindArgumentL (11 bytes)
Event: 10.727 Thread 0x000001cb7e2ad8f0 nmethod 2960 0x000001cb669f1110 code [0x000001cb669f12e0, 0x000001cb669f15d8]
Event: 10.729 Thread 0x000001cb7e2ad250 nmethod 2962 0x000001cb669f1710 code [0x000001cb669f1900, 0x000001cb669f1df8]
Event: 10.729 Thread 0x000001cb7e5c68f0 nmethod 2959 0x000001cb669f2010 code [0x000001cb669f2220, 0x000001cb669f2860]
Event: 10.729 Thread 0x000001cb7dbcd530 nmethod 2961 0x000001cb669f2a90 code [0x000001cb669f2ca0, 0x000001cb669f3330]
Event: 10.729 Thread 0x000001cb7dbcd530 2963       3       java.lang.Module::implIsExportedOrOpen (92 bytes)
Event: 10.729 Thread 0x000001cb7dbcd530 nmethod 2963 0x000001cb669f3590 code [0x000001cb669f37c0, 0x000001cb669f3ee8]

GC Heap History (4 events):
Event: 5.951 GC heap before
{Heap before GC invocations=0 (full 0):
 garbage-first heap   total 258048K, used 22528K [0x0000000704a00000, 0x0000000800000000)
  region size 2048K, 11 young (22528K), 0 survivors (0K)
 Metaspace       used 5745K, committed 5952K, reserved 1114112K
  class space    used 642K, committed 768K, reserved 1048576K
}
Event: 6.258 GC heap after
{Heap after GC invocations=1 (full 0):
 garbage-first heap   total 258048K, used 3727K [0x0000000704a00000, 0x0000000800000000)
  region size 2048K, 2 young (4096K), 2 survivors (4096K)
 Metaspace       used 5745K, committed 5952K, reserved 1114112K
  class space    used 642K, committed 768K, reserved 1048576K
}
Event: 8.373 GC heap before
{Heap before GC invocations=1 (full 0):
 garbage-first heap   total 258048K, used 36495K [0x0000000704a00000, 0x0000000800000000)
  region size 2048K, 18 young (36864K), 2 survivors (4096K)
 Metaspace       used 9849K, committed 10048K, reserved 1114112K
  class space    used 1139K, committed 1216K, reserved 1048576K
}
Event: 8.378 GC heap after
{Heap after GC invocations=2 (full 0):
 garbage-first heap   total 258048K, used 5639K [0x0000000704a00000, 0x0000000800000000)
  region size 2048K, 1 young (2048K), 1 survivors (2048K)
 Metaspace       used 9849K, committed 10048K, reserved 1114112K
  class space    used 1139K, committed 1216K, reserved 1048576K
}

Dll operation events (8 events):
Event: 0.017 Loaded shared library C:\Program Files\Java\jdk-21\bin\java.dll
Event: 0.126 Loaded shared library C:\Program Files\Java\jdk-21\bin\jsvml.dll
Event: 0.156 Loaded shared library C:\Program Files\Java\jdk-21\bin\net.dll
Event: 0.161 Loaded shared library C:\Program Files\Java\jdk-21\bin\nio.dll
Event: 0.166 Loaded shared library C:\Program Files\Java\jdk-21\bin\zip.dll
Event: 2.578 Loaded shared library C:\Program Files\Java\jdk-21\bin\jimage.dll
Event: 2.590 Loaded shared library C:\Program Files\NetBeans-21\netbeans\java\maven\lib\jansi-native\Windows\x86_64\jansi.dll
Event: 2.607 Loaded shared library C:\Program Files\Java\jdk-21\bin\verify.dll

Deoptimization events (20 events):
Event: 10.628 Thread 0x000001cb5bc8d670 DEOPT PACKING pc=0x000001cb6e0c4c28 sp=0x0000008cca4fd7a0
Event: 10.628 Thread 0x000001cb5bc8d670 DEOPT UNPACKING pc=0x000001cb6d8c7da2 sp=0x0000008cca4fd770 mode 2
Event: 10.646 Thread 0x000001cb5bc8d670 Uncommon trap: trap_request=0xffffff45 fr.pc=0x000001cb6e04447c relative=0x000000000000253c
Event: 10.646 Thread 0x000001cb5bc8d670 Uncommon trap: reason=unstable_if action=reinterpret pc=0x000001cb6e04447c method=sun.nio.cs.StreamDecoder.implRead([CII)I @ 36 c2
Event: 10.646 Thread 0x000001cb5bc8d670 DEOPT PACKING pc=0x000001cb6e04447c sp=0x0000008cca4fe280
Event: 10.646 Thread 0x000001cb5bc8d670 DEOPT UNPACKING pc=0x000001cb6d8c7da2 sp=0x0000008cca4fe088 mode 2
Event: 10.646 Thread 0x000001cb5bc8d670 Uncommon trap: trap_request=0xffffff45 fr.pc=0x000001cb6e03d338 relative=0x0000000000002518
Event: 10.646 Thread 0x000001cb5bc8d670 Uncommon trap: reason=unstable_if action=reinterpret pc=0x000001cb6e03d338 method=sun.nio.cs.StreamDecoder.implRead([CII)I @ 36 c2
Event: 10.646 Thread 0x000001cb5bc8d670 DEOPT PACKING pc=0x000001cb6e03d338 sp=0x0000008cca4fe350
Event: 10.646 Thread 0x000001cb5bc8d670 DEOPT UNPACKING pc=0x000001cb6d8c7da2 sp=0x0000008cca4fe1d0 mode 2
Event: 10.646 Thread 0x000001cb5bc8d670 Uncommon trap: trap_request=0x000000e1 fr.pc=0x000001cb6e015484 relative=0x00000000000000e4
Event: 10.646 Thread 0x000001cb5bc8d670 Uncommon trap: reason=unloaded action=reinterpret pc=0x000001cb6e015484 method=org.codehaus.plexus.util.xml.pull.MXParser.more()C @ 22 c2
Event: 10.646 Thread 0x000001cb5bc8d670 DEOPT PACKING pc=0x000001cb6e015484 sp=0x0000008cca4fe560
Event: 10.646 Thread 0x000001cb5bc8d670 DEOPT UNPACKING pc=0x000001cb6d8c7da2 sp=0x0000008cca4fe500 mode 2
Event: 10.671 Thread 0x000001cb5bc8d670 Uncommon trap: trap_request=0xffffff45 fr.pc=0x000001cb6e01bf8c relative=0x0000000000001ecc
Event: 10.671 Thread 0x000001cb5bc8d670 Uncommon trap: reason=unstable_if action=reinterpret pc=0x000001cb6e01bf8c method=sun.nio.cs.StreamDecoder.implRead([CII)I @ 36 c2
Event: 10.671 Thread 0x000001cb5bc8d670 DEOPT PACKING pc=0x000001cb6e01bf8c sp=0x0000008cca4fe330
Event: 10.671 Thread 0x000001cb5bc8d670 DEOPT UNPACKING pc=0x000001cb6d8c7da2 sp=0x0000008cca4fe228 mode 2
Event: 10.756 Thread 0x000001cb5bc8d670 DEOPT PACKING pc=0x000001cb666ea034 sp=0x0000008cca4fe3f0
Event: 10.756 Thread 0x000001cb5bc8d670 DEOPT UNPACKING pc=0x000001cb6d8c88e2 sp=0x0000008cca4fd8b8 mode 0

Classes loaded (20 events):
Event: 10.464 Loading class sun/security/provider/EntropySource
Event: 10.464 Loading class sun/security/provider/EntropySource done
Event: 10.661 Loading class java/lang/ProcessEnvironment$CheckedKeySet
Event: 10.661 Loading class java/lang/ProcessEnvironment$CheckedKeySet done
Event: 10.752 Loading class java/net/URL$ThreadTrackHolder
Event: 10.752 Loading class java/net/URL$ThreadTrackHolder done
Event: 10.752 Loading class jdk/internal/misc/ThreadTracker
Event: 10.752 Loading class jdk/internal/misc/ThreadTracker done
Event: 10.752 Loading class jdk/internal/misc/ThreadTracker$ThreadRef
Event: 10.753 Loading class jdk/internal/misc/ThreadTracker$ThreadRef done
Event: 10.753 Loading class java/net/URL$2
Event: 10.753 Loading class java/net/URL$2 done
Event: 10.753 Loading class java/net/URL$1
Event: 10.753 Loading class java/net/URL$1 done
Event: 10.753 Loading class java/net/spi/URLStreamHandlerProvider
Event: 10.753 Loading class java/net/spi/URLStreamHandlerProvider done
Event: 10.756 Loading class sun/net/www/protocol/https/Handler
Event: 10.756 Loading class sun/net/www/protocol/http/Handler
Event: 10.756 Loading class sun/net/www/protocol/http/Handler done
Event: 10.756 Loading class sun/net/www/protocol/https/Handler done

Classes unloaded (0 events):
No events

Classes redefined (0 events):
No events

Internal exceptions (20 events):
Event: 4.680 Thread 0x000001cb5bc8d670 Exception <a 'java/lang/NoSuchMethodError'{0x0000000713590a70}: 'int java.lang.invoke.DirectMethodHandle$Holder.invokeStatic(java.lang.Object, java.lang.Object, java.lang.Object, java.lang.Object)'> (0x0000000713590a70) 
thrown [s\open\src\hotspot\share\interpreter\linkResolver.cpp, line 773]
Event: 4.681 Thread 0x000001cb5bc8d670 Exception <a 'java/lang/NoSuchMethodError'{0x0000000713594100}: 'java.lang.Object java.lang.invoke.Invokers$Holder.invokeExact_MT(java.lang.Object, java.lang.Object, java.lang.Object, java.lang.Object, java.lang.Object, java.lang.Object)'> (0x0000000713594100) 
thrown [s\open\src\hotspot\share\interpreter\linkResolver.cpp, line 773]
Event: 4.684 Thread 0x000001cb5bc8d670 Exception <a 'java/lang/NoSuchMethodError'{0x00000007135a2770}: 'int java.lang.invoke.DirectMethodHandle$Holder.invokeSpecialIFC(java.lang.Object, java.lang.Object, java.lang.Object, java.lang.Object, java.lang.Object)'> (0x00000007135a2770) 
thrown [s\open\src\hotspot\share\interpreter\linkResolver.cpp, line 773]
Event: 5.027 Thread 0x000001cb5bc8d670 Exception <a 'java/lang/NoSuchMethodError'{0x0000000713318ab8}: 'java.lang.Object java.lang.invoke.DirectMethodHandle$Holder.newInvokeSpecial(java.lang.Object, java.lang.Object, java.lang.Object, java.lang.Object, java.lang.Object)'> (0x0000000713318ab8) 
thrown [s\open\src\hotspot\share\interpreter\linkResolver.cpp, line 773]
Event: 5.073 Thread 0x000001cb5bc8d670 Exception <a 'java/lang/NoSuchMethodError'{0x000000071300e110}: 'int java.lang.invoke.DirectMethodHandle$Holder.invokeStaticInit(java.lang.Object, java.lang.Object)'> (0x000000071300e110) 
thrown [s\open\src\hotspot\share\interpreter\linkResolver.cpp, line 773]
Event: 5.103 Thread 0x000001cb5bc8d670 Exception <a 'java/lang/NoClassDefFoundError'{0x0000000713042298}: javax/enterprise/inject/Typed> (0x0000000713042298) 
thrown [s\open\src\hotspot\share\classfile\systemDictionary.cpp, line 301]
Event: 8.941 Thread 0x000001cb5bc8d670 Exception <a 'java/lang/NoSuchMethodError'{0x00000007140fe1d8}: 'void java.lang.invoke.DirectMethodHandle$Holder.invokeStaticInit(java.lang.Object, java.lang.Object, java.lang.Object)'> (0x00000007140fe1d8) 
thrown [s\open\src\hotspot\share\interpreter\linkResolver.cpp, line 773]
Event: 8.955 Thread 0x000001cb5bc8d670 Exception <a 'java/lang/ExceptionInInitializerError'{0x0000000714126168}> (0x0000000714126168) 
thrown [s\open\src\hotspot\share\oops\instanceKlass.cpp, line 1192]
Event: 9.015 Thread 0x000001cb5bc8d670 Exception <a 'java/lang/NoSuchMethodError'{0x0000000713e30538}: 'long java.lang.invoke.DirectMethodHandle$Holder.invokeStatic(java.lang.Object, java.lang.Object, int)'> (0x0000000713e30538) 
thrown [s\open\src\hotspot\share\interpreter\linkResolver.cpp, line 773]
Event: 9.019 Thread 0x000001cb5bc8d670 Exception <a 'java/lang/NoSuchMethodError'{0x0000000713e43610}: 'java.lang.Object java.lang.invoke.DirectMethodHandle$Holder.invokeStatic(java.lang.Object, java.lang.Object, java.lang.Object, java.lang.Object, int)'> (0x0000000713e43610) 
thrown [s\open\src\hotspot\share\interpreter\linkResolver.cpp, line 773]
Event: 9.020 Thread 0x000001cb5bc8d670 Exception <a 'java/lang/NoSuchMethodError'{0x0000000713e4b548}: 'java.lang.Object java.lang.invoke.DirectMethodHandle$Holder.invokeSpecial(java.lang.Object, java.lang.Object, java.lang.Object, java.lang.Object, long)'> (0x0000000713e4b548) 
thrown [s\open\src\hotspot\share\interpreter\linkResolver.cpp, line 773]
Event: 9.022 Thread 0x000001cb5bc8d670 Exception <a 'java/lang/NoSuchMethodError'{0x0000000713e56e10}: 'java.lang.Object java.lang.invoke.DirectMethodHandle$Holder.invokeSpecial(java.lang.Object, java.lang.Object, java.lang.Object, int, java.lang.Object)'> (0x0000000713e56e10) 
thrown [s\open\src\hotspot\share\interpreter\linkResolver.cpp, line 773]
Event: 9.027 Thread 0x000001cb5bc8d670 Exception <a 'java/lang/NoSuchMethodError'{0x0000000713e5ef50}: 'int java.lang.invoke.DirectMethodHandle$Holder.invokeSpecial(java.lang.Object, java.lang.Object, java.lang.Object, int)'> (0x0000000713e5ef50) 
thrown [s\open\src\hotspot\share\interpreter\linkResolver.cpp, line 773]
Event: 9.042 Thread 0x000001cb5bc8d670 Implicit null exception at 0x000001cb6e051a5a to 0x000001cb6e051c54
Event: 9.046 Thread 0x000001cb5bc8d670 Exception <a 'java/lang/NoSuchMethodError'{0x0000000713e830e8}: 'java.lang.Object java.lang.invoke.Invokers$Holder.invokeExact_MT(java.lang.Object, int, java.lang.Object)'> (0x0000000713e830e8) 
thrown [s\open\src\hotspot\share\interpreter\linkResolver.cpp, line 773]
Event: 9.094 Thread 0x000001cb5bc8d670 Exception <a 'java/lang/NoSuchMethodError'{0x0000000713f55040}: 'void java.lang.invoke.DirectMethodHandle$Holder.invokeStatic(java.lang.Object, java.lang.Object)'> (0x0000000713f55040) 
thrown [s\open\src\hotspot\share\interpreter\linkResolver.cpp, line 773]
Event: 9.699 Thread 0x000001cb5bc8d670 Exception <a 'java/lang/NoSuchMethodError'{0x00000007136da700}: 'void java.lang.invoke.Invokers$Holder.invokeExact_MT(java.lang.Object, java.lang.Object, java.lang.Object, java.lang.Object)'> (0x00000007136da700) 
thrown [s\open\src\hotspot\share\interpreter\linkResolver.cpp, line 773]
Event: 9.741 Thread 0x000001cb5bc8d670 Exception <a 'java/lang/NoClassDefFoundError'{0x000000071376aa28}: com/google/inject/servlet/ServletModuleTargetVisitor> (0x000000071376aa28) 
thrown [s\open\src\hotspot\share\classfile\systemDictionary.cpp, line 301]
Event: 10.282 Thread 0x000001cb5bc8d670 Exception <a 'java/lang/NoSuchMethodError'{0x000000071321b798}: 'void java.lang.invoke.DirectMethodHandle$Holder.invokeVirtual(java.lang.Object, java.lang.Object)'> (0x000000071321b798) 
thrown [s\open\src\hotspot\share\interpreter\linkResolver.cpp, line 773]
Event: 10.465 Thread 0x000001cb5bc8d670 Exception <a 'java/lang/NoSuchMethodError'{0x00000007132a9b98}: 'java.lang.Object java.lang.invoke.DirectMethodHandle$Holder.invokeStaticInit(java.lang.Object, int, int, int, int)'> (0x00000007132a9b98) 
thrown [s\open\src\hotspot\share\interpreter\linkResolver.cpp, line 773]

ZGC Phase Switch (0 events):
No events

VM Operations (20 events):
Event: 9.260 Executing VM operation: HandshakeAllThreads (Deoptimize)
Event: 9.260 Executing VM operation: HandshakeAllThreads (Deoptimize) done
Event: 9.417 Executing VM operation: HandshakeAllThreads (Deoptimize)
Event: 9.417 Executing VM operation: HandshakeAllThreads (Deoptimize) done
Event: 9.417 Executing VM operation: Cleanup
Event: 9.417 Executing VM operation: Cleanup done
Event: 9.692 Executing VM operation: HandshakeAllThreads (Deoptimize)
Event: 9.692 Executing VM operation: HandshakeAllThreads (Deoptimize) done
Event: 10.298 Executing VM operation: HandshakeAllThreads (Deoptimize)
Event: 10.298 Executing VM operation: HandshakeAllThreads (Deoptimize) done
Event: 10.462 Executing VM operation: ICBufferFull
Event: 10.462 Executing VM operation: ICBufferFull done
Event: 10.492 Executing VM operation: HandshakeAllThreads (Deoptimize)
Event: 10.492 Executing VM operation: HandshakeAllThreads (Deoptimize) done
Event: 10.648 Executing VM operation: HandshakeAllThreads (Deoptimize)
Event: 10.648 Executing VM operation: HandshakeAllThreads (Deoptimize) done
Event: 10.755 Executing VM operation: HandshakeAllThreads (Deoptimize)
Event: 10.755 Executing VM operation: HandshakeAllThreads (Deoptimize) done
Event: 10.757 Executing VM operation: HandshakeAllThreads (Deoptimize)
Event: 10.757 Executing VM operation: HandshakeAllThreads (Deoptimize) done

Events (20 events):
Event: 5.700 Thread 0x000001cb7e2c2d20 Thread exited: 0x000001cb7e2c2d20
Event: 5.700 Thread 0x000001cb7e2ad8f0 Thread exited: 0x000001cb7e2ad8f0
Event: 5.711 Thread 0x000001cb7e2ad8f0 Thread added: 0x000001cb7e2ad8f0
Event: 5.711 Thread 0x000001cb7e5c68f0 Thread added: 0x000001cb7e5c68f0
Event: 5.724 Thread 0x000001cb7e6e6010 Thread added: 0x000001cb7e6e6010
Event: 5.724 Thread 0x000001cb7e2c3560 Thread added: 0x000001cb7e2c3560
Event: 5.729 Thread 0x000001cb7e91b660 Thread added: 0x000001cb7e91b660
Event: 5.736 Thread 0x000001cb7e878f90 Thread added: 0x000001cb7e878f90
Event: 5.736 Thread 0x000001cb7e339950 Thread added: 0x000001cb7e339950
Event: 6.258 Thread 0x000001cb7e339ff0 Thread added: 0x000001cb7e339ff0
Event: 6.259 Thread 0x000001cb7ddb1250 Thread added: 0x000001cb7ddb1250
Event: 6.635 Thread 0x000001cb7ddb1250 Thread exited: 0x000001cb7ddb1250
Event: 6.756 Thread 0x000001cb7e339ff0 Thread exited: 0x000001cb7e339ff0
Event: 6.756 Thread 0x000001cb7e339950 Thread exited: 0x000001cb7e339950
Event: 6.763 Thread 0x000001cb7e878f90 Thread exited: 0x000001cb7e878f90
Event: 6.764 Thread 0x000001cb7e91b660 Thread exited: 0x000001cb7e91b660
Event: 7.214 Thread 0x000001cb7e2c3560 Thread exited: 0x000001cb7e2c3560
Event: 7.214 Thread 0x000001cb7e6e6010 Thread exited: 0x000001cb7e6e6010
Event: 10.119 Thread 0x000001cb7df88520 Thread added: 0x000001cb7df88520
Event: 10.411 Thread 0x000001cb7df88520 Thread exited: 0x000001cb7df88520


Dynamic libraries:
0x00007ff65f260000 - 0x00007ff65f270000 	C:\Program Files\Java\jdk-21\bin\java.exe
0x00007ffc80210000 - 0x00007ffc80428000 	C:\Windows\SYSTEM32\ntdll.dll
0x00007ffc7f080000 - 0x00007ffc7f144000 	C:\Windows\System32\KERNEL32.DLL
0x00007ffc7d930000 - 0x00007ffc7dd03000 	C:\Windows\System32\KERNELBASE.dll
0x00007ffc7d770000 - 0x00007ffc7d881000 	C:\Windows\System32\ucrtbase.dll
0x00007ffbb88f0000 - 0x00007ffbb890b000 	C:\Program Files\Java\jdk-21\bin\VCRUNTIME140.dll
0x00007ffc2a360000 - 0x00007ffc2a379000 	C:\Program Files\Java\jdk-21\bin\jli.dll
0x00007ffc7fce0000 - 0x00007ffc7fd91000 	C:\Windows\System32\ADVAPI32.dll
0x00007ffc7eeb0000 - 0x00007ffc7ef57000 	C:\Windows\System32\msvcrt.dll
0x00007ffc7efd0000 - 0x00007ffc7f078000 	C:\Windows\System32\sechost.dll
0x00007ffc7d740000 - 0x00007ffc7d768000 	C:\Windows\System32\bcrypt.dll
0x00007ffc7ebb0000 - 0x00007ffc7ecc8000 	C:\Windows\System32\RPCRT4.dll
0x00007ffc7e390000 - 0x00007ffc7e542000 	C:\Windows\System32\USER32.dll
0x00007ffc7dd10000 - 0x00007ffc7dd36000 	C:\Windows\System32\win32u.dll
0x00007ffc7f2b0000 - 0x00007ffc7f2d9000 	C:\Windows\System32\GDI32.dll
0x00007ffc7d620000 - 0x00007ffc7d73b000 	C:\Windows\System32\gdi32full.dll
0x00007ffc7d890000 - 0x00007ffc7d92a000 	C:\Windows\System32\msvcp_win.dll
0x00007ffc69c10000 - 0x00007ffc69eac000 	C:\Windows\WinSxS\amd64_microsoft.windows.common-controls_6595b64144ccf1df_6.0.22621.6060_none_2712eda17382d24b\COMCTL32.dll
0x00007ffc776c0000 - 0x00007ffc776ca000 	C:\Windows\SYSTEM32\VERSION.dll
0x00007ffc7f150000 - 0x00007ffc7f181000 	C:\Windows\System32\IMM32.DLL
0x00007ffc23220000 - 0x00007ffc2322c000 	C:\Program Files\Java\jdk-21\bin\vcruntime140_1.dll
0x00007ffbdf1d0000 - 0x00007ffbdf25e000 	C:\Program Files\Java\jdk-21\bin\msvcp140.dll
0x00007ffbad5b0000 - 0x00007ffbae2ca000 	C:\Program Files\Java\jdk-21\bin\server\jvm.dll
0x00007ffc7e550000 - 0x00007ffc7e5c1000 	C:\Windows\System32\WS2_32.dll
0x00007ffc7caf0000 - 0x00007ffc7cb3d000 	C:\Windows\SYSTEM32\POWRPROF.dll
0x00007ffc75cc0000 - 0x00007ffc75cf4000 	C:\Windows\SYSTEM32\WINMM.dll
0x00007ffc7cad0000 - 0x00007ffc7cae3000 	C:\Windows\SYSTEM32\UMPDC.dll
0x00007ffc7c2c0000 - 0x00007ffc7c2d8000 	C:\Windows\SYSTEM32\kernel.appcore.dll
0x00007ffc22a20000 - 0x00007ffc22a2a000 	C:\Program Files\Java\jdk-21\bin\jimage.dll
0x00007ffc7ad40000 - 0x00007ffc7af73000 	C:\Windows\SYSTEM32\DBGHELP.DLL
0x00007ffc7e640000 - 0x00007ffc7e9d1000 	C:\Windows\System32\combase.dll
0x00007ffc7f190000 - 0x00007ffc7f268000 	C:\Windows\System32\OLEAUT32.dll
0x00007ffc716c0000 - 0x00007ffc716f2000 	C:\Windows\SYSTEM32\dbgcore.DLL
0x00007ffc7d3e0000 - 0x00007ffc7d45b000 	C:\Windows\System32\bcryptPrimitives.dll
0x00007ffbad550000 - 0x00007ffbad56f000 	C:\Program Files\Java\jdk-21\bin\java.dll
0x00007ffc7f440000 - 0x00007ffc7fcdc000 	C:\Windows\System32\SHELL32.dll
0x00007ffc7d4e0000 - 0x00007ffc7d61f000 	C:\Windows\System32\wintypes.dll
0x00007ffc7b1d0000 - 0x00007ffc7baea000 	C:\Windows\SYSTEM32\windows.storage.dll
0x00007ffc7ed20000 - 0x00007ffc7ee24000 	C:\Windows\System32\SHCORE.dll
0x00007ffc7ef60000 - 0x00007ffc7efc9000 	C:\Windows\System32\shlwapi.dll
0x00007ffc7d250000 - 0x00007ffc7d275000 	C:\Windows\SYSTEM32\profapi.dll
0x00007ffbad470000 - 0x00007ffbad547000 	C:\Program Files\Java\jdk-21\bin\jsvml.dll
0x00007ffc1f7d0000 - 0x00007ffc1f7e0000 	C:\Program Files\Java\jdk-21\bin\net.dll
0x00007ffc76140000 - 0x00007ffc7626c000 	C:\Windows\SYSTEM32\WINHTTP.dll
0x00007ffc7c780000 - 0x00007ffc7c7e9000 	C:\Windows\system32\mswsock.dll
0x00007ffbad450000 - 0x00007ffbad466000 	C:\Program Files\Java\jdk-21\bin\nio.dll
0x00007ffbad430000 - 0x00007ffbad448000 	C:\Program Files\Java\jdk-21\bin\zip.dll
0x0000000069ac0000 - 0x0000000069ae4000 	C:\Program Files\NetBeans-21\netbeans\java\maven\lib\jansi-native\Windows\x86_64\jansi.dll
0x00007ffc0fec0000 - 0x00007ffc0fed0000 	C:\Program Files\Java\jdk-21\bin\verify.dll

dbghelp: loaded successfully - version: 4.0.5 - missing functions: none
symbol engine: initialized successfully - sym options: 0x614 - pdb path: .;C:\Program Files\Java\jdk-21\bin;C:\Windows\SYSTEM32;C:\Windows\WinSxS\amd64_microsoft.windows.common-controls_6595b64144ccf1df_6.0.22621.6060_none_2712eda17382d24b;C:\Program Files\Java\jdk-21\bin\server;C:\Program Files\NetBeans-21\netbeans\java\maven\lib\jansi-native\Windows\x86_64

VM Arguments:
jvm_args: -Dclassworlds.conf=C:\Program Files\NetBeans-21\netbeans\java\maven\bin\m2.conf -Dmaven.home=C:\Program Files\NetBeans-21\netbeans\java\maven -Dlibrary.jansi.path=C:\Program Files\NetBeans-21\netbeans\java\maven\lib\jansi-native -Dmaven.multiModuleProjectDirectory=C:\Users\pc\Documents\NetBeansProjects\GHADS 
java_command: org.codehaus.plexus.classworlds.launcher.Launcher -Dmaven.ext.class.path=C:\Program Files\NetBeans-21\netbeans\java\maven-nblib\netbeans-eventspy.jar --no-transfer-progress install
java_class_path (initial): C:\Program Files\NetBeans-21\netbeans\java\maven\boot\plexus-classworlds-2.7.0.jar
Launcher Type: SUN_STANDARD

[Global flags]
     intx CICompilerCount                          = 12                                        {product} {ergonomic}
     uint ConcGCThreads                            = 3                                         {product} {ergonomic}
     uint G1ConcRefinementThreads                  = 13                                        {product} {ergonomic}
   size_t G1HeapRegionSize                         = 2097152                                   {product} {ergonomic}
    uintx GCDrainStackTargetSize                   = 64                                        {product} {ergonomic}
   size_t InitialHeapSize                          = 264241152                                 {product} {ergonomic}
   size_t MarkStackSize                            = 4194304                                   {product} {ergonomic}
   size_t MaxHeapSize                              = 4217372672                                {product} {ergonomic}
   size_t MaxNewSize                               = 2529165312                                {product} {ergonomic}
   size_t MinHeapDeltaBytes                        = 2097152                                   {product} {ergonomic}
   size_t MinHeapSize                              = 8388608                                   {product} {ergonomic}
    uintx NonNMethodCodeHeapSize                   = 7602480                                {pd product} {ergonomic}
    uintx NonProfiledCodeHeapSize                  = 122027880                              {pd product} {ergonomic}
    uintx ProfiledCodeHeapSize                     = 122027880                              {pd product} {ergonomic}
    uintx ReservedCodeCacheSize                    = 251658240                              {pd product} {ergonomic}
     bool SegmentedCodeCache                       = true                                      {product} {ergonomic}
   size_t SoftMaxHeapSize                          = 4217372672                             {manageable} {ergonomic}
     bool UseCompressedOops                        = true                           {product lp64_product} {ergonomic}
     bool UseG1GC                                  = true                                      {product} {ergonomic}
     bool UseLargePagesIndividualAllocation        = false                                  {pd product} {ergonomic}

Logging:
Log output configuration:
 #0: stdout all=warning uptime,level,tags foldmultilines=false
 #1: stderr all=off uptime,level,tags foldmultilines=false

Environment Variables:
JAVA_HOME=C:\Program Files\Java\jdk-21
PATH=C:\Program Files (x86)\VMware\VMware Workstation\bin\;C:\Program Files (x86)\Common Files\Intel\Shared Libraries\redist\intel64\compiler;C:\Program Files\Common Files\Oracle\Java\javapath;C:\Windows\system32;C:\Windows;C:\Windows\System32\Wbem;C:\Windows\System32\WindowsPowerShell\v1.0\;C:\Windows\System32\OpenSSH\;C:\Program Files\IBM\SPSS\Statistics\Subscription\JRE\bin;E:\MATLAB 2018\runtime\win64;E:\MATLAB 2018\bin;E:\MATLAB\R2018a\runtime\win64;E:\MATLAB\R2018a\bin;C:\Program Files (x86)\Microsoft SQL Server\160\DTS\Binn\;C:\Program Files\NVIDIA Corporation\NVIDIA App\NvDLISR;C:\Program Files (x86)\NVIDIA Corporation\PhysX\Common;C:\Program Files\dotnet\;C:\Program Files\Git\cmd;C:\Users\pc\dart-sdk\bin;C:\Program Files\nodejs\;C:\Users\pc\AppData\Local\Programs\Python\Python311\Scripts\;C:\Users\pc\AppData\Local\Programs\Python\Python311\;C:\Users\pc\AppData\Local\Microsoft\WindowsApps;C:\Users\pc\AppData\Local\Programs\Microsoft VS Code\bin;C:\mingw64\bin;C:\Users\pc\.dotnet\tools;C:\dart-sdk\bin;C:\Users\pc\AppData\Roaming\npm;D:\Antigravity\bin;C:\flutter\bin;C:\Users\pc\AppData\Local\Programs\Antigravity IDE\bin;
USERNAME=pc
OS=Windows_NT
PROCESSOR_IDENTIFIER=Intel64 Family 6 Model 141 Stepping 1, GenuineIntel
TMP=C:\Users\pc\AppData\Local\Temp
TEMP=C:\Users\pc\AppData\Local\Temp




Periodic native trim disabled

---------------  S Y S T E M  ---------------

OS:
 Windows 11 , 64 bit Build 22621 (10.0.22621.5415)
OS uptime: 0 days 0:03 hours
Hyper-V role detected

CPU: total 16 (initial active 16) (8 cores per cpu, 2 threads per core) family 6 model 141 stepping 1 microcode 0x34, cx8, cmov, fxsr, ht, mmx, 3dnowpref, sse, sse2, sse3, ssse3, sse4.1, sse4.2, popcnt, lzcnt, tsc, tscinvbit, avx, avx2, aes, erms, clmul, bmi1, bmi2, adx, avx512f, avx512dq, avx512cd, avx512bw, avx512vl, sha, fma, vzeroupper, avx512_vpopcntdq, avx512_vpclmulqdq, avx512_vaes, avx512_vnni, clflush, clflushopt, clwb, avx512_vbmi2, avx512_vbmi, hv, rdtscp, rdpid, fsrm, gfni, avx512_bitalg, f16c, cet_ibt, cet_ss, avx512_ifma
Processor Information for all 16 processors :
  Max Mhz: 2304, Current Mhz: 2304, Mhz Limit: 2304

Memory: 4k page, system-wide physical 16085M (5216M free)
TotalPageFile size 21796M (AvailPageFile size 26M)
current process WorkingSet (physical memory assigned to process): 121M, peak: 137M
current process commit charge ("private bytes"): 389M, peak: 404M

vm_info: Java HotSpot(TM) 64-Bit Server VM (21.0.6+8-LTS-188) for windows-amd64 JRE (21.0.6+8-LTS-188), built on 2024-12-03T10:50:54Z by "mach5one" with MS VC++ 17.6 (VS2022)

END.
