#
# There is insufficient memory for the Java Runtime Environment to continue.
# Native memory allocation (malloc) failed to allocate 396496 bytes for Chunk::new
# Possible reasons:
#   The system is out of physical RAM or swap space
#   The process is running with CompressedOops enabled, and the Java Heap may be blocking the growth of the native heap
# Possible solutions:
#   Reduce memory load on the system
#   Increase physical memory or swap space
#   Check if swap backing store is full
#   Decrease Java heap size (-Xmx/-Xms)
#   Decrease number of Java threads
#   Decrease Java thread stack sizes (-Xss)
#   Set larger code cache with -XX:ReservedCodeCacheSize=
#   JVM is running with Zero Based Compressed Oops mode in which the Java heap is
#     placed in the first 32GB address space. The Java Heap base address is the
#     maximum limit for the native heap growth. Please use -XX:HeapBaseMinAddress
#     to set the Java Heap base and to place the Java Heap above 32GB virtual address.
# This output file may be truncated or incomplete.
#
#  Out of Memory Error (arena.cpp:168), pid=8500, tid=26264
#
# JRE version: Java(TM) SE Runtime Environment (21.0.6+8) (build 21.0.6+8-LTS-188)
# Java VM: Java HotSpot(TM) 64-Bit Server VM (21.0.6+8-LTS-188, mixed mode, sharing, tiered, compressed oops, compressed class ptrs, g1 gc, windows-amd64)
# No core dump will be written. Minidumps are not enabled by default on client versions of Windows
#

---------------  S U M M A R Y ------------

Command Line: -Dclassworlds.conf=C:\Program Files\NetBeans-21\netbeans\java\maven\bin\m2.conf -Dmaven.home=C:\Program Files\NetBeans-21\netbeans\java\maven -Dlibrary.jansi.path=C:\Program Files\NetBeans-21\netbeans\java\maven\lib\jansi-native -Dmaven.multiModuleProjectDirectory=C:\Users\pc\Documents\NetBeansProjects\GHADS org.codehaus.plexus.classworlds.launcher.Launcher -Dmaven.ext.class.path=C:\Program Files\NetBeans-21\netbeans\java\maven-nblib\netbeans-eventspy.jar --no-transfer-progress install

Host: 11th Gen Intel(R) Core(TM) i7-11800H @ 2.30GHz, 16 cores, 15G,  Windows 11 , 64 bit Build 22621 (10.0.22621.5415)
Time: Wed Jun  3 21:36:01 2026  Windows 11 , 64 bit Build 22621 (10.0.22621.5415) elapsed time: 8.126015 seconds (0d 0h 0m 8s)

---------------  T H R E A D  ---------------

Current thread (0x000001378f721d60):  JavaThread "C2 CompilerThread0" daemon [_thread_in_native, id=26264, stack(0x00000022fc200000,0x00000022fc300000) (1024K)]


Current CompileTask:
C2:   8126 2199       4       jdk.internal.org.objectweb.asm.Frame::execute (2305 bytes)

Stack: [0x00000022fc200000,0x00000022fc300000]
Native frames: (J=compiled Java code, j=interpreted, Vv=VM code, C=native code)
V  [jvm.dll+0x6ca6d9]
V  [jvm.dll+0x854f51]
V  [jvm.dll+0x85747e]
V  [jvm.dll+0x857b53]
V  [jvm.dll+0x27dcc6]
V  [jvm.dll+0xc4c2d]
V  [jvm.dll+0xc5163]
V  [jvm.dll+0x3b5122]
V  [jvm.dll+0x381855]
V  [jvm.dll+0x380cca]
V  [jvm.dll+0x246920]
V  [jvm.dll+0x245eff]
V  [jvm.dll+0x1c6d2e]
V  [jvm.dll+0x2554f9]
V  [jvm.dll+0x253a8a]
V  [jvm.dll+0x3ee576]
V  [jvm.dll+0x7ff2fb]
V  [jvm.dll+0x6c8dbd]
C  [ucrtbase.dll+0x29333]
C  [KERNEL32.DLL+0x1259d]
C  [ntdll.dll+0x5af78]


---------------  P R O C E S S  ---------------

Threads class SMR info:
_java_thread_list=0x00000137d56ce610, length=14, elements={
0x00000137eda1c650, 0x000001378f70e270, 0x000001378f713190, 0x000001378f716b80,
0x000001378f71a6e0, 0x000001378f71b220, 0x000001378f71fd70, 0x000001378f721d60,
0x000001378f878400, 0x000001378f93ad80, 0x000001378f986e10, 0x000001378f987a40,
0x00000137d51d7840, 0x00000137d51f8d40
}

Java Threads: ( => current thread )
  0x00000137eda1c650 JavaThread "main"                              [_thread_in_Java, id=25772, stack(0x00000022fb400000,0x00000022fb500000) (1024K)]
  0x000001378f70e270 JavaThread "Reference Handler"          daemon [_thread_blocked, id=26240, stack(0x00000022fbc00000,0x00000022fbd00000) (1024K)]
  0x000001378f713190 JavaThread "Finalizer"                  daemon [_thread_blocked, id=26244, stack(0x00000022fbd00000,0x00000022fbe00000) (1024K)]
  0x000001378f716b80 JavaThread "Signal Dispatcher"          daemon [_thread_blocked, id=26248, stack(0x00000022fbe00000,0x00000022fbf00000) (1024K)]
  0x000001378f71a6e0 JavaThread "Attach Listener"            daemon [_thread_blocked, id=26252, stack(0x00000022fbf00000,0x00000022fc000000) (1024K)]
  0x000001378f71b220 JavaThread "Service Thread"             daemon [_thread_blocked, id=26256, stack(0x00000022fc000000,0x00000022fc100000) (1024K)]
  0x000001378f71fd70 JavaThread "Monitor Deflation Thread"   daemon [_thread_blocked, id=26260, stack(0x00000022fc100000,0x00000022fc200000) (1024K)]
=>0x000001378f721d60 JavaThread "C2 CompilerThread0"         daemon [_thread_in_native, id=26264, stack(0x00000022fc200000,0x00000022fc300000) (1024K)]
  0x000001378f878400 JavaThread "C1 CompilerThread0"         daemon [_thread_blocked, id=26300, stack(0x00000022fc300000,0x00000022fc400000) (1024K)]
  0x000001378f93ad80 JavaThread "C1 CompilerThread1"         daemon [_thread_blocked, id=26332, stack(0x00000022fc400000,0x00000022fc500000) (1024K)]
  0x000001378f986e10 JavaThread "Notification Thread"        daemon [_thread_blocked, id=26340, stack(0x00000022fc500000,0x00000022fc600000) (1024K)]
  0x000001378f987a40 JavaThread "Common-Cleaner"             daemon [_thread_blocked, id=26516, stack(0x00000022fc600000,0x00000022fc700000) (1024K)]
  0x00000137d51d7840 JavaThread "C1 CompilerThread2"         daemon [_thread_in_native, id=11628, stack(0x00000022fc700000,0x00000022fc800000) (1024K)]
  0x00000137d51f8d40 JavaThread "C1 CompilerThread3"         daemon [_thread_in_native, id=13480, stack(0x00000022fc800000,0x00000022fc900000) (1024K)]
Total: 14

Other Threads:
  0x000001378f6f5380 VMThread "VM Thread"                           [id=26112, stack(0x00000022fbb00000,0x00000022fbc00000) (1024K)]
  0x000001378f6e2af0 WatcherThread "VM Periodic Task Thread"        [id=26108, stack(0x00000022fba00000,0x00000022fbb00000) (1024K)]
  0x00000137efc30be0 WorkerThread "GC Thread#0"                     [id=26008, stack(0x00000022fb500000,0x00000022fb600000) (1024K)]
  0x00000137d740c7f0 WorkerThread "GC Thread#1"                     [id=24724, stack(0x00000022fd000000,0x00000022fd100000) (1024K)]
  0x00000137d7e47580 WorkerThread "GC Thread#2"                     [id=24688, stack(0x00000022fd100000,0x00000022fd200000) (1024K)]
  0x00000137d7356e10 WorkerThread "GC Thread#3"                     [id=24260, stack(0x00000022fd200000,0x00000022fd300000) (1024K)]
  0x00000137d73571b0 WorkerThread "GC Thread#4"                     [id=26852, stack(0x00000022fd300000,0x00000022fd400000) (1024K)]
  0x00000137d6be90f0 WorkerThread "GC Thread#5"                     [id=24916, stack(0x00000022fd400000,0x00000022fd500000) (1024K)]
  0x00000137d7845850 WorkerThread "GC Thread#6"                     [id=26524, stack(0x00000022fd500000,0x00000022fd600000) (1024K)]
  0x00000137d8123010 WorkerThread "GC Thread#7"                     [id=26520, stack(0x00000022fd600000,0x00000022fd700000) (1024K)]
  0x00000137d7833030 WorkerThread "GC Thread#8"                     [id=18436, stack(0x00000022fd700000,0x00000022fd800000) (1024K)]
  0x00000137d7a88310 WorkerThread "GC Thread#9"                     [id=25276, stack(0x00000022fc900000,0x00000022fca00000) (1024K)]
  0x00000137d7a88df0 WorkerThread "GC Thread#10"                    [id=22900, stack(0x00000022fca00000,0x00000022fcb00000) (1024K)]
  0x00000137efc41710 ConcurrentGCThread "G1 Main Marker"            [id=26012, stack(0x00000022fb600000,0x00000022fb700000) (1024K)]
  0x00000137efc42a20 WorkerThread "G1 Conc#0"                       [id=26016, stack(0x00000022fb700000,0x00000022fb800000) (1024K)]
  0x00000137efc8eb70 ConcurrentGCThread "G1 Refine#0"               [id=26020, stack(0x00000022fb800000,0x00000022fb900000) (1024K)]
  0x000001378f5b2930 ConcurrentGCThread "G1 Service"                [id=26024, stack(0x00000022fb900000,0x00000022fba00000) (1024K)]
Total: 17

Threads with active compile tasks:
C2 CompilerThread0     8160 2199       4       jdk.internal.org.objectweb.asm.Frame::execute (2305 bytes)
Total: 1

VM state: not at safepoint (normal execution)

VM Mutex/Monitor currently owned by a thread: None

Heap address: 0x0000000704a00000, size: 4022 MB, Compressed Oops mode: Zero based, Oop shift amount: 3

CDS archive(s) mapped at: [0x0000013790000000-0x0000013790c90000-0x0000013790c90000), size 13172736, SharedBaseAddress: 0x0000013790000000, ArchiveRelocationMode: 1.
Compressed class space mapped at: 0x0000013791000000-0x00000137d1000000, reserved size: 1073741824
Narrow klass base: 0x0000013790000000, Narrow klass shift: 0, Narrow klass range: 0x100000000

GC Precious Log:
 CardTable entry size: 512
 Card Set container configuration: InlinePtr #cards 4 size 8 Array Of Cards #cards 16 size 48 Howl #buckets 8 coarsen threshold 3686 Howl Bitmap #cards 512 size 80 coarsen threshold 460 Card regions per heap region 1 cards per card region 4096
 CPUs: 16 total, 16 available
 Memory: 16085M
 Large Page Support: Disabled
 NUMA Support: Disabled
 Compressed Oops: Enabled (Zero based)
 Heap Region Size: 2M
 Heap Min Capacity: 8M
 Heap Initial Capacity: 252M
 Heap Max Capacity: 4022M
 Pre-touch: Disabled
 Parallel Workers: 13
 Concurrent Workers: 3
 Concurrent Refinement Workers: 13
 Periodic GC: Disabled

Heap:
 garbage-first heap   total 258048K, used 11905K [0x0000000704a00000, 0x0000000800000000)
  region size 2048K, 5 young (10240K), 1 survivors (2048K)
 Metaspace       used 11634K, committed 11840K, reserved 1114112K
  class space    used 1352K, committed 1472K, reserved 1048576K

Heap Regions: E=young(eden), S=young(survivor), O=old, HS=humongous(starts), HC=humongous(continues), CS=collection set, F=free, TAMS=top-at-mark-start, PB=parsable bottom
|   0|0x0000000704a00000, 0x0000000704c00000, 0x0000000704c00000|100%| O|  |TAMS 0x0000000704a00000| PB 0x0000000704a00000| Untracked 
|   1|0x0000000704c00000, 0x0000000704da0460, 0x0000000704e00000| 81%| O|  |TAMS 0x0000000704c00000| PB 0x0000000704c00000| Untracked 
|   2|0x0000000704e00000, 0x0000000704e00000, 0x0000000705000000|  0%| F|  |TAMS 0x0000000704e00000| PB 0x0000000704e00000| Untracked 
|   3|0x0000000705000000, 0x0000000705000000, 0x0000000705200000|  0%| F|  |TAMS 0x0000000705000000| PB 0x0000000705000000| Untracked 
|   4|0x0000000705200000, 0x0000000705200000, 0x0000000705400000|  0%| F|  |TAMS 0x0000000705200000| PB 0x0000000705200000| Untracked 
|   5|0x0000000705400000, 0x0000000705400000, 0x0000000705600000|  0%| F|  |TAMS 0x0000000705400000| PB 0x0000000705400000| Untracked 
|   6|0x0000000705600000, 0x0000000705600000, 0x0000000705800000|  0%| F|  |TAMS 0x0000000705600000| PB 0x0000000705600000| Untracked 
|   7|0x0000000705800000, 0x0000000705800000, 0x0000000705a00000|  0%| F|  |TAMS 0x0000000705800000| PB 0x0000000705800000| Untracked 
|   8|0x0000000705a00000, 0x0000000705a00000, 0x0000000705c00000|  0%| F|  |TAMS 0x0000000705a00000| PB 0x0000000705a00000| Untracked 
|   9|0x0000000705c00000, 0x0000000705c00000, 0x0000000705e00000|  0%| F|  |TAMS 0x0000000705c00000| PB 0x0000000705c00000| Untracked 
|  10|0x0000000705e00000, 0x0000000705e00000, 0x0000000706000000|  0%| F|  |TAMS 0x0000000705e00000| PB 0x0000000705e00000| Untracked 
|  11|0x0000000706000000, 0x0000000706000000, 0x0000000706200000|  0%| F|  |TAMS 0x0000000706000000| PB 0x0000000706000000| Untracked 
|  12|0x0000000706200000, 0x0000000706200000, 0x0000000706400000|  0%| F|  |TAMS 0x0000000706200000| PB 0x0000000706200000| Untracked 
|  13|0x0000000706400000, 0x0000000706400000, 0x0000000706600000|  0%| F|  |TAMS 0x0000000706400000| PB 0x0000000706400000| Untracked 
|  14|0x0000000706600000, 0x0000000706600000, 0x0000000706800000|  0%| F|  |TAMS 0x0000000706600000| PB 0x0000000706600000| Untracked 
|  15|0x0000000706800000, 0x0000000706800000, 0x0000000706a00000|  0%| F|  |TAMS 0x0000000706800000| PB 0x0000000706800000| Untracked 
|  16|0x0000000706a00000, 0x0000000706a00000, 0x0000000706c00000|  0%| F|  |TAMS 0x0000000706a00000| PB 0x0000000706a00000| Untracked 
|  17|0x0000000706c00000, 0x0000000706c00000, 0x0000000706e00000|  0%| F|  |TAMS 0x0000000706c00000| PB 0x0000000706c00000| Untracked 
|  18|0x0000000706e00000, 0x0000000706e00000, 0x0000000707000000|  0%| F|  |TAMS 0x0000000706e00000| PB 0x0000000706e00000| Untracked 
|  19|0x0000000707000000, 0x0000000707000000, 0x0000000707200000|  0%| F|  |TAMS 0x0000000707000000| PB 0x0000000707000000| Untracked 
|  20|0x0000000707200000, 0x0000000707200000, 0x0000000707400000|  0%| F|  |TAMS 0x0000000707200000| PB 0x0000000707200000| Untracked 
|  21|0x0000000707400000, 0x0000000707400000, 0x0000000707600000|  0%| F|  |TAMS 0x0000000707400000| PB 0x0000000707400000| Untracked 
|  22|0x0000000707600000, 0x0000000707600000, 0x0000000707800000|  0%| F|  |TAMS 0x0000000707600000| PB 0x0000000707600000| Untracked 
|  23|0x0000000707800000, 0x0000000707800000, 0x0000000707a00000|  0%| F|  |TAMS 0x0000000707800000| PB 0x0000000707800000| Untracked 
|  24|0x0000000707a00000, 0x0000000707a00000, 0x0000000707c00000|  0%| F|  |TAMS 0x0000000707a00000| PB 0x0000000707a00000| Untracked 
|  25|0x0000000707c00000, 0x0000000707c00000, 0x0000000707e00000|  0%| F|  |TAMS 0x0000000707c00000| PB 0x0000000707c00000| Untracked 
|  26|0x0000000707e00000, 0x0000000707e00000, 0x0000000708000000|  0%| F|  |TAMS 0x0000000707e00000| PB 0x0000000707e00000| Untracked 
|  27|0x0000000708000000, 0x0000000708000000, 0x0000000708200000|  0%| F|  |TAMS 0x0000000708000000| PB 0x0000000708000000| Untracked 
|  28|0x0000000708200000, 0x0000000708200000, 0x0000000708400000|  0%| F|  |TAMS 0x0000000708200000| PB 0x0000000708200000| Untracked 
|  29|0x0000000708400000, 0x0000000708400000, 0x0000000708600000|  0%| F|  |TAMS 0x0000000708400000| PB 0x0000000708400000| Untracked 
|  30|0x0000000708600000, 0x0000000708600000, 0x0000000708800000|  0%| F|  |TAMS 0x0000000708600000| PB 0x0000000708600000| Untracked 
|  31|0x0000000708800000, 0x0000000708800000, 0x0000000708a00000|  0%| F|  |TAMS 0x0000000708800000| PB 0x0000000708800000| Untracked 
|  32|0x0000000708a00000, 0x0000000708a00000, 0x0000000708c00000|  0%| F|  |TAMS 0x0000000708a00000| PB 0x0000000708a00000| Untracked 
|  33|0x0000000708c00000, 0x0000000708c00000, 0x0000000708e00000|  0%| F|  |TAMS 0x0000000708c00000| PB 0x0000000708c00000| Untracked 
|  34|0x0000000708e00000, 0x0000000708e00000, 0x0000000709000000|  0%| F|  |TAMS 0x0000000708e00000| PB 0x0000000708e00000| Untracked 
|  35|0x0000000709000000, 0x0000000709000000, 0x0000000709200000|  0%| F|  |TAMS 0x0000000709000000| PB 0x0000000709000000| Untracked 
|  36|0x0000000709200000, 0x0000000709200000, 0x0000000709400000|  0%| F|  |TAMS 0x0000000709200000| PB 0x0000000709200000| Untracked 
|  37|0x0000000709400000, 0x0000000709400000, 0x0000000709600000|  0%| F|  |TAMS 0x0000000709400000| PB 0x0000000709400000| Untracked 
|  38|0x0000000709600000, 0x0000000709600000, 0x0000000709800000|  0%| F|  |TAMS 0x0000000709600000| PB 0x0000000709600000| Untracked 
|  39|0x0000000709800000, 0x0000000709800000, 0x0000000709a00000|  0%| F|  |TAMS 0x0000000709800000| PB 0x0000000709800000| Untracked 
|  40|0x0000000709a00000, 0x0000000709a00000, 0x0000000709c00000|  0%| F|  |TAMS 0x0000000709a00000| PB 0x0000000709a00000| Untracked 
|  41|0x0000000709c00000, 0x0000000709c00000, 0x0000000709e00000|  0%| F|  |TAMS 0x0000000709c00000| PB 0x0000000709c00000| Untracked 
|  42|0x0000000709e00000, 0x0000000709e00000, 0x000000070a000000|  0%| F|  |TAMS 0x0000000709e00000| PB 0x0000000709e00000| Untracked 
|  43|0x000000070a000000, 0x000000070a000000, 0x000000070a200000|  0%| F|  |TAMS 0x000000070a000000| PB 0x000000070a000000| Untracked 
|  44|0x000000070a200000, 0x000000070a200000, 0x000000070a400000|  0%| F|  |TAMS 0x000000070a200000| PB 0x000000070a200000| Untracked 
|  45|0x000000070a400000, 0x000000070a400000, 0x000000070a600000|  0%| F|  |TAMS 0x000000070a400000| PB 0x000000070a400000| Untracked 
|  46|0x000000070a600000, 0x000000070a600000, 0x000000070a800000|  0%| F|  |TAMS 0x000000070a600000| PB 0x000000070a600000| Untracked 
|  47|0x000000070a800000, 0x000000070a800000, 0x000000070aa00000|  0%| F|  |TAMS 0x000000070a800000| PB 0x000000070a800000| Untracked 
|  48|0x000000070aa00000, 0x000000070aa00000, 0x000000070ac00000|  0%| F|  |TAMS 0x000000070aa00000| PB 0x000000070aa00000| Untracked 
|  49|0x000000070ac00000, 0x000000070ac00000, 0x000000070ae00000|  0%| F|  |TAMS 0x000000070ac00000| PB 0x000000070ac00000| Untracked 
|  50|0x000000070ae00000, 0x000000070ae00000, 0x000000070b000000|  0%| F|  |TAMS 0x000000070ae00000| PB 0x000000070ae00000| Untracked 
|  51|0x000000070b000000, 0x000000070b000000, 0x000000070b200000|  0%| F|  |TAMS 0x000000070b000000| PB 0x000000070b000000| Untracked 
|  52|0x000000070b200000, 0x000000070b200000, 0x000000070b400000|  0%| F|  |TAMS 0x000000070b200000| PB 0x000000070b200000| Untracked 
|  53|0x000000070b400000, 0x000000070b400000, 0x000000070b600000|  0%| F|  |TAMS 0x000000070b400000| PB 0x000000070b400000| Untracked 
|  54|0x000000070b600000, 0x000000070b600000, 0x000000070b800000|  0%| F|  |TAMS 0x000000070b600000| PB 0x000000070b600000| Untracked 
|  55|0x000000070b800000, 0x000000070b800000, 0x000000070ba00000|  0%| F|  |TAMS 0x000000070b800000| PB 0x000000070b800000| Untracked 
|  56|0x000000070ba00000, 0x000000070ba00000, 0x000000070bc00000|  0%| F|  |TAMS 0x000000070ba00000| PB 0x000000070ba00000| Untracked 
|  57|0x000000070bc00000, 0x000000070bc00000, 0x000000070be00000|  0%| F|  |TAMS 0x000000070bc00000| PB 0x000000070bc00000| Untracked 
|  58|0x000000070be00000, 0x000000070be00000, 0x000000070c000000|  0%| F|  |TAMS 0x000000070be00000| PB 0x000000070be00000| Untracked 
|  59|0x000000070c000000, 0x000000070c000000, 0x000000070c200000|  0%| F|  |TAMS 0x000000070c000000| PB 0x000000070c000000| Untracked 
|  60|0x000000070c200000, 0x000000070c200000, 0x000000070c400000|  0%| F|  |TAMS 0x000000070c200000| PB 0x000000070c200000| Untracked 
|  61|0x000000070c400000, 0x000000070c400000, 0x000000070c600000|  0%| F|  |TAMS 0x000000070c400000| PB 0x000000070c400000| Untracked 
|  62|0x000000070c600000, 0x000000070c600000, 0x000000070c800000|  0%| F|  |TAMS 0x000000070c600000| PB 0x000000070c600000| Untracked 
|  63|0x000000070c800000, 0x000000070c800000, 0x000000070ca00000|  0%| F|  |TAMS 0x000000070c800000| PB 0x000000070c800000| Untracked 
|  64|0x000000070ca00000, 0x000000070ca00000, 0x000000070cc00000|  0%| F|  |TAMS 0x000000070ca00000| PB 0x000000070ca00000| Untracked 
|  65|0x000000070cc00000, 0x000000070cc00000, 0x000000070ce00000|  0%| F|  |TAMS 0x000000070cc00000| PB 0x000000070cc00000| Untracked 
|  66|0x000000070ce00000, 0x000000070ce00000, 0x000000070d000000|  0%| F|  |TAMS 0x000000070ce00000| PB 0x000000070ce00000| Untracked 
|  67|0x000000070d000000, 0x000000070d000000, 0x000000070d200000|  0%| F|  |TAMS 0x000000070d000000| PB 0x000000070d000000| Untracked 
|  68|0x000000070d200000, 0x000000070d200000, 0x000000070d400000|  0%| F|  |TAMS 0x000000070d200000| PB 0x000000070d200000| Untracked 
|  69|0x000000070d400000, 0x000000070d400000, 0x000000070d600000|  0%| F|  |TAMS 0x000000070d400000| PB 0x000000070d400000| Untracked 
|  70|0x000000070d600000, 0x000000070d600000, 0x000000070d800000|  0%| F|  |TAMS 0x000000070d600000| PB 0x000000070d600000| Untracked 
|  71|0x000000070d800000, 0x000000070d800000, 0x000000070da00000|  0%| F|  |TAMS 0x000000070d800000| PB 0x000000070d800000| Untracked 
|  72|0x000000070da00000, 0x000000070da00000, 0x000000070dc00000|  0%| F|  |TAMS 0x000000070da00000| PB 0x000000070da00000| Untracked 
|  73|0x000000070dc00000, 0x000000070dc00000, 0x000000070de00000|  0%| F|  |TAMS 0x000000070dc00000| PB 0x000000070dc00000| Untracked 
|  74|0x000000070de00000, 0x000000070de00000, 0x000000070e000000|  0%| F|  |TAMS 0x000000070de00000| PB 0x000000070de00000| Untracked 
|  75|0x000000070e000000, 0x000000070e000000, 0x000000070e200000|  0%| F|  |TAMS 0x000000070e000000| PB 0x000000070e000000| Untracked 
|  76|0x000000070e200000, 0x000000070e200000, 0x000000070e400000|  0%| F|  |TAMS 0x000000070e200000| PB 0x000000070e200000| Untracked 
|  77|0x000000070e400000, 0x000000070e400000, 0x000000070e600000|  0%| F|  |TAMS 0x000000070e400000| PB 0x000000070e400000| Untracked 
|  78|0x000000070e600000, 0x000000070e600000, 0x000000070e800000|  0%| F|  |TAMS 0x000000070e600000| PB 0x000000070e600000| Untracked 
|  79|0x000000070e800000, 0x000000070e800000, 0x000000070ea00000|  0%| F|  |TAMS 0x000000070e800000| PB 0x000000070e800000| Untracked 
|  80|0x000000070ea00000, 0x000000070ea00000, 0x000000070ec00000|  0%| F|  |TAMS 0x000000070ea00000| PB 0x000000070ea00000| Untracked 
|  81|0x000000070ec00000, 0x000000070ec00000, 0x000000070ee00000|  0%| F|  |TAMS 0x000000070ec00000| PB 0x000000070ec00000| Untracked 
|  82|0x000000070ee00000, 0x000000070ee00000, 0x000000070f000000|  0%| F|  |TAMS 0x000000070ee00000| PB 0x000000070ee00000| Untracked 
|  83|0x000000070f000000, 0x000000070f000000, 0x000000070f200000|  0%| F|  |TAMS 0x000000070f000000| PB 0x000000070f000000| Untracked 
|  84|0x000000070f200000, 0x000000070f200000, 0x000000070f400000|  0%| F|  |TAMS 0x000000070f200000| PB 0x000000070f200000| Untracked 
|  85|0x000000070f400000, 0x000000070f400000, 0x000000070f600000|  0%| F|  |TAMS 0x000000070f400000| PB 0x000000070f400000| Untracked 
|  86|0x000000070f600000, 0x000000070f600000, 0x000000070f800000|  0%| F|  |TAMS 0x000000070f600000| PB 0x000000070f600000| Untracked 
|  87|0x000000070f800000, 0x000000070f800000, 0x000000070fa00000|  0%| F|  |TAMS 0x000000070f800000| PB 0x000000070f800000| Untracked 
|  88|0x000000070fa00000, 0x000000070fa00000, 0x000000070fc00000|  0%| F|  |TAMS 0x000000070fa00000| PB 0x000000070fa00000| Untracked 
|  89|0x000000070fc00000, 0x000000070fc00000, 0x000000070fe00000|  0%| F|  |TAMS 0x000000070fc00000| PB 0x000000070fc00000| Untracked 
|  90|0x000000070fe00000, 0x000000070fe00000, 0x0000000710000000|  0%| F|  |TAMS 0x000000070fe00000| PB 0x000000070fe00000| Untracked 
|  91|0x0000000710000000, 0x0000000710000000, 0x0000000710200000|  0%| F|  |TAMS 0x0000000710000000| PB 0x0000000710000000| Untracked 
|  92|0x0000000710200000, 0x0000000710200000, 0x0000000710400000|  0%| F|  |TAMS 0x0000000710200000| PB 0x0000000710200000| Untracked 
|  93|0x0000000710400000, 0x0000000710400000, 0x0000000710600000|  0%| F|  |TAMS 0x0000000710400000| PB 0x0000000710400000| Untracked 
|  94|0x0000000710600000, 0x0000000710600000, 0x0000000710800000|  0%| F|  |TAMS 0x0000000710600000| PB 0x0000000710600000| Untracked 
|  95|0x0000000710800000, 0x0000000710800000, 0x0000000710a00000|  0%| F|  |TAMS 0x0000000710800000| PB 0x0000000710800000| Untracked 
|  96|0x0000000710a00000, 0x0000000710a00000, 0x0000000710c00000|  0%| F|  |TAMS 0x0000000710a00000| PB 0x0000000710a00000| Untracked 
|  97|0x0000000710c00000, 0x0000000710c00000, 0x0000000710e00000|  0%| F|  |TAMS 0x0000000710c00000| PB 0x0000000710c00000| Untracked 
|  98|0x0000000710e00000, 0x0000000710e00000, 0x0000000711000000|  0%| F|  |TAMS 0x0000000710e00000| PB 0x0000000710e00000| Untracked 
|  99|0x0000000711000000, 0x0000000711000000, 0x0000000711200000|  0%| F|  |TAMS 0x0000000711000000| PB 0x0000000711000000| Untracked 
| 100|0x0000000711200000, 0x0000000711200000, 0x0000000711400000|  0%| F|  |TAMS 0x0000000711200000| PB 0x0000000711200000| Untracked 
| 101|0x0000000711400000, 0x0000000711400000, 0x0000000711600000|  0%| F|  |TAMS 0x0000000711400000| PB 0x0000000711400000| Untracked 
| 102|0x0000000711600000, 0x0000000711600000, 0x0000000711800000|  0%| F|  |TAMS 0x0000000711600000| PB 0x0000000711600000| Untracked 
| 103|0x0000000711800000, 0x0000000711800000, 0x0000000711a00000|  0%| F|  |TAMS 0x0000000711800000| PB 0x0000000711800000| Untracked 
| 104|0x0000000711a00000, 0x0000000711a00000, 0x0000000711c00000|  0%| F|  |TAMS 0x0000000711a00000| PB 0x0000000711a00000| Untracked 
| 105|0x0000000711c00000, 0x0000000711c00000, 0x0000000711e00000|  0%| F|  |TAMS 0x0000000711c00000| PB 0x0000000711c00000| Untracked 
| 106|0x0000000711e00000, 0x0000000711e00000, 0x0000000712000000|  0%| F|  |TAMS 0x0000000711e00000| PB 0x0000000711e00000| Untracked 
| 107|0x0000000712000000, 0x0000000712200000, 0x0000000712200000|100%| S|CS|TAMS 0x0000000712000000| PB 0x0000000712000000| Complete 
| 108|0x0000000712200000, 0x0000000712200000, 0x0000000712400000|  0%| F|  |TAMS 0x0000000712200000| PB 0x0000000712200000| Untracked 
| 109|0x0000000712400000, 0x0000000712400000, 0x0000000712600000|  0%| F|  |TAMS 0x0000000712400000| PB 0x0000000712400000| Untracked 
| 110|0x0000000712600000, 0x0000000712600000, 0x0000000712800000|  0%| F|  |TAMS 0x0000000712600000| PB 0x0000000712600000| Untracked 
| 111|0x0000000712800000, 0x0000000712800000, 0x0000000712a00000|  0%| F|  |TAMS 0x0000000712800000| PB 0x0000000712800000| Untracked 
| 112|0x0000000712a00000, 0x0000000712a00000, 0x0000000712c00000|  0%| F|  |TAMS 0x0000000712a00000| PB 0x0000000712a00000| Untracked 
| 113|0x0000000712c00000, 0x0000000712c00000, 0x0000000712e00000|  0%| F|  |TAMS 0x0000000712c00000| PB 0x0000000712c00000| Untracked 
| 114|0x0000000712e00000, 0x0000000712e00000, 0x0000000713000000|  0%| F|  |TAMS 0x0000000712e00000| PB 0x0000000712e00000| Untracked 
| 115|0x0000000713000000, 0x0000000713000000, 0x0000000713200000|  0%| F|  |TAMS 0x0000000713000000| PB 0x0000000713000000| Untracked 
| 116|0x0000000713200000, 0x0000000713200000, 0x0000000713400000|  0%| F|  |TAMS 0x0000000713200000| PB 0x0000000713200000| Untracked 
| 117|0x0000000713400000, 0x0000000713400000, 0x0000000713600000|  0%| F|  |TAMS 0x0000000713400000| PB 0x0000000713400000| Untracked 
| 118|0x0000000713600000, 0x0000000713600000, 0x0000000713800000|  0%| F|  |TAMS 0x0000000713600000| PB 0x0000000713600000| Untracked 
| 119|0x0000000713800000, 0x0000000713800000, 0x0000000713a00000|  0%| F|  |TAMS 0x0000000713800000| PB 0x0000000713800000| Untracked 
| 120|0x0000000713a00000, 0x0000000713a00000, 0x0000000713c00000|  0%| F|  |TAMS 0x0000000713a00000| PB 0x0000000713a00000| Untracked 
| 121|0x0000000713c00000, 0x0000000713c00000, 0x0000000713e00000|  0%| F|  |TAMS 0x0000000713c00000| PB 0x0000000713c00000| Untracked 
| 122|0x0000000713e00000, 0x0000000713ea38a8, 0x0000000714000000| 31%| E|  |TAMS 0x0000000713e00000| PB 0x0000000713e00000| Complete 
| 123|0x0000000714000000, 0x0000000714200000, 0x0000000714200000|100%| E|CS|TAMS 0x0000000714000000| PB 0x0000000714000000| Complete 
| 124|0x0000000714200000, 0x0000000714400000, 0x0000000714400000|100%| E|CS|TAMS 0x0000000714200000| PB 0x0000000714200000| Complete 
| 125|0x0000000714400000, 0x0000000714600000, 0x0000000714600000|100%| E|CS|TAMS 0x0000000714400000| PB 0x0000000714400000| Complete 

Card table byte_map: [0x00000137f90b0000,0x00000137f9890000] _byte_map_base: 0x00000137f588b000

Marking Bits: (CMBitMap*) 0x00000137efc312e0
 Bits: [0x00000137f9890000, 0x00000137fd768000)

Polling page: 0x00000137edb70000

Metaspace:

Usage:
  Non-class:     10.04 MB used.
      Class:      1.32 MB used.
       Both:     11.36 MB used.

Virtual space:
  Non-class space:       64.00 MB reserved,      10.12 MB ( 16%) committed,  1 nodes.
      Class space:        1.00 GB reserved,       1.44 MB ( <1%) committed,  1 nodes.
             Both:        1.06 GB reserved,      11.56 MB (  1%) committed. 

Chunk freelists:
   Non-Class:  4.69 MB
       Class:  14.61 MB
        Both:  19.30 MB

MaxMetaspaceSize: unlimited
CompressedClassSpaceSize: 1.00 GB
Initial GC threshold: 21.00 MB
Current GC threshold: 21.00 MB
CDS: on
 - commit_granule_bytes: 65536.
 - commit_granule_words: 8192.
 - virtual_space_node_default_size: 8388608.
 - enlarge_chunks_in_place: 1.
 - use_allocation_guard: 0.


Internal statistics:

num_allocs_failed_limit: 0.
num_arena_births: 108.
num_arena_deaths: 0.
num_vsnodes_births: 2.
num_vsnodes_deaths: 0.
num_space_committed: 185.
num_space_uncommitted: 0.
num_chunks_returned_to_freelist: 0.
num_chunks_taken_from_freelist: 483.
num_chunk_merges: 0.
num_chunk_splits: 340.
num_chunks_enlarged: 283.
num_inconsistent_stats: 0.

CodeHeap 'non-profiled nmethods': size=119168Kb used=928Kb max_used=928Kb free=118239Kb
 bounds [0x0000013787ba0000, 0x0000013787e10000, 0x000001378f000000]
CodeHeap 'profiled nmethods': size=119104Kb used=4573Kb max_used=4573Kb free=114530Kb
 bounds [0x0000013780000000, 0x0000013780480000, 0x0000013787450000]
CodeHeap 'non-nmethods': size=7488Kb used=3193Kb max_used=3352Kb free=4294Kb
 bounds [0x0000013787450000, 0x00000137877a0000, 0x0000013787ba0000]
 total_blobs=2771 nmethods=2301 adapters=371
 compilation: enabled
              stopped_count=0, restarted_count=0
 full_count=0

Compilation events (20 events):
Event: 8.097 Thread 0x000001378f878400 nmethod 2190 0x0000013780443610 code [0x00000137804437e0, 0x0000013780443bd0]
Event: 8.097 Thread 0x00000137d51d7840 2193       3       com.google.inject.internal.AbstractProcessor::visitOther (5 bytes)
Event: 8.097 Thread 0x00000137d51f8d40 nmethod 2189 0x0000013780443d10 code [0x0000013780443f20, 0x0000013780444840]
Event: 8.097 Thread 0x00000137d51d7840 nmethod 2193 0x0000013780444a90 code [0x0000013780444c40, 0x0000013780444dc0]
Event: 8.097 Thread 0x000001378f93ad80 nmethod 2194 0x0000013780444e90 code [0x00000137804450a0, 0x0000013780445828]
Event: 8.104 Thread 0x000001378f878400 2195       3       java.lang.ClassLoader::checkName (37 bytes)
Event: 8.104 Thread 0x000001378f878400 nmethod 2195 0x0000013780445a10 code [0x0000013780445c40, 0x0000013780446480]
Event: 8.108 Thread 0x000001378f721d60 2196       4       java.lang.StringConcatHelper::simpleConcat (94 bytes)
Event: 8.116 Thread 0x000001378f721d60 nmethod 2196 0x0000013787c82a90 code [0x0000013787c82c80, 0x0000013787c83328]
Event: 8.116 Thread 0x000001378f721d60 2197       4       java.util.ArrayList::elementAt (4 bytes)
Event: 8.116 Thread 0x000001378f721d60 nmethod 2197 0x0000013787c83890 code [0x0000013787c83a20, 0x0000013787c83ad0]
Event: 8.116 Thread 0x000001378f93ad80 2198       3       jdk.internal.org.objectweb.asm.MethodWriter::addSuccessorToCurrentBasicBlock (24 bytes)
Event: 8.117 Thread 0x000001378f93ad80 nmethod 2198 0x0000013780446790 code [0x0000013780446940, 0x0000013780446cb0]
Event: 8.117 Thread 0x000001378f721d60 2199       4       jdk.internal.org.objectweb.asm.Frame::execute (2305 bytes)
Event: 8.118 Thread 0x000001378f93ad80 2200       3       java.lang.reflect.Proxy$ProxyBuilder::addElementTypes (33 bytes)
Event: 8.118 Thread 0x000001378f93ad80 nmethod 2200 0x0000013780446e10 code [0x0000013780447020, 0x00000137804476f0]
Event: 8.119 Thread 0x00000137d51d7840 2201       3       java.util.ArrayList::isClear (21 bytes)
Event: 8.119 Thread 0x000001378f93ad80 2202       3       java.util.concurrent.TimeUnit::toMillis (69 bytes)
Event: 8.119 Thread 0x00000137d51d7840 nmethod 2201 0x0000013780447a10 code [0x0000013780447bc0, 0x0000013780447d48]
Event: 8.119 Thread 0x000001378f93ad80 nmethod 2202 0x0000013780447e10 code [0x0000013780447fe0, 0x00000137804482e8]

GC Heap History (4 events):
Event: 4.898 GC heap before
{Heap before GC invocations=0 (full 0):
 garbage-first heap   total 258048K, used 22528K [0x0000000704a00000, 0x0000000800000000)
  region size 2048K, 11 young (22528K), 0 survivors (0K)
 Metaspace       used 5781K, committed 6016K, reserved 1114112K
  class space    used 651K, committed 768K, reserved 1048576K
}
Event: 5.124 GC heap after
{Heap after GC invocations=1 (full 0):
 garbage-first heap   total 258048K, used 3951K [0x0000000704a00000, 0x0000000800000000)
  region size 2048K, 2 young (4096K), 2 survivors (4096K)
 Metaspace       used 5781K, committed 6016K, reserved 1114112K
  class space    used 651K, committed 768K, reserved 1048576K
}
Event: 7.730 GC heap before
{Heap before GC invocations=1 (full 0):
 garbage-first heap   total 258048K, used 36719K [0x0000000704a00000, 0x0000000800000000)
  region size 2048K, 18 young (36864K), 2 survivors (4096K)
 Metaspace       used 10360K, committed 10496K, reserved 1114112K
  class space    used 1206K, committed 1280K, reserved 1048576K
}
Event: 7.735 GC heap after
{Heap after GC invocations=2 (full 0):
 garbage-first heap   total 258048K, used 5761K [0x0000000704a00000, 0x0000000800000000)
  region size 2048K, 1 young (2048K), 1 survivors (2048K)
 Metaspace       used 10360K, committed 10496K, reserved 1114112K
  class space    used 1206K, committed 1280K, reserved 1048576K
}

Dll operation events (8 events):
Event: 0.017 Loaded shared library C:\Program Files\Java\jdk-21\bin\java.dll
Event: 0.406 Loaded shared library C:\Program Files\Java\jdk-21\bin\jsvml.dll
Event: 0.653 Loaded shared library C:\Program Files\Java\jdk-21\bin\net.dll
Event: 0.657 Loaded shared library C:\Program Files\Java\jdk-21\bin\nio.dll
Event: 0.662 Loaded shared library C:\Program Files\Java\jdk-21\bin\zip.dll
Event: 3.053 Loaded shared library C:\Program Files\Java\jdk-21\bin\jimage.dll
Event: 3.068 Loaded shared library C:\Program Files\NetBeans-21\netbeans\java\maven\lib\jansi-native\Windows\x86_64\jansi.dll
Event: 3.173 Loaded shared library C:\Program Files\Java\jdk-21\bin\verify.dll

Deoptimization events (20 events):
Event: 7.782 Thread 0x00000137eda1c650 Uncommon trap: trap_request=0xffffff45 fr.pc=0x0000013787c35a94 relative=0x0000000000000274
Event: 7.782 Thread 0x00000137eda1c650 Uncommon trap: reason=unstable_if action=reinterpret pc=0x0000013787c35a94 method=jdk.internal.util.ArraysSupport.mismatch([BI[BII)I @ 55 c2
Event: 7.782 Thread 0x00000137eda1c650 DEOPT PACKING pc=0x0000013787c35a94 sp=0x00000022fb4fe7f0
Event: 7.782 Thread 0x00000137eda1c650 DEOPT UNPACKING pc=0x00000137874a7da2 sp=0x00000022fb4fe7b8 mode 2
Event: 7.995 Thread 0x00000137eda1c650 Uncommon trap: trap_request=0xffffff45 fr.pc=0x0000013787c409fc relative=0x00000000000002bc
Event: 7.995 Thread 0x00000137eda1c650 Uncommon trap: reason=unstable_if action=reinterpret pc=0x0000013787c409fc method=java.util.concurrent.ConcurrentHashMap.get(Ljava/lang/Object;)Ljava/lang/Object; @ 76 c2
Event: 7.995 Thread 0x00000137eda1c650 DEOPT PACKING pc=0x0000013787c409fc sp=0x00000022fb4fb6d0
Event: 7.995 Thread 0x00000137eda1c650 DEOPT UNPACKING pc=0x00000137874a7da2 sp=0x00000022fb4fb648 mode 2
Event: 8.051 Thread 0x00000137eda1c650 Uncommon trap: trap_request=0xffffff45 fr.pc=0x0000013787c3917c relative=0x000000000000023c
Event: 8.051 Thread 0x00000137eda1c650 Uncommon trap: reason=unstable_if action=reinterpret pc=0x0000013787c3917c method=java.lang.ClassLoader.checkName(Ljava/lang/String;)Z @ 1 c2
Event: 8.051 Thread 0x00000137eda1c650 DEOPT PACKING pc=0x0000013787c3917c sp=0x00000022fb4fde30
Event: 8.051 Thread 0x00000137eda1c650 DEOPT UNPACKING pc=0x00000137874a7da2 sp=0x00000022fb4fddc8 mode 2
Event: 8.052 Thread 0x00000137eda1c650 Uncommon trap: trap_request=0xffffff45 fr.pc=0x0000013787bad668 relative=0x0000000000000048
Event: 8.052 Thread 0x00000137eda1c650 Uncommon trap: reason=unstable_if action=reinterpret pc=0x0000013787bad668 method=java.lang.StringLatin1.canEncode(I)Z @ 4 c2
Event: 8.052 Thread 0x00000137eda1c650 DEOPT PACKING pc=0x0000013787bad668 sp=0x00000022fb4fdfa0
Event: 8.052 Thread 0x00000137eda1c650 DEOPT UNPACKING pc=0x00000137874a7da2 sp=0x00000022fb4fdf30 mode 2
Event: 8.077 Thread 0x00000137eda1c650 Uncommon trap: trap_request=0xffffff45 fr.pc=0x0000013787c7d6e4 relative=0x0000000000000324
Event: 8.077 Thread 0x00000137eda1c650 Uncommon trap: reason=unstable_if action=reinterpret pc=0x0000013787c7d6e4 method=jdk.internal.org.objectweb.asm.SymbolTable.put(Ljdk/internal/org/objectweb/asm/SymbolTable$Entry;)Ljdk/internal/org/objectweb/asm/SymbolTable$Entry; @ 13 c2
Event: 8.077 Thread 0x00000137eda1c650 DEOPT PACKING pc=0x0000013787c7d6e4 sp=0x00000022fb4fdaf0
Event: 8.077 Thread 0x00000137eda1c650 DEOPT UNPACKING pc=0x00000137874a7da2 sp=0x00000022fb4fda70 mode 2

Classes loaded (20 events):
Event: 7.675 Loading class sun/reflect/generics/repository/FieldRepository
Event: 7.675 Loading class sun/reflect/generics/repository/FieldRepository done
Event: 7.693 Loading class java/io/UncheckedIOException
Event: 7.693 Loading class java/io/UncheckedIOException done
Event: 7.722 Loading class java/nio/channels/OverlappingFileLockException
Event: 7.722 Loading class java/nio/channels/OverlappingFileLockException done
Event: 7.723 Loading class java/nio/channels/FileLock
Event: 7.723 Loading class java/nio/channels/FileLock done
Event: 7.761 Loading class java/nio/file/AccessDeniedException
Event: 7.761 Loading class java/nio/file/AccessDeniedException done
Event: 7.989 Loading class java/lang/ExceptionInInitializerError
Event: 7.989 Loading class java/lang/ExceptionInInitializerError done
Event: 7.994 Loading class jdk/internal/vm/annotation/ForceInline
Event: 7.994 Loading class jdk/internal/vm/annotation/ForceInline done
Event: 8.037 Loading class sun/invoke/util/ValueConversions$1
Event: 8.037 Loading class sun/invoke/util/ValueConversions$1 done
Event: 8.038 Loading class java/lang/invoke/BoundMethodHandle$Species_LI
Event: 8.038 Loading class java/lang/invoke/BoundMethodHandle$Species_LI done
Event: 8.048 Loading class jdk/internal/org/objectweb/asm/ClassReader
Event: 8.049 Loading class jdk/internal/org/objectweb/asm/ClassReader done

Classes unloaded (0 events):
No events

Classes redefined (0 events):
No events

Internal exceptions (20 events):
Event: 3.206 Thread 0x00000137eda1c650 Exception <a 'java/lang/NoSuchMethodError'{0x0000000713e31220}: 'void java.lang.invoke.DirectMethodHandle$Holder.invokeStatic(java.lang.Object, java.lang.Object, java.lang.Object)'> (0x0000000713e31220) 
thrown [s\open\src\hotspot\share\interpreter\linkResolver.cpp, line 773]
Event: 3.346 Thread 0x00000137eda1c650 Exception <a 'java/lang/NoSuchMethodError'{0x0000000713c532e8}: 'java.lang.Object java.lang.invoke.DirectMethodHandle$Holder.invokeSpecialIFC(java.lang.Object, java.lang.Object, java.lang.Object, java.lang.Object)'> (0x0000000713c532e8) 
thrown [s\open\src\hotspot\share\interpreter\linkResolver.cpp, line 773]
Event: 3.785 Thread 0x00000137eda1c650 Exception <a 'java/lang/NoSuchMethodError'{0x000000071369b290}: 'void java.lang.invoke.DirectMethodHandle$Holder.invokeSpecial(java.lang.Object, java.lang.Object, java.lang.Object)'> (0x000000071369b290) 
thrown [s\open\src\hotspot\share\interpreter\linkResolver.cpp, line 773]
Event: 3.927 Thread 0x00000137eda1c650 Exception <a 'java/lang/NoSuchMethodError'{0x00000007137dcb70}: 'java.lang.Object java.lang.invoke.DirectMethodHandle$Holder.invokeInterface(java.lang.Object, java.lang.Object)'> (0x00000007137dcb70) 
thrown [s\open\src\hotspot\share\interpreter\linkResolver.cpp, line 773]
Event: 4.158 Thread 0x00000137eda1c650 Exception <a 'java/lang/NoSuchMethodError'{0x000000071346e858}: 'int java.lang.invoke.DirectMethodHandle$Holder.invokeStatic(java.lang.Object, java.lang.Object, java.lang.Object, java.lang.Object)'> (0x000000071346e858) 
thrown [s\open\src\hotspot\share\interpreter\linkResolver.cpp, line 773]
Event: 4.158 Thread 0x00000137eda1c650 Exception <a 'java/lang/NoSuchMethodError'{0x0000000713472140}: 'java.lang.Object java.lang.invoke.Invokers$Holder.invokeExact_MT(java.lang.Object, java.lang.Object, java.lang.Object, java.lang.Object, java.lang.Object, java.lang.Object)'> (0x0000000713472140) 
thrown [s\open\src\hotspot\share\interpreter\linkResolver.cpp, line 773]
Event: 4.160 Thread 0x00000137eda1c650 Exception <a 'java/lang/NoSuchMethodError'{0x00000007134807b0}: 'int java.lang.invoke.DirectMethodHandle$Holder.invokeSpecialIFC(java.lang.Object, java.lang.Object, java.lang.Object, java.lang.Object, java.lang.Object)'> (0x00000007134807b0) 
thrown [s\open\src\hotspot\share\interpreter\linkResolver.cpp, line 773]
Event: 4.408 Thread 0x00000137eda1c650 Exception <a 'java/lang/NoSuchMethodError'{0x00000007135f6b88}: 'java.lang.Object java.lang.invoke.DirectMethodHandle$Holder.newInvokeSpecial(java.lang.Object, java.lang.Object, java.lang.Object, java.lang.Object, java.lang.Object)'> (0x00000007135f6b88) 
thrown [s\open\src\hotspot\share\interpreter\linkResolver.cpp, line 773]
Event: 4.673 Thread 0x00000137eda1c650 Exception <a 'java/lang/NoSuchMethodError'{0x00000007132ec1b8}: 'int java.lang.invoke.DirectMethodHandle$Holder.invokeStaticInit(java.lang.Object, java.lang.Object)'> (0x00000007132ec1b8) 
thrown [s\open\src\hotspot\share\interpreter\linkResolver.cpp, line 773]
Event: 4.686 Thread 0x00000137eda1c650 Exception <a 'java/lang/NoClassDefFoundError'{0x00000007133202b0}: javax/enterprise/inject/Typed> (0x00000007133202b0) 
thrown [s\open\src\hotspot\share\classfile\systemDictionary.cpp, line 301]
Event: 7.984 Thread 0x00000137eda1c650 Exception <a 'java/lang/NoSuchMethodError'{0x000000071423e8c8}: 'void java.lang.invoke.DirectMethodHandle$Holder.invokeStaticInit(java.lang.Object, java.lang.Object, java.lang.Object)'> (0x000000071423e8c8) 
thrown [s\open\src\hotspot\share\interpreter\linkResolver.cpp, line 773]
Event: 7.992 Thread 0x00000137eda1c650 Exception <a 'java/lang/ExceptionInInitializerError'{0x0000000714266858}> (0x0000000714266858) 
thrown [s\open\src\hotspot\share\oops\instanceKlass.cpp, line 1192]
Event: 8.037 Thread 0x00000137eda1c650 Exception <a 'java/lang/NoSuchMethodError'{0x000000071436eb00}: 'long java.lang.invoke.DirectMethodHandle$Holder.invokeStatic(java.lang.Object, java.lang.Object, int)'> (0x000000071436eb00) 
thrown [s\open\src\hotspot\share\interpreter\linkResolver.cpp, line 773]
Event: 8.039 Thread 0x00000137eda1c650 Exception <a 'java/lang/NoSuchMethodError'{0x0000000714381bd8}: 'java.lang.Object java.lang.invoke.DirectMethodHandle$Holder.invokeStatic(java.lang.Object, java.lang.Object, java.lang.Object, java.lang.Object, int)'> (0x0000000714381bd8) 
thrown [s\open\src\hotspot\share\interpreter\linkResolver.cpp, line 773]
Event: 8.041 Thread 0x00000137eda1c650 Exception <a 'java/lang/NoSuchMethodError'{0x0000000714389b10}: 'java.lang.Object java.lang.invoke.DirectMethodHandle$Holder.invokeSpecial(java.lang.Object, java.lang.Object, java.lang.Object, java.lang.Object, long)'> (0x0000000714389b10) 
thrown [s\open\src\hotspot\share\interpreter\linkResolver.cpp, line 773]
Event: 8.043 Thread 0x00000137eda1c650 Exception <a 'java/lang/NoSuchMethodError'{0x00000007143953d8}: 'java.lang.Object java.lang.invoke.DirectMethodHandle$Holder.invokeSpecial(java.lang.Object, java.lang.Object, java.lang.Object, int, java.lang.Object)'> (0x00000007143953d8) 
thrown [s\open\src\hotspot\share\interpreter\linkResolver.cpp, line 773]
Event: 8.044 Thread 0x00000137eda1c650 Exception <a 'java/lang/NoSuchMethodError'{0x000000071439d518}: 'int java.lang.invoke.DirectMethodHandle$Holder.invokeSpecial(java.lang.Object, java.lang.Object, java.lang.Object, int)'> (0x000000071439d518) 
thrown [s\open\src\hotspot\share\interpreter\linkResolver.cpp, line 773]
Event: 8.051 Thread 0x00000137eda1c650 Implicit null exception at 0x0000013787c38f5d to 0x0000013787c39168
Event: 8.053 Thread 0x00000137eda1c650 Exception <a 'java/lang/NoSuchMethodError'{0x00000007143c16b0}: 'java.lang.Object java.lang.invoke.Invokers$Holder.invokeExact_MT(java.lang.Object, int, java.lang.Object)'> (0x00000007143c16b0) 
thrown [s\open\src\hotspot\share\interpreter\linkResolver.cpp, line 773]
Event: 8.092 Thread 0x00000137eda1c650 Exception <a 'java/lang/NoSuchMethodError'{0x00000007140514f8}: 'void java.lang.invoke.DirectMethodHandle$Holder.invokeStatic(java.lang.Object, java.lang.Object)'> (0x00000007140514f8) 
thrown [s\open\src\hotspot\share\interpreter\linkResolver.cpp, line 773]

ZGC Phase Switch (0 events):
No events

VM Operations (20 events):
Event: 3.043 Executing VM operation: HandshakeAllThreads (Deoptimize)
Event: 3.043 Executing VM operation: HandshakeAllThreads (Deoptimize) done
Event: 3.043 Executing VM operation: Cleanup
Event: 3.043 Executing VM operation: Cleanup done
Event: 3.058 Executing VM operation: HandshakeAllThreads (Deoptimize)
Event: 3.058 Executing VM operation: HandshakeAllThreads (Deoptimize) done
Event: 4.070 Executing VM operation: Cleanup
Event: 4.070 Executing VM operation: Cleanup done
Event: 4.898 Executing VM operation: G1CollectForAllocation (G1 Evacuation Pause)
Event: 5.124 Executing VM operation: G1CollectForAllocation (G1 Evacuation Pause) done
Event: 6.129 Executing VM operation: Cleanup
Event: 6.130 Executing VM operation: Cleanup done
Event: 7.000 Executing VM operation: HandshakeAllThreads (Deoptimize)
Event: 7.000 Executing VM operation: HandshakeAllThreads (Deoptimize) done
Event: 7.079 Executing VM operation: HandshakeAllThreads (Deoptimize)
Event: 7.079 Executing VM operation: HandshakeAllThreads (Deoptimize) done
Event: 7.730 Executing VM operation: G1CollectForAllocation (G1 Evacuation Pause)
Event: 7.735 Executing VM operation: G1CollectForAllocation (G1 Evacuation Pause) done
Event: 8.008 Executing VM operation: HandshakeAllThreads (Deoptimize)
Event: 8.008 Executing VM operation: HandshakeAllThreads (Deoptimize) done

Events (20 events):
Event: 3.627 Thread 0x00000137d5641270 Thread added: 0x00000137d5641270
Event: 3.896 Thread 0x00000137d5641270 Thread exited: 0x00000137d5641270
Event: 4.714 Thread 0x00000137d55b3740 Thread added: 0x00000137d55b3740
Event: 4.714 Thread 0x00000137d55b3de0 Thread added: 0x00000137d55b3de0
Event: 4.732 Thread 0x00000137d58c8c00 Thread added: 0x00000137d58c8c00
Event: 4.732 Thread 0x00000137d58c7050 Thread added: 0x00000137d58c7050
Event: 4.732 Thread 0x00000137d58c92a0 Thread added: 0x00000137d58c92a0
Event: 4.732 Thread 0x00000137d58c76f0 Thread added: 0x00000137d58c76f0
Event: 4.732 Thread 0x00000137d5cac190 Thread added: 0x00000137d5cac190
Event: 5.282 Thread 0x00000137d5cac190 Thread exited: 0x00000137d5cac190
Event: 5.864 Thread 0x00000137d58c76f0 Thread exited: 0x00000137d58c76f0
Event: 5.876 Thread 0x00000137d58c92a0 Thread exited: 0x00000137d58c92a0
Event: 6.266 Thread 0x00000137d58c8c00 Thread exited: 0x00000137d58c8c00
Event: 6.266 Thread 0x00000137d58c7050 Thread exited: 0x00000137d58c7050
Event: 6.266 Thread 0x00000137d55b3de0 Thread exited: 0x00000137d55b3de0
Event: 6.266 Thread 0x00000137d55b3740 Thread exited: 0x00000137d55b3740
Event: 6.478 Thread 0x000001378fb74590 Thread added: 0x000001378fb74590
Event: 6.878 Thread 0x000001378fb74590 Thread exited: 0x000001378fb74590
Event: 7.272 Thread 0x00000137d5715fb0 Thread added: 0x00000137d5715fb0
Event: 7.481 Thread 0x00000137d5715fb0 Thread exited: 0x00000137d5715fb0


Dynamic libraries:
0x00007ff65f260000 - 0x00007ff65f270000 	C:\Program Files\Java\jdk-21\bin\java.exe
0x00007ffc80210000 - 0x00007ffc80428000 	C:\Windows\SYSTEM32\ntdll.dll
0x00007ffc7f080000 - 0x00007ffc7f144000 	C:\Windows\System32\KERNEL32.DLL
0x00007ffc7d930000 - 0x00007ffc7dd03000 	C:\Windows\System32\KERNELBASE.dll
0x00007ffc7d770000 - 0x00007ffc7d881000 	C:\Windows\System32\ucrtbase.dll
0x00007ffc2a360000 - 0x00007ffc2a379000 	C:\Program Files\Java\jdk-21\bin\jli.dll
0x00007ffc7fce0000 - 0x00007ffc7fd91000 	C:\Windows\System32\ADVAPI32.dll
0x00007ffc7eeb0000 - 0x00007ffc7ef57000 	C:\Windows\System32\msvcrt.dll
0x00007ffc7efd0000 - 0x00007ffc7f078000 	C:\Windows\System32\sechost.dll
0x00007ffc7d740000 - 0x00007ffc7d768000 	C:\Windows\System32\bcrypt.dll
0x00007ffc7ebb0000 - 0x00007ffc7ecc8000 	C:\Windows\System32\RPCRT4.dll
0x00007ffc7e390000 - 0x00007ffc7e542000 	C:\Windows\System32\USER32.dll
0x00007ffc7dd10000 - 0x00007ffc7dd36000 	C:\Windows\System32\win32u.dll
0x00007ffc7f2b0000 - 0x00007ffc7f2d9000 	C:\Windows\System32\GDI32.dll
0x00007ffc7d620000 - 0x00007ffc7d73b000 	C:\Windows\System32\gdi32full.dll
0x00007ffc7d890000 - 0x00007ffc7d92a000 	C:\Windows\System32\msvcp_win.dll
0x00007ffbb88f0000 - 0x00007ffbb890b000 	C:\Program Files\Java\jdk-21\bin\VCRUNTIME140.dll
0x00007ffc69c10000 - 0x00007ffc69eac000 	C:\Windows\WinSxS\amd64_microsoft.windows.common-controls_6595b64144ccf1df_6.0.22621.6060_none_2712eda17382d24b\COMCTL32.dll
0x00007ffc776c0000 - 0x00007ffc776ca000 	C:\Windows\SYSTEM32\VERSION.dll
0x00007ffc7f150000 - 0x00007ffc7f181000 	C:\Windows\System32\IMM32.DLL
0x00007ffc23220000 - 0x00007ffc2322c000 	C:\Program Files\Java\jdk-21\bin\vcruntime140_1.dll
0x00007ffbdf1d0000 - 0x00007ffbdf25e000 	C:\Program Files\Java\jdk-21\bin\msvcp140.dll
0x00007ffbad5b0000 - 0x00007ffbae2ca000 	C:\Program Files\Java\jdk-21\bin\server\jvm.dll
0x00007ffc7e550000 - 0x00007ffc7e5c1000 	C:\Windows\System32\WS2_32.dll
0x00007ffc7caf0000 - 0x00007ffc7cb3d000 	C:\Windows\SYSTEM32\POWRPROF.dll
0x00007ffc75cc0000 - 0x00007ffc75cf4000 	C:\Windows\SYSTEM32\WINMM.dll
0x00007ffc7cad0000 - 0x00007ffc7cae3000 	C:\Windows\SYSTEM32\UMPDC.dll
0x00007ffc7c2c0000 - 0x00007ffc7c2d8000 	C:\Windows\SYSTEM32\kernel.appcore.dll
0x00007ffc22a20000 - 0x00007ffc22a2a000 	C:\Program Files\Java\jdk-21\bin\jimage.dll
0x00007ffc7ad40000 - 0x00007ffc7af73000 	C:\Windows\SYSTEM32\DBGHELP.DLL
0x00007ffc7e640000 - 0x00007ffc7e9d1000 	C:\Windows\System32\combase.dll
0x00007ffc7f190000 - 0x00007ffc7f268000 	C:\Windows\System32\OLEAUT32.dll
0x00007ffc716c0000 - 0x00007ffc716f2000 	C:\Windows\SYSTEM32\dbgcore.DLL
0x00007ffc7d3e0000 - 0x00007ffc7d45b000 	C:\Windows\System32\bcryptPrimitives.dll
0x00007ffbad550000 - 0x00007ffbad56f000 	C:\Program Files\Java\jdk-21\bin\java.dll
0x00007ffc7f440000 - 0x00007ffc7fcdc000 	C:\Windows\System32\SHELL32.dll
0x00007ffc7d4e0000 - 0x00007ffc7d61f000 	C:\Windows\System32\wintypes.dll
0x00007ffc7b1d0000 - 0x00007ffc7baea000 	C:\Windows\SYSTEM32\windows.storage.dll
0x00007ffc7ed20000 - 0x00007ffc7ee24000 	C:\Windows\System32\SHCORE.dll
0x00007ffc7ef60000 - 0x00007ffc7efc9000 	C:\Windows\System32\shlwapi.dll
0x00007ffc7d250000 - 0x00007ffc7d275000 	C:\Windows\SYSTEM32\profapi.dll
0x00007ffbad470000 - 0x00007ffbad547000 	C:\Program Files\Java\jdk-21\bin\jsvml.dll
0x00007ffc1f7d0000 - 0x00007ffc1f7e0000 	C:\Program Files\Java\jdk-21\bin\net.dll
0x00007ffc76140000 - 0x00007ffc7626c000 	C:\Windows\SYSTEM32\WINHTTP.dll
0x00007ffc7c780000 - 0x00007ffc7c7e9000 	C:\Windows\system32\mswsock.dll
0x00007ffbad450000 - 0x00007ffbad466000 	C:\Program Files\Java\jdk-21\bin\nio.dll
0x00007ffbad430000 - 0x00007ffbad448000 	C:\Program Files\Java\jdk-21\bin\zip.dll
0x0000000069ac0000 - 0x0000000069ae4000 	C:\Program Files\NetBeans-21\netbeans\java\maven\lib\jansi-native\Windows\x86_64\jansi.dll
0x00007ffc0fec0000 - 0x00007ffc0fed0000 	C:\Program Files\Java\jdk-21\bin\verify.dll

dbghelp: loaded successfully - version: 4.0.5 - missing functions: none
symbol engine: initialized successfully - sym options: 0x614 - pdb path: .;C:\Program Files\Java\jdk-21\bin;C:\Windows\SYSTEM32;C:\Windows\WinSxS\amd64_microsoft.windows.common-controls_6595b64144ccf1df_6.0.22621.6060_none_2712eda17382d24b;C:\Program Files\Java\jdk-21\bin\server;C:\Program Files\NetBeans-21\netbeans\java\maven\lib\jansi-native\Windows\x86_64

VM Arguments:
jvm_args: -Dclassworlds.conf=C:\Program Files\NetBeans-21\netbeans\java\maven\bin\m2.conf -Dmaven.home=C:\Program Files\NetBeans-21\netbeans\java\maven -Dlibrary.jansi.path=C:\Program Files\NetBeans-21\netbeans\java\maven\lib\jansi-native -Dmaven.multiModuleProjectDirectory=C:\Users\pc\Documents\NetBeansProjects\GHADS 
java_command: org.codehaus.plexus.classworlds.launcher.Launcher -Dmaven.ext.class.path=C:\Program Files\NetBeans-21\netbeans\java\maven-nblib\netbeans-eventspy.jar --no-transfer-progress install
java_class_path (initial): C:\Program Files\NetBeans-21\netbeans\java\maven\boot\plexus-classworlds-2.7.0.jar
Launcher Type: SUN_STANDARD

[Global flags]
     intx CICompilerCount                          = 12                                        {product} {ergonomic}
     uint ConcGCThreads                            = 3                                         {product} {ergonomic}
     uint G1ConcRefinementThreads                  = 13                                        {product} {ergonomic}
   size_t G1HeapRegionSize                         = 2097152                                   {product} {ergonomic}
    uintx GCDrainStackTargetSize                   = 64                                        {product} {ergonomic}
   size_t InitialHeapSize                          = 264241152                                 {product} {ergonomic}
   size_t MarkStackSize                            = 4194304                                   {product} {ergonomic}
   size_t MaxHeapSize                              = 4217372672                                {product} {ergonomic}
   size_t MaxNewSize                               = 2529165312                                {product} {ergonomic}
   size_t MinHeapDeltaBytes                        = 2097152                                   {product} {ergonomic}
   size_t MinHeapSize                              = 8388608                                   {product} {ergonomic}
    uintx NonNMethodCodeHeapSize                   = 7602480                                {pd product} {ergonomic}
    uintx NonProfiledCodeHeapSize                  = 122027880                              {pd product} {ergonomic}
    uintx ProfiledCodeHeapSize                     = 122027880                              {pd product} {ergonomic}
    uintx ReservedCodeCacheSize                    = 251658240                              {pd product} {ergonomic}
     bool SegmentedCodeCache                       = true                                      {product} {ergonomic}
   size_t SoftMaxHeapSize                          = 4217372672                             {manageable} {ergonomic}
     bool UseCompressedOops                        = true                           {product lp64_product} {ergonomic}
     bool UseG1GC                                  = true                                      {product} {ergonomic}
     bool UseLargePagesIndividualAllocation        = false                                  {pd product} {ergonomic}

Logging:
Log output configuration:
 #0: stdout all=warning uptime,level,tags foldmultilines=false
 #1: stderr all=off uptime,level,tags foldmultilines=false

Environment Variables:
JAVA_HOME=C:\Program Files\Java\jdk-21
PATH=C:\Program Files (x86)\VMware\VMware Workstation\bin\;C:\Program Files (x86)\Common Files\Intel\Shared Libraries\redist\intel64\compiler;C:\Program Files\Common Files\Oracle\Java\javapath;C:\Windows\system32;C:\Windows;C:\Windows\System32\Wbem;C:\Windows\System32\WindowsPowerShell\v1.0\;C:\Windows\System32\OpenSSH\;C:\Program Files\IBM\SPSS\Statistics\Subscription\JRE\bin;E:\MATLAB 2018\runtime\win64;E:\MATLAB 2018\bin;E:\MATLAB\R2018a\runtime\win64;E:\MATLAB\R2018a\bin;C:\Program Files (x86)\Microsoft SQL Server\160\DTS\Binn\;C:\Program Files\NVIDIA Corporation\NVIDIA App\NvDLISR;C:\Program Files (x86)\NVIDIA Corporation\PhysX\Common;C:\Program Files\dotnet\;C:\Program Files\Git\cmd;C:\Users\pc\dart-sdk\bin;C:\Program Files\nodejs\;C:\Users\pc\AppData\Local\Programs\Python\Python311\Scripts\;C:\Users\pc\AppData\Local\Programs\Python\Python311\;C:\Users\pc\AppData\Local\Microsoft\WindowsApps;C:\Users\pc\AppData\Local\Programs\Microsoft VS Code\bin;C:\mingw64\bin;C:\Users\pc\.dotnet\tools;C:\dart-sdk\bin;C:\Users\pc\AppData\Roaming\npm;D:\Antigravity\bin;C:\flutter\bin;C:\Users\pc\AppData\Local\Programs\Antigravity IDE\bin;
USERNAME=pc
OS=Windows_NT
PROCESSOR_IDENTIFIER=Intel64 Family 6 Model 141 Stepping 1, GenuineIntel
TMP=C:\Users\pc\AppData\Local\Temp
TEMP=C:\Users\pc\AppData\Local\Temp




Periodic native trim disabled

---------------  S Y S T E M  ---------------

OS:
 Windows 11 , 64 bit Build 22621 (10.0.22621.5415)
OS uptime: 0 days 0:03 hours
Hyper-V role detected

CPU: total 16 (initial active 16) (8 cores per cpu, 2 threads per core) family 6 model 141 stepping 1 microcode 0x34, cx8, cmov, fxsr, ht, mmx, 3dnowpref, sse, sse2, sse3, ssse3, sse4.1, sse4.2, popcnt, lzcnt, tsc, tscinvbit, avx, avx2, aes, erms, clmul, bmi1, bmi2, adx, avx512f, avx512dq, avx512cd, avx512bw, avx512vl, sha, fma, vzeroupper, avx512_vpopcntdq, avx512_vpclmulqdq, avx512_vaes, avx512_vnni, clflush, clflushopt, clwb, avx512_vbmi2, avx512_vbmi, hv, rdtscp, rdpid, fsrm, gfni, avx512_bitalg, f16c, cet_ibt, cet_ss, avx512_ifma
Processor Information for all 16 processors :
  Max Mhz: 2304, Current Mhz: 2304, Mhz Limit: 2304

Memory: 4k page, system-wide physical 16085M (5080M free)
TotalPageFile size 21796M (AvailPageFile size 0M)
current process WorkingSet (physical memory assigned to process): 107M, peak: 118M
current process commit charge ("private bytes"): 373M, peak: 405M

vm_info: Java HotSpot(TM) 64-Bit Server VM (21.0.6+8-LTS-188) for windows-amd64 JRE (21.0.6+8-LTS-188), built on 2024-12-03T10:50:54Z by "mach5one" with MS VC++ 17.6 (VS2022)

END.
