#
# A fatal error has been detected by the Java Runtime Environment:
#
#  EXCEPTION_ACCESS_VIOLATION (0xc0000005) at pc=0x00007ffbad98c693, pid=26060, tid=26388
#
# JRE version:  (21.0.6+8) (build )
# Java VM: Java HotSpot(TM) 64-Bit Server VM (21.0.6+8-LTS-188, mixed mode, sharing, tiered, compressed oops, compressed class ptrs, g1 gc, windows-amd64)
# Problematic frame:
# V  [jvm.dll+0x3dc693]
#
# No core dump will be written. Minidumps are not enabled by default on client versions of Windows
#
#

---------------  S U M M A R Y ------------

Command Line: -Dclassworlds.conf=C:\Program Files\NetBeans-21\netbeans\java\maven\bin\m2.conf -Dmaven.home=C:\Program Files\NetBeans-21\netbeans\java\maven -Dlibrary.jansi.path=C:\Program Files\NetBeans-21\netbeans\java\maven\lib\jansi-native -Dmaven.multiModuleProjectDirectory=C:\Users\pc\Documents\NetBeansProjects\GHADS org.codehaus.plexus.classworlds.launcher.Launcher -Dmaven.ext.class.path=C:\Program Files\NetBeans-21\netbeans\java\maven-nblib\netbeans-eventspy.jar --no-transfer-progress install

Host: 11th Gen Intel(R) Core(TM) i7-11800H @ 2.30GHz, 16 cores, 15G,  Windows 11 , 64 bit Build 22621 (10.0.22621.5415)
Time: Wed Jun  3 21:35:54 2026  Windows 11 , 64 bit Build 22621 (10.0.22621.5415) elapsed time: 0.321083 seconds (0d 0h 0m 0s)

---------------  T H R E A D  ---------------

Current thread (0x000002275d68d9a0):  JavaThread "Unknown thread" [_thread_in_vm, id=26388, stack(0x000000ab92c00000,0x000000ab92d00000) (1024K)]

Stack: [0x000000ab92c00000,0x000000ab92d00000],  sp=0x000000ab92cfefa0,  free space=1019k
Native frames: (J=compiled Java code, j=interpreted, Vv=VM code, C=native code)
V  [jvm.dll+0x3dc693]
V  [jvm.dll+0x6ca5f2]
V  [jvm.dll+0x3dc45e]
V  [jvm.dll+0x3bd908]
V  [jvm.dll+0x3c1622]
V  [jvm.dll+0x3c10e8]
V  [jvm.dll+0x80828d]
V  [jvm.dll+0x80795e]
V  [jvm.dll+0x44fdae]
