#
# There is insufficient memory for the Java Runtime Environment to continue.
# Native memory allocation (malloc) failed to allocate 267216 bytes for Chunk::new
# Possible reasons:
#   The system is out of physical RAM or swap space
#   The process is running with CompressedOops enabled, and the Java Heap may be blocking the growth of the native heap
# Possible solutions:
#   Reduce memory load on the system
#   Increase physical memory or swap space
#   Check if swap backing store is full
#   Decrease Java heap size (-Xmx/-Xms)
#   Decrease number of Java threads
#   Decrease Java thread stack sizes (-Xss)
#   Set larger code cache with -XX:ReservedCodeCacheSize=
#   JVM is running with Zero Based Compressed Oops mode in which the Java heap is
#     placed in the first 32GB address space. The Java Heap base address is the
#     maximum limit for the native heap growth. Please use -XX:HeapBaseMinAddress
#     to set the Java Heap base and to place the Java Heap above 32GB virtual address.
# This output file may be truncated or incomplete.
#
#  Out of Memory Error (arena.cpp:168), pid=19696, tid=12676
#
# JRE version: Java(TM) SE Runtime Environment (21.0.6+8) (build 21.0.6+8-LTS-188)
# Java VM: Java HotSpot(TM) 64-Bit Server VM (21.0.6+8-LTS-188, mixed mode, sharing, tiered, compressed oops, compressed class ptrs, g1 gc, windows-amd64)
# No core dump will be written. Minidumps are not enabled by default on client versions of Windows
#

---------------  S U M M A R Y ------------

Command Line: -Dclassworlds.conf=C:\Program Files\NetBeans-21\netbeans\java\maven\bin\m2.conf -Dmaven.home=C:\Program Files\NetBeans-21\netbeans\java\maven -Dlibrary.jansi.path=C:\Program Files\NetBeans-21\netbeans\java\maven\lib\jansi-native -Dmaven.multiModuleProjectDirectory=C:\Users\pc\Documents\NetBeansProjects\GHADS org.codehaus.plexus.classworlds.launcher.Launcher -Dmaven.ext.class.path=C:\Program Files\NetBeans-21\netbeans\java\maven-nblib\netbeans-eventspy.jar --no-transfer-progress install

Host: 11th Gen Intel(R) Core(TM) i7-11800H @ 2.30GHz, 16 cores, 15G,  Windows 11 , 64 bit Build 22621 (10.0.22621.5415)
Time: Wed Jun  3 21:36:01 2026  Windows 11 , 64 bit Build 22621 (10.0.22621.5415) elapsed time: 12.154434 seconds (0d 0h 0m 12s)

---------------  T H R E A D  ---------------

Current thread (0x00000174d859d130):  JavaThread "C2 CompilerThread0" daemon [_thread_in_native, id=12676, stack(0x0000005bccf00000,0x0000005bcd000000) (1024K)]


Current CompileTask:
C2:  12154 2558       4       com.google.inject.internal.asm.$SymbolTable::addConstantUtf8 (98 bytes)

Stack: [0x0000005bccf00000,0x0000005bcd000000]
Native frames: (J=compiled Java code, j=interpreted, Vv=VM code, C=native code)
V  [jvm.dll+0x6ca6d9]
V  [jvm.dll+0x854f51]
V  [jvm.dll+0x85747e]
V  [jvm.dll+0x857b53]
V  [jvm.dll+0x27dcc6]
V  [jvm.dll+0xc4c2d]
V  [jvm.dll+0xc5163]
V  [jvm.dll+0x2f0fbd]
V  [jvm.dll+0x5f546a]
V  [jvm.dll+0x24f8a2]
V  [jvm.dll+0x24858f]
V  [jvm.dll+0x245df4]
V  [jvm.dll+0x1c6d2e]
V  [jvm.dll+0x2554f9]
V  [jvm.dll+0x253a8a]
V  [jvm.dll+0x3ee576]
V  [jvm.dll+0x7ff2fb]
V  [jvm.dll+0x6c8dbd]
C  [ucrtbase.dll+0x29333]
C  [KERNEL32.DLL+0x1259d]
C  [ntdll.dll+0x5af78]


---------------  P R O C E S S  ---------------

Threads class SMR info:
_java_thread_list=0x000001751e0227e0, length=15, elements={
0x00000174b673d800, 0x00000174d858dc80, 0x00000174d8592d50, 0x00000174d8595dc0,
0x00000174d8598d10, 0x00000174d859a860, 0x00000174d859b3a0, 0x00000174d859d130,
0x00000174d859ec00, 0x00000174d874d130, 0x00000174d874e0f0, 0x00000174d87b73c0,
0x00000174d87b7a60, 0x000001751e3bcbb0, 0x00000174d87ac480
}

Java Threads: ( => current thread )
  0x00000174b673d800 JavaThread "main"                              [_thread_in_native, id=19444, stack(0x0000005bcc100000,0x0000005bcc200000) (1024K)]
  0x00000174d858dc80 JavaThread "Reference Handler"          daemon [_thread_blocked, id=15940, stack(0x0000005bcc900000,0x0000005bcca00000) (1024K)]
  0x00000174d8592d50 JavaThread "Finalizer"                  daemon [_thread_blocked, id=18960, stack(0x0000005bcca00000,0x0000005bccb00000) (1024K)]
  0x00000174d8595dc0 JavaThread "Signal Dispatcher"          daemon [_thread_blocked, id=17188, stack(0x0000005bccb00000,0x0000005bccc00000) (1024K)]
  0x00000174d8598d10 JavaThread "Attach Listener"            daemon [_thread_blocked, id=6016, stack(0x0000005bccc00000,0x0000005bccd00000) (1024K)]
  0x00000174d859a860 JavaThread "Service Thread"             daemon [_thread_blocked, id=17184, stack(0x0000005bccd00000,0x0000005bcce00000) (1024K)]
  0x00000174d859b3a0 JavaThread "Monitor Deflation Thread"   daemon [_thread_blocked, id=18892, stack(0x0000005bcce00000,0x0000005bccf00000) (1024K)]
=>0x00000174d859d130 JavaThread "C2 CompilerThread0"         daemon [_thread_in_native, id=12676, stack(0x0000005bccf00000,0x0000005bcd000000) (1024K)]
  0x00000174d859ec00 JavaThread "C1 CompilerThread0"         daemon [_thread_blocked, id=17148, stack(0x0000005bcd000000,0x0000005bcd100000) (1024K)]
  0x00000174d874d130 JavaThread "Notification Thread"        daemon [_thread_blocked, id=14064, stack(0x0000005bcd100000,0x0000005bcd200000) (1024K)]
  0x00000174d874e0f0 JavaThread "Common-Cleaner"             daemon [_thread_blocked, id=17196, stack(0x0000005bcd200000,0x0000005bcd300000) (1024K)]
  0x00000174d87b73c0 JavaThread "C1 CompilerThread1"         daemon [_thread_blocked, id=6328, stack(0x0000005bcd300000,0x0000005bcd400000) (1024K)]
  0x00000174d87b7a60 JavaThread "C1 CompilerThread2"         daemon [_thread_blocked, id=18832, stack(0x0000005bcd400000,0x0000005bcd500000) (1024K)]
  0x000001751e3bcbb0 JavaThread "C2 CompilerThread1"         daemon [_thread_blocked, id=23988, stack(0x0000005bcd700000,0x0000005bcd800000) (1024K)]
  0x00000174d87ac480 JavaThread "C2 CompilerThread2"         daemon [_thread_new, id=19452, stack(0x0000000000000000,0x0000000000000000) (0B)]
Total: 15

Other Threads:
  0x00000174d85747b0 VMThread "VM Thread"                           [id=23360, stack(0x0000005bcc800000,0x0000005bcc900000) (1024K)]
  0x00000174d85625e0 WatcherThread "VM Periodic Task Thread"        [id=1112, stack(0x0000005bcc700000,0x0000005bcc800000) (1024K)]
  0x00000174b89d0b80 WorkerThread "GC Thread#0"                     [id=19204, stack(0x0000005bcc200000,0x0000005bcc300000) (1024K)]
  0x000001751e8ca380 WorkerThread "GC Thread#1"                     [id=26596, stack(0x0000005bcdd00000,0x0000005bcde00000) (1024K)]
  0x000001751e8ca720 WorkerThread "GC Thread#2"                     [id=26576, stack(0x0000005bcde00000,0x0000005bcdf00000) (1024K)]
  0x000001751e8caac0 WorkerThread "GC Thread#3"                     [id=13348, stack(0x0000005bcdf00000,0x0000005bce000000) (1024K)]
  0x000001751e8cae60 WorkerThread "GC Thread#4"                     [id=15732, stack(0x0000005bce000000,0x0000005bce100000) (1024K)]
  0x000001751e8c7320 WorkerThread "GC Thread#5"                     [id=13556, stack(0x0000005bce100000,0x0000005bce200000) (1024K)]
  0x000001751e8c7eb0 WorkerThread "GC Thread#6"                     [id=26816, stack(0x0000005bce200000,0x0000005bce300000) (1024K)]
  0x000001751e8e9af0 WorkerThread "GC Thread#7"                     [id=20968, stack(0x0000005bce300000,0x0000005bce400000) (1024K)]
  0x000001751e8e9e90 WorkerThread "GC Thread#8"                     [id=3632, stack(0x0000005bce400000,0x0000005bce500000) (1024K)]
  0x000001751e98b9b0 WorkerThread "GC Thread#9"                     [id=6248, stack(0x0000005bcd500000,0x0000005bcd600000) (1024K)]
  0x000001751e98c0f0 WorkerThread "GC Thread#10"                    [id=27292, stack(0x0000005bcd600000,0x0000005bcd700000) (1024K)]
  0x00000174b89e16b0 ConcurrentGCThread "G1 Main Marker"            [id=19184, stack(0x0000005bcc300000,0x0000005bcc400000) (1024K)]
  0x00000174b89e29c0 WorkerThread "G1 Conc#0"                       [id=19200, stack(0x0000005bcc400000,0x0000005bcc500000) (1024K)]
  0x00000174d84325f0 ConcurrentGCThread "G1 Refine#0"               [id=19096, stack(0x0000005bcc500000,0x0000005bcc600000) (1024K)]
  0x00000174b8a2e890 ConcurrentGCThread "G1 Service"                [id=18724, stack(0x0000005bcc600000,0x0000005bcc700000) (1024K)]
Total: 17

Threads with active compile tasks:
C2 CompilerThread0    12236 2558       4       com.google.inject.internal.asm.$SymbolTable::addConstantUtf8 (98 bytes)
Total: 1

VM state: not at safepoint (normal execution)

VM Mutex/Monitor currently owned by a thread: None

Heap address: 0x0000000704a00000, size: 4022 MB, Compressed Oops mode: Zero based, Oop shift amount: 3

CDS archive(s) mapped at: [0x00000174d9000000-0x00000174d9c90000-0x00000174d9c90000), size 13172736, SharedBaseAddress: 0x00000174d9000000, ArchiveRelocationMode: 1.
Compressed class space mapped at: 0x00000174da000000-0x000001751a000000, reserved size: 1073741824
Narrow klass base: 0x00000174d9000000, Narrow klass shift: 0, Narrow klass range: 0x100000000

GC Precious Log:
 CardTable entry size: 512
 Card Set container configuration: InlinePtr #cards 4 size 8 Array Of Cards #cards 16 size 48 Howl #buckets 8 coarsen threshold 3686 Howl Bitmap #cards 512 size 80 coarsen threshold 460 Card regions per heap region 1 cards per card region 4096
 CPUs: 16 total, 16 available
 Memory: 16085M
 Large Page Support: Disabled
 NUMA Support: Disabled
 Compressed Oops: Enabled (Zero based)
 Heap Region Size: 2M
 Heap Min Capacity: 8M
 Heap Initial Capacity: 252M
 Heap Max Capacity: 4022M
 Pre-touch: Disabled
 Parallel Workers: 13
 Concurrent Workers: 3
 Concurrent Refinement Workers: 13
 Periodic GC: Disabled

Heap:
 garbage-first heap   total 258048K, used 19895K [0x0000000704a00000, 0x0000000800000000)
  region size 2048K, 9 young (18432K), 1 survivors (2048K)
 Metaspace       used 12454K, committed 12672K, reserved 1114112K
  class space    used 1463K, committed 1536K, reserved 1048576K

Heap Regions: E=young(eden), S=young(survivor), O=old, HS=humongous(starts), HC=humongous(continues), CS=collection set, F=free, TAMS=top-at-mark-start, PB=parsable bottom
|   0|0x0000000704a00000, 0x0000000704c00000, 0x0000000704c00000|100%| O|  |TAMS 0x0000000704a00000| PB 0x0000000704a00000| Untracked 
|   1|0x0000000704c00000, 0x0000000704d9a9d8, 0x0000000704e00000| 80%| O|  |TAMS 0x0000000704c00000| PB 0x0000000704c00000| Untracked 
|   2|0x0000000704e00000, 0x0000000704e00000, 0x0000000705000000|  0%| F|  |TAMS 0x0000000704e00000| PB 0x0000000704e00000| Untracked 
|   3|0x0000000705000000, 0x0000000705000000, 0x0000000705200000|  0%| F|  |TAMS 0x0000000705000000| PB 0x0000000705000000| Untracked 
|   4|0x0000000705200000, 0x0000000705200000, 0x0000000705400000|  0%| F|  |TAMS 0x0000000705200000| PB 0x0000000705200000| Untracked 
|   5|0x0000000705400000, 0x0000000705400000, 0x0000000705600000|  0%| F|  |TAMS 0x0000000705400000| PB 0x0000000705400000| Untracked 
|   6|0x0000000705600000, 0x0000000705600000, 0x0000000705800000|  0%| F|  |TAMS 0x0000000705600000| PB 0x0000000705600000| Untracked 
|   7|0x0000000705800000, 0x0000000705800000, 0x0000000705a00000|  0%| F|  |TAMS 0x0000000705800000| PB 0x0000000705800000| Untracked 
|   8|0x0000000705a00000, 0x0000000705a00000, 0x0000000705c00000|  0%| F|  |TAMS 0x0000000705a00000| PB 0x0000000705a00000| Untracked 
|   9|0x0000000705c00000, 0x0000000705c00000, 0x0000000705e00000|  0%| F|  |TAMS 0x0000000705c00000| PB 0x0000000705c00000| Untracked 
|  10|0x0000000705e00000, 0x0000000705e00000, 0x0000000706000000|  0%| F|  |TAMS 0x0000000705e00000| PB 0x0000000705e00000| Untracked 
|  11|0x0000000706000000, 0x0000000706000000, 0x0000000706200000|  0%| F|  |TAMS 0x0000000706000000| PB 0x0000000706000000| Untracked 
|  12|0x0000000706200000, 0x0000000706200000, 0x0000000706400000|  0%| F|  |TAMS 0x0000000706200000| PB 0x0000000706200000| Untracked 
|  13|0x0000000706400000, 0x0000000706400000, 0x0000000706600000|  0%| F|  |TAMS 0x0000000706400000| PB 0x0000000706400000| Untracked 
|  14|0x0000000706600000, 0x0000000706600000, 0x0000000706800000|  0%| F|  |TAMS 0x0000000706600000| PB 0x0000000706600000| Untracked 
|  15|0x0000000706800000, 0x0000000706800000, 0x0000000706a00000|  0%| F|  |TAMS 0x0000000706800000| PB 0x0000000706800000| Untracked 
|  16|0x0000000706a00000, 0x0000000706a00000, 0x0000000706c00000|  0%| F|  |TAMS 0x0000000706a00000| PB 0x0000000706a00000| Untracked 
|  17|0x0000000706c00000, 0x0000000706c00000, 0x0000000706e00000|  0%| F|  |TAMS 0x0000000706c00000| PB 0x0000000706c00000| Untracked 
|  18|0x0000000706e00000, 0x0000000706e00000, 0x0000000707000000|  0%| F|  |TAMS 0x0000000706e00000| PB 0x0000000706e00000| Untracked 
|  19|0x0000000707000000, 0x0000000707000000, 0x0000000707200000|  0%| F|  |TAMS 0x0000000707000000| PB 0x0000000707000000| Untracked 
|  20|0x0000000707200000, 0x0000000707200000, 0x0000000707400000|  0%| F|  |TAMS 0x0000000707200000| PB 0x0000000707200000| Untracked 
|  21|0x0000000707400000, 0x0000000707400000, 0x0000000707600000|  0%| F|  |TAMS 0x0000000707400000| PB 0x0000000707400000| Untracked 
|  22|0x0000000707600000, 0x0000000707600000, 0x0000000707800000|  0%| F|  |TAMS 0x0000000707600000| PB 0x0000000707600000| Untracked 
|  23|0x0000000707800000, 0x0000000707800000, 0x0000000707a00000|  0%| F|  |TAMS 0x0000000707800000| PB 0x0000000707800000| Untracked 
|  24|0x0000000707a00000, 0x0000000707a00000, 0x0000000707c00000|  0%| F|  |TAMS 0x0000000707a00000| PB 0x0000000707a00000| Untracked 
|  25|0x0000000707c00000, 0x0000000707c00000, 0x0000000707e00000|  0%| F|  |TAMS 0x0000000707c00000| PB 0x0000000707c00000| Untracked 
|  26|0x0000000707e00000, 0x0000000707e00000, 0x0000000708000000|  0%| F|  |TAMS 0x0000000707e00000| PB 0x0000000707e00000| Untracked 
|  27|0x0000000708000000, 0x0000000708000000, 0x0000000708200000|  0%| F|  |TAMS 0x0000000708000000| PB 0x0000000708000000| Untracked 
|  28|0x0000000708200000, 0x0000000708200000, 0x0000000708400000|  0%| F|  |TAMS 0x0000000708200000| PB 0x0000000708200000| Untracked 
|  29|0x0000000708400000, 0x0000000708400000, 0x0000000708600000|  0%| F|  |TAMS 0x0000000708400000| PB 0x0000000708400000| Untracked 
|  30|0x0000000708600000, 0x0000000708600000, 0x0000000708800000|  0%| F|  |TAMS 0x0000000708600000| PB 0x0000000708600000| Untracked 
|  31|0x0000000708800000, 0x0000000708800000, 0x0000000708a00000|  0%| F|  |TAMS 0x0000000708800000| PB 0x0000000708800000| Untracked 
|  32|0x0000000708a00000, 0x0000000708a00000, 0x0000000708c00000|  0%| F|  |TAMS 0x0000000708a00000| PB 0x0000000708a00000| Untracked 
|  33|0x0000000708c00000, 0x0000000708c00000, 0x0000000708e00000|  0%| F|  |TAMS 0x0000000708c00000| PB 0x0000000708c00000| Untracked 
|  34|0x0000000708e00000, 0x0000000708e00000, 0x0000000709000000|  0%| F|  |TAMS 0x0000000708e00000| PB 0x0000000708e00000| Untracked 
|  35|0x0000000709000000, 0x0000000709000000, 0x0000000709200000|  0%| F|  |TAMS 0x0000000709000000| PB 0x0000000709000000| Untracked 
|  36|0x0000000709200000, 0x0000000709200000, 0x0000000709400000|  0%| F|  |TAMS 0x0000000709200000| PB 0x0000000709200000| Untracked 
|  37|0x0000000709400000, 0x0000000709400000, 0x0000000709600000|  0%| F|  |TAMS 0x0000000709400000| PB 0x0000000709400000| Untracked 
|  38|0x0000000709600000, 0x0000000709600000, 0x0000000709800000|  0%| F|  |TAMS 0x0000000709600000| PB 0x0000000709600000| Untracked 
|  39|0x0000000709800000, 0x0000000709800000, 0x0000000709a00000|  0%| F|  |TAMS 0x0000000709800000| PB 0x0000000709800000| Untracked 
|  40|0x0000000709a00000, 0x0000000709a00000, 0x0000000709c00000|  0%| F|  |TAMS 0x0000000709a00000| PB 0x0000000709a00000| Untracked 
|  41|0x0000000709c00000, 0x0000000709c00000, 0x0000000709e00000|  0%| F|  |TAMS 0x0000000709c00000| PB 0x0000000709c00000| Untracked 
|  42|0x0000000709e00000, 0x0000000709e00000, 0x000000070a000000|  0%| F|  |TAMS 0x0000000709e00000| PB 0x0000000709e00000| Untracked 
|  43|0x000000070a000000, 0x000000070a000000, 0x000000070a200000|  0%| F|  |TAMS 0x000000070a000000| PB 0x000000070a000000| Untracked 
|  44|0x000000070a200000, 0x000000070a200000, 0x000000070a400000|  0%| F|  |TAMS 0x000000070a200000| PB 0x000000070a200000| Untracked 
|  45|0x000000070a400000, 0x000000070a400000, 0x000000070a600000|  0%| F|  |TAMS 0x000000070a400000| PB 0x000000070a400000| Untracked 
|  46|0x000000070a600000, 0x000000070a600000, 0x000000070a800000|  0%| F|  |TAMS 0x000000070a600000| PB 0x000000070a600000| Untracked 
|  47|0x000000070a800000, 0x000000070a800000, 0x000000070aa00000|  0%| F|  |TAMS 0x000000070a800000| PB 0x000000070a800000| Untracked 
|  48|0x000000070aa00000, 0x000000070aa00000, 0x000000070ac00000|  0%| F|  |TAMS 0x000000070aa00000| PB 0x000000070aa00000| Untracked 
|  49|0x000000070ac00000, 0x000000070ac00000, 0x000000070ae00000|  0%| F|  |TAMS 0x000000070ac00000| PB 0x000000070ac00000| Untracked 
|  50|0x000000070ae00000, 0x000000070ae00000, 0x000000070b000000|  0%| F|  |TAMS 0x000000070ae00000| PB 0x000000070ae00000| Untracked 
|  51|0x000000070b000000, 0x000000070b000000, 0x000000070b200000|  0%| F|  |TAMS 0x000000070b000000| PB 0x000000070b000000| Untracked 
|  52|0x000000070b200000, 0x000000070b200000, 0x000000070b400000|  0%| F|  |TAMS 0x000000070b200000| PB 0x000000070b200000| Untracked 
|  53|0x000000070b400000, 0x000000070b400000, 0x000000070b600000|  0%| F|  |TAMS 0x000000070b400000| PB 0x000000070b400000| Untracked 
|  54|0x000000070b600000, 0x000000070b600000, 0x000000070b800000|  0%| F|  |TAMS 0x000000070b600000| PB 0x000000070b600000| Untracked 
|  55|0x000000070b800000, 0x000000070b800000, 0x000000070ba00000|  0%| F|  |TAMS 0x000000070b800000| PB 0x000000070b800000| Untracked 
|  56|0x000000070ba00000, 0x000000070ba00000, 0x000000070bc00000|  0%| F|  |TAMS 0x000000070ba00000| PB 0x000000070ba00000| Untracked 
|  57|0x000000070bc00000, 0x000000070bc00000, 0x000000070be00000|  0%| F|  |TAMS 0x000000070bc00000| PB 0x000000070bc00000| Untracked 
|  58|0x000000070be00000, 0x000000070be00000, 0x000000070c000000|  0%| F|  |TAMS 0x000000070be00000| PB 0x000000070be00000| Untracked 
|  59|0x000000070c000000, 0x000000070c000000, 0x000000070c200000|  0%| F|  |TAMS 0x000000070c000000| PB 0x000000070c000000| Untracked 
|  60|0x000000070c200000, 0x000000070c200000, 0x000000070c400000|  0%| F|  |TAMS 0x000000070c200000| PB 0x000000070c200000| Untracked 
|  61|0x000000070c400000, 0x000000070c400000, 0x000000070c600000|  0%| F|  |TAMS 0x000000070c400000| PB 0x000000070c400000| Untracked 
|  62|0x000000070c600000, 0x000000070c600000, 0x000000070c800000|  0%| F|  |TAMS 0x000000070c600000| PB 0x000000070c600000| Untracked 
|  63|0x000000070c800000, 0x000000070c800000, 0x000000070ca00000|  0%| F|  |TAMS 0x000000070c800000| PB 0x000000070c800000| Untracked 
|  64|0x000000070ca00000, 0x000000070ca00000, 0x000000070cc00000|  0%| F|  |TAMS 0x000000070ca00000| PB 0x000000070ca00000| Untracked 
|  65|0x000000070cc00000, 0x000000070cc00000, 0x000000070ce00000|  0%| F|  |TAMS 0x000000070cc00000| PB 0x000000070cc00000| Untracked 
|  66|0x000000070ce00000, 0x000000070ce00000, 0x000000070d000000|  0%| F|  |TAMS 0x000000070ce00000| PB 0x000000070ce00000| Untracked 
|  67|0x000000070d000000, 0x000000070d000000, 0x000000070d200000|  0%| F|  |TAMS 0x000000070d000000| PB 0x000000070d000000| Untracked 
|  68|0x000000070d200000, 0x000000070d200000, 0x000000070d400000|  0%| F|  |TAMS 0x000000070d200000| PB 0x000000070d200000| Untracked 
|  69|0x000000070d400000, 0x000000070d400000, 0x000000070d600000|  0%| F|  |TAMS 0x000000070d400000| PB 0x000000070d400000| Untracked 
|  70|0x000000070d600000, 0x000000070d600000, 0x000000070d800000|  0%| F|  |TAMS 0x000000070d600000| PB 0x000000070d600000| Untracked 
|  71|0x000000070d800000, 0x000000070d800000, 0x000000070da00000|  0%| F|  |TAMS 0x000000070d800000| PB 0x000000070d800000| Untracked 
|  72|0x000000070da00000, 0x000000070da00000, 0x000000070dc00000|  0%| F|  |TAMS 0x000000070da00000| PB 0x000000070da00000| Untracked 
|  73|0x000000070dc00000, 0x000000070dc00000, 0x000000070de00000|  0%| F|  |TAMS 0x000000070dc00000| PB 0x000000070dc00000| Untracked 
|  74|0x000000070de00000, 0x000000070de00000, 0x000000070e000000|  0%| F|  |TAMS 0x000000070de00000| PB 0x000000070de00000| Untracked 
|  75|0x000000070e000000, 0x000000070e000000, 0x000000070e200000|  0%| F|  |TAMS 0x000000070e000000| PB 0x000000070e000000| Untracked 
|  76|0x000000070e200000, 0x000000070e200000, 0x000000070e400000|  0%| F|  |TAMS 0x000000070e200000| PB 0x000000070e200000| Untracked 
|  77|0x000000070e400000, 0x000000070e400000, 0x000000070e600000|  0%| F|  |TAMS 0x000000070e400000| PB 0x000000070e400000| Untracked 
|  78|0x000000070e600000, 0x000000070e600000, 0x000000070e800000|  0%| F|  |TAMS 0x000000070e600000| PB 0x000000070e600000| Untracked 
|  79|0x000000070e800000, 0x000000070e800000, 0x000000070ea00000|  0%| F|  |TAMS 0x000000070e800000| PB 0x000000070e800000| Untracked 
|  80|0x000000070ea00000, 0x000000070ea00000, 0x000000070ec00000|  0%| F|  |TAMS 0x000000070ea00000| PB 0x000000070ea00000| Untracked 
|  81|0x000000070ec00000, 0x000000070ec00000, 0x000000070ee00000|  0%| F|  |TAMS 0x000000070ec00000| PB 0x000000070ec00000| Untracked 
|  82|0x000000070ee00000, 0x000000070ee00000, 0x000000070f000000|  0%| F|  |TAMS 0x000000070ee00000| PB 0x000000070ee00000| Untracked 
|  83|0x000000070f000000, 0x000000070f000000, 0x000000070f200000|  0%| F|  |TAMS 0x000000070f000000| PB 0x000000070f000000| Untracked 
|  84|0x000000070f200000, 0x000000070f200000, 0x000000070f400000|  0%| F|  |TAMS 0x000000070f200000| PB 0x000000070f200000| Untracked 
|  85|0x000000070f400000, 0x000000070f400000, 0x000000070f600000|  0%| F|  |TAMS 0x000000070f400000| PB 0x000000070f400000| Untracked 
|  86|0x000000070f600000, 0x000000070f600000, 0x000000070f800000|  0%| F|  |TAMS 0x000000070f600000| PB 0x000000070f600000| Untracked 
|  87|0x000000070f800000, 0x000000070f800000, 0x000000070fa00000|  0%| F|  |TAMS 0x000000070f800000| PB 0x000000070f800000| Untracked 
|  88|0x000000070fa00000, 0x000000070fa00000, 0x000000070fc00000|  0%| F|  |TAMS 0x000000070fa00000| PB 0x000000070fa00000| Untracked 
|  89|0x000000070fc00000, 0x000000070fc00000, 0x000000070fe00000|  0%| F|  |TAMS 0x000000070fc00000| PB 0x000000070fc00000| Untracked 
|  90|0x000000070fe00000, 0x000000070fe00000, 0x0000000710000000|  0%| F|  |TAMS 0x000000070fe00000| PB 0x000000070fe00000| Untracked 
|  91|0x0000000710000000, 0x0000000710000000, 0x0000000710200000|  0%| F|  |TAMS 0x0000000710000000| PB 0x0000000710000000| Untracked 
|  92|0x0000000710200000, 0x0000000710200000, 0x0000000710400000|  0%| F|  |TAMS 0x0000000710200000| PB 0x0000000710200000| Untracked 
|  93|0x0000000710400000, 0x0000000710400000, 0x0000000710600000|  0%| F|  |TAMS 0x0000000710400000| PB 0x0000000710400000| Untracked 
|  94|0x0000000710600000, 0x0000000710600000, 0x0000000710800000|  0%| F|  |TAMS 0x0000000710600000| PB 0x0000000710600000| Untracked 
|  95|0x0000000710800000, 0x0000000710800000, 0x0000000710a00000|  0%| F|  |TAMS 0x0000000710800000| PB 0x0000000710800000| Untracked 
|  96|0x0000000710a00000, 0x0000000710a00000, 0x0000000710c00000|  0%| F|  |TAMS 0x0000000710a00000| PB 0x0000000710a00000| Untracked 
|  97|0x0000000710c00000, 0x0000000710c00000, 0x0000000710e00000|  0%| F|  |TAMS 0x0000000710c00000| PB 0x0000000710c00000| Untracked 
|  98|0x0000000710e00000, 0x0000000710e00000, 0x0000000711000000|  0%| F|  |TAMS 0x0000000710e00000| PB 0x0000000710e00000| Untracked 
|  99|0x0000000711000000, 0x0000000711000000, 0x0000000711200000|  0%| F|  |TAMS 0x0000000711000000| PB 0x0000000711000000| Untracked 
| 100|0x0000000711200000, 0x0000000711200000, 0x0000000711400000|  0%| F|  |TAMS 0x0000000711200000| PB 0x0000000711200000| Untracked 
| 101|0x0000000711400000, 0x0000000711400000, 0x0000000711600000|  0%| F|  |TAMS 0x0000000711400000| PB 0x0000000711400000| Untracked 
| 102|0x0000000711600000, 0x0000000711600000, 0x0000000711800000|  0%| F|  |TAMS 0x0000000711600000| PB 0x0000000711600000| Untracked 
| 103|0x0000000711800000, 0x0000000711800000, 0x0000000711a00000|  0%| F|  |TAMS 0x0000000711800000| PB 0x0000000711800000| Untracked 
| 104|0x0000000711a00000, 0x0000000711a00000, 0x0000000711c00000|  0%| F|  |TAMS 0x0000000711a00000| PB 0x0000000711a00000| Untracked 
| 105|0x0000000711c00000, 0x0000000711c00000, 0x0000000711e00000|  0%| F|  |TAMS 0x0000000711c00000| PB 0x0000000711c00000| Untracked 
| 106|0x0000000711e00000, 0x0000000711e00000, 0x0000000712000000|  0%| F|  |TAMS 0x0000000711e00000| PB 0x0000000711e00000| Untracked 
| 107|0x0000000712000000, 0x0000000712000000, 0x0000000712200000|  0%| F|  |TAMS 0x0000000712000000| PB 0x0000000712000000| Untracked 
| 108|0x0000000712200000, 0x00000007123d3310, 0x0000000712400000| 91%| S|CS|TAMS 0x0000000712200000| PB 0x0000000712200000| Complete 
| 109|0x0000000712400000, 0x0000000712400000, 0x0000000712600000|  0%| F|  |TAMS 0x0000000712400000| PB 0x0000000712400000| Untracked 
| 110|0x0000000712600000, 0x0000000712600000, 0x0000000712800000|  0%| F|  |TAMS 0x0000000712600000| PB 0x0000000712600000| Untracked 
| 111|0x0000000712800000, 0x0000000712800000, 0x0000000712a00000|  0%| F|  |TAMS 0x0000000712800000| PB 0x0000000712800000| Untracked 
| 112|0x0000000712a00000, 0x0000000712a00000, 0x0000000712c00000|  0%| F|  |TAMS 0x0000000712a00000| PB 0x0000000712a00000| Untracked 
| 113|0x0000000712c00000, 0x0000000712c00000, 0x0000000712e00000|  0%| F|  |TAMS 0x0000000712c00000| PB 0x0000000712c00000| Untracked 
| 114|0x0000000712e00000, 0x0000000712e00000, 0x0000000713000000|  0%| F|  |TAMS 0x0000000712e00000| PB 0x0000000712e00000| Untracked 
| 115|0x0000000713000000, 0x0000000713000000, 0x0000000713200000|  0%| F|  |TAMS 0x0000000713000000| PB 0x0000000713000000| Untracked 
| 116|0x0000000713200000, 0x0000000713200000, 0x0000000713400000|  0%| F|  |TAMS 0x0000000713200000| PB 0x0000000713200000| Untracked 
| 117|0x0000000713400000, 0x0000000713400000, 0x0000000713600000|  0%| F|  |TAMS 0x0000000713400000| PB 0x0000000713400000| Untracked 
| 118|0x0000000713600000, 0x000000071369ad68, 0x0000000713800000| 30%| E|  |TAMS 0x0000000713600000| PB 0x0000000713600000| Complete 
| 119|0x0000000713800000, 0x0000000713a00000, 0x0000000713a00000|100%| E|CS|TAMS 0x0000000713800000| PB 0x0000000713800000| Complete 
| 120|0x0000000713a00000, 0x0000000713c00000, 0x0000000713c00000|100%| E|CS|TAMS 0x0000000713a00000| PB 0x0000000713a00000| Complete 
| 121|0x0000000713c00000, 0x0000000713e00000, 0x0000000713e00000|100%| E|CS|TAMS 0x0000000713c00000| PB 0x0000000713c00000| Complete 
| 122|0x0000000713e00000, 0x0000000714000000, 0x0000000714000000|100%| E|CS|TAMS 0x0000000713e00000| PB 0x0000000713e00000| Complete 
| 123|0x0000000714000000, 0x0000000714200000, 0x0000000714200000|100%| E|CS|TAMS 0x0000000714000000| PB 0x0000000714000000| Complete 
| 124|0x0000000714200000, 0x0000000714400000, 0x0000000714400000|100%| E|CS|TAMS 0x0000000714200000| PB 0x0000000714200000| Complete 
| 125|0x0000000714400000, 0x0000000714600000, 0x0000000714600000|100%| E|CS|TAMS 0x0000000714400000| PB 0x0000000714400000| Complete 

Card table byte_map: [0x00000174d0e60000,0x00000174d1640000] _byte_map_base: 0x00000174cd63b000

Marking Bits: (CMBitMap*) 0x00000174b89d1280
 Bits: [0x00000174d1640000, 0x00000174d5518000)

Polling page: 0x00000174b6910000

Metaspace:

Usage:
  Non-class:     10.73 MB used.
      Class:      1.43 MB used.
       Both:     12.16 MB used.

Virtual space:
  Non-class space:       64.00 MB reserved,      10.88 MB ( 17%) committed,  1 nodes.
      Class space:        1.00 GB reserved,       1.50 MB ( <1%) committed,  1 nodes.
             Both:        1.06 GB reserved,      12.38 MB (  1%) committed. 

Chunk freelists:
   Non-Class:  4.11 MB
       Class:  14.50 MB
        Both:  18.61 MB

MaxMetaspaceSize: unlimited
CompressedClassSpaceSize: 1.00 GB
Initial GC threshold: 21.00 MB
Current GC threshold: 21.00 MB
CDS: on
 - commit_granule_bytes: 65536.
 - commit_granule_words: 8192.
 - virtual_space_node_default_size: 8388608.
 - enlarge_chunks_in_place: 1.
 - use_allocation_guard: 0.


Internal statistics:

num_allocs_failed_limit: 0.
num_arena_births: 108.
num_arena_deaths: 0.
num_vsnodes_births: 2.
num_vsnodes_deaths: 0.
num_space_committed: 198.
num_space_uncommitted: 0.
num_chunks_returned_to_freelist: 0.
num_chunks_taken_from_freelist: 501.
num_chunk_merges: 0.
num_chunk_splits: 358.
num_chunks_enlarged: 306.
num_inconsistent_stats: 0.

CodeHeap 'non-profiled nmethods': size=119168Kb used=832Kb max_used=832Kb free=118335Kb
 bounds [0x00000174c8990000, 0x00000174c8c00000, 0x00000174cfdf0000]
CodeHeap 'profiled nmethods': size=119104Kb used=5343Kb max_used=5343Kb free=113760Kb
 bounds [0x00000174c0df0000, 0x00000174c1330000, 0x00000174c8240000]
CodeHeap 'non-nmethods': size=7488Kb used=2628Kb max_used=3202Kb free=4859Kb
 bounds [0x00000174c8240000, 0x00000174c85e0000, 0x00000174c8990000]
 total_blobs=3095 nmethods=2626 adapters=371
 compilation: enabled
              stopped_count=0, restarted_count=0
 full_count=0

Compilation events (20 events):
Event: 12.137 Thread 0x00000174d859ec00 nmethod 2563 0x00000174c130b610 code [0x00000174c130b7a0, 0x00000174c130b890]
Event: 12.140 Thread 0x00000174d87b7a60 2566       3       com.google.inject.internal.asm.$Handler::putExceptionTable (63 bytes)
Event: 12.140 Thread 0x00000174d87b73c0 2565       3       com.google.inject.internal.asm.$MethodWriter::putMethodInfo (1274 bytes)
Event: 12.141 Thread 0x00000174d87b7a60 nmethod 2566 0x00000174c130b910 code [0x00000174c130bb40, 0x00000174c130bfe8]
Event: 12.141 Thread 0x00000174d87b7a60 2567       3       java.lang.invoke.DirectMethodHandle::make (21 bytes)
Event: 12.141 Thread 0x00000174d87b7a60 nmethod 2567 0x00000174c130c290 code [0x00000174c130c460, 0x00000174c130c758]
Event: 12.142 Thread 0x00000174d859d130 nmethod 2554 0x00000174c8a59190 code [0x00000174c8a59360, 0x00000174c8a59ca8]
Event: 12.145 Thread 0x00000174d87b73c0 nmethod 2565 0x00000174c130c890 code [0x00000174c130cfc0, 0x00000174c130f940]
Event: 12.145 Thread 0x00000174d859d130 2558       4       com.google.inject.internal.asm.$SymbolTable::addConstantUtf8 (98 bytes)
Event: 12.146 Thread 0x00000174d87b73c0 2568       3       java.lang.invoke.DirectMethodHandle::make (275 bytes)
Event: 12.146 Thread 0x00000174d87b7a60 2569       3       java.lang.invoke.MemberName::isField (8 bytes)
Event: 12.147 Thread 0x00000174d87b7a60 nmethod 2569 0x00000174c1310c90 code [0x00000174c1310e40, 0x00000174c1311010]
Event: 12.147 Thread 0x00000174d87b73c0 nmethod 2568 0x00000174c1311110 code [0x00000174c13114c0, 0x00000174c13128c0]
Event: 12.150 Thread 0x00000174d859ec00 2571       3       com.google.inject.internal.aop.ClassBuilding::signature (10 bytes)
Event: 12.151 Thread 0x00000174d859ec00 nmethod 2571 0x00000174c1313010 code [0x00000174c13131e0, 0x00000174c1313538]
Event: 12.151 Thread 0x00000174d87b73c0 2573   !   3       java.lang.invoke.MethodHandleNatives::linkMethodHandleConstant (50 bytes)
Event: 12.151 Thread 0x00000174d87b7a60 2574       3       java.lang.invoke.MethodHandles$Lookup::linkMethodHandleConstant (223 bytes)
Event: 12.152 Thread 0x00000174d87b73c0 nmethod 2573 0x00000174c1313690 code [0x00000174c1313860, 0x00000174c1313a68]
Event: 12.152 Thread 0x00000174d87b73c0 2575       3       java.lang.ref.WeakReference::<init> (6 bytes)
Event: 12.152 Thread 0x00000174d87b73c0 nmethod 2575 0x00000174c1313c10 code [0x00000174c1313de0, 0x00000174c13140f8]

GC Heap History (4 events):
Event: 8.180 GC heap before
{Heap before GC invocations=0 (full 0):
 garbage-first heap   total 258048K, used 22528K [0x0000000704a00000, 0x0000000800000000)
  region size 2048K, 11 young (22528K), 0 survivors (0K)
 Metaspace       used 5776K, committed 6016K, reserved 1114112K
  class space    used 650K, committed 768K, reserved 1048576K
}
Event: 8.897 GC heap after
{Heap after GC invocations=1 (full 0):
 garbage-first heap   total 258048K, used 3850K [0x0000000704a00000, 0x0000000800000000)
  region size 2048K, 2 young (4096K), 2 survivors (4096K)
 Metaspace       used 5776K, committed 6016K, reserved 1114112K
  class space    used 650K, committed 768K, reserved 1048576K
}
Event: 10.986 GC heap before
{Heap before GC invocations=1 (full 0):
 garbage-first heap   total 258048K, used 34570K [0x0000000704a00000, 0x0000000800000000)
  region size 2048K, 17 young (34816K), 2 survivors (4096K)
 Metaspace       used 9763K, committed 9920K, reserved 1114112K
  class space    used 1126K, committed 1216K, reserved 1048576K
}
Event: 10.991 GC heap after
{Heap after GC invocations=2 (full 0):
 garbage-first heap   total 258048K, used 5559K [0x0000000704a00000, 0x0000000800000000)
  region size 2048K, 1 young (2048K), 1 survivors (2048K)
 Metaspace       used 9763K, committed 9920K, reserved 1114112K
  class space    used 1126K, committed 1216K, reserved 1048576K
}

Dll operation events (8 events):
Event: 0.012 Loaded shared library C:\Program Files\Java\jdk-21\bin\java.dll
Event: 0.240 Loaded shared library C:\Program Files\Java\jdk-21\bin\jsvml.dll
Event: 0.301 Loaded shared library C:\Program Files\Java\jdk-21\bin\net.dll
Event: 0.365 Loaded shared library C:\Program Files\Java\jdk-21\bin\nio.dll
Event: 0.444 Loaded shared library C:\Program Files\Java\jdk-21\bin\zip.dll
Event: 2.687 Loaded shared library C:\Program Files\Java\jdk-21\bin\jimage.dll
Event: 2.704 Loaded shared library C:\Program Files\NetBeans-21\netbeans\java\maven\lib\jansi-native\Windows\x86_64\jansi.dll
Event: 2.722 Loaded shared library C:\Program Files\Java\jdk-21\bin\verify.dll

Deoptimization events (20 events):
Event: 11.344 Thread 0x00000174b673d800 Uncommon trap: trap_request=0xffffff45 fr.pc=0x00000174c89dc0ec relative=0x00000000000002ac
Event: 11.344 Thread 0x00000174b673d800 Uncommon trap: reason=unstable_if action=reinterpret pc=0x00000174c89dc0ec method=java.util.concurrent.ConcurrentHashMap.get(Ljava/lang/Object;)Ljava/lang/Object; @ 76 c2
Event: 11.344 Thread 0x00000174b673d800 DEOPT PACKING pc=0x00000174c89dc0ec sp=0x0000005bcc1fb840
Event: 11.344 Thread 0x00000174b673d800 DEOPT UNPACKING pc=0x00000174c8297da2 sp=0x0000005bcc1fb7b8 mode 2
Event: 11.502 Thread 0x00000174b673d800 Uncommon trap: trap_request=0xffffff45 fr.pc=0x00000174c8a098fc relative=0x000000000000023c
Event: 11.502 Thread 0x00000174b673d800 Uncommon trap: reason=unstable_if action=reinterpret pc=0x00000174c8a098fc method=java.lang.ClassLoader.checkName(Ljava/lang/String;)Z @ 1 c2
Event: 11.502 Thread 0x00000174b673d800 DEOPT PACKING pc=0x00000174c8a098fc sp=0x0000005bcc1fdfa0
Event: 11.502 Thread 0x00000174b673d800 DEOPT UNPACKING pc=0x00000174c8297da2 sp=0x0000005bcc1fdf38 mode 2
Event: 11.503 Thread 0x00000174b673d800 Uncommon trap: trap_request=0xffffff45 fr.pc=0x00000174c899fa68 relative=0x0000000000000048
Event: 11.503 Thread 0x00000174b673d800 Uncommon trap: reason=unstable_if action=reinterpret pc=0x00000174c899fa68 method=java.lang.StringLatin1.canEncode(I)Z @ 4 c2
Event: 11.503 Thread 0x00000174b673d800 DEOPT PACKING pc=0x00000174c899fa68 sp=0x0000005bcc1fe110
Event: 11.503 Thread 0x00000174b673d800 DEOPT UNPACKING pc=0x00000174c8297da2 sp=0x0000005bcc1fe0a0 mode 2
Event: 11.520 Thread 0x00000174b673d800 Uncommon trap: trap_request=0xffffff45 fr.pc=0x00000174c8a44064 relative=0x0000000000000324
Event: 11.520 Thread 0x00000174b673d800 Uncommon trap: reason=unstable_if action=reinterpret pc=0x00000174c8a44064 method=jdk.internal.org.objectweb.asm.SymbolTable.put(Ljdk/internal/org/objectweb/asm/SymbolTable$Entry;)Ljdk/internal/org/objectweb/asm/SymbolTable$Entry; @ 13 c2
Event: 11.520 Thread 0x00000174b673d800 DEOPT PACKING pc=0x00000174c8a44064 sp=0x0000005bcc1fdc60
Event: 11.520 Thread 0x00000174b673d800 DEOPT UNPACKING pc=0x00000174c8297da2 sp=0x0000005bcc1fdbe0 mode 2
Event: 11.564 Thread 0x00000174b673d800 DEOPT PACKING pc=0x00000174c111afdc sp=0x0000005bcc1fe480
Event: 11.564 Thread 0x00000174b673d800 DEOPT UNPACKING pc=0x00000174c82988e2 sp=0x0000005bcc1fd9e0 mode 0
Event: 11.806 Thread 0x00000174b673d800 DEOPT PACKING pc=0x00000174c11d369c sp=0x0000005bcc1fd8e0
Event: 11.806 Thread 0x00000174b673d800 DEOPT UNPACKING pc=0x00000174c82988e2 sp=0x0000005bcc1fcd98 mode 0

Classes loaded (20 events):
Event: 11.242 Loading class java/nio/channels/OverlappingFileLockException
Event: 11.242 Loading class java/nio/channels/OverlappingFileLockException done
Event: 11.242 Loading class java/nio/channels/FileLock
Event: 11.243 Loading class java/nio/channels/FileLock done
Event: 11.276 Loading class java/nio/file/AccessDeniedException
Event: 11.276 Loading class java/nio/file/AccessDeniedException done
Event: 11.340 Loading class java/lang/ExceptionInInitializerError
Event: 11.340 Loading class java/lang/ExceptionInInitializerError done
Event: 11.344 Loading class jdk/internal/vm/annotation/ForceInline
Event: 11.344 Loading class jdk/internal/vm/annotation/ForceInline done
Event: 11.393 Loading class sun/invoke/util/ValueConversions$1
Event: 11.394 Loading class sun/invoke/util/ValueConversions$1 done
Event: 11.395 Loading class java/lang/invoke/BoundMethodHandle$Species_LI
Event: 11.395 Loading class java/lang/invoke/BoundMethodHandle$Species_LI done
Event: 11.500 Loading class jdk/internal/org/objectweb/asm/ClassReader
Event: 11.501 Loading class jdk/internal/org/objectweb/asm/ClassReader done
Event: 11.806 Loading class sun/reflect/generics/scope/MethodScope
Event: 11.806 Loading class sun/reflect/generics/scope/MethodScope done
Event: 11.806 Loading class sun/reflect/generics/repository/MethodRepository
Event: 11.806 Loading class sun/reflect/generics/repository/MethodRepository done

Classes unloaded (0 events):
No events

Classes redefined (0 events):
No events

Internal exceptions (20 events):
Event: 2.806 Thread 0x00000174b673d800 Exception <a 'java/lang/NoSuchMethodError'{0x0000000713f4e510}: 'void java.lang.invoke.DirectMethodHandle$Holder.invokeStatic(java.lang.Object, java.lang.Object, java.lang.Object)'> (0x0000000713f4e510) 
thrown [s\open\src\hotspot\share\interpreter\linkResolver.cpp, line 773]
Event: 6.348 Thread 0x00000174b673d800 Exception <a 'java/lang/NoSuchMethodError'{0x0000000713d002e0}: 'java.lang.Object java.lang.invoke.DirectMethodHandle$Holder.invokeSpecialIFC(java.lang.Object, java.lang.Object, java.lang.Object, java.lang.Object)'> (0x0000000713d002e0) 
thrown [s\open\src\hotspot\share\interpreter\linkResolver.cpp, line 773]
Event: 6.890 Thread 0x00000174b673d800 Exception <a 'java/lang/NoSuchMethodError'{0x000000071366ae48}: 'void java.lang.invoke.DirectMethodHandle$Holder.invokeSpecial(java.lang.Object, java.lang.Object, java.lang.Object)'> (0x000000071366ae48) 
thrown [s\open\src\hotspot\share\interpreter\linkResolver.cpp, line 773]
Event: 6.949 Thread 0x00000174b673d800 Exception <a 'java/lang/NoSuchMethodError'{0x00000007137ac6b0}: 'java.lang.Object java.lang.invoke.DirectMethodHandle$Holder.invokeInterface(java.lang.Object, java.lang.Object)'> (0x00000007137ac6b0) 
thrown [s\open\src\hotspot\share\interpreter\linkResolver.cpp, line 773]
Event: 7.060 Thread 0x00000174b673d800 Exception <a 'java/lang/NoSuchMethodError'{0x000000071343e840}: 'int java.lang.invoke.DirectMethodHandle$Holder.invokeStatic(java.lang.Object, java.lang.Object, java.lang.Object, java.lang.Object)'> (0x000000071343e840) 
thrown [s\open\src\hotspot\share\interpreter\linkResolver.cpp, line 773]
Event: 7.061 Thread 0x00000174b673d800 Exception <a 'java/lang/NoSuchMethodError'{0x0000000713441ed0}: 'java.lang.Object java.lang.invoke.Invokers$Holder.invokeExact_MT(java.lang.Object, java.lang.Object, java.lang.Object, java.lang.Object, java.lang.Object, java.lang.Object)'> (0x0000000713441ed0) 
thrown [s\open\src\hotspot\share\interpreter\linkResolver.cpp, line 773]
Event: 7.064 Thread 0x00000174b673d800 Exception <a 'java/lang/NoSuchMethodError'{0x0000000713450540}: 'int java.lang.invoke.DirectMethodHandle$Holder.invokeSpecialIFC(java.lang.Object, java.lang.Object, java.lang.Object, java.lang.Object, java.lang.Object)'> (0x0000000713450540) 
thrown [s\open\src\hotspot\share\interpreter\linkResolver.cpp, line 773]
Event: 7.248 Thread 0x00000174b673d800 Exception <a 'java/lang/NoSuchMethodError'{0x00000007135c7ce0}: 'java.lang.Object java.lang.invoke.DirectMethodHandle$Holder.newInvokeSpecial(java.lang.Object, java.lang.Object, java.lang.Object, java.lang.Object, java.lang.Object)'> (0x00000007135c7ce0) 
thrown [s\open\src\hotspot\share\interpreter\linkResolver.cpp, line 773]
Event: 7.302 Thread 0x00000174b673d800 Exception <a 'java/lang/NoSuchMethodError'{0x00000007132be640}: 'int java.lang.invoke.DirectMethodHandle$Holder.invokeStaticInit(java.lang.Object, java.lang.Object)'> (0x00000007132be640) 
thrown [s\open\src\hotspot\share\interpreter\linkResolver.cpp, line 773]
Event: 7.318 Thread 0x00000174b673d800 Exception <a 'java/lang/NoClassDefFoundError'{0x00000007132f33c8}: javax/enterprise/inject/Typed> (0x00000007132f33c8) 
thrown [s\open\src\hotspot\share\classfile\systemDictionary.cpp, line 301]
Event: 11.330 Thread 0x00000174b673d800 Exception <a 'java/lang/NoSuchMethodError'{0x000000071410f408}: 'void java.lang.invoke.DirectMethodHandle$Holder.invokeStaticInit(java.lang.Object, java.lang.Object, java.lang.Object)'> (0x000000071410f408) 
thrown [s\open\src\hotspot\share\interpreter\linkResolver.cpp, line 773]
Event: 11.342 Thread 0x00000174b673d800 Exception <a 'java/lang/ExceptionInInitializerError'{0x00000007141378d0}> (0x00000007141378d0) 
thrown [s\open\src\hotspot\share\oops\instanceKlass.cpp, line 1192]
Event: 11.394 Thread 0x00000174b673d800 Exception <a 'java/lang/NoSuchMethodError'{0x0000000713e412d8}: 'long java.lang.invoke.DirectMethodHandle$Holder.invokeStatic(java.lang.Object, java.lang.Object, int)'> (0x0000000713e412d8) 
thrown [s\open\src\hotspot\share\interpreter\linkResolver.cpp, line 773]
Event: 11.396 Thread 0x00000174b673d800 Exception <a 'java/lang/NoSuchMethodError'{0x0000000713e543b0}: 'java.lang.Object java.lang.invoke.DirectMethodHandle$Holder.invokeStatic(java.lang.Object, java.lang.Object, java.lang.Object, java.lang.Object, int)'> (0x0000000713e543b0) 
thrown [s\open\src\hotspot\share\interpreter\linkResolver.cpp, line 773]
Event: 11.397 Thread 0x00000174b673d800 Exception <a 'java/lang/NoSuchMethodError'{0x0000000713e5c2e8}: 'java.lang.Object java.lang.invoke.DirectMethodHandle$Holder.invokeSpecial(java.lang.Object, java.lang.Object, java.lang.Object, java.lang.Object, long)'> (0x0000000713e5c2e8) 
thrown [s\open\src\hotspot\share\interpreter\linkResolver.cpp, line 773]
Event: 11.401 Thread 0x00000174b673d800 Exception <a 'java/lang/NoSuchMethodError'{0x0000000713e67bb0}: 'java.lang.Object java.lang.invoke.DirectMethodHandle$Holder.invokeSpecial(java.lang.Object, java.lang.Object, java.lang.Object, int, java.lang.Object)'> (0x0000000713e67bb0) 
thrown [s\open\src\hotspot\share\interpreter\linkResolver.cpp, line 773]
Event: 11.497 Thread 0x00000174b673d800 Exception <a 'java/lang/NoSuchMethodError'{0x0000000713e6fcf0}: 'int java.lang.invoke.DirectMethodHandle$Holder.invokeSpecial(java.lang.Object, java.lang.Object, java.lang.Object, int)'> (0x0000000713e6fcf0) 
thrown [s\open\src\hotspot\share\interpreter\linkResolver.cpp, line 773]
Event: 11.502 Thread 0x00000174b673d800 Implicit null exception at 0x00000174c8a096dd to 0x00000174c8a098e8
Event: 11.504 Thread 0x00000174b673d800 Exception <a 'java/lang/NoSuchMethodError'{0x0000000713e93e88}: 'java.lang.Object java.lang.invoke.Invokers$Holder.invokeExact_MT(java.lang.Object, int, java.lang.Object)'> (0x0000000713e93e88) 
thrown [s\open\src\hotspot\share\interpreter\linkResolver.cpp, line 773]
Event: 11.524 Thread 0x00000174b673d800 Exception <a 'java/lang/NoSuchMethodError'{0x0000000713f44168}: 'void java.lang.invoke.DirectMethodHandle$Holder.invokeStatic(java.lang.Object, java.lang.Object)'> (0x0000000713f44168) 
thrown [s\open\src\hotspot\share\interpreter\linkResolver.cpp, line 773]

ZGC Phase Switch (0 events):
No events

VM Operations (20 events):
Event: 7.517 Executing VM operation: G1CollectForAllocation (G1 Evacuation Pause)
Event: 8.897 Executing VM operation: G1CollectForAllocation (G1 Evacuation Pause) done
Event: 9.911 Executing VM operation: Cleanup
Event: 9.911 Executing VM operation: Cleanup done
Event: 10.258 Executing VM operation: HandshakeAllThreads (Deoptimize)
Event: 10.258 Executing VM operation: HandshakeAllThreads (Deoptimize) done
Event: 10.455 Executing VM operation: HandshakeAllThreads (Deoptimize)
Event: 10.455 Executing VM operation: HandshakeAllThreads (Deoptimize) done
Event: 10.986 Executing VM operation: G1CollectForAllocation (G1 Evacuation Pause)
Event: 10.991 Executing VM operation: G1CollectForAllocation (G1 Evacuation Pause) done
Event: 11.353 Executing VM operation: HandshakeAllThreads (Deoptimize)
Event: 11.353 Executing VM operation: HandshakeAllThreads (Deoptimize) done
Event: 11.558 Executing VM operation: HandshakeAllThreads (Deoptimize)
Event: 11.558 Executing VM operation: HandshakeAllThreads (Deoptimize) done
Event: 11.562 Executing VM operation: HandshakeAllThreads (Deoptimize)
Event: 11.562 Executing VM operation: HandshakeAllThreads (Deoptimize) done
Event: 11.784 Executing VM operation: ICBufferFull
Event: 11.785 Executing VM operation: ICBufferFull done
Event: 11.806 Executing VM operation: HandshakeAllThreads (Deoptimize)
Event: 11.806 Executing VM operation: HandshakeAllThreads (Deoptimize) done

Events (20 events):
Event: 0.241 Thread 0x00000174d87b7a60 Thread added: 0x00000174d87b7a60
Event: 0.241 Thread 0x00000174d87b8100 Thread added: 0x00000174d87b8100
Event: 5.739 Thread 0x00000174d87b8100 Thread exited: 0x00000174d87b8100
Event: 6.392 Thread 0x00000174d882fa60 Thread added: 0x00000174d882fa60
Event: 7.356 Thread 0x000001751e063bb0 Thread added: 0x000001751e063bb0
Event: 7.356 Thread 0x000001751e3630b0 Thread added: 0x000001751e3630b0
Event: 7.356 Thread 0x000001751e8af410 Thread added: 0x000001751e8af410
Event: 7.430 Thread 0x000001751e9361c0 Thread added: 0x000001751e9361c0
Event: 7.431 Thread 0x000001751e92ad70 Thread added: 0x000001751e92ad70
Event: 7.431 Thread 0x000001751e92b410 Thread added: 0x000001751e92b410
Event: 7.431 Thread 0x000001751e7ea120 Thread added: 0x000001751e7ea120
Event: 8.898 Thread 0x00000174d882fa60 Thread exited: 0x00000174d882fa60
Event: 9.091 Thread 0x000001751e7ea120 Thread exited: 0x000001751e7ea120
Event: 9.093 Thread 0x000001751e92b410 Thread exited: 0x000001751e92b410
Event: 9.093 Thread 0x000001751e92ad70 Thread exited: 0x000001751e92ad70
Event: 9.100 Thread 0x000001751e9361c0 Thread exited: 0x000001751e9361c0
Event: 9.918 Thread 0x000001751e8af410 Thread exited: 0x000001751e8af410
Event: 9.918 Thread 0x000001751e3630b0 Thread exited: 0x000001751e3630b0
Event: 9.918 Thread 0x000001751e063bb0 Thread exited: 0x000001751e063bb0
Event: 12.152 Thread 0x000001751e3bcbb0 Thread added: 0x000001751e3bcbb0


Dynamic libraries:
0x00007ff65f260000 - 0x00007ff65f270000 	C:\Program Files\Java\jdk-21\bin\java.exe
0x00007ffc80210000 - 0x00007ffc80428000 	C:\Windows\SYSTEM32\ntdll.dll
0x00007ffc7f080000 - 0x00007ffc7f144000 	C:\Windows\System32\KERNEL32.DLL
0x00007ffc7d930000 - 0x00007ffc7dd03000 	C:\Windows\System32\KERNELBASE.dll
0x00007ffc7d770000 - 0x00007ffc7d881000 	C:\Windows\System32\ucrtbase.dll
0x00007ffc2a360000 - 0x00007ffc2a379000 	C:\Program Files\Java\jdk-21\bin\jli.dll
0x00007ffc7fce0000 - 0x00007ffc7fd91000 	C:\Windows\System32\ADVAPI32.dll
0x00007ffc7eeb0000 - 0x00007ffc7ef57000 	C:\Windows\System32\msvcrt.dll
0x00007ffc7efd0000 - 0x00007ffc7f078000 	C:\Windows\System32\sechost.dll
0x00007ffc7d740000 - 0x00007ffc7d768000 	C:\Windows\System32\bcrypt.dll
0x00007ffc7ebb0000 - 0x00007ffc7ecc8000 	C:\Windows\System32\RPCRT4.dll
0x00007ffc7e390000 - 0x00007ffc7e542000 	C:\Windows\System32\USER32.dll
0x00007ffc7dd10000 - 0x00007ffc7dd36000 	C:\Windows\System32\win32u.dll
0x00007ffc7f2b0000 - 0x00007ffc7f2d9000 	C:\Windows\System32\GDI32.dll
0x00007ffc7d620000 - 0x00007ffc7d73b000 	C:\Windows\System32\gdi32full.dll
0x00007ffc7d890000 - 0x00007ffc7d92a000 	C:\Windows\System32\msvcp_win.dll
0x00007ffbb88f0000 - 0x00007ffbb890b000 	C:\Program Files\Java\jdk-21\bin\VCRUNTIME140.dll
0x00007ffc69c10000 - 0x00007ffc69eac000 	C:\Windows\WinSxS\amd64_microsoft.windows.common-controls_6595b64144ccf1df_6.0.22621.6060_none_2712eda17382d24b\COMCTL32.dll
0x00007ffc776c0000 - 0x00007ffc776ca000 	C:\Windows\SYSTEM32\VERSION.dll
0x00007ffc7f150000 - 0x00007ffc7f181000 	C:\Windows\System32\IMM32.DLL
0x00007ffc23220000 - 0x00007ffc2322c000 	C:\Program Files\Java\jdk-21\bin\vcruntime140_1.dll
0x00007ffbdf1d0000 - 0x00007ffbdf25e000 	C:\Program Files\Java\jdk-21\bin\msvcp140.dll
0x00007ffbad5b0000 - 0x00007ffbae2ca000 	C:\Program Files\Java\jdk-21\bin\server\jvm.dll
0x00007ffc7e550000 - 0x00007ffc7e5c1000 	C:\Windows\System32\WS2_32.dll
0x00007ffc7caf0000 - 0x00007ffc7cb3d000 	C:\Windows\SYSTEM32\POWRPROF.dll
0x00007ffc75cc0000 - 0x00007ffc75cf4000 	C:\Windows\SYSTEM32\WINMM.dll
0x00007ffc7cad0000 - 0x00007ffc7cae3000 	C:\Windows\SYSTEM32\UMPDC.dll
0x00007ffc7c2c0000 - 0x00007ffc7c2d8000 	C:\Windows\SYSTEM32\kernel.appcore.dll
0x00007ffc22a20000 - 0x00007ffc22a2a000 	C:\Program Files\Java\jdk-21\bin\jimage.dll
0x00007ffc7ad40000 - 0x00007ffc7af73000 	C:\Windows\SYSTEM32\DBGHELP.DLL
0x00007ffc7e640000 - 0x00007ffc7e9d1000 	C:\Windows\System32\combase.dll
0x00007ffc7f190000 - 0x00007ffc7f268000 	C:\Windows\System32\OLEAUT32.dll
0x00007ffc716c0000 - 0x00007ffc716f2000 	C:\Windows\SYSTEM32\dbgcore.DLL
0x00007ffc7d3e0000 - 0x00007ffc7d45b000 	C:\Windows\System32\bcryptPrimitives.dll
0x00007ffbad550000 - 0x00007ffbad56f000 	C:\Program Files\Java\jdk-21\bin\java.dll
0x00007ffc7f440000 - 0x00007ffc7fcdc000 	C:\Windows\System32\SHELL32.dll
0x00007ffc7d4e0000 - 0x00007ffc7d61f000 	C:\Windows\System32\wintypes.dll
0x00007ffc7b1d0000 - 0x00007ffc7baea000 	C:\Windows\SYSTEM32\windows.storage.dll
0x00007ffc7ed20000 - 0x00007ffc7ee24000 	C:\Windows\System32\SHCORE.dll
0x00007ffc7ef60000 - 0x00007ffc7efc9000 	C:\Windows\System32\shlwapi.dll
0x00007ffc7d250000 - 0x00007ffc7d275000 	C:\Windows\SYSTEM32\profapi.dll
0x00007ffbad470000 - 0x00007ffbad547000 	C:\Program Files\Java\jdk-21\bin\jsvml.dll
0x00007ffc1f7d0000 - 0x00007ffc1f7e0000 	C:\Program Files\Java\jdk-21\bin\net.dll
0x00007ffc76140000 - 0x00007ffc7626c000 	C:\Windows\SYSTEM32\WINHTTP.dll
0x00007ffc7c780000 - 0x00007ffc7c7e9000 	C:\Windows\system32\mswsock.dll
0x00007ffbad450000 - 0x00007ffbad466000 	C:\Program Files\Java\jdk-21\bin\nio.dll
0x00007ffbad430000 - 0x00007ffbad448000 	C:\Program Files\Java\jdk-21\bin\zip.dll
0x0000000069ac0000 - 0x0000000069ae4000 	C:\Program Files\NetBeans-21\netbeans\java\maven\lib\jansi-native\Windows\x86_64\jansi.dll
0x00007ffc0fec0000 - 0x00007ffc0fed0000 	C:\Program Files\Java\jdk-21\bin\verify.dll

dbghelp: loaded successfully - version: 4.0.5 - missing functions: none
symbol engine: initialized successfully - sym options: 0x614 - pdb path: .;C:\Program Files\Java\jdk-21\bin;C:\Windows\SYSTEM32;C:\Windows\WinSxS\amd64_microsoft.windows.common-controls_6595b64144ccf1df_6.0.22621.6060_none_2712eda17382d24b;C:\Program Files\Java\jdk-21\bin\server;C:\Program Files\NetBeans-21\netbeans\java\maven\lib\jansi-native\Windows\x86_64

VM Arguments:
jvm_args: -Dclassworlds.conf=C:\Program Files\NetBeans-21\netbeans\java\maven\bin\m2.conf -Dmaven.home=C:\Program Files\NetBeans-21\netbeans\java\maven -Dlibrary.jansi.path=C:\Program Files\NetBeans-21\netbeans\java\maven\lib\jansi-native -Dmaven.multiModuleProjectDirectory=C:\Users\pc\Documents\NetBeansProjects\GHADS 
java_command: org.codehaus.plexus.classworlds.launcher.Launcher -Dmaven.ext.class.path=C:\Program Files\NetBeans-21\netbeans\java\maven-nblib\netbeans-eventspy.jar --no-transfer-progress install
java_class_path (initial): C:\Program Files\NetBeans-21\netbeans\java\maven\boot\plexus-classworlds-2.7.0.jar
Launcher Type: SUN_STANDARD

[Global flags]
     intx CICompilerCount                          = 12                                        {product} {ergonomic}
     uint ConcGCThreads                            = 3                                         {product} {ergonomic}
     uint G1ConcRefinementThreads                  = 13                                        {product} {ergonomic}
   size_t G1HeapRegionSize                         = 2097152                                   {product} {ergonomic}
    uintx GCDrainStackTargetSize                   = 64                                        {product} {ergonomic}
   size_t InitialHeapSize                          = 264241152                                 {product} {ergonomic}
   size_t MarkStackSize                            = 4194304                                   {product} {ergonomic}
   size_t MaxHeapSize                              = 4217372672                                {product} {ergonomic}
   size_t MaxNewSize                               = 2529165312                                {product} {ergonomic}
   size_t MinHeapDeltaBytes                        = 2097152                                   {product} {ergonomic}
   size_t MinHeapSize                              = 8388608                                   {product} {ergonomic}
    uintx NonNMethodCodeHeapSize                   = 7602480                                {pd product} {ergonomic}
    uintx NonProfiledCodeHeapSize                  = 122027880                              {pd product} {ergonomic}
    uintx ProfiledCodeHeapSize                     = 122027880                              {pd product} {ergonomic}
    uintx ReservedCodeCacheSize                    = 251658240                              {pd product} {ergonomic}
     bool SegmentedCodeCache                       = true                                      {product} {ergonomic}
   size_t SoftMaxHeapSize                          = 4217372672                             {manageable} {ergonomic}
     bool UseCompressedOops                        = true                           {product lp64_product} {ergonomic}
     bool UseG1GC                                  = true                                      {product} {ergonomic}
     bool UseLargePagesIndividualAllocation        = false                                  {pd product} {ergonomic}

Logging:
Log output configuration:
 #0: stdout all=warning uptime,level,tags foldmultilines=false
 #1: stderr all=off uptime,level,tags foldmultilines=false

Environment Variables:
JAVA_HOME=C:\Program Files\Java\jdk-21
PATH=C:\Program Files (x86)\VMware\VMware Workstation\bin\;C:\Program Files (x86)\Common Files\Intel\Shared Libraries\redist\intel64\compiler;C:\Program Files\Common Files\Oracle\Java\javapath;C:\Windows\system32;C:\Windows;C:\Windows\System32\Wbem;C:\Windows\System32\WindowsPowerShell\v1.0\;C:\Windows\System32\OpenSSH\;C:\Program Files\IBM\SPSS\Statistics\Subscription\JRE\bin;E:\MATLAB 2018\runtime\win64;E:\MATLAB 2018\bin;E:\MATLAB\R2018a\runtime\win64;E:\MATLAB\R2018a\bin;C:\Program Files (x86)\Microsoft SQL Server\160\DTS\Binn\;C:\Program Files\NVIDIA Corporation\NVIDIA App\NvDLISR;C:\Program Files (x86)\NVIDIA Corporation\PhysX\Common;C:\Program Files\dotnet\;C:\Program Files\Git\cmd;C:\Users\pc\dart-sdk\bin;C:\Program Files\nodejs\;C:\Users\pc\AppData\Local\Programs\Python\Python311\Scripts\;C:\Users\pc\AppData\Local\Programs\Python\Python311\;C:\Users\pc\AppData\Local\Microsoft\WindowsApps;C:\Users\pc\AppData\Local\Programs\Microsoft VS Code\bin;C:\mingw64\bin;C:\Users\pc\.dotnet\tools;C:\dart-sdk\bin;C:\Users\pc\AppData\Roaming\npm;D:\Antigravity\bin;C:\flutter\bin;C:\Users\pc\AppData\Local\Programs\Antigravity IDE\bin;
USERNAME=pc
OS=Windows_NT
PROCESSOR_IDENTIFIER=Intel64 Family 6 Model 141 Stepping 1, GenuineIntel
TMP=C:\Users\pc\AppData\Local\Temp
TEMP=C:\Users\pc\AppData\Local\Temp




Periodic native trim disabled

---------------  S Y S T E M  ---------------

OS:
 Windows 11 , 64 bit Build 22621 (10.0.22621.5415)
OS uptime: 0 days 0:03 hours
Hyper-V role detected

CPU: total 16 (initial active 16) (8 cores per cpu, 2 threads per core) family 6 model 141 stepping 1 microcode 0x34, cx8, cmov, fxsr, ht, mmx, 3dnowpref, sse, sse2, sse3, ssse3, sse4.1, sse4.2, popcnt, lzcnt, tsc, tscinvbit, avx, avx2, aes, erms, clmul, bmi1, bmi2, adx, avx512f, avx512dq, avx512cd, avx512bw, avx512vl, sha, fma, vzeroupper, avx512_vpopcntdq, avx512_vpclmulqdq, avx512_vaes, avx512_vnni, clflush, clflushopt, clwb, avx512_vbmi2, avx512_vbmi, hv, rdtscp, rdpid, fsrm, gfni, avx512_bitalg, f16c, cet_ibt, cet_ss, avx512_ifma
Processor Information for all 16 processors :
  Max Mhz: 2304, Current Mhz: 2304, Mhz Limit: 2304

Memory: 4k page, system-wide physical 16085M (5078M free)
TotalPageFile size 21796M (AvailPageFile size 0M)
current process WorkingSet (physical memory assigned to process): 105M, peak: 105M
current process commit charge ("private bytes"): 373M, peak: 373M

vm_info: Java HotSpot(TM) 64-Bit Server VM (21.0.6+8-LTS-188) for windows-amd64 JRE (21.0.6+8-LTS-188), built on 2024-12-03T10:50:54Z by "mach5one" with MS VC++ 17.6 (VS2022)

END.
