#
# There is insufficient memory for the Java Runtime Environment to continue.
# Native memory allocation (malloc) failed to allocate 65552 bytes for Chunk::new
# Possible reasons:
#   The system is out of physical RAM or swap space
#   The process is running with CompressedOops enabled, and the Java Heap may be blocking the growth of the native heap
# Possible solutions:
#   Reduce memory load on the system
#   Increase physical memory or swap space
#   Check if swap backing store is full
#   Decrease Java heap size (-Xmx/-Xms)
#   Decrease number of Java threads
#   Decrease Java thread stack sizes (-Xss)
#   Set larger code cache with -XX:ReservedCodeCacheSize=
#   JVM is running with Zero Based Compressed Oops mode in which the Java heap is
#     placed in the first 32GB address space. The Java Heap base address is the
#     maximum limit for the native heap growth. Please use -XX:HeapBaseMinAddress
#     to set the Java Heap base and to place the Java Heap above 32GB virtual address.
# This output file may be truncated or incomplete.
#
#  Out of Memory Error (arena.cpp:168), pid=24956, tid=16740
#
# JRE version: Java(TM) SE Runtime Environment (21.0.6+8) (build 21.0.6+8-LTS-188)
# Java VM: Java HotSpot(TM) 64-Bit Server VM (21.0.6+8-LTS-188, mixed mode, sharing, tiered, compressed oops, compressed class ptrs, g1 gc, windows-amd64)
# No core dump will be written. Minidumps are not enabled by default on client versions of Windows
#

---------------  S U M M A R Y ------------

Command Line: -Dclassworlds.conf=C:\Program Files\NetBeans-21\netbeans\java\maven\bin\m2.conf -Dmaven.home=C:\Program Files\NetBeans-21\netbeans\java\maven -Dlibrary.jansi.path=C:\Program Files\NetBeans-21\netbeans\java\maven\lib\jansi-native -Dmaven.multiModuleProjectDirectory=C:\Users\pc\Documents\NetBeansProjects\GHADS org.codehaus.plexus.classworlds.launcher.Launcher -Dmaven.ext.class.path=C:\Program Files\NetBeans-21\netbeans\java\maven-nblib\netbeans-eventspy.jar --no-transfer-progress install

Host: 11th Gen Intel(R) Core(TM) i7-11800H @ 2.30GHz, 16 cores, 15G,  Windows 11 , 64 bit Build 22621 (10.0.22621.5415)
Time: Wed Jun  3 21:35:59 2026  Windows 11 , 64 bit Build 22621 (10.0.22621.5415) elapsed time: 7.083204 seconds (0d 0h 0m 7s)

---------------  T H R E A D  ---------------

Current thread (0x0000014920f7ecb0):  JavaThread "C2 CompilerThread0" daemon [_thread_in_native, id=16740, stack(0x0000000e43f00000,0x0000000e44000000) (1024K)]


Current CompileTask:
C2:   7083 1738   !   4       java.lang.String::<init> (890 bytes)

Stack: [0x0000000e43f00000,0x0000000e44000000]
Native frames: (J=compiled Java code, j=interpreted, Vv=VM code, C=native code)
V  [jvm.dll+0x6ca6d9]
V  [jvm.dll+0x854f51]
V  [jvm.dll+0x85747e]
V  [jvm.dll+0x857b53]
V  [jvm.dll+0x27dcc6]
V  [jvm.dll+0xc4c2d]
V  [jvm.dll+0xc5163]
V  [jvm.dll+0xc4d55]
V  [jvm.dll+0x6a76fc]
V  [jvm.dll+0x6038be]
V  [jvm.dll+0x5eae80]
V  [jvm.dll+0x5ef18e]
V  [jvm.dll+0x5ee889]
V  [jvm.dll+0x5ee770]
V  [jvm.dll+0x5ee8ec]
V  [jvm.dll+0x5ee8ec]
V  [jvm.dll+0x5f5c34]
V  [jvm.dll+0x24f8a2]
V  [jvm.dll+0x24fc5f]
V  [jvm.dll+0x248764]
V  [jvm.dll+0x245df4]
V  [jvm.dll+0x1c6d2e]
V  [jvm.dll+0x2554f9]
V  [jvm.dll+0x253a8a]
V  [jvm.dll+0x3ee576]
V  [jvm.dll+0x7ff2fb]
V  [jvm.dll+0x6c8dbd]
C  [ucrtbase.dll+0x29333]
C  [KERNEL32.DLL+0x1259d]
C  [ntdll.dll+0x5af78]


---------------  P R O C E S S  ---------------

Threads class SMR info:
_java_thread_list=0x000001496803d040, length=13, elements={
0x000001497f06f720, 0x0000014920f6f340, 0x0000014920f74e80, 0x0000014920f77d40,
0x0000014920f7b8a0, 0x0000014920f7c3e0, 0x0000014920f7cf20, 0x0000014920f7ecb0,
0x0000014920f81ef0, 0x000001496621f190, 0x00000149662239c0, 0x0000014966717450,
0x0000014966644fd0
}

Java Threads: ( => current thread )
  0x000001497f06f720 JavaThread "main"                              [_thread_in_vm, id=25364, stack(0x0000000e43100000,0x0000000e43200000) (1024K)]
  0x0000014920f6f340 JavaThread "Reference Handler"          daemon [_thread_blocked, id=23836, stack(0x0000000e43900000,0x0000000e43a00000) (1024K)]
  0x0000014920f74e80 JavaThread "Finalizer"                  daemon [_thread_blocked, id=24144, stack(0x0000000e43a00000,0x0000000e43b00000) (1024K)]
  0x0000014920f77d40 JavaThread "Signal Dispatcher"          daemon [_thread_blocked, id=24052, stack(0x0000000e43b00000,0x0000000e43c00000) (1024K)]
  0x0000014920f7b8a0 JavaThread "Attach Listener"            daemon [_thread_blocked, id=11664, stack(0x0000000e43c00000,0x0000000e43d00000) (1024K)]
  0x0000014920f7c3e0 JavaThread "Service Thread"             daemon [_thread_blocked, id=11660, stack(0x0000000e43d00000,0x0000000e43e00000) (1024K)]
  0x0000014920f7cf20 JavaThread "Monitor Deflation Thread"   daemon [_thread_blocked, id=19116, stack(0x0000000e43e00000,0x0000000e43f00000) (1024K)]
=>0x0000014920f7ecb0 JavaThread "C2 CompilerThread0"         daemon [_thread_in_native, id=16740, stack(0x0000000e43f00000,0x0000000e44000000) (1024K)]
  0x0000014920f81ef0 JavaThread "C1 CompilerThread0"         daemon [_thread_in_native, id=14700, stack(0x0000000e44000000,0x0000000e44100000) (1024K)]
  0x000001496621f190 JavaThread "Notification Thread"        daemon [_thread_blocked, id=25612, stack(0x0000000e44200000,0x0000000e44300000) (1024K)]
  0x00000149662239c0 JavaThread "Common-Cleaner"             daemon [_thread_blocked, id=25616, stack(0x0000000e44300000,0x0000000e44400000) (1024K)]
  0x0000014966717450 JavaThread "C1 CompilerThread1"         daemon [_thread_blocked, id=17744, stack(0x0000000e44100000,0x0000000e44200000) (1024K)]
  0x0000014966644fd0 JavaThread "C1 CompilerThread2"         daemon [_thread_in_native, id=7564, stack(0x0000000e44400000,0x0000000e44500000) (1024K)]
Total: 13

Other Threads:
  0x0000014920f55570 VMThread "VM Thread"                           [id=25064, stack(0x0000000e43800000,0x0000000e43900000) (1024K)]
  0x0000014920f43190 WatcherThread "VM Periodic Task Thread"        [id=22568, stack(0x0000000e43700000,0x0000000e43800000) (1024K)]
  0x000001497ff91af0 WorkerThread "GC Thread#0"                     [id=24580, stack(0x0000000e43200000,0x0000000e43300000) (1024K)]
  0x0000014967ad1c10 WorkerThread "GC Thread#1"                     [id=21408, stack(0x0000000e44d00000,0x0000000e44e00000) (1024K)]
  0x0000014967573f20 WorkerThread "GC Thread#2"                     [id=5060, stack(0x0000000e44e00000,0x0000000e44f00000) (1024K)]
  0x00000149685da7a0 WorkerThread "GC Thread#3"                     [id=3720, stack(0x0000000e44f00000,0x0000000e45000000) (1024K)]
  0x00000149685dab40 WorkerThread "GC Thread#4"                     [id=26584, stack(0x0000000e45000000,0x0000000e45100000) (1024K)]
  0x0000014968248960 WorkerThread "GC Thread#5"                     [id=26572, stack(0x0000000e45100000,0x0000000e45200000) (1024K)]
  0x00000149682bf2f0 WorkerThread "GC Thread#6"                     [id=25312, stack(0x0000000e45200000,0x0000000e45300000) (1024K)]
  0x0000014967cd8c10 WorkerThread "GC Thread#7"                     [id=26056, stack(0x0000000e45300000,0x0000000e45400000) (1024K)]
  0x0000014966de9b80 WorkerThread "GC Thread#8"                     [id=24812, stack(0x0000000e45400000,0x0000000e45500000) (1024K)]
  0x000001497ffa2620 ConcurrentGCThread "G1 Main Marker"            [id=24648, stack(0x0000000e43300000,0x0000000e43400000) (1024K)]
  0x000001497ffa3af0 WorkerThread "G1 Conc#0"                       [id=24644, stack(0x0000000e43400000,0x0000000e43500000) (1024K)]
  0x000001497ffee940 ConcurrentGCThread "G1 Refine#0"               [id=24972, stack(0x0000000e43500000,0x0000000e43600000) (1024K)]
  0x0000014920e13750 ConcurrentGCThread "G1 Service"                [id=25024, stack(0x0000000e43600000,0x0000000e43700000) (1024K)]
Total: 15

Threads with active compile tasks:
C2 CompilerThread0     7121 1738   !   4       java.lang.String::<init> (890 bytes)
C1 CompilerThread0     7122 1775       3       jdk.internal.org.objectweb.asm.MethodWriter::putMethodInfo (1274 bytes)
C1 CompilerThread2     7123 1773       3       jdk.internal.org.objectweb.asm.MethodWriter::computeMethodInfoSize (571 bytes)
Total: 3

VM state: not at safepoint (normal execution)

VM Mutex/Monitor currently owned by a thread:  ([mutex/lock_event])
[0x00007ffbae1eca18] MethodCompileQueue_lock - owner thread: 0x0000014920f81ef0
[0x00007ffbae1edd98] CodeCache_lock - owner thread: 0x0000014920f81ef0
[0x00007ffbae1edf18] Compile_lock - owner thread: 0x0000014920f81ef0

Heap address: 0x0000000704a00000, size: 4022 MB, Compressed Oops mode: Zero based, Oop shift amount: 3

CDS archive(s) mapped at: [0x0000014921000000-0x0000014921c90000-0x0000014921c90000), size 13172736, SharedBaseAddress: 0x0000014921000000, ArchiveRelocationMode: 1.
Compressed class space mapped at: 0x0000014922000000-0x0000014962000000, reserved size: 1073741824
Narrow klass base: 0x0000014921000000, Narrow klass shift: 0, Narrow klass range: 0x100000000

GC Precious Log:
 CardTable entry size: 512
 Card Set container configuration: InlinePtr #cards 4 size 8 Array Of Cards #cards 16 size 48 Howl #buckets 8 coarsen threshold 3686 Howl Bitmap #cards 512 size 80 coarsen threshold 460 Card regions per heap region 1 cards per card region 4096
 CPUs: 16 total, 16 available
 Memory: 16085M
 Large Page Support: Disabled
 NUMA Support: Disabled
 Compressed Oops: Enabled (Zero based)
 Heap Region Size: 2M
 Heap Min Capacity: 8M
 Heap Initial Capacity: 252M
 Heap Max Capacity: 4022M
 Pre-touch: Disabled
 Parallel Workers: 13
 Concurrent Workers: 3
 Concurrent Refinement Workers: 13
 Periodic GC: Disabled

Heap:
 garbage-first heap   total 258048K, used 24415K [0x0000000704a00000, 0x0000000800000000)
  region size 2048K, 13 young (26624K), 2 survivors (4096K)
 Metaspace       used 7629K, committed 7808K, reserved 1114112K
  class space    used 862K, committed 960K, reserved 1048576K

Heap Regions: E=young(eden), S=young(survivor), O=old, HS=humongous(starts), HC=humongous(continues), CS=collection set, F=free, TAMS=top-at-mark-start, PB=parsable bottom
|   0|0x0000000704a00000, 0x0000000704a00000, 0x0000000704c00000|  0%| F|  |TAMS 0x0000000704a00000| PB 0x0000000704a00000| Untracked 
|   1|0x0000000704c00000, 0x0000000704c00000, 0x0000000704e00000|  0%| F|  |TAMS 0x0000000704c00000| PB 0x0000000704c00000| Untracked 
|   2|0x0000000704e00000, 0x0000000704e00000, 0x0000000705000000|  0%| F|  |TAMS 0x0000000704e00000| PB 0x0000000704e00000| Untracked 
|   3|0x0000000705000000, 0x0000000705000000, 0x0000000705200000|  0%| F|  |TAMS 0x0000000705000000| PB 0x0000000705000000| Untracked 
|   4|0x0000000705200000, 0x0000000705200000, 0x0000000705400000|  0%| F|  |TAMS 0x0000000705200000| PB 0x0000000705200000| Untracked 
|   5|0x0000000705400000, 0x0000000705400000, 0x0000000705600000|  0%| F|  |TAMS 0x0000000705400000| PB 0x0000000705400000| Untracked 
|   6|0x0000000705600000, 0x0000000705600000, 0x0000000705800000|  0%| F|  |TAMS 0x0000000705600000| PB 0x0000000705600000| Untracked 
|   7|0x0000000705800000, 0x0000000705800000, 0x0000000705a00000|  0%| F|  |TAMS 0x0000000705800000| PB 0x0000000705800000| Untracked 
|   8|0x0000000705a00000, 0x0000000705a00000, 0x0000000705c00000|  0%| F|  |TAMS 0x0000000705a00000| PB 0x0000000705a00000| Untracked 
|   9|0x0000000705c00000, 0x0000000705c00000, 0x0000000705e00000|  0%| F|  |TAMS 0x0000000705c00000| PB 0x0000000705c00000| Untracked 
|  10|0x0000000705e00000, 0x0000000705e00000, 0x0000000706000000|  0%| F|  |TAMS 0x0000000705e00000| PB 0x0000000705e00000| Untracked 
|  11|0x0000000706000000, 0x0000000706000000, 0x0000000706200000|  0%| F|  |TAMS 0x0000000706000000| PB 0x0000000706000000| Untracked 
|  12|0x0000000706200000, 0x0000000706200000, 0x0000000706400000|  0%| F|  |TAMS 0x0000000706200000| PB 0x0000000706200000| Untracked 
|  13|0x0000000706400000, 0x0000000706400000, 0x0000000706600000|  0%| F|  |TAMS 0x0000000706400000| PB 0x0000000706400000| Untracked 
|  14|0x0000000706600000, 0x0000000706600000, 0x0000000706800000|  0%| F|  |TAMS 0x0000000706600000| PB 0x0000000706600000| Untracked 
|  15|0x0000000706800000, 0x0000000706800000, 0x0000000706a00000|  0%| F|  |TAMS 0x0000000706800000| PB 0x0000000706800000| Untracked 
|  16|0x0000000706a00000, 0x0000000706a00000, 0x0000000706c00000|  0%| F|  |TAMS 0x0000000706a00000| PB 0x0000000706a00000| Untracked 
|  17|0x0000000706c00000, 0x0000000706c00000, 0x0000000706e00000|  0%| F|  |TAMS 0x0000000706c00000| PB 0x0000000706c00000| Untracked 
|  18|0x0000000706e00000, 0x0000000706e00000, 0x0000000707000000|  0%| F|  |TAMS 0x0000000706e00000| PB 0x0000000706e00000| Untracked 
|  19|0x0000000707000000, 0x0000000707000000, 0x0000000707200000|  0%| F|  |TAMS 0x0000000707000000| PB 0x0000000707000000| Untracked 
|  20|0x0000000707200000, 0x0000000707200000, 0x0000000707400000|  0%| F|  |TAMS 0x0000000707200000| PB 0x0000000707200000| Untracked 
|  21|0x0000000707400000, 0x0000000707400000, 0x0000000707600000|  0%| F|  |TAMS 0x0000000707400000| PB 0x0000000707400000| Untracked 
|  22|0x0000000707600000, 0x0000000707600000, 0x0000000707800000|  0%| F|  |TAMS 0x0000000707600000| PB 0x0000000707600000| Untracked 
|  23|0x0000000707800000, 0x0000000707800000, 0x0000000707a00000|  0%| F|  |TAMS 0x0000000707800000| PB 0x0000000707800000| Untracked 
|  24|0x0000000707a00000, 0x0000000707a00000, 0x0000000707c00000|  0%| F|  |TAMS 0x0000000707a00000| PB 0x0000000707a00000| Untracked 
|  25|0x0000000707c00000, 0x0000000707c00000, 0x0000000707e00000|  0%| F|  |TAMS 0x0000000707c00000| PB 0x0000000707c00000| Untracked 
|  26|0x0000000707e00000, 0x0000000707e00000, 0x0000000708000000|  0%| F|  |TAMS 0x0000000707e00000| PB 0x0000000707e00000| Untracked 
|  27|0x0000000708000000, 0x0000000708000000, 0x0000000708200000|  0%| F|  |TAMS 0x0000000708000000| PB 0x0000000708000000| Untracked 
|  28|0x0000000708200000, 0x0000000708200000, 0x0000000708400000|  0%| F|  |TAMS 0x0000000708200000| PB 0x0000000708200000| Untracked 
|  29|0x0000000708400000, 0x0000000708400000, 0x0000000708600000|  0%| F|  |TAMS 0x0000000708400000| PB 0x0000000708400000| Untracked 
|  30|0x0000000708600000, 0x0000000708600000, 0x0000000708800000|  0%| F|  |TAMS 0x0000000708600000| PB 0x0000000708600000| Untracked 
|  31|0x0000000708800000, 0x0000000708800000, 0x0000000708a00000|  0%| F|  |TAMS 0x0000000708800000| PB 0x0000000708800000| Untracked 
|  32|0x0000000708a00000, 0x0000000708a00000, 0x0000000708c00000|  0%| F|  |TAMS 0x0000000708a00000| PB 0x0000000708a00000| Untracked 
|  33|0x0000000708c00000, 0x0000000708c00000, 0x0000000708e00000|  0%| F|  |TAMS 0x0000000708c00000| PB 0x0000000708c00000| Untracked 
|  34|0x0000000708e00000, 0x0000000708e00000, 0x0000000709000000|  0%| F|  |TAMS 0x0000000708e00000| PB 0x0000000708e00000| Untracked 
|  35|0x0000000709000000, 0x0000000709000000, 0x0000000709200000|  0%| F|  |TAMS 0x0000000709000000| PB 0x0000000709000000| Untracked 
|  36|0x0000000709200000, 0x0000000709200000, 0x0000000709400000|  0%| F|  |TAMS 0x0000000709200000| PB 0x0000000709200000| Untracked 
|  37|0x0000000709400000, 0x0000000709400000, 0x0000000709600000|  0%| F|  |TAMS 0x0000000709400000| PB 0x0000000709400000| Untracked 
|  38|0x0000000709600000, 0x0000000709600000, 0x0000000709800000|  0%| F|  |TAMS 0x0000000709600000| PB 0x0000000709600000| Untracked 
|  39|0x0000000709800000, 0x0000000709800000, 0x0000000709a00000|  0%| F|  |TAMS 0x0000000709800000| PB 0x0000000709800000| Untracked 
|  40|0x0000000709a00000, 0x0000000709a00000, 0x0000000709c00000|  0%| F|  |TAMS 0x0000000709a00000| PB 0x0000000709a00000| Untracked 
|  41|0x0000000709c00000, 0x0000000709c00000, 0x0000000709e00000|  0%| F|  |TAMS 0x0000000709c00000| PB 0x0000000709c00000| Untracked 
|  42|0x0000000709e00000, 0x0000000709e00000, 0x000000070a000000|  0%| F|  |TAMS 0x0000000709e00000| PB 0x0000000709e00000| Untracked 
|  43|0x000000070a000000, 0x000000070a000000, 0x000000070a200000|  0%| F|  |TAMS 0x000000070a000000| PB 0x000000070a000000| Untracked 
|  44|0x000000070a200000, 0x000000070a200000, 0x000000070a400000|  0%| F|  |TAMS 0x000000070a200000| PB 0x000000070a200000| Untracked 
|  45|0x000000070a400000, 0x000000070a400000, 0x000000070a600000|  0%| F|  |TAMS 0x000000070a400000| PB 0x000000070a400000| Untracked 
|  46|0x000000070a600000, 0x000000070a600000, 0x000000070a800000|  0%| F|  |TAMS 0x000000070a600000| PB 0x000000070a600000| Untracked 
|  47|0x000000070a800000, 0x000000070a800000, 0x000000070aa00000|  0%| F|  |TAMS 0x000000070a800000| PB 0x000000070a800000| Untracked 
|  48|0x000000070aa00000, 0x000000070aa00000, 0x000000070ac00000|  0%| F|  |TAMS 0x000000070aa00000| PB 0x000000070aa00000| Untracked 
|  49|0x000000070ac00000, 0x000000070ac00000, 0x000000070ae00000|  0%| F|  |TAMS 0x000000070ac00000| PB 0x000000070ac00000| Untracked 
|  50|0x000000070ae00000, 0x000000070ae00000, 0x000000070b000000|  0%| F|  |TAMS 0x000000070ae00000| PB 0x000000070ae00000| Untracked 
|  51|0x000000070b000000, 0x000000070b000000, 0x000000070b200000|  0%| F|  |TAMS 0x000000070b000000| PB 0x000000070b000000| Untracked 
|  52|0x000000070b200000, 0x000000070b200000, 0x000000070b400000|  0%| F|  |TAMS 0x000000070b200000| PB 0x000000070b200000| Untracked 
|  53|0x000000070b400000, 0x000000070b400000, 0x000000070b600000|  0%| F|  |TAMS 0x000000070b400000| PB 0x000000070b400000| Untracked 
|  54|0x000000070b600000, 0x000000070b600000, 0x000000070b800000|  0%| F|  |TAMS 0x000000070b600000| PB 0x000000070b600000| Untracked 
|  55|0x000000070b800000, 0x000000070b800000, 0x000000070ba00000|  0%| F|  |TAMS 0x000000070b800000| PB 0x000000070b800000| Untracked 
|  56|0x000000070ba00000, 0x000000070ba00000, 0x000000070bc00000|  0%| F|  |TAMS 0x000000070ba00000| PB 0x000000070ba00000| Untracked 
|  57|0x000000070bc00000, 0x000000070bc00000, 0x000000070be00000|  0%| F|  |TAMS 0x000000070bc00000| PB 0x000000070bc00000| Untracked 
|  58|0x000000070be00000, 0x000000070be00000, 0x000000070c000000|  0%| F|  |TAMS 0x000000070be00000| PB 0x000000070be00000| Untracked 
|  59|0x000000070c000000, 0x000000070c000000, 0x000000070c200000|  0%| F|  |TAMS 0x000000070c000000| PB 0x000000070c000000| Untracked 
|  60|0x000000070c200000, 0x000000070c200000, 0x000000070c400000|  0%| F|  |TAMS 0x000000070c200000| PB 0x000000070c200000| Untracked 
|  61|0x000000070c400000, 0x000000070c400000, 0x000000070c600000|  0%| F|  |TAMS 0x000000070c400000| PB 0x000000070c400000| Untracked 
|  62|0x000000070c600000, 0x000000070c600000, 0x000000070c800000|  0%| F|  |TAMS 0x000000070c600000| PB 0x000000070c600000| Untracked 
|  63|0x000000070c800000, 0x000000070c800000, 0x000000070ca00000|  0%| F|  |TAMS 0x000000070c800000| PB 0x000000070c800000| Untracked 
|  64|0x000000070ca00000, 0x000000070ca00000, 0x000000070cc00000|  0%| F|  |TAMS 0x000000070ca00000| PB 0x000000070ca00000| Untracked 
|  65|0x000000070cc00000, 0x000000070cc00000, 0x000000070ce00000|  0%| F|  |TAMS 0x000000070cc00000| PB 0x000000070cc00000| Untracked 
|  66|0x000000070ce00000, 0x000000070ce00000, 0x000000070d000000|  0%| F|  |TAMS 0x000000070ce00000| PB 0x000000070ce00000| Untracked 
|  67|0x000000070d000000, 0x000000070d000000, 0x000000070d200000|  0%| F|  |TAMS 0x000000070d000000| PB 0x000000070d000000| Untracked 
|  68|0x000000070d200000, 0x000000070d200000, 0x000000070d400000|  0%| F|  |TAMS 0x000000070d200000| PB 0x000000070d200000| Untracked 
|  69|0x000000070d400000, 0x000000070d400000, 0x000000070d600000|  0%| F|  |TAMS 0x000000070d400000| PB 0x000000070d400000| Untracked 
|  70|0x000000070d600000, 0x000000070d600000, 0x000000070d800000|  0%| F|  |TAMS 0x000000070d600000| PB 0x000000070d600000| Untracked 
|  71|0x000000070d800000, 0x000000070d800000, 0x000000070da00000|  0%| F|  |TAMS 0x000000070d800000| PB 0x000000070d800000| Untracked 
|  72|0x000000070da00000, 0x000000070da00000, 0x000000070dc00000|  0%| F|  |TAMS 0x000000070da00000| PB 0x000000070da00000| Untracked 
|  73|0x000000070dc00000, 0x000000070dc00000, 0x000000070de00000|  0%| F|  |TAMS 0x000000070dc00000| PB 0x000000070dc00000| Untracked 
|  74|0x000000070de00000, 0x000000070de00000, 0x000000070e000000|  0%| F|  |TAMS 0x000000070de00000| PB 0x000000070de00000| Untracked 
|  75|0x000000070e000000, 0x000000070e000000, 0x000000070e200000|  0%| F|  |TAMS 0x000000070e000000| PB 0x000000070e000000| Untracked 
|  76|0x000000070e200000, 0x000000070e200000, 0x000000070e400000|  0%| F|  |TAMS 0x000000070e200000| PB 0x000000070e200000| Untracked 
|  77|0x000000070e400000, 0x000000070e400000, 0x000000070e600000|  0%| F|  |TAMS 0x000000070e400000| PB 0x000000070e400000| Untracked 
|  78|0x000000070e600000, 0x000000070e600000, 0x000000070e800000|  0%| F|  |TAMS 0x000000070e600000| PB 0x000000070e600000| Untracked 
|  79|0x000000070e800000, 0x000000070e800000, 0x000000070ea00000|  0%| F|  |TAMS 0x000000070e800000| PB 0x000000070e800000| Untracked 
|  80|0x000000070ea00000, 0x000000070ea00000, 0x000000070ec00000|  0%| F|  |TAMS 0x000000070ea00000| PB 0x000000070ea00000| Untracked 
|  81|0x000000070ec00000, 0x000000070ec00000, 0x000000070ee00000|  0%| F|  |TAMS 0x000000070ec00000| PB 0x000000070ec00000| Untracked 
|  82|0x000000070ee00000, 0x000000070ee00000, 0x000000070f000000|  0%| F|  |TAMS 0x000000070ee00000| PB 0x000000070ee00000| Untracked 
|  83|0x000000070f000000, 0x000000070f000000, 0x000000070f200000|  0%| F|  |TAMS 0x000000070f000000| PB 0x000000070f000000| Untracked 
|  84|0x000000070f200000, 0x000000070f200000, 0x000000070f400000|  0%| F|  |TAMS 0x000000070f200000| PB 0x000000070f200000| Untracked 
|  85|0x000000070f400000, 0x000000070f400000, 0x000000070f600000|  0%| F|  |TAMS 0x000000070f400000| PB 0x000000070f400000| Untracked 
|  86|0x000000070f600000, 0x000000070f600000, 0x000000070f800000|  0%| F|  |TAMS 0x000000070f600000| PB 0x000000070f600000| Untracked 
|  87|0x000000070f800000, 0x000000070f800000, 0x000000070fa00000|  0%| F|  |TAMS 0x000000070f800000| PB 0x000000070f800000| Untracked 
|  88|0x000000070fa00000, 0x000000070fa00000, 0x000000070fc00000|  0%| F|  |TAMS 0x000000070fa00000| PB 0x000000070fa00000| Untracked 
|  89|0x000000070fc00000, 0x000000070fc00000, 0x000000070fe00000|  0%| F|  |TAMS 0x000000070fc00000| PB 0x000000070fc00000| Untracked 
|  90|0x000000070fe00000, 0x000000070fe00000, 0x0000000710000000|  0%| F|  |TAMS 0x000000070fe00000| PB 0x000000070fe00000| Untracked 
|  91|0x0000000710000000, 0x0000000710000000, 0x0000000710200000|  0%| F|  |TAMS 0x0000000710000000| PB 0x0000000710000000| Untracked 
|  92|0x0000000710200000, 0x0000000710200000, 0x0000000710400000|  0%| F|  |TAMS 0x0000000710200000| PB 0x0000000710200000| Untracked 
|  93|0x0000000710400000, 0x0000000710400000, 0x0000000710600000|  0%| F|  |TAMS 0x0000000710400000| PB 0x0000000710400000| Untracked 
|  94|0x0000000710600000, 0x0000000710600000, 0x0000000710800000|  0%| F|  |TAMS 0x0000000710600000| PB 0x0000000710600000| Untracked 
|  95|0x0000000710800000, 0x0000000710800000, 0x0000000710a00000|  0%| F|  |TAMS 0x0000000710800000| PB 0x0000000710800000| Untracked 
|  96|0x0000000710a00000, 0x0000000710a00000, 0x0000000710c00000|  0%| F|  |TAMS 0x0000000710a00000| PB 0x0000000710a00000| Untracked 
|  97|0x0000000710c00000, 0x0000000710c00000, 0x0000000710e00000|  0%| F|  |TAMS 0x0000000710c00000| PB 0x0000000710c00000| Untracked 
|  98|0x0000000710e00000, 0x0000000710e00000, 0x0000000711000000|  0%| F|  |TAMS 0x0000000710e00000| PB 0x0000000710e00000| Untracked 
|  99|0x0000000711000000, 0x0000000711000000, 0x0000000711200000|  0%| F|  |TAMS 0x0000000711000000| PB 0x0000000711000000| Untracked 
| 100|0x0000000711200000, 0x0000000711200000, 0x0000000711400000|  0%| F|  |TAMS 0x0000000711200000| PB 0x0000000711200000| Untracked 
| 101|0x0000000711400000, 0x0000000711400000, 0x0000000711600000|  0%| F|  |TAMS 0x0000000711400000| PB 0x0000000711400000| Untracked 
| 102|0x0000000711600000, 0x0000000711600000, 0x0000000711800000|  0%| F|  |TAMS 0x0000000711600000| PB 0x0000000711600000| Untracked 
| 103|0x0000000711800000, 0x0000000711800000, 0x0000000711a00000|  0%| F|  |TAMS 0x0000000711800000| PB 0x0000000711800000| Untracked 
| 104|0x0000000711a00000, 0x0000000711a00000, 0x0000000711c00000|  0%| F|  |TAMS 0x0000000711a00000| PB 0x0000000711a00000| Untracked 
| 105|0x0000000711c00000, 0x0000000711c00000, 0x0000000711e00000|  0%| F|  |TAMS 0x0000000711c00000| PB 0x0000000711c00000| Untracked 
| 106|0x0000000711e00000, 0x0000000711e00000, 0x0000000712000000|  0%| F|  |TAMS 0x0000000711e00000| PB 0x0000000711e00000| Untracked 
| 107|0x0000000712000000, 0x0000000712000000, 0x0000000712200000|  0%| F|  |TAMS 0x0000000712000000| PB 0x0000000712000000| Untracked 
| 108|0x0000000712200000, 0x0000000712200000, 0x0000000712400000|  0%| F|  |TAMS 0x0000000712200000| PB 0x0000000712200000| Untracked 
| 109|0x0000000712400000, 0x0000000712400000, 0x0000000712600000|  0%| F|  |TAMS 0x0000000712400000| PB 0x0000000712400000| Untracked 
| 110|0x0000000712600000, 0x0000000712600000, 0x0000000712800000|  0%| F|  |TAMS 0x0000000712600000| PB 0x0000000712600000| Untracked 
| 111|0x0000000712800000, 0x0000000712800000, 0x0000000712a00000|  0%| F|  |TAMS 0x0000000712800000| PB 0x0000000712800000| Untracked 
| 112|0x0000000712a00000, 0x0000000712a00000, 0x0000000712c00000|  0%| F|  |TAMS 0x0000000712a00000| PB 0x0000000712a00000| Untracked 
| 113|0x0000000712c00000, 0x0000000712dd7f80, 0x0000000712e00000| 92%| S|CS|TAMS 0x0000000712c00000| PB 0x0000000712c00000| Complete 
| 114|0x0000000712e00000, 0x0000000713000000, 0x0000000713000000|100%| S|CS|TAMS 0x0000000712e00000| PB 0x0000000712e00000| Complete 
| 115|0x0000000713000000, 0x000000071305dc50, 0x0000000713200000| 18%| E|  |TAMS 0x0000000713000000| PB 0x0000000713000000| Complete 
| 116|0x0000000713200000, 0x0000000713400000, 0x0000000713400000|100%| E|CS|TAMS 0x0000000713200000| PB 0x0000000713200000| Complete 
| 117|0x0000000713400000, 0x0000000713600000, 0x0000000713600000|100%| E|CS|TAMS 0x0000000713400000| PB 0x0000000713400000| Complete 
| 118|0x0000000713600000, 0x0000000713800000, 0x0000000713800000|100%| E|CS|TAMS 0x0000000713600000| PB 0x0000000713600000| Complete 
| 119|0x0000000713800000, 0x0000000713a00000, 0x0000000713a00000|100%| E|CS|TAMS 0x0000000713800000| PB 0x0000000713800000| Complete 
| 120|0x0000000713a00000, 0x0000000713c00000, 0x0000000713c00000|100%| E|CS|TAMS 0x0000000713a00000| PB 0x0000000713a00000| Complete 
| 121|0x0000000713c00000, 0x0000000713e00000, 0x0000000713e00000|100%| E|CS|TAMS 0x0000000713c00000| PB 0x0000000713c00000| Complete 
| 122|0x0000000713e00000, 0x0000000714000000, 0x0000000714000000|100%| E|CS|TAMS 0x0000000713e00000| PB 0x0000000713e00000| Complete 
| 123|0x0000000714000000, 0x0000000714200000, 0x0000000714200000|100%| E|CS|TAMS 0x0000000714000000| PB 0x0000000714000000| Complete 
| 124|0x0000000714200000, 0x0000000714400000, 0x0000000714400000|100%| E|CS|TAMS 0x0000000714200000| PB 0x0000000714200000| Complete 
| 125|0x0000000714400000, 0x0000000714600000, 0x0000000714600000|100%| E|CS|TAMS 0x0000000714400000| PB 0x0000000714400000| Complete 

Card table byte_map: [0x0000014919830000,0x000001491a010000] _byte_map_base: 0x000001491600b000

Marking Bits: (CMBitMap*) 0x000001497ff921f0
 Bits: [0x000001491a010000, 0x000001491dee8000)

Polling page: 0x000001497f320000

Metaspace:

Usage:
  Non-class:      6.63 MB used.
      Class:    865.93 KB used.
       Both:      7.48 MB used.

Virtual space:
  Non-class space:       64.00 MB reserved,       6.75 MB ( 11%) committed,  1 nodes.
      Class space:        1.00 GB reserved,     960.00 KB ( <1%) committed,  1 nodes.
             Both:        1.06 GB reserved,       7.69 MB ( <1%) committed. 

Chunk freelists:
   Non-Class:  7.86 MB
       Class:  15.10 MB
        Both:  22.96 MB

MaxMetaspaceSize: unlimited
CompressedClassSpaceSize: 1.00 GB
Initial GC threshold: 21.00 MB
Current GC threshold: 21.00 MB
CDS: on
 - commit_granule_bytes: 65536.
 - commit_granule_words: 8192.
 - virtual_space_node_default_size: 8388608.
 - enlarge_chunks_in_place: 1.
 - use_allocation_guard: 0.


Internal statistics:

num_allocs_failed_limit: 0.
num_arena_births: 56.
num_arena_deaths: 0.
num_vsnodes_births: 2.
num_vsnodes_deaths: 0.
num_space_committed: 123.
num_space_uncommitted: 0.
num_chunks_returned_to_freelist: 0.
num_chunks_taken_from_freelist: 275.
num_chunk_merges: 0.
num_chunk_splits: 188.
num_chunks_enlarged: 158.
num_inconsistent_stats: 0.

CodeHeap 'non-profiled nmethods': size=119168Kb used=741Kb max_used=741Kb free=118427Kb
 bounds [0x0000014911370000, 0x00000149115e0000, 0x00000149187d0000]
CodeHeap 'profiled nmethods': size=119104Kb used=3522Kb max_used=3522Kb free=115581Kb
 bounds [0x00000149097d0000, 0x0000014909b50000, 0x0000014910c20000]
CodeHeap 'non-nmethods': size=7488Kb used=2614Kb max_used=3285Kb free=4874Kb
 bounds [0x0000014910c20000, 0x0000014910fc0000, 0x0000014911370000]
 total_blobs=2231 nmethods=1769 adapters=365
 compilation: enabled
              stopped_count=0, restarted_count=0
 full_count=0

Compilation events (20 events):
Event: 7.063 Thread 0x0000014966644fd0 1734       3       java.lang.reflect.Proxy::getProxyConstructor (92 bytes)
Event: 7.063 Thread 0x0000014920f81ef0 nmethod 1732 0x0000014909b13f10 code [0x0000014909b141a0, 0x0000014909b14bb8]
Event: 7.064 Thread 0x0000014920f81ef0 1735   !   3       java.lang.reflect.Proxy::newProxyInstance (75 bytes)
Event: 7.064 Thread 0x0000014920f81ef0 nmethod 1735 0x0000014909b14f90 code [0x0000014909b15220, 0x0000014909b15e48]
Event: 7.064 Thread 0x0000014920f81ef0 1736       3       java.lang.invoke.LambdaForm$MH/0x00000149220a4000::invoke (35 bytes)
Event: 7.064 Thread 0x0000014966644fd0 nmethod 1734 0x0000014909b16310 code [0x0000014909b16620, 0x0000014909b17cc8]
Event: 7.064 Thread 0x0000014920f81ef0 nmethod 1736 0x0000014909b18290 code [0x0000014909b18480, 0x0000014909b18b58]
Event: 7.065 Thread 0x0000014966717450 nmethod 1727 0x0000014909b18d10 code [0x0000014909b199e0, 0x0000014909b21ab0]
Event: 7.065 Thread 0x0000014920f81ef0 1737       3       java.lang.reflect.Proxy::<init> (15 bytes)
Event: 7.066 Thread 0x0000014920f81ef0 nmethod 1737 0x0000014909b25790 code [0x0000014909b25960, 0x0000014909b25c90]
Event: 7.067 Thread 0x0000014920f7ecb0 nmethod 1731 0x0000014911428810 code [0x0000014911428a00, 0x0000014911428df8]
Event: 7.067 Thread 0x0000014920f7ecb0 1738   !   4       java.lang.String::<init> (890 bytes)
Event: 7.078 Thread 0x0000014920f81ef0 1740       3       sun.nio.fs.WindowsPath::elementAsString (62 bytes)
Event: 7.078 Thread 0x0000014920f81ef0 nmethod 1740 0x0000014909b25e10 code [0x0000014909b26020, 0x0000014909b264e0]
Event: 7.080 Thread 0x0000014966717450 1741       3       java.lang.reflect.AnnotatedElement::isAnnotationPresent (16 bytes)
Event: 7.080 Thread 0x0000014966644fd0 1742       3       jdk.internal.loader.AbstractClassLoaderValue$Sub::equals (55 bytes)
Event: 7.080 Thread 0x0000014966717450 nmethod 1741 0x0000014909b26810 code [0x0000014909b269c0, 0x0000014909b26be0]
Event: 7.080 Thread 0x0000014966717450 1743       3       org.codehaus.plexus.classworlds.realm.ClassRealm::getResource (25 bytes)
Event: 7.080 Thread 0x0000014966644fd0 nmethod 1742 0x0000014909b26c90 code [0x0000014909b26ea0, 0x0000014909b275f8]
Event: 7.080 Thread 0x0000014966717450 nmethod 1743 0x0000014909b27790 code [0x0000014909b27960, 0x0000014909b27bc0]

GC Heap History (2 events):
Event: 5.291 GC heap before
{Heap before GC invocations=0 (full 0):
 garbage-first heap   total 258048K, used 22528K [0x0000000704a00000, 0x0000000800000000)
  region size 2048K, 11 young (22528K), 0 survivors (0K)
 Metaspace       used 5779K, committed 6016K, reserved 1114112K
  class space    used 650K, committed 768K, reserved 1048576K
}
Event: 5.488 GC heap after
{Heap after GC invocations=1 (full 0):
 garbage-first heap   total 258048K, used 3935K [0x0000000704a00000, 0x0000000800000000)
  region size 2048K, 2 young (4096K), 2 survivors (4096K)
 Metaspace       used 5779K, committed 6016K, reserved 1114112K
  class space    used 650K, committed 768K, reserved 1048576K
}

Dll operation events (8 events):
Event: 0.021 Loaded shared library C:\Program Files\Java\jdk-21\bin\java.dll
Event: 0.530 Loaded shared library C:\Program Files\Java\jdk-21\bin\jsvml.dll
Event: 0.560 Loaded shared library C:\Program Files\Java\jdk-21\bin\net.dll
Event: 0.564 Loaded shared library C:\Program Files\Java\jdk-21\bin\nio.dll
Event: 0.602 Loaded shared library C:\Program Files\Java\jdk-21\bin\zip.dll
Event: 2.932 Loaded shared library C:\Program Files\Java\jdk-21\bin\jimage.dll
Event: 2.944 Loaded shared library C:\Program Files\NetBeans-21\netbeans\java\maven\lib\jansi-native\Windows\x86_64\jansi.dll
Event: 3.013 Loaded shared library C:\Program Files\Java\jdk-21\bin\verify.dll

Deoptimization events (20 events):
Event: 5.962 Thread 0x000001497f06f720 DEOPT PACKING pc=0x00000149113fead4 sp=0x0000000e431fdb10
Event: 5.962 Thread 0x000001497f06f720 DEOPT UNPACKING pc=0x0000014910c77da2 sp=0x0000000e431fda78 mode 2
Event: 5.965 Thread 0x000001497f06f720 Uncommon trap: trap_request=0xffffffde fr.pc=0x00000149113fead4 relative=0x00000000000002f4
Event: 5.965 Thread 0x000001497f06f720 Uncommon trap: reason=class_check action=maybe_recompile pc=0x00000149113fead4 method=java.util.HashMap.getNode(Ljava/lang/Object;)Ljava/util/HashMap$Node; @ 128 c2
Event: 5.965 Thread 0x000001497f06f720 DEOPT PACKING pc=0x00000149113fead4 sp=0x0000000e431fdb10
Event: 5.965 Thread 0x000001497f06f720 DEOPT UNPACKING pc=0x0000014910c77da2 sp=0x0000000e431fda78 mode 2
Event: 6.778 Thread 0x000001497f06f720 Uncommon trap: trap_request=0xffffff45 fr.pc=0x0000014911411b08 relative=0x0000000000000748
Event: 6.778 Thread 0x000001497f06f720 Uncommon trap: reason=unstable_if action=reinterpret pc=0x0000014911411b08 method=java.lang.String.<init>([CIILjava/lang/Void;)V @ 5 c2
Event: 6.778 Thread 0x000001497f06f720 DEOPT PACKING pc=0x0000014911411b08 sp=0x0000000e431fddc0
Event: 6.778 Thread 0x000001497f06f720 DEOPT UNPACKING pc=0x0000014910c77da2 sp=0x0000000e431fdc60 mode 2
Event: 6.816 Thread 0x000001497f06f720 DEOPT PACKING pc=0x0000014909a35f27 sp=0x0000000e431fdfb0
Event: 6.816 Thread 0x000001497f06f720 DEOPT UNPACKING pc=0x0000014910c788e2 sp=0x0000000e431fd420 mode 0
Event: 7.029 Thread 0x000001497f06f720 Uncommon trap: trap_request=0xffffffde fr.pc=0x00000149113fead4 relative=0x00000000000002f4
Event: 7.029 Thread 0x000001497f06f720 Uncommon trap: reason=class_check action=maybe_recompile pc=0x00000149113fead4 method=java.util.HashMap.getNode(Ljava/lang/Object;)Ljava/util/HashMap$Node; @ 128 c2
Event: 7.029 Thread 0x000001497f06f720 DEOPT PACKING pc=0x00000149113fead4 sp=0x0000000e431fdbd0
Event: 7.029 Thread 0x000001497f06f720 DEOPT UNPACKING pc=0x0000014910c77da2 sp=0x0000000e431fdb38 mode 2
Event: 7.034 Thread 0x000001497f06f720 Uncommon trap: trap_request=0xffffffde fr.pc=0x00000149113fead4 relative=0x00000000000002f4
Event: 7.034 Thread 0x000001497f06f720 Uncommon trap: reason=class_check action=maybe_recompile pc=0x00000149113fead4 method=java.util.HashMap.getNode(Ljava/lang/Object;)Ljava/util/HashMap$Node; @ 128 c2
Event: 7.034 Thread 0x000001497f06f720 DEOPT PACKING pc=0x00000149113fead4 sp=0x0000000e431fdbd0
Event: 7.034 Thread 0x000001497f06f720 DEOPT UNPACKING pc=0x0000014910c77da2 sp=0x0000000e431fdb38 mode 2

Classes loaded (20 events):
Event: 5.153 Loading class java/lang/invoke/DirectMethodHandle$StaticAccessor
Event: 5.153 Loading class java/lang/invoke/DirectMethodHandle$StaticAccessor done
Event: 5.160 Loading class java/lang/reflect/ParameterizedType
Event: 5.160 Loading class java/lang/reflect/ParameterizedType done
Event: 5.164 Loading class java/lang/reflect/WildcardType
Event: 5.164 Loading class java/lang/reflect/WildcardType done
Event: 5.168 Loading class sun/reflect/generics/tree/TypeVariableSignature
Event: 5.168 Loading class sun/reflect/generics/tree/TypeVariableSignature done
Event: 5.200 Loading class java/lang/annotation/IncompleteAnnotationException
Event: 5.200 Loading class java/lang/annotation/IncompleteAnnotationException done
Event: 5.247 Loading class java/lang/foreign/MemorySegment
Event: 5.247 Loading class java/lang/foreign/MemorySegment done
Event: 5.896 Loading class sun/reflect/generics/reflectiveObjects/TypeVariableImpl
Event: 5.897 Loading class sun/reflect/generics/reflectiveObjects/LazyReflectiveObjectGenerator
Event: 5.897 Loading class sun/reflect/generics/reflectiveObjects/LazyReflectiveObjectGenerator done
Event: 5.897 Loading class sun/reflect/generics/reflectiveObjects/TypeVariableImpl done
Event: 5.897 Loading class sun/reflect/generics/reflectiveObjects/ParameterizedTypeImpl
Event: 5.897 Loading class sun/reflect/generics/reflectiveObjects/ParameterizedTypeImpl done
Event: 7.008 Loading class java/lang/Deprecated
Event: 7.009 Loading class java/lang/Deprecated done

Classes unloaded (0 events):
No events

Classes redefined (0 events):
No events

Internal exceptions (20 events):
Event: 2.949 Thread 0x000001497f06f720 Exception <a 'java/lang/NullPointerException'{0x0000000713e060e0}> (0x0000000713e060e0) 
thrown [s\open\src\hotspot\share\interpreter\linkResolver.cpp, line 1372]
Event: 2.949 Thread 0x000001497f06f720 Exception <a 'java/lang/NullPointerException'{0x0000000713e063c0}> (0x0000000713e063c0) 
thrown [s\open\src\hotspot\share\interpreter\linkResolver.cpp, line 1372]
Event: 2.949 Thread 0x000001497f06f720 Exception <a 'java/lang/NullPointerException'{0x0000000713e066a0}> (0x0000000713e066a0) 
thrown [s\open\src\hotspot\share\interpreter\linkResolver.cpp, line 1372]
Event: 2.949 Thread 0x000001497f06f720 Exception <a 'java/lang/NullPointerException'{0x0000000713e06980}> (0x0000000713e06980) 
thrown [s\open\src\hotspot\share\interpreter\linkResolver.cpp, line 1372]
Event: 3.008 Thread 0x000001497f06f720 Exception <a 'sun/nio/fs/WindowsException'{0x0000000713e2f9d8}> (0x0000000713e2f9d8) 
thrown [s\open\src\hotspot\share\prims\jni.cpp, line 520]
Event: 3.008 Thread 0x000001497f06f720 Exception <a 'sun/nio/fs/WindowsException'{0x0000000713e30118}> (0x0000000713e30118) 
thrown [s\open\src\hotspot\share\prims\jni.cpp, line 520]
Event: 3.009 Thread 0x000001497f06f720 Exception <a 'sun/nio/fs/WindowsException'{0x0000000713e30690}> (0x0000000713e30690) 
thrown [s\open\src\hotspot\share\prims\jni.cpp, line 520]
Event: 3.009 Thread 0x000001497f06f720 Exception <a 'sun/nio/fs/WindowsException'{0x0000000713e30ba0}> (0x0000000713e30ba0) 
thrown [s\open\src\hotspot\share\prims\jni.cpp, line 520]
Event: 3.009 Thread 0x000001497f06f720 Exception <a 'sun/nio/fs/WindowsException'{0x0000000713e310a8}> (0x0000000713e310a8) 
thrown [s\open\src\hotspot\share\prims\jni.cpp, line 520]
Event: 3.009 Thread 0x000001497f06f720 Exception <a 'sun/nio/fs/WindowsException'{0x0000000713e31568}> (0x0000000713e31568) 
thrown [s\open\src\hotspot\share\prims\jni.cpp, line 520]
Event: 3.039 Thread 0x000001497f06f720 Exception <a 'java/lang/NoSuchMethodError'{0x0000000713ea1e40}: 'void java.lang.invoke.DirectMethodHandle$Holder.invokeStatic(java.lang.Object, java.lang.Object, java.lang.Object)'> (0x0000000713ea1e40) 
thrown [s\open\src\hotspot\share\interpreter\linkResolver.cpp, line 773]
Event: 3.899 Thread 0x000001497f06f720 Exception <a 'java/lang/NoSuchMethodError'{0x0000000713c531f8}: 'java.lang.Object java.lang.invoke.DirectMethodHandle$Holder.invokeSpecialIFC(java.lang.Object, java.lang.Object, java.lang.Object, java.lang.Object)'> (0x0000000713c531f8) 
thrown [s\open\src\hotspot\share\interpreter\linkResolver.cpp, line 773]
Event: 4.671 Thread 0x000001497f06f720 Exception <a 'java/lang/NoSuchMethodError'{0x00000007136ce510}: 'void java.lang.invoke.DirectMethodHandle$Holder.invokeSpecial(java.lang.Object, java.lang.Object, java.lang.Object)'> (0x00000007136ce510) 
thrown [s\open\src\hotspot\share\interpreter\linkResolver.cpp, line 773]
Event: 4.754 Thread 0x000001497f06f720 Exception <a 'java/lang/NoSuchMethodError'{0x00000007134107f8}: 'java.lang.Object java.lang.invoke.DirectMethodHandle$Holder.invokeInterface(java.lang.Object, java.lang.Object)'> (0x00000007134107f8) 
thrown [s\open\src\hotspot\share\interpreter\linkResolver.cpp, line 773]
Event: 4.801 Thread 0x000001497f06f720 Exception <a 'java/lang/NoSuchMethodError'{0x00000007134a2f30}: 'int java.lang.invoke.DirectMethodHandle$Holder.invokeStatic(java.lang.Object, java.lang.Object, java.lang.Object, java.lang.Object)'> (0x00000007134a2f30) 
thrown [s\open\src\hotspot\share\interpreter\linkResolver.cpp, line 773]
Event: 4.802 Thread 0x000001497f06f720 Exception <a 'java/lang/NoSuchMethodError'{0x00000007134a65c0}: 'java.lang.Object java.lang.invoke.Invokers$Holder.invokeExact_MT(java.lang.Object, java.lang.Object, java.lang.Object, java.lang.Object, java.lang.Object, java.lang.Object)'> (0x00000007134a65c0) 
thrown [s\open\src\hotspot\share\interpreter\linkResolver.cpp, line 773]
Event: 4.808 Thread 0x000001497f06f720 Exception <a 'java/lang/NoSuchMethodError'{0x00000007134b4c30}: 'int java.lang.invoke.DirectMethodHandle$Holder.invokeSpecialIFC(java.lang.Object, java.lang.Object, java.lang.Object, java.lang.Object, java.lang.Object)'> (0x00000007134b4c30) 
thrown [s\open\src\hotspot\share\interpreter\linkResolver.cpp, line 773]
Event: 5.014 Thread 0x000001497f06f720 Exception <a 'java/lang/NoSuchMethodError'{0x000000071322df98}: 'java.lang.Object java.lang.invoke.DirectMethodHandle$Holder.newInvokeSpecial(java.lang.Object, java.lang.Object, java.lang.Object, java.lang.Object, java.lang.Object)'> (0x000000071322df98) 
thrown [s\open\src\hotspot\share\interpreter\linkResolver.cpp, line 773]
Event: 5.189 Thread 0x000001497f06f720 Exception <a 'java/lang/NoSuchMethodError'{0x0000000713324398}: 'int java.lang.invoke.DirectMethodHandle$Holder.invokeStaticInit(java.lang.Object, java.lang.Object)'> (0x0000000713324398) 
thrown [s\open\src\hotspot\share\interpreter\linkResolver.cpp, line 773]
Event: 5.201 Thread 0x000001497f06f720 Exception <a 'java/lang/NoClassDefFoundError'{0x0000000713358828}: javax/enterprise/inject/Typed> (0x0000000713358828) 
thrown [s\open\src\hotspot\share\classfile\systemDictionary.cpp, line 301]

ZGC Phase Switch (0 events):
No events

VM Operations (18 events):
Event: 0.604 Executing VM operation: HandshakeAllThreads (Deoptimize)
Event: 0.788 Executing VM operation: HandshakeAllThreads (Deoptimize) done
Event: 1.793 Executing VM operation: Cleanup
Event: 1.793 Executing VM operation: Cleanup done
Event: 2.925 Executing VM operation: HandshakeAllThreads (Deoptimize)
Event: 2.925 Executing VM operation: HandshakeAllThreads (Deoptimize) done
Event: 2.925 Executing VM operation: Cleanup
Event: 2.925 Executing VM operation: Cleanup done
Event: 2.937 Executing VM operation: HandshakeAllThreads (Deoptimize)
Event: 2.937 Executing VM operation: HandshakeAllThreads (Deoptimize) done
Event: 3.951 Executing VM operation: Cleanup
Event: 3.951 Executing VM operation: Cleanup done
Event: 4.968 Executing VM operation: Cleanup
Event: 4.982 Executing VM operation: Cleanup done
Event: 5.291 Executing VM operation: G1CollectForAllocation (G1 Evacuation Pause)
Event: 5.489 Executing VM operation: G1CollectForAllocation (G1 Evacuation Pause) done
Event: 6.497 Executing VM operation: Cleanup
Event: 6.498 Executing VM operation: Cleanup done

Events (20 events):
Event: 3.961 Thread 0x00000149666467b0 Thread added: 0x00000149666467b0
Event: 4.138 Thread 0x0000014966d0e5f0 Thread added: 0x0000014966d0e5f0
Event: 4.138 Thread 0x000001496675fe30 Thread added: 0x000001496675fe30
Event: 4.448 Thread 0x000001496675fe30 Thread exited: 0x000001496675fe30
Event: 4.613 Thread 0x0000014966d0e5f0 Thread exited: 0x0000014966d0e5f0
Event: 5.237 Thread 0x0000014966d85c40 Thread added: 0x0000014966d85c40
Event: 5.238 Thread 0x0000014966d869e0 Thread added: 0x0000014966d869e0
Event: 5.251 Thread 0x0000014966d870b0 Thread added: 0x0000014966d870b0
Event: 5.252 Thread 0x0000014966d86310 Thread added: 0x0000014966d86310
Event: 5.252 Thread 0x00000149670ac7b0 Thread added: 0x00000149670ac7b0
Event: 5.252 Thread 0x00000149670b12a0 Thread added: 0x00000149670b12a0
Event: 5.252 Thread 0x00000149670af760 Thread added: 0x00000149670af760
Event: 5.846 Thread 0x00000149670af760 Thread exited: 0x00000149670af760
Event: 5.846 Thread 0x00000149670b12a0 Thread exited: 0x00000149670b12a0
Event: 5.846 Thread 0x00000149666467b0 Thread exited: 0x00000149666467b0
Event: 5.848 Thread 0x00000149670ac7b0 Thread exited: 0x00000149670ac7b0
Event: 6.136 Thread 0x0000014966d86310 Thread exited: 0x0000014966d86310
Event: 6.138 Thread 0x0000014966d870b0 Thread exited: 0x0000014966d870b0
Event: 6.260 Thread 0x0000014966d869e0 Thread exited: 0x0000014966d869e0
Event: 6.978 Thread 0x0000014966d85c40 Thread exited: 0x0000014966d85c40


Dynamic libraries:
0x00007ff65f260000 - 0x00007ff65f270000 	C:\Program Files\Java\jdk-21\bin\java.exe
0x00007ffc80210000 - 0x00007ffc80428000 	C:\Windows\SYSTEM32\ntdll.dll
0x00007ffc7f080000 - 0x00007ffc7f144000 	C:\Windows\System32\KERNEL32.DLL
0x00007ffc7d930000 - 0x00007ffc7dd03000 	C:\Windows\System32\KERNELBASE.dll
0x00007ffc7d770000 - 0x00007ffc7d881000 	C:\Windows\System32\ucrtbase.dll
0x00007ffc2a360000 - 0x00007ffc2a379000 	C:\Program Files\Java\jdk-21\bin\jli.dll
0x00007ffc7fce0000 - 0x00007ffc7fd91000 	C:\Windows\System32\ADVAPI32.dll
0x00007ffc7eeb0000 - 0x00007ffc7ef57000 	C:\Windows\System32\msvcrt.dll
0x00007ffc7efd0000 - 0x00007ffc7f078000 	C:\Windows\System32\sechost.dll
0x00007ffc7d740000 - 0x00007ffc7d768000 	C:\Windows\System32\bcrypt.dll
0x00007ffc7ebb0000 - 0x00007ffc7ecc8000 	C:\Windows\System32\RPCRT4.dll
0x00007ffc7e390000 - 0x00007ffc7e542000 	C:\Windows\System32\USER32.dll
0x00007ffc7dd10000 - 0x00007ffc7dd36000 	C:\Windows\System32\win32u.dll
0x00007ffc7f2b0000 - 0x00007ffc7f2d9000 	C:\Windows\System32\GDI32.dll
0x00007ffc7d620000 - 0x00007ffc7d73b000 	C:\Windows\System32\gdi32full.dll
0x00007ffc7d890000 - 0x00007ffc7d92a000 	C:\Windows\System32\msvcp_win.dll
0x00007ffbb88f0000 - 0x00007ffbb890b000 	C:\Program Files\Java\jdk-21\bin\VCRUNTIME140.dll
0x00007ffc69c10000 - 0x00007ffc69eac000 	C:\Windows\WinSxS\amd64_microsoft.windows.common-controls_6595b64144ccf1df_6.0.22621.6060_none_2712eda17382d24b\COMCTL32.dll
0x00007ffc776c0000 - 0x00007ffc776ca000 	C:\Windows\SYSTEM32\VERSION.dll
0x00007ffc7f150000 - 0x00007ffc7f181000 	C:\Windows\System32\IMM32.DLL
0x00007ffc23220000 - 0x00007ffc2322c000 	C:\Program Files\Java\jdk-21\bin\vcruntime140_1.dll
0x00007ffbdf1d0000 - 0x00007ffbdf25e000 	C:\Program Files\Java\jdk-21\bin\msvcp140.dll
0x00007ffbad5b0000 - 0x00007ffbae2ca000 	C:\Program Files\Java\jdk-21\bin\server\jvm.dll
0x00007ffc7e550000 - 0x00007ffc7e5c1000 	C:\Windows\System32\WS2_32.dll
0x00007ffc7caf0000 - 0x00007ffc7cb3d000 	C:\Windows\SYSTEM32\POWRPROF.dll
0x00007ffc75cc0000 - 0x00007ffc75cf4000 	C:\Windows\SYSTEM32\WINMM.dll
0x00007ffc7cad0000 - 0x00007ffc7cae3000 	C:\Windows\SYSTEM32\UMPDC.dll
0x00007ffc7c2c0000 - 0x00007ffc7c2d8000 	C:\Windows\SYSTEM32\kernel.appcore.dll
0x00007ffc22a20000 - 0x00007ffc22a2a000 	C:\Program Files\Java\jdk-21\bin\jimage.dll
0x00007ffc7ad40000 - 0x00007ffc7af73000 	C:\Windows\SYSTEM32\DBGHELP.DLL
0x00007ffc7e640000 - 0x00007ffc7e9d1000 	C:\Windows\System32\combase.dll
0x00007ffc7f190000 - 0x00007ffc7f268000 	C:\Windows\System32\OLEAUT32.dll
0x00007ffc716c0000 - 0x00007ffc716f2000 	C:\Windows\SYSTEM32\dbgcore.DLL
0x00007ffc7d3e0000 - 0x00007ffc7d45b000 	C:\Windows\System32\bcryptPrimitives.dll
0x00007ffbad550000 - 0x00007ffbad56f000 	C:\Program Files\Java\jdk-21\bin\java.dll
0x00007ffc7f440000 - 0x00007ffc7fcdc000 	C:\Windows\System32\SHELL32.dll
0x00007ffc7d4e0000 - 0x00007ffc7d61f000 	C:\Windows\System32\wintypes.dll
0x00007ffc7b1d0000 - 0x00007ffc7baea000 	C:\Windows\SYSTEM32\windows.storage.dll
0x00007ffc7ed20000 - 0x00007ffc7ee24000 	C:\Windows\System32\SHCORE.dll
0x00007ffc7ef60000 - 0x00007ffc7efc9000 	C:\Windows\System32\shlwapi.dll
0x00007ffc7d250000 - 0x00007ffc7d275000 	C:\Windows\SYSTEM32\profapi.dll
0x00007ffbad470000 - 0x00007ffbad547000 	C:\Program Files\Java\jdk-21\bin\jsvml.dll
0x00007ffc1f7d0000 - 0x00007ffc1f7e0000 	C:\Program Files\Java\jdk-21\bin\net.dll
0x00007ffc76140000 - 0x00007ffc7626c000 	C:\Windows\SYSTEM32\WINHTTP.dll
0x00007ffc7c780000 - 0x00007ffc7c7e9000 	C:\Windows\system32\mswsock.dll
0x00007ffbad450000 - 0x00007ffbad466000 	C:\Program Files\Java\jdk-21\bin\nio.dll
0x00007ffbad430000 - 0x00007ffbad448000 	C:\Program Files\Java\jdk-21\bin\zip.dll
0x0000000069ac0000 - 0x0000000069ae4000 	C:\Program Files\NetBeans-21\netbeans\java\maven\lib\jansi-native\Windows\x86_64\jansi.dll
0x00007ffc0fec0000 - 0x00007ffc0fed0000 	C:\Program Files\Java\jdk-21\bin\verify.dll

dbghelp: loaded successfully - version: 4.0.5 - missing functions: none
symbol engine: initialized successfully - sym options: 0x614 - pdb path: .;C:\Program Files\Java\jdk-21\bin;C:\Windows\SYSTEM32;C:\Windows\WinSxS\amd64_microsoft.windows.common-controls_6595b64144ccf1df_6.0.22621.6060_none_2712eda17382d24b;C:\Program Files\Java\jdk-21\bin\server;C:\Program Files\NetBeans-21\netbeans\java\maven\lib\jansi-native\Windows\x86_64

VM Arguments:
jvm_args: -Dclassworlds.conf=C:\Program Files\NetBeans-21\netbeans\java\maven\bin\m2.conf -Dmaven.home=C:\Program Files\NetBeans-21\netbeans\java\maven -Dlibrary.jansi.path=C:\Program Files\NetBeans-21\netbeans\java\maven\lib\jansi-native -Dmaven.multiModuleProjectDirectory=C:\Users\pc\Documents\NetBeansProjects\GHADS 
java_command: org.codehaus.plexus.classworlds.launcher.Launcher -Dmaven.ext.class.path=C:\Program Files\NetBeans-21\netbeans\java\maven-nblib\netbeans-eventspy.jar --no-transfer-progress install
java_class_path (initial): C:\Program Files\NetBeans-21\netbeans\java\maven\boot\plexus-classworlds-2.7.0.jar
Launcher Type: SUN_STANDARD

[Global flags]
     intx CICompilerCount                          = 12                                        {product} {ergonomic}
     uint ConcGCThreads                            = 3                                         {product} {ergonomic}
     uint G1ConcRefinementThreads                  = 13                                        {product} {ergonomic}
   size_t G1HeapRegionSize                         = 2097152                                   {product} {ergonomic}
    uintx GCDrainStackTargetSize                   = 64                                        {product} {ergonomic}
   size_t InitialHeapSize                          = 264241152                                 {product} {ergonomic}
   size_t MarkStackSize                            = 4194304                                   {product} {ergonomic}
   size_t MaxHeapSize                              = 4217372672                                {product} {ergonomic}
   size_t MaxNewSize                               = 2529165312                                {product} {ergonomic}
   size_t MinHeapDeltaBytes                        = 2097152                                   {product} {ergonomic}
   size_t MinHeapSize                              = 8388608                                   {product} {ergonomic}
    uintx NonNMethodCodeHeapSize                   = 7602480                                {pd product} {ergonomic}
    uintx NonProfiledCodeHeapSize                  = 122027880                              {pd product} {ergonomic}
    uintx ProfiledCodeHeapSize                     = 122027880                              {pd product} {ergonomic}
    uintx ReservedCodeCacheSize                    = 251658240                              {pd product} {ergonomic}
     bool SegmentedCodeCache                       = true                                      {product} {ergonomic}
   size_t SoftMaxHeapSize                          = 4217372672                             {manageable} {ergonomic}
     bool UseCompressedOops                        = true                           {product lp64_product} {ergonomic}
     bool UseG1GC                                  = true                                      {product} {ergonomic}
     bool UseLargePagesIndividualAllocation        = false                                  {pd product} {ergonomic}

Logging:
Log output configuration:
 #0: stdout all=warning uptime,level,tags foldmultilines=false
 #1: stderr all=off uptime,level,tags foldmultilines=false

Environment Variables:
JAVA_HOME=C:\Program Files\Java\jdk-21
PATH=C:\Program Files (x86)\VMware\VMware Workstation\bin\;C:\Program Files (x86)\Common Files\Intel\Shared Libraries\redist\intel64\compiler;C:\Program Files\Common Files\Oracle\Java\javapath;C:\Windows\system32;C:\Windows;C:\Windows\System32\Wbem;C:\Windows\System32\WindowsPowerShell\v1.0\;C:\Windows\System32\OpenSSH\;C:\Program Files\IBM\SPSS\Statistics\Subscription\JRE\bin;E:\MATLAB 2018\runtime\win64;E:\MATLAB 2018\bin;E:\MATLAB\R2018a\runtime\win64;E:\MATLAB\R2018a\bin;C:\Program Files (x86)\Microsoft SQL Server\160\DTS\Binn\;C:\Program Files\NVIDIA Corporation\NVIDIA App\NvDLISR;C:\Program Files (x86)\NVIDIA Corporation\PhysX\Common;C:\Program Files\dotnet\;C:\Program Files\Git\cmd;C:\Users\pc\dart-sdk\bin;C:\Program Files\nodejs\;C:\Users\pc\AppData\Local\Programs\Python\Python311\Scripts\;C:\Users\pc\AppData\Local\Programs\Python\Python311\;C:\Users\pc\AppData\Local\Microsoft\WindowsApps;C:\Users\pc\AppData\Local\Programs\Microsoft VS Code\bin;C:\mingw64\bin;C:\Users\pc\.dotnet\tools;C:\dart-sdk\bin;C:\Users\pc\AppData\Roaming\npm;D:\Antigravity\bin;C:\flutter\bin;C:\Users\pc\AppData\Local\Programs\Antigravity IDE\bin;
USERNAME=pc
OS=Windows_NT
PROCESSOR_IDENTIFIER=Intel64 Family 6 Model 141 Stepping 1, GenuineIntel
TMP=C:\Users\pc\AppData\Local\Temp
TEMP=C:\Users\pc\AppData\Local\Temp




Periodic native trim disabled

---------------  S Y S T E M  ---------------

OS:
 Windows 11 , 64 bit Build 22621 (10.0.22621.5415)
OS uptime: 0 days 0:03 hours
Hyper-V role detected

CPU: total 16 (initial active 16) (8 cores per cpu, 2 threads per core) family 6 model 141 stepping 1 microcode 0x34, cx8, cmov, fxsr, ht, mmx, 3dnowpref, sse, sse2, sse3, ssse3, sse4.1, sse4.2, popcnt, lzcnt, tsc, tscinvbit, avx, avx2, aes, erms, clmul, bmi1, bmi2, adx, avx512f, avx512dq, avx512cd, avx512bw, avx512vl, sha, fma, vzeroupper, avx512_vpopcntdq, avx512_vpclmulqdq, avx512_vaes, avx512_vnni, clflush, clflushopt, clwb, avx512_vbmi2, avx512_vbmi, hv, rdtscp, rdpid, fsrm, gfni, avx512_bitalg, f16c, cet_ibt, cet_ss, avx512_ifma
Processor Information for all 16 processors :
  Max Mhz: 2304, Current Mhz: 2304, Mhz Limit: 2304

Memory: 4k page, system-wide physical 16085M (5247M free)
TotalPageFile size 21796M (AvailPageFile size 54M)
current process WorkingSet (physical memory assigned to process): 107M, peak: 110M
current process commit charge ("private bytes"): 389M, peak: 397M

vm_info: Java HotSpot(TM) 64-Bit Server VM (21.0.6+8-LTS-188) for windows-amd64 JRE (21.0.6+8-LTS-188), built on 2024-12-03T10:50:54Z by "mach5one" with MS VC++ 17.6 (VS2022)

END.
