#
# There is insufficient memory for the Java Runtime Environment to continue.
# Native memory allocation (mmap) failed to map 65536 bytes for Failed to commit metaspace.
# Possible reasons:
#   The system is out of physical RAM or swap space
#   The process is running with CompressedOops enabled, and the Java Heap may be blocking the growth of the native heap
# Possible solutions:
#   Reduce memory load on the system
#   Increase physical memory or swap space
#   Check if swap backing store is full
#   Decrease Java heap size (-Xmx/-Xms)
#   Decrease number of Java threads
#   Decrease Java thread stack sizes (-Xss)
#   Set larger code cache with -XX:ReservedCodeCacheSize=
#   JVM is running with Zero Based Compressed Oops mode in which the Java heap is
#     placed in the first 32GB address space. The Java Heap base address is the
#     maximum limit for the native heap growth. Please use -XX:HeapBaseMinAddress
#     to set the Java Heap base and to place the Java Heap above 32GB virtual address.
# This output file may be truncated or incomplete.
#
#  Out of Memory Error (virtualSpaceNode.cpp:112), pid=25844, tid=26844
#
# JRE version: Java(TM) SE Runtime Environment (21.0.6+8) (build 21.0.6+8-LTS-188)
# Java VM: Java HotSpot(TM) 64-Bit Server VM (21.0.6+8-LTS-188, mixed mode, sharing, tiered, compressed oops, compressed class ptrs, g1 gc, windows-amd64)
# No core dump will be written. Minidumps are not enabled by default on client versions of Windows
#

---------------  S U M M A R Y ------------

Command Line: -Dclassworlds.conf=C:\Program Files\NetBeans-21\netbeans\java\maven\bin\m2.conf -Dmaven.home=C:\Program Files\NetBeans-21\netbeans\java\maven -Dlibrary.jansi.path=C:\Program Files\NetBeans-21\netbeans\java\maven\lib\jansi-native -Dmaven.multiModuleProjectDirectory=C:\Users\pc\Documents\NetBeansProjects\GHADS org.codehaus.plexus.classworlds.launcher.Launcher -Dmaven.ext.class.path=C:\Program Files\NetBeans-21\netbeans\java\maven-nblib\netbeans-eventspy.jar --no-transfer-progress install

Host: 11th Gen Intel(R) Core(TM) i7-11800H @ 2.30GHz, 16 cores, 15G,  Windows 11 , 64 bit Build 22621 (10.0.22621.5415)
Time: Wed Jun  3 21:36:01 2026  Windows 11 , 64 bit Build 22621 (10.0.22621.5415) elapsed time: 7.804570 seconds (0d 0h 0m 7s)

---------------  T H R E A D  ---------------

Current thread (0x00000286df1c8030):  JavaThread "C1 CompilerThread3" daemon [_thread_in_vm, id=26844, stack(0x000000c890500000,0x000000c890600000) (1024K)]


Current CompileTask:
C1:   7804 2114       3       java.lang.invoke.InvokerBytecodeGenerator::emitLoadInsn (21 bytes)

Stack: [0x000000c890500000,0x000000c890600000]
Native frames: (J=compiled Java code, j=interpreted, Vv=VM code, C=native code)
V  [jvm.dll+0x6ca6d9]
V  [jvm.dll+0x854f51]
V  [jvm.dll+0x85747e]
V  [jvm.dll+0x857b53]
V  [jvm.dll+0x27dcc6]
V  [jvm.dll+0x850b6e]
V  [jvm.dll+0x66e3e5]
V  [jvm.dll+0x66e44a]
V  [jvm.dll+0x670c65]
V  [jvm.dll+0x670b32]
V  [jvm.dll+0x66edbe]
V  [jvm.dll+0x68035a]
V  [jvm.dll+0x679452]
V  [jvm.dll+0x1f1a20]
V  [jvm.dll+0x1f1c08]
V  [jvm.dll+0x1652f1]
V  [jvm.dll+0x165136]
V  [jvm.dll+0x15ca48]
V  [jvm.dll+0x15ecc0]
V  [jvm.dll+0x15d2e5]
V  [jvm.dll+0x15719f]
V  [jvm.dll+0x166d36]
V  [jvm.dll+0x152a50]
V  [jvm.dll+0x152dd3]
V  [jvm.dll+0x1530a4]
V  [jvm.dll+0x1524d6]
V  [jvm.dll+0x1542ad]
V  [jvm.dll+0x2554f9]
V  [jvm.dll+0x253a8a]
V  [jvm.dll+0x3ee576]
V  [jvm.dll+0x7ff2fb]
V  [jvm.dll+0x6c8dbd]
C  [ucrtbase.dll+0x29333]
C  [KERNEL32.DLL+0x1259d]
C  [ntdll.dll+0x5af78]


---------------  P R O C E S S  ---------------

Threads class SMR info:
_java_thread_list=0x00000286e16883c0, length=14, elements={
0x00000286f664c610, 0x00000286ff1a24f0, 0x00000286ff1a7410, 0x00000286ff1aa660,
0x00000286ff1ae1c0, 0x00000286ff1aed00, 0x00000286ff1af840, 0x00000286ff1b15d0,
0x00000286ff1b2060, 0x0000028699639cb0, 0x000002869963b420, 0x00000286df183bd0,
0x00000286df184a80, 0x00000286df1c8030
}

Java Threads: ( => current thread )
  0x00000286f664c610 JavaThread "main"                              [_thread_in_vm, id=25992, stack(0x000000c88f100000,0x000000c88f200000) (1024K)]
  0x00000286ff1a24f0 JavaThread "Reference Handler"          daemon [_thread_blocked, id=26268, stack(0x000000c88f900000,0x000000c88fa00000) (1024K)]
  0x00000286ff1a7410 JavaThread "Finalizer"                  daemon [_thread_blocked, id=26272, stack(0x000000c88fa00000,0x000000c88fb00000) (1024K)]
  0x00000286ff1aa660 JavaThread "Signal Dispatcher"          daemon [_thread_blocked, id=26276, stack(0x000000c88fb00000,0x000000c88fc00000) (1024K)]
  0x00000286ff1ae1c0 JavaThread "Attach Listener"            daemon [_thread_blocked, id=26280, stack(0x000000c88fc00000,0x000000c88fd00000) (1024K)]
  0x00000286ff1aed00 JavaThread "Service Thread"             daemon [_thread_blocked, id=26284, stack(0x000000c88fd00000,0x000000c88fe00000) (1024K)]
  0x00000286ff1af840 JavaThread "Monitor Deflation Thread"   daemon [_thread_blocked, id=26288, stack(0x000000c88fe00000,0x000000c88ff00000) (1024K)]
  0x00000286ff1b15d0 JavaThread "C2 CompilerThread0"         daemon [_thread_blocked, id=26292, stack(0x000000c88ff00000,0x000000c890000000) (1024K)]
  0x00000286ff1b2060 JavaThread "C1 CompilerThread0"         daemon [_thread_blocked, id=26296, stack(0x000000c890000000,0x000000c890100000) (1024K)]
  0x0000028699639cb0 JavaThread "Notification Thread"        daemon [_thread_blocked, id=26328, stack(0x000000c890200000,0x000000c890300000) (1024K)]
  0x000002869963b420 JavaThread "Common-Cleaner"             daemon [_thread_blocked, id=26336, stack(0x000000c890300000,0x000000c890400000) (1024K)]
  0x00000286df183bd0 JavaThread "C1 CompilerThread1"         daemon [_thread_blocked, id=7224, stack(0x000000c890100000,0x000000c890200000) (1024K)]
  0x00000286df184a80 JavaThread "C1 CompilerThread2"         daemon [_thread_in_vm, id=3244, stack(0x000000c890400000,0x000000c890500000) (1024K)]
=>0x00000286df1c8030 JavaThread "C1 CompilerThread3"         daemon [_thread_in_vm, id=26844, stack(0x000000c890500000,0x000000c890600000) (1024K)]
Total: 14

Other Threads:
  0x00000286ff18abf0 VMThread "VM Thread"                           [id=26184, stack(0x000000c88f800000,0x000000c88f900000) (1024K)]
  0x00000286ff178360 WatcherThread "VM Periodic Task Thread"        [id=26180, stack(0x000000c88f700000,0x000000c88f800000) (1024K)]
  0x00000286f8990b40 WorkerThread "GC Thread#0"                     [id=26152, stack(0x000000c88f200000,0x000000c88f300000) (1024K)]
  0x00000286e104eee0 WorkerThread "GC Thread#1"                     [id=23564, stack(0x000000c890d00000,0x000000c890e00000) (1024K)]
  0x00000286e06e4b00 WorkerThread "GC Thread#2"                     [id=23560, stack(0x000000c890e00000,0x000000c890f00000) (1024K)]
  0x00000286e06e4ea0 WorkerThread "GC Thread#3"                     [id=18716, stack(0x000000c890f00000,0x000000c891000000) (1024K)]
  0x00000286e139a420 WorkerThread "GC Thread#4"                     [id=12988, stack(0x000000c891000000,0x000000c891100000) (1024K)]
  0x00000286e139a7c0 WorkerThread "GC Thread#5"                     [id=26528, stack(0x000000c891100000,0x000000c891200000) (1024K)]
  0x00000286e139ab60 WorkerThread "GC Thread#6"                     [id=15928, stack(0x000000c891200000,0x000000c891300000) (1024K)]
  0x00000286e103e860 WorkerThread "GC Thread#7"                     [id=6064, stack(0x000000c891300000,0x000000c891400000) (1024K)]
  0x00000286e06be560 WorkerThread "GC Thread#8"                     [id=20120, stack(0x000000c891400000,0x000000c891500000) (1024K)]
  0x00000286f89a1670 ConcurrentGCThread "G1 Main Marker"            [id=26156, stack(0x000000c88f300000,0x000000c88f400000) (1024K)]
  0x00000286f89a2980 WorkerThread "G1 Conc#0"                       [id=26160, stack(0x000000c88f400000,0x000000c88f500000) (1024K)]
  0x00000286ff047c50 ConcurrentGCThread "G1 Refine#0"               [id=26164, stack(0x000000c88f500000,0x000000c88f600000) (1024K)]
  0x00000286ff0485d0 ConcurrentGCThread "G1 Service"                [id=26168, stack(0x000000c88f600000,0x000000c88f700000) (1024K)]
Total: 15

Threads with active compile tasks:
C1 CompilerThread2     7849 2115       3       java.lang.invoke.InvokerBytecodeGenerator::loadInsnOpcode (98 bytes)
C1 CompilerThread3     7849 2114       3       java.lang.invoke.InvokerBytecodeGenerator::emitLoadInsn (21 bytes)
Total: 2

VM state: not at safepoint (normal execution)

VM Mutex/Monitor currently owned by a thread:  ([mutex/lock_event])
[0x00007ffbae1ebe18] Metaspace_lock - owner thread: 0x00000286df1c8030

Heap address: 0x0000000704a00000, size: 4022 MB, Compressed Oops mode: Zero based, Oop shift amount: 3

CDS archive(s) mapped at: [0x000002869a000000-0x000002869ac90000-0x000002869ac90000), size 13172736, SharedBaseAddress: 0x000002869a000000, ArchiveRelocationMode: 1.
Compressed class space mapped at: 0x000002869b000000-0x00000286db000000, reserved size: 1073741824
Narrow klass base: 0x000002869a000000, Narrow klass shift: 0, Narrow klass range: 0x100000000

GC Precious Log:
 CardTable entry size: 512
 Card Set container configuration: InlinePtr #cards 4 size 8 Array Of Cards #cards 16 size 48 Howl #buckets 8 coarsen threshold 3686 Howl Bitmap #cards 512 size 80 coarsen threshold 460 Card regions per heap region 1 cards per card region 4096
 CPUs: 16 total, 16 available
 Memory: 16085M
 Large Page Support: Disabled
 NUMA Support: Disabled
 Compressed Oops: Enabled (Zero based)
 Heap Region Size: 2M
 Heap Min Capacity: 8M
 Heap Initial Capacity: 252M
 Heap Max Capacity: 4022M
 Pre-touch: Disabled
 Parallel Workers: 13
 Concurrent Workers: 3
 Concurrent Refinement Workers: 13
 Periodic GC: Disabled

Heap:
 garbage-first heap   total 258048K, used 38912K [0x0000000704a00000, 0x0000000800000000)
  region size 2048K, 20 young (40960K), 2 survivors (4096K)
 Metaspace       used 11129K, committed 11328K, reserved 1114112K
  class space    used 1296K, committed 1408K, reserved 1048576K

Heap Regions: E=young(eden), S=young(survivor), O=old, HS=humongous(starts), HC=humongous(continues), CS=collection set, F=free, TAMS=top-at-mark-start, PB=parsable bottom
|   0|0x0000000704a00000, 0x0000000704a00000, 0x0000000704c00000|  0%| F|  |TAMS 0x0000000704a00000| PB 0x0000000704a00000| Untracked 
|   1|0x0000000704c00000, 0x0000000704c00000, 0x0000000704e00000|  0%| F|  |TAMS 0x0000000704c00000| PB 0x0000000704c00000| Untracked 
|   2|0x0000000704e00000, 0x0000000704e00000, 0x0000000705000000|  0%| F|  |TAMS 0x0000000704e00000| PB 0x0000000704e00000| Untracked 
|   3|0x0000000705000000, 0x0000000705000000, 0x0000000705200000|  0%| F|  |TAMS 0x0000000705000000| PB 0x0000000705000000| Untracked 
|   4|0x0000000705200000, 0x0000000705200000, 0x0000000705400000|  0%| F|  |TAMS 0x0000000705200000| PB 0x0000000705200000| Untracked 
|   5|0x0000000705400000, 0x0000000705400000, 0x0000000705600000|  0%| F|  |TAMS 0x0000000705400000| PB 0x0000000705400000| Untracked 
|   6|0x0000000705600000, 0x0000000705600000, 0x0000000705800000|  0%| F|  |TAMS 0x0000000705600000| PB 0x0000000705600000| Untracked 
|   7|0x0000000705800000, 0x0000000705800000, 0x0000000705a00000|  0%| F|  |TAMS 0x0000000705800000| PB 0x0000000705800000| Untracked 
|   8|0x0000000705a00000, 0x0000000705a00000, 0x0000000705c00000|  0%| F|  |TAMS 0x0000000705a00000| PB 0x0000000705a00000| Untracked 
|   9|0x0000000705c00000, 0x0000000705c00000, 0x0000000705e00000|  0%| F|  |TAMS 0x0000000705c00000| PB 0x0000000705c00000| Untracked 
|  10|0x0000000705e00000, 0x0000000705e00000, 0x0000000706000000|  0%| F|  |TAMS 0x0000000705e00000| PB 0x0000000705e00000| Untracked 
|  11|0x0000000706000000, 0x0000000706000000, 0x0000000706200000|  0%| F|  |TAMS 0x0000000706000000| PB 0x0000000706000000| Untracked 
|  12|0x0000000706200000, 0x0000000706200000, 0x0000000706400000|  0%| F|  |TAMS 0x0000000706200000| PB 0x0000000706200000| Untracked 
|  13|0x0000000706400000, 0x0000000706400000, 0x0000000706600000|  0%| F|  |TAMS 0x0000000706400000| PB 0x0000000706400000| Untracked 
|  14|0x0000000706600000, 0x0000000706600000, 0x0000000706800000|  0%| F|  |TAMS 0x0000000706600000| PB 0x0000000706600000| Untracked 
|  15|0x0000000706800000, 0x0000000706800000, 0x0000000706a00000|  0%| F|  |TAMS 0x0000000706800000| PB 0x0000000706800000| Untracked 
|  16|0x0000000706a00000, 0x0000000706a00000, 0x0000000706c00000|  0%| F|  |TAMS 0x0000000706a00000| PB 0x0000000706a00000| Untracked 
|  17|0x0000000706c00000, 0x0000000706c00000, 0x0000000706e00000|  0%| F|  |TAMS 0x0000000706c00000| PB 0x0000000706c00000| Untracked 
|  18|0x0000000706e00000, 0x0000000706e00000, 0x0000000707000000|  0%| F|  |TAMS 0x0000000706e00000| PB 0x0000000706e00000| Untracked 
|  19|0x0000000707000000, 0x0000000707000000, 0x0000000707200000|  0%| F|  |TAMS 0x0000000707000000| PB 0x0000000707000000| Untracked 
|  20|0x0000000707200000, 0x0000000707200000, 0x0000000707400000|  0%| F|  |TAMS 0x0000000707200000| PB 0x0000000707200000| Untracked 
|  21|0x0000000707400000, 0x0000000707400000, 0x0000000707600000|  0%| F|  |TAMS 0x0000000707400000| PB 0x0000000707400000| Untracked 
|  22|0x0000000707600000, 0x0000000707600000, 0x0000000707800000|  0%| F|  |TAMS 0x0000000707600000| PB 0x0000000707600000| Untracked 
|  23|0x0000000707800000, 0x0000000707800000, 0x0000000707a00000|  0%| F|  |TAMS 0x0000000707800000| PB 0x0000000707800000| Untracked 
|  24|0x0000000707a00000, 0x0000000707a00000, 0x0000000707c00000|  0%| F|  |TAMS 0x0000000707a00000| PB 0x0000000707a00000| Untracked 
|  25|0x0000000707c00000, 0x0000000707c00000, 0x0000000707e00000|  0%| F|  |TAMS 0x0000000707c00000| PB 0x0000000707c00000| Untracked 
|  26|0x0000000707e00000, 0x0000000707e00000, 0x0000000708000000|  0%| F|  |TAMS 0x0000000707e00000| PB 0x0000000707e00000| Untracked 
|  27|0x0000000708000000, 0x0000000708000000, 0x0000000708200000|  0%| F|  |TAMS 0x0000000708000000| PB 0x0000000708000000| Untracked 
|  28|0x0000000708200000, 0x0000000708200000, 0x0000000708400000|  0%| F|  |TAMS 0x0000000708200000| PB 0x0000000708200000| Untracked 
|  29|0x0000000708400000, 0x0000000708400000, 0x0000000708600000|  0%| F|  |TAMS 0x0000000708400000| PB 0x0000000708400000| Untracked 
|  30|0x0000000708600000, 0x0000000708600000, 0x0000000708800000|  0%| F|  |TAMS 0x0000000708600000| PB 0x0000000708600000| Untracked 
|  31|0x0000000708800000, 0x0000000708800000, 0x0000000708a00000|  0%| F|  |TAMS 0x0000000708800000| PB 0x0000000708800000| Untracked 
|  32|0x0000000708a00000, 0x0000000708a00000, 0x0000000708c00000|  0%| F|  |TAMS 0x0000000708a00000| PB 0x0000000708a00000| Untracked 
|  33|0x0000000708c00000, 0x0000000708c00000, 0x0000000708e00000|  0%| F|  |TAMS 0x0000000708c00000| PB 0x0000000708c00000| Untracked 
|  34|0x0000000708e00000, 0x0000000708e00000, 0x0000000709000000|  0%| F|  |TAMS 0x0000000708e00000| PB 0x0000000708e00000| Untracked 
|  35|0x0000000709000000, 0x0000000709000000, 0x0000000709200000|  0%| F|  |TAMS 0x0000000709000000| PB 0x0000000709000000| Untracked 
|  36|0x0000000709200000, 0x0000000709200000, 0x0000000709400000|  0%| F|  |TAMS 0x0000000709200000| PB 0x0000000709200000| Untracked 
|  37|0x0000000709400000, 0x0000000709400000, 0x0000000709600000|  0%| F|  |TAMS 0x0000000709400000| PB 0x0000000709400000| Untracked 
|  38|0x0000000709600000, 0x0000000709600000, 0x0000000709800000|  0%| F|  |TAMS 0x0000000709600000| PB 0x0000000709600000| Untracked 
|  39|0x0000000709800000, 0x0000000709800000, 0x0000000709a00000|  0%| F|  |TAMS 0x0000000709800000| PB 0x0000000709800000| Untracked 
|  40|0x0000000709a00000, 0x0000000709a00000, 0x0000000709c00000|  0%| F|  |TAMS 0x0000000709a00000| PB 0x0000000709a00000| Untracked 
|  41|0x0000000709c00000, 0x0000000709c00000, 0x0000000709e00000|  0%| F|  |TAMS 0x0000000709c00000| PB 0x0000000709c00000| Untracked 
|  42|0x0000000709e00000, 0x0000000709e00000, 0x000000070a000000|  0%| F|  |TAMS 0x0000000709e00000| PB 0x0000000709e00000| Untracked 
|  43|0x000000070a000000, 0x000000070a000000, 0x000000070a200000|  0%| F|  |TAMS 0x000000070a000000| PB 0x000000070a000000| Untracked 
|  44|0x000000070a200000, 0x000000070a200000, 0x000000070a400000|  0%| F|  |TAMS 0x000000070a200000| PB 0x000000070a200000| Untracked 
|  45|0x000000070a400000, 0x000000070a400000, 0x000000070a600000|  0%| F|  |TAMS 0x000000070a400000| PB 0x000000070a400000| Untracked 
|  46|0x000000070a600000, 0x000000070a600000, 0x000000070a800000|  0%| F|  |TAMS 0x000000070a600000| PB 0x000000070a600000| Untracked 
|  47|0x000000070a800000, 0x000000070a800000, 0x000000070aa00000|  0%| F|  |TAMS 0x000000070a800000| PB 0x000000070a800000| Untracked 
|  48|0x000000070aa00000, 0x000000070aa00000, 0x000000070ac00000|  0%| F|  |TAMS 0x000000070aa00000| PB 0x000000070aa00000| Untracked 
|  49|0x000000070ac00000, 0x000000070ac00000, 0x000000070ae00000|  0%| F|  |TAMS 0x000000070ac00000| PB 0x000000070ac00000| Untracked 
|  50|0x000000070ae00000, 0x000000070ae00000, 0x000000070b000000|  0%| F|  |TAMS 0x000000070ae00000| PB 0x000000070ae00000| Untracked 
|  51|0x000000070b000000, 0x000000070b000000, 0x000000070b200000|  0%| F|  |TAMS 0x000000070b000000| PB 0x000000070b000000| Untracked 
|  52|0x000000070b200000, 0x000000070b200000, 0x000000070b400000|  0%| F|  |TAMS 0x000000070b200000| PB 0x000000070b200000| Untracked 
|  53|0x000000070b400000, 0x000000070b400000, 0x000000070b600000|  0%| F|  |TAMS 0x000000070b400000| PB 0x000000070b400000| Untracked 
|  54|0x000000070b600000, 0x000000070b600000, 0x000000070b800000|  0%| F|  |TAMS 0x000000070b600000| PB 0x000000070b600000| Untracked 
|  55|0x000000070b800000, 0x000000070b800000, 0x000000070ba00000|  0%| F|  |TAMS 0x000000070b800000| PB 0x000000070b800000| Untracked 
|  56|0x000000070ba00000, 0x000000070ba00000, 0x000000070bc00000|  0%| F|  |TAMS 0x000000070ba00000| PB 0x000000070ba00000| Untracked 
|  57|0x000000070bc00000, 0x000000070bc00000, 0x000000070be00000|  0%| F|  |TAMS 0x000000070bc00000| PB 0x000000070bc00000| Untracked 
|  58|0x000000070be00000, 0x000000070be00000, 0x000000070c000000|  0%| F|  |TAMS 0x000000070be00000| PB 0x000000070be00000| Untracked 
|  59|0x000000070c000000, 0x000000070c000000, 0x000000070c200000|  0%| F|  |TAMS 0x000000070c000000| PB 0x000000070c000000| Untracked 
|  60|0x000000070c200000, 0x000000070c200000, 0x000000070c400000|  0%| F|  |TAMS 0x000000070c200000| PB 0x000000070c200000| Untracked 
|  61|0x000000070c400000, 0x000000070c400000, 0x000000070c600000|  0%| F|  |TAMS 0x000000070c400000| PB 0x000000070c400000| Untracked 
|  62|0x000000070c600000, 0x000000070c600000, 0x000000070c800000|  0%| F|  |TAMS 0x000000070c600000| PB 0x000000070c600000| Untracked 
|  63|0x000000070c800000, 0x000000070c800000, 0x000000070ca00000|  0%| F|  |TAMS 0x000000070c800000| PB 0x000000070c800000| Untracked 
|  64|0x000000070ca00000, 0x000000070ca00000, 0x000000070cc00000|  0%| F|  |TAMS 0x000000070ca00000| PB 0x000000070ca00000| Untracked 
|  65|0x000000070cc00000, 0x000000070cc00000, 0x000000070ce00000|  0%| F|  |TAMS 0x000000070cc00000| PB 0x000000070cc00000| Untracked 
|  66|0x000000070ce00000, 0x000000070ce00000, 0x000000070d000000|  0%| F|  |TAMS 0x000000070ce00000| PB 0x000000070ce00000| Untracked 
|  67|0x000000070d000000, 0x000000070d000000, 0x000000070d200000|  0%| F|  |TAMS 0x000000070d000000| PB 0x000000070d000000| Untracked 
|  68|0x000000070d200000, 0x000000070d200000, 0x000000070d400000|  0%| F|  |TAMS 0x000000070d200000| PB 0x000000070d200000| Untracked 
|  69|0x000000070d400000, 0x000000070d400000, 0x000000070d600000|  0%| F|  |TAMS 0x000000070d400000| PB 0x000000070d400000| Untracked 
|  70|0x000000070d600000, 0x000000070d600000, 0x000000070d800000|  0%| F|  |TAMS 0x000000070d600000| PB 0x000000070d600000| Untracked 
|  71|0x000000070d800000, 0x000000070d800000, 0x000000070da00000|  0%| F|  |TAMS 0x000000070d800000| PB 0x000000070d800000| Untracked 
|  72|0x000000070da00000, 0x000000070da00000, 0x000000070dc00000|  0%| F|  |TAMS 0x000000070da00000| PB 0x000000070da00000| Untracked 
|  73|0x000000070dc00000, 0x000000070dc00000, 0x000000070de00000|  0%| F|  |TAMS 0x000000070dc00000| PB 0x000000070dc00000| Untracked 
|  74|0x000000070de00000, 0x000000070de00000, 0x000000070e000000|  0%| F|  |TAMS 0x000000070de00000| PB 0x000000070de00000| Untracked 
|  75|0x000000070e000000, 0x000000070e000000, 0x000000070e200000|  0%| F|  |TAMS 0x000000070e000000| PB 0x000000070e000000| Untracked 
|  76|0x000000070e200000, 0x000000070e200000, 0x000000070e400000|  0%| F|  |TAMS 0x000000070e200000| PB 0x000000070e200000| Untracked 
|  77|0x000000070e400000, 0x000000070e400000, 0x000000070e600000|  0%| F|  |TAMS 0x000000070e400000| PB 0x000000070e400000| Untracked 
|  78|0x000000070e600000, 0x000000070e600000, 0x000000070e800000|  0%| F|  |TAMS 0x000000070e600000| PB 0x000000070e600000| Untracked 
|  79|0x000000070e800000, 0x000000070e800000, 0x000000070ea00000|  0%| F|  |TAMS 0x000000070e800000| PB 0x000000070e800000| Untracked 
|  80|0x000000070ea00000, 0x000000070ea00000, 0x000000070ec00000|  0%| F|  |TAMS 0x000000070ea00000| PB 0x000000070ea00000| Untracked 
|  81|0x000000070ec00000, 0x000000070ec00000, 0x000000070ee00000|  0%| F|  |TAMS 0x000000070ec00000| PB 0x000000070ec00000| Untracked 
|  82|0x000000070ee00000, 0x000000070ee00000, 0x000000070f000000|  0%| F|  |TAMS 0x000000070ee00000| PB 0x000000070ee00000| Untracked 
|  83|0x000000070f000000, 0x000000070f000000, 0x000000070f200000|  0%| F|  |TAMS 0x000000070f000000| PB 0x000000070f000000| Untracked 
|  84|0x000000070f200000, 0x000000070f200000, 0x000000070f400000|  0%| F|  |TAMS 0x000000070f200000| PB 0x000000070f200000| Untracked 
|  85|0x000000070f400000, 0x000000070f400000, 0x000000070f600000|  0%| F|  |TAMS 0x000000070f400000| PB 0x000000070f400000| Untracked 
|  86|0x000000070f600000, 0x000000070f600000, 0x000000070f800000|  0%| F|  |TAMS 0x000000070f600000| PB 0x000000070f600000| Untracked 
|  87|0x000000070f800000, 0x000000070f800000, 0x000000070fa00000|  0%| F|  |TAMS 0x000000070f800000| PB 0x000000070f800000| Untracked 
|  88|0x000000070fa00000, 0x000000070fa00000, 0x000000070fc00000|  0%| F|  |TAMS 0x000000070fa00000| PB 0x000000070fa00000| Untracked 
|  89|0x000000070fc00000, 0x000000070fc00000, 0x000000070fe00000|  0%| F|  |TAMS 0x000000070fc00000| PB 0x000000070fc00000| Untracked 
|  90|0x000000070fe00000, 0x000000070fe00000, 0x0000000710000000|  0%| F|  |TAMS 0x000000070fe00000| PB 0x000000070fe00000| Untracked 
|  91|0x0000000710000000, 0x0000000710000000, 0x0000000710200000|  0%| F|  |TAMS 0x0000000710000000| PB 0x0000000710000000| Untracked 
|  92|0x0000000710200000, 0x0000000710200000, 0x0000000710400000|  0%| F|  |TAMS 0x0000000710200000| PB 0x0000000710200000| Untracked 
|  93|0x0000000710400000, 0x0000000710400000, 0x0000000710600000|  0%| F|  |TAMS 0x0000000710400000| PB 0x0000000710400000| Untracked 
|  94|0x0000000710600000, 0x0000000710600000, 0x0000000710800000|  0%| F|  |TAMS 0x0000000710600000| PB 0x0000000710600000| Untracked 
|  95|0x0000000710800000, 0x0000000710800000, 0x0000000710a00000|  0%| F|  |TAMS 0x0000000710800000| PB 0x0000000710800000| Untracked 
|  96|0x0000000710a00000, 0x0000000710a00000, 0x0000000710c00000|  0%| F|  |TAMS 0x0000000710a00000| PB 0x0000000710a00000| Untracked 
|  97|0x0000000710c00000, 0x0000000710c00000, 0x0000000710e00000|  0%| F|  |TAMS 0x0000000710c00000| PB 0x0000000710c00000| Untracked 
|  98|0x0000000710e00000, 0x0000000710e00000, 0x0000000711000000|  0%| F|  |TAMS 0x0000000710e00000| PB 0x0000000710e00000| Untracked 
|  99|0x0000000711000000, 0x0000000711000000, 0x0000000711200000|  0%| F|  |TAMS 0x0000000711000000| PB 0x0000000711000000| Untracked 
| 100|0x0000000711200000, 0x0000000711200000, 0x0000000711400000|  0%| F|  |TAMS 0x0000000711200000| PB 0x0000000711200000| Untracked 
| 101|0x0000000711400000, 0x0000000711400000, 0x0000000711600000|  0%| F|  |TAMS 0x0000000711400000| PB 0x0000000711400000| Untracked 
| 102|0x0000000711600000, 0x0000000711600000, 0x0000000711800000|  0%| F|  |TAMS 0x0000000711600000| PB 0x0000000711600000| Untracked 
| 103|0x0000000711800000, 0x0000000711800000, 0x0000000711a00000|  0%| F|  |TAMS 0x0000000711800000| PB 0x0000000711800000| Untracked 
| 104|0x0000000711a00000, 0x0000000711a00000, 0x0000000711c00000|  0%| F|  |TAMS 0x0000000711a00000| PB 0x0000000711a00000| Untracked 
| 105|0x0000000711c00000, 0x0000000711c00000, 0x0000000711e00000|  0%| F|  |TAMS 0x0000000711c00000| PB 0x0000000711c00000| Untracked 
| 106|0x0000000711e00000, 0x0000000712000000, 0x0000000712000000|100%| E|  |TAMS 0x0000000711e00000| PB 0x0000000711e00000| Complete 
| 107|0x0000000712000000, 0x0000000712200000, 0x0000000712200000|100%| E|CS|TAMS 0x0000000712000000| PB 0x0000000712000000| Complete 
| 108|0x0000000712200000, 0x0000000712400000, 0x0000000712400000|100%| E|CS|TAMS 0x0000000712200000| PB 0x0000000712200000| Complete 
| 109|0x0000000712400000, 0x0000000712600000, 0x0000000712600000|100%| E|CS|TAMS 0x0000000712400000| PB 0x0000000712400000| Complete 
| 110|0x0000000712600000, 0x0000000712800000, 0x0000000712800000|100%| E|CS|TAMS 0x0000000712600000| PB 0x0000000712600000| Complete 
| 111|0x0000000712800000, 0x0000000712a00000, 0x0000000712a00000|100%| E|CS|TAMS 0x0000000712800000| PB 0x0000000712800000| Complete 
| 112|0x0000000712a00000, 0x0000000712c00000, 0x0000000712c00000|100%| E|CS|TAMS 0x0000000712a00000| PB 0x0000000712a00000| Complete 
| 113|0x0000000712c00000, 0x0000000712e00000, 0x0000000712e00000|100%| S|CS|TAMS 0x0000000712c00000| PB 0x0000000712c00000| Complete 
| 114|0x0000000712e00000, 0x0000000713000000, 0x0000000713000000|100%| S|CS|TAMS 0x0000000712e00000| PB 0x0000000712e00000| Complete 
| 115|0x0000000713000000, 0x0000000713200000, 0x0000000713200000|100%| E|CS|TAMS 0x0000000713000000| PB 0x0000000713000000| Complete 
| 116|0x0000000713200000, 0x0000000713400000, 0x0000000713400000|100%| E|CS|TAMS 0x0000000713200000| PB 0x0000000713200000| Complete 
| 117|0x0000000713400000, 0x0000000713600000, 0x0000000713600000|100%| E|CS|TAMS 0x0000000713400000| PB 0x0000000713400000| Complete 
| 118|0x0000000713600000, 0x0000000713800000, 0x0000000713800000|100%| E|CS|TAMS 0x0000000713600000| PB 0x0000000713600000| Complete 
| 119|0x0000000713800000, 0x0000000713a00000, 0x0000000713a00000|100%| E|CS|TAMS 0x0000000713800000| PB 0x0000000713800000| Complete 
| 120|0x0000000713a00000, 0x0000000713c00000, 0x0000000713c00000|100%| E|CS|TAMS 0x0000000713a00000| PB 0x0000000713a00000| Complete 
| 121|0x0000000713c00000, 0x0000000713e00000, 0x0000000713e00000|100%| E|CS|TAMS 0x0000000713c00000| PB 0x0000000713c00000| Complete 
| 122|0x0000000713e00000, 0x0000000714000000, 0x0000000714000000|100%| E|CS|TAMS 0x0000000713e00000| PB 0x0000000713e00000| Complete 
| 123|0x0000000714000000, 0x0000000714200000, 0x0000000714200000|100%| E|CS|TAMS 0x0000000714000000| PB 0x0000000714000000| Complete 
| 124|0x0000000714200000, 0x0000000714400000, 0x0000000714400000|100%| E|CS|TAMS 0x0000000714200000| PB 0x0000000714200000| Complete 
| 125|0x0000000714400000, 0x0000000714600000, 0x0000000714600000|100%| E|CS|TAMS 0x0000000714400000| PB 0x0000000714400000| Complete 

Card table byte_map: [0x00000286f9a60000,0x00000286fa240000] _byte_map_base: 0x00000286f623b000

Marking Bits: (CMBitMap*) 0x00000286f8991240
 Bits: [0x00000286fa240000, 0x00000286fe118000)

Polling page: 0x00000286f68b0000

Metaspace:

Usage:
  Non-class:      9.60 MB used.
      Class:      1.27 MB used.
       Both:     10.87 MB used.

Virtual space:
  Non-class space:       64.00 MB reserved,       9.69 MB ( 15%) committed,  1 nodes.
      Class space:        1.00 GB reserved,       1.38 MB ( <1%) committed,  1 nodes.
             Both:        1.06 GB reserved,      11.06 MB (  1%) committed. 

Chunk freelists:
   Non-Class:  5.05 MB
       Class:  14.68 MB
        Both:  19.73 MB

MaxMetaspaceSize: unlimited
CompressedClassSpaceSize: 1.00 GB
Initial GC threshold: 21.00 MB
Current GC threshold: 21.00 MB
CDS: on
 - commit_granule_bytes: 65536.
 - commit_granule_words: 8192.
 - virtual_space_node_default_size: 8388608.
 - enlarge_chunks_in_place: 1.
 - use_allocation_guard: 0.


Internal statistics:

num_allocs_failed_limit: 0.
num_arena_births: 92.
num_arena_deaths: 0.
num_vsnodes_births: 2.
num_vsnodes_deaths: 0.
num_space_committed: 177.
num_space_uncommitted: 0.
num_chunks_returned_to_freelist: 0.
num_chunks_taken_from_freelist: 443.
num_chunk_merges: 0.
num_chunk_splits: 314.
num_chunks_enlarged: 265.
num_inconsistent_stats: 0.

CodeHeap 'non-profiled nmethods': size=119168Kb used=862Kb max_used=862Kb free=118305Kb
 bounds [0x000002868ff60000, 0x00000286901d0000, 0x00000286973c0000]
CodeHeap 'profiled nmethods': size=119104Kb used=4173Kb max_used=4173Kb free=114930Kb
 bounds [0x00000286883c0000, 0x00000286887e0000, 0x000002868f810000]
CodeHeap 'non-nmethods': size=7488Kb used=3193Kb max_used=3299Kb free=4295Kb
 bounds [0x000002868f810000, 0x000002868fbb0000, 0x000002868ff60000]
 total_blobs=2583 nmethods=2113 adapters=371
 compilation: enabled
              stopped_count=0, restarted_count=0
 full_count=0

Compilation events (20 events):
Event: 7.790 Thread 0x00000286df184a80 2090       3       java.lang.invoke.DirectMethodHandle::maybeCompile (24 bytes)
Event: 7.791 Thread 0x00000286df184a80 nmethod 2090 0x00000286887cb210 code [0x00000286887cb3e0, 0x00000286887cb5f8]
Event: 7.792 Thread 0x00000286df184a80 2094       3       java.lang.invoke.DirectMethodHandle::preparedLambdaForm (31 bytes)
Event: 7.793 Thread 0x00000286df184a80 nmethod 2094 0x00000286887cb710 code [0x00000286887cb900, 0x00000286887cbdc0]
Event: 7.793 Thread 0x00000286df1c8030 2096       3       jdk.internal.org.objectweb.asm.Type::<init> (26 bytes)
Event: 7.793 Thread 0x00000286df1c8030 nmethod 2096 0x00000286887cbf90 code [0x00000286887cc140, 0x00000286887cc310]
Event: 7.795 Thread 0x00000286df184a80 2097       3       java.lang.invoke.LambdaForm$BasicType::basicTypeSlots (8 bytes)
Event: 7.795 Thread 0x00000286df1c8030 2098       3       sun.invoke.util.Wrapper::stackSlots (9 bytes)
Event: 7.795 Thread 0x00000286df1c8030 nmethod 2098 0x00000286887cc410 code [0x00000286887cc5a0, 0x00000286887cc6b0]
Event: 7.795 Thread 0x00000286df184a80 nmethod 2097 0x00000286887cc710 code [0x00000286887cc8c0, 0x00000286887cca38]
Event: 7.798 Thread 0x00000286df1c8030 2100       3       java.lang.invoke.LambdaForm$NamedFunction::returnType (11 bytes)
Event: 7.798 Thread 0x00000286df184a80 2102       3       jdk.internal.org.objectweb.asm.Type::getTypeInternal (218 bytes)
Event: 7.798 Thread 0x00000286df1c8030 nmethod 2100 0x00000286887ccb10 code [0x00000286887ccd20, 0x00000286887cd2a8]
Event: 7.799 Thread 0x00000286df184a80 nmethod 2102 0x00000286887cd510 code [0x00000286887cd860, 0x00000286887ceb18]
Event: 7.799 Thread 0x00000286ff1b2060 2106       3       java.lang.invoke.InvokerBytecodeGenerator::emitImplicitConversion (161 bytes)
Event: 7.800 Thread 0x00000286df184a80 2107       3       java.lang.invoke.MethodType::insertParameterTypes (121 bytes)
Event: 7.800 Thread 0x00000286ff1b2060 nmethod 2106 0x00000286887cf110 code [0x00000286887cf440, 0x00000286887d0258]
Event: 7.801 Thread 0x00000286df184a80 nmethod 2107 0x00000286887d0710 code [0x00000286887d0a00, 0x00000286887d1920]
Event: 7.802 Thread 0x00000286df183bd0 2112       3       java.lang.invoke.DirectMethodHandle::preparedLambdaForm (244 bytes)
Event: 7.803 Thread 0x00000286df1c8030 2114       3       java.lang.invoke.InvokerBytecodeGenerator::emitLoadInsn (21 bytes)

GC Heap History (2 events):
Event: 4.918 GC heap before
{Heap before GC invocations=0 (full 0):
 garbage-first heap   total 258048K, used 22528K [0x0000000704a00000, 0x0000000800000000)
  region size 2048K, 11 young (22528K), 0 survivors (0K)
 Metaspace       used 5780K, committed 6016K, reserved 1114112K
  class space    used 651K, committed 768K, reserved 1048576K
}
Event: 5.013 GC heap after
{Heap after GC invocations=1 (full 0):
 garbage-first heap   total 258048K, used 4096K [0x0000000704a00000, 0x0000000800000000)
  region size 2048K, 2 young (4096K), 2 survivors (4096K)
 Metaspace       used 5780K, committed 6016K, reserved 1114112K
  class space    used 651K, committed 768K, reserved 1048576K
}

Dll operation events (8 events):
Event: 0.011 Loaded shared library C:\Program Files\Java\jdk-21\bin\java.dll
Event: 0.104 Loaded shared library C:\Program Files\Java\jdk-21\bin\jsvml.dll
Event: 0.133 Loaded shared library C:\Program Files\Java\jdk-21\bin\net.dll
Event: 0.136 Loaded shared library C:\Program Files\Java\jdk-21\bin\nio.dll
Event: 0.141 Loaded shared library C:\Program Files\Java\jdk-21\bin\zip.dll
Event: 2.347 Loaded shared library C:\Program Files\Java\jdk-21\bin\jimage.dll
Event: 2.360 Loaded shared library C:\Program Files\NetBeans-21\netbeans\java\maven\lib\jansi-native\Windows\x86_64\jansi.dll
Event: 2.425 Loaded shared library C:\Program Files\Java\jdk-21\bin\verify.dll

Deoptimization events (20 events):
Event: 7.440 Thread 0x00000286f664c610 Uncommon trap: trap_request=0xffffffc6 fr.pc=0x0000028690019e3c relative=0x000000000000033c
Event: 7.441 Thread 0x00000286f664c610 Uncommon trap: reason=bimorphic_or_optimized_type_check action=maybe_recompile pc=0x0000028690019e3c method=java.util.HashMap.getNode(Ljava/lang/Object;)Ljava/util/HashMap$Node; @ 128 c2
Event: 7.441 Thread 0x00000286f664c610 DEOPT PACKING pc=0x0000028690019e3c sp=0x000000c88f1fe1e0
Event: 7.441 Thread 0x00000286f664c610 DEOPT UNPACKING pc=0x000002868f867da2 sp=0x000000c88f1fe148 mode 2
Event: 7.441 Thread 0x00000286f664c610 Uncommon trap: trap_request=0xffffffc6 fr.pc=0x000002869002c238 relative=0x00000000000002d8
Event: 7.441 Thread 0x00000286f664c610 Uncommon trap: reason=bimorphic_or_optimized_type_check action=maybe_recompile pc=0x000002869002c238 method=java.util.HashMap.getNode(Ljava/lang/Object;)Ljava/util/HashMap$Node; @ 128 c2
Event: 7.441 Thread 0x00000286f664c610 DEOPT PACKING pc=0x000002869002c238 sp=0x000000c88f1fe360
Event: 7.441 Thread 0x00000286f664c610 DEOPT UNPACKING pc=0x000002868f867da2 sp=0x000000c88f1fe268 mode 2
Event: 7.709 Thread 0x00000286f664c610 Uncommon trap: trap_request=0xffffff45 fr.pc=0x000002868ffa331c relative=0x000000000000035c
Event: 7.709 Thread 0x00000286f664c610 Uncommon trap: reason=unstable_if action=reinterpret pc=0x000002868ffa331c method=jdk.internal.util.ArraysSupport.mismatch([BI[BII)I @ 55 c2
Event: 7.709 Thread 0x00000286f664c610 DEOPT PACKING pc=0x000002868ffa331c sp=0x000000c88f1fe520
Event: 7.709 Thread 0x00000286f664c610 DEOPT UNPACKING pc=0x000002868f867da2 sp=0x000000c88f1fe418 mode 2
Event: 7.709 Thread 0x00000286f664c610 Uncommon trap: trap_request=0xffffff45 fr.pc=0x000002868fff7f94 relative=0x0000000000000274
Event: 7.709 Thread 0x00000286f664c610 Uncommon trap: reason=unstable_if action=reinterpret pc=0x000002868fff7f94 method=jdk.internal.util.ArraysSupport.mismatch([BI[BII)I @ 55 c2
Event: 7.709 Thread 0x00000286f664c610 DEOPT PACKING pc=0x000002868fff7f94 sp=0x000000c88f1fe440
Event: 7.709 Thread 0x00000286f664c610 DEOPT UNPACKING pc=0x000002868f867da2 sp=0x000000c88f1fe408 mode 2
Event: 7.745 Thread 0x00000286f664c610 Uncommon trap: trap_request=0xffffff45 fr.pc=0x000002868fff9aec relative=0x00000000000002ac
Event: 7.745 Thread 0x00000286f664c610 Uncommon trap: reason=unstable_if action=reinterpret pc=0x000002868fff9aec method=java.util.concurrent.ConcurrentHashMap.get(Ljava/lang/Object;)Ljava/lang/Object; @ 76 c2
Event: 7.745 Thread 0x00000286f664c610 DEOPT PACKING pc=0x000002868fff9aec sp=0x000000c88f1fb320
Event: 7.745 Thread 0x00000286f664c610 DEOPT UNPACKING pc=0x000002868f867da2 sp=0x000000c88f1fb298 mode 2

Classes loaded (20 events):
Event: 7.336 Loading class java/util/concurrent/atomic/AtomicBoolean
Event: 7.336 Loading class java/util/concurrent/atomic/AtomicBoolean done
Event: 7.548 Loading class sun/reflect/generics/repository/FieldRepository
Event: 7.548 Loading class sun/reflect/generics/repository/FieldRepository done
Event: 7.616 Loading class java/io/UncheckedIOException
Event: 7.616 Loading class java/io/UncheckedIOException done
Event: 7.645 Loading class java/nio/channels/OverlappingFileLockException
Event: 7.645 Loading class java/nio/channels/OverlappingFileLockException done
Event: 7.645 Loading class java/nio/channels/FileLock
Event: 7.646 Loading class java/nio/channels/FileLock done
Event: 7.685 Loading class java/nio/file/AccessDeniedException
Event: 7.685 Loading class java/nio/file/AccessDeniedException done
Event: 7.741 Loading class java/lang/ExceptionInInitializerError
Event: 7.741 Loading class java/lang/ExceptionInInitializerError done
Event: 7.745 Loading class jdk/internal/vm/annotation/ForceInline
Event: 7.745 Loading class jdk/internal/vm/annotation/ForceInline done
Event: 7.792 Loading class sun/invoke/util/ValueConversions$1
Event: 7.792 Loading class sun/invoke/util/ValueConversions$1 done
Event: 7.793 Loading class java/lang/invoke/BoundMethodHandle$Species_LI
Event: 7.793 Loading class java/lang/invoke/BoundMethodHandle$Species_LI done

Classes unloaded (0 events):
No events

Classes redefined (0 events):
No events

Internal exceptions (20 events):
Event: 2.423 Thread 0x00000286f664c610 Exception <a 'sun/nio/fs/WindowsException'{0x0000000713e00080}> (0x0000000713e00080) 
thrown [s\open\src\hotspot\share\prims\jni.cpp, line 520]
Event: 2.424 Thread 0x00000286f664c610 Exception <a 'sun/nio/fs/WindowsException'{0x0000000713e00588}> (0x0000000713e00588) 
thrown [s\open\src\hotspot\share\prims\jni.cpp, line 520]
Event: 2.424 Thread 0x00000286f664c610 Exception <a 'sun/nio/fs/WindowsException'{0x0000000713e00c90}> (0x0000000713e00c90) 
thrown [s\open\src\hotspot\share\prims\jni.cpp, line 520]
Event: 2.460 Thread 0x00000286f664c610 Exception <a 'java/lang/NoSuchMethodError'{0x0000000713e715f8}: 'void java.lang.invoke.DirectMethodHandle$Holder.invokeStatic(java.lang.Object, java.lang.Object, java.lang.Object)'> (0x0000000713e715f8) 
thrown [s\open\src\hotspot\share\interpreter\linkResolver.cpp, line 773]
Event: 3.096 Thread 0x00000286f664c610 Exception <a 'java/lang/NoSuchMethodError'{0x0000000713c24570}: 'java.lang.Object java.lang.invoke.DirectMethodHandle$Holder.invokeSpecialIFC(java.lang.Object, java.lang.Object, java.lang.Object, java.lang.Object)'> (0x0000000713c24570) 
thrown [s\open\src\hotspot\share\interpreter\linkResolver.cpp, line 773]
Event: 3.830 Thread 0x00000286f664c610 Exception <a 'java/lang/NoSuchMethodError'{0x00000007136a9ce0}: 'void java.lang.invoke.DirectMethodHandle$Holder.invokeSpecial(java.lang.Object, java.lang.Object, java.lang.Object)'> (0x00000007136a9ce0) 
thrown [s\open\src\hotspot\share\interpreter\linkResolver.cpp, line 773]
Event: 3.996 Thread 0x00000286f664c610 Exception <a 'java/lang/NoSuchMethodError'{0x00000007137ea818}: 'java.lang.Object java.lang.invoke.DirectMethodHandle$Holder.invokeInterface(java.lang.Object, java.lang.Object)'> (0x00000007137ea818) 
thrown [s\open\src\hotspot\share\interpreter\linkResolver.cpp, line 773]
Event: 4.030 Thread 0x00000286f664c610 Exception <a 'java/lang/NoSuchMethodError'{0x000000071347c5f8}: 'int java.lang.invoke.DirectMethodHandle$Holder.invokeStatic(java.lang.Object, java.lang.Object, java.lang.Object, java.lang.Object)'> (0x000000071347c5f8) 
thrown [s\open\src\hotspot\share\interpreter\linkResolver.cpp, line 773]
Event: 4.030 Thread 0x00000286f664c610 Exception <a 'java/lang/NoSuchMethodError'{0x000000071347fc88}: 'java.lang.Object java.lang.invoke.Invokers$Holder.invokeExact_MT(java.lang.Object, java.lang.Object, java.lang.Object, java.lang.Object, java.lang.Object, java.lang.Object)'> (0x000000071347fc88) 
thrown [s\open\src\hotspot\share\interpreter\linkResolver.cpp, line 773]
Event: 4.033 Thread 0x00000286f664c610 Exception <a 'java/lang/NoSuchMethodError'{0x000000071348e2f8}: 'int java.lang.invoke.DirectMethodHandle$Holder.invokeSpecialIFC(java.lang.Object, java.lang.Object, java.lang.Object, java.lang.Object, java.lang.Object)'> (0x000000071348e2f8) 
thrown [s\open\src\hotspot\share\interpreter\linkResolver.cpp, line 773]
Event: 4.313 Thread 0x00000286f664c610 Exception <a 'java/lang/NoSuchMethodError'{0x0000000713204f10}: 'java.lang.Object java.lang.invoke.DirectMethodHandle$Holder.newInvokeSpecial(java.lang.Object, java.lang.Object, java.lang.Object, java.lang.Object, java.lang.Object)'> (0x0000000713204f10) 
thrown [s\open\src\hotspot\share\interpreter\linkResolver.cpp, line 773]
Event: 4.434 Thread 0x00000286f664c610 Exception <a 'java/lang/NoSuchMethodError'{0x00000007132fa0a0}: 'int java.lang.invoke.DirectMethodHandle$Holder.invokeStaticInit(java.lang.Object, java.lang.Object)'> (0x00000007132fa0a0) 
thrown [s\open\src\hotspot\share\interpreter\linkResolver.cpp, line 773]
Event: 4.575 Thread 0x00000286f664c610 Exception <a 'java/lang/NoClassDefFoundError'{0x000000071332e198}: javax/enterprise/inject/Typed> (0x000000071332e198) 
thrown [s\open\src\hotspot\share\classfile\systemDictionary.cpp, line 301]
Event: 7.734 Thread 0x00000286f664c610 Exception <a 'java/lang/NoSuchMethodError'{0x0000000711e86540}: 'void java.lang.invoke.DirectMethodHandle$Holder.invokeStaticInit(java.lang.Object, java.lang.Object, java.lang.Object)'> (0x0000000711e86540) 
thrown [s\open\src\hotspot\share\interpreter\linkResolver.cpp, line 773]
Event: 7.744 Thread 0x00000286f664c610 Exception <a 'java/lang/ExceptionInInitializerError'{0x0000000711eae718}> (0x0000000711eae718) 
thrown [s\open\src\hotspot\share\oops\instanceKlass.cpp, line 1192]
Event: 7.792 Thread 0x00000286f664c610 Exception <a 'java/lang/NoSuchMethodError'{0x0000000711fb6a98}: 'long java.lang.invoke.DirectMethodHandle$Holder.invokeStatic(java.lang.Object, java.lang.Object, int)'> (0x0000000711fb6a98) 
thrown [s\open\src\hotspot\share\interpreter\linkResolver.cpp, line 773]
Event: 7.797 Thread 0x00000286f664c610 Exception <a 'java/lang/NoSuchMethodError'{0x0000000711fc9b70}: 'java.lang.Object java.lang.invoke.DirectMethodHandle$Holder.invokeStatic(java.lang.Object, java.lang.Object, java.lang.Object, java.lang.Object, int)'> (0x0000000711fc9b70) 
thrown [s\open\src\hotspot\share\interpreter\linkResolver.cpp, line 773]
Event: 7.799 Thread 0x00000286f664c610 Exception <a 'java/lang/NoSuchMethodError'{0x0000000711fd1aa8}: 'java.lang.Object java.lang.invoke.DirectMethodHandle$Holder.invokeSpecial(java.lang.Object, java.lang.Object, java.lang.Object, java.lang.Object, long)'> (0x0000000711fd1aa8) 
thrown [s\open\src\hotspot\share\interpreter\linkResolver.cpp, line 773]
Event: 7.802 Thread 0x00000286f664c610 Exception <a 'java/lang/NoSuchMethodError'{0x0000000711fdd370}: 'java.lang.Object java.lang.invoke.DirectMethodHandle$Holder.invokeSpecial(java.lang.Object, java.lang.Object, java.lang.Object, int, java.lang.Object)'> (0x0000000711fdd370) 
thrown [s\open\src\hotspot\share\interpreter\linkResolver.cpp, line 773]
Event: 7.803 Thread 0x00000286f664c610 Exception <a 'java/lang/NoSuchMethodError'{0x0000000711fe54b0}: 'int java.lang.invoke.DirectMethodHandle$Holder.invokeSpecial(java.lang.Object, java.lang.Object, java.lang.Object, int)'> (0x0000000711fe54b0) 
thrown [s\open\src\hotspot\share\interpreter\linkResolver.cpp, line 773]

ZGC Phase Switch (0 events):
No events

VM Operations (20 events):
Event: 2.342 Executing VM operation: HandshakeAllThreads (Deoptimize)
Event: 2.342 Executing VM operation: HandshakeAllThreads (Deoptimize) done
Event: 2.352 Executing VM operation: HandshakeAllThreads (Deoptimize)
Event: 2.352 Executing VM operation: HandshakeAllThreads (Deoptimize) done
Event: 3.357 Executing VM operation: Cleanup
Event: 3.374 Executing VM operation: Cleanup done
Event: 4.388 Executing VM operation: Cleanup
Event: 4.390 Executing VM operation: Cleanup done
Event: 4.918 Executing VM operation: G1CollectForAllocation (G1 Evacuation Pause)
Event: 5.015 Executing VM operation: G1CollectForAllocation (G1 Evacuation Pause) done
Event: 6.029 Executing VM operation: Cleanup
Event: 6.061 Executing VM operation: Cleanup done
Event: 6.490 Executing VM operation: HandshakeAllThreads (Deoptimize)
Event: 6.490 Executing VM operation: HandshakeAllThreads (Deoptimize) done
Event: 6.537 Executing VM operation: HandshakeAllThreads (Deoptimize)
Event: 6.537 Executing VM operation: HandshakeAllThreads (Deoptimize) done
Event: 7.539 Executing VM operation: Cleanup
Event: 7.541 Executing VM operation: Cleanup done
Event: 7.753 Executing VM operation: HandshakeAllThreads (Deoptimize)
Event: 7.753 Executing VM operation: HandshakeAllThreads (Deoptimize) done

Events (20 events):
Event: 3.155 Thread 0x00000286df184a80 Thread added: 0x00000286df184a80
Event: 3.395 Thread 0x00000286df1c8030 Thread added: 0x00000286df1c8030
Event: 4.776 Thread 0x00000286df81b1f0 Thread added: 0x00000286df81b1f0
Event: 4.776 Thread 0x00000286df83cc60 Thread added: 0x00000286df83cc60
Event: 4.778 Thread 0x00000286df7f6610 Thread added: 0x00000286df7f6610
Event: 4.872 Thread 0x00000286dfec8550 Thread added: 0x00000286dfec8550
Event: 4.872 Thread 0x00000286e00067b0 Thread added: 0x00000286e00067b0
Event: 4.872 Thread 0x00000286e0006e50 Thread added: 0x00000286e0006e50
Event: 4.873 Thread 0x00000286e00074f0 Thread added: 0x00000286e00074f0
Event: 5.324 Thread 0x00000286e00074f0 Thread exited: 0x00000286e00074f0
Event: 5.486 Thread 0x00000286e0006e50 Thread exited: 0x00000286e0006e50
Event: 5.495 Thread 0x00000286e00067b0 Thread exited: 0x00000286e00067b0
Event: 5.495 Thread 0x00000286dfec8550 Thread exited: 0x00000286dfec8550
Event: 5.495 Thread 0x00000286df7f6610 Thread exited: 0x00000286df7f6610
Event: 5.498 Thread 0x00000286df83cc60 Thread exited: 0x00000286df83cc60
Event: 5.498 Thread 0x00000286df81b1f0 Thread exited: 0x00000286df81b1f0
Event: 6.139 Thread 0x00000286e134f1f0 Thread added: 0x00000286e134f1f0
Event: 6.466 Thread 0x00000286e134f1f0 Thread exited: 0x00000286e134f1f0
Event: 7.165 Thread 0x00000286e176fd80 Thread added: 0x00000286e176fd80
Event: 7.339 Thread 0x00000286e176fd80 Thread exited: 0x00000286e176fd80


Dynamic libraries:
0x00007ff65f260000 - 0x00007ff65f270000 	C:\Program Files\Java\jdk-21\bin\java.exe
0x00007ffc80210000 - 0x00007ffc80428000 	C:\Windows\SYSTEM32\ntdll.dll
0x00007ffc7f080000 - 0x00007ffc7f144000 	C:\Windows\System32\KERNEL32.DLL
0x00007ffc7d930000 - 0x00007ffc7dd03000 	C:\Windows\System32\KERNELBASE.dll
0x00007ffc7d770000 - 0x00007ffc7d881000 	C:\Windows\System32\ucrtbase.dll
0x00007ffc2a360000 - 0x00007ffc2a379000 	C:\Program Files\Java\jdk-21\bin\jli.dll
0x00007ffc7fce0000 - 0x00007ffc7fd91000 	C:\Windows\System32\ADVAPI32.dll
0x00007ffc7eeb0000 - 0x00007ffc7ef57000 	C:\Windows\System32\msvcrt.dll
0x00007ffc7efd0000 - 0x00007ffc7f078000 	C:\Windows\System32\sechost.dll
0x00007ffc7d740000 - 0x00007ffc7d768000 	C:\Windows\System32\bcrypt.dll
0x00007ffc7ebb0000 - 0x00007ffc7ecc8000 	C:\Windows\System32\RPCRT4.dll
0x00007ffc7e390000 - 0x00007ffc7e542000 	C:\Windows\System32\USER32.dll
0x00007ffc7dd10000 - 0x00007ffc7dd36000 	C:\Windows\System32\win32u.dll
0x00007ffc7f2b0000 - 0x00007ffc7f2d9000 	C:\Windows\System32\GDI32.dll
0x00007ffc7d620000 - 0x00007ffc7d73b000 	C:\Windows\System32\gdi32full.dll
0x00007ffc7d890000 - 0x00007ffc7d92a000 	C:\Windows\System32\msvcp_win.dll
0x00007ffbb88f0000 - 0x00007ffbb890b000 	C:\Program Files\Java\jdk-21\bin\VCRUNTIME140.dll
0x00007ffc69c10000 - 0x00007ffc69eac000 	C:\Windows\WinSxS\amd64_microsoft.windows.common-controls_6595b64144ccf1df_6.0.22621.6060_none_2712eda17382d24b\COMCTL32.dll
0x00007ffc776c0000 - 0x00007ffc776ca000 	C:\Windows\SYSTEM32\VERSION.dll
0x00007ffc7f150000 - 0x00007ffc7f181000 	C:\Windows\System32\IMM32.DLL
0x00007ffc23220000 - 0x00007ffc2322c000 	C:\Program Files\Java\jdk-21\bin\vcruntime140_1.dll
0x00007ffbdf1d0000 - 0x00007ffbdf25e000 	C:\Program Files\Java\jdk-21\bin\msvcp140.dll
0x00007ffbad5b0000 - 0x00007ffbae2ca000 	C:\Program Files\Java\jdk-21\bin\server\jvm.dll
0x00007ffc7e550000 - 0x00007ffc7e5c1000 	C:\Windows\System32\WS2_32.dll
0x00007ffc7caf0000 - 0x00007ffc7cb3d000 	C:\Windows\SYSTEM32\POWRPROF.dll
0x00007ffc75cc0000 - 0x00007ffc75cf4000 	C:\Windows\SYSTEM32\WINMM.dll
0x00007ffc7cad0000 - 0x00007ffc7cae3000 	C:\Windows\SYSTEM32\UMPDC.dll
0x00007ffc7c2c0000 - 0x00007ffc7c2d8000 	C:\Windows\SYSTEM32\kernel.appcore.dll
0x00007ffc22a20000 - 0x00007ffc22a2a000 	C:\Program Files\Java\jdk-21\bin\jimage.dll
0x00007ffc7ad40000 - 0x00007ffc7af73000 	C:\Windows\SYSTEM32\DBGHELP.DLL
0x00007ffc7e640000 - 0x00007ffc7e9d1000 	C:\Windows\System32\combase.dll
0x00007ffc7f190000 - 0x00007ffc7f268000 	C:\Windows\System32\OLEAUT32.dll
0x00007ffc716c0000 - 0x00007ffc716f2000 	C:\Windows\SYSTEM32\dbgcore.DLL
0x00007ffc7d3e0000 - 0x00007ffc7d45b000 	C:\Windows\System32\bcryptPrimitives.dll
0x00007ffbad550000 - 0x00007ffbad56f000 	C:\Program Files\Java\jdk-21\bin\java.dll
0x00007ffc7f440000 - 0x00007ffc7fcdc000 	C:\Windows\System32\SHELL32.dll
0x00007ffc7d4e0000 - 0x00007ffc7d61f000 	C:\Windows\System32\wintypes.dll
0x00007ffc7b1d0000 - 0x00007ffc7baea000 	C:\Windows\SYSTEM32\windows.storage.dll
0x00007ffc7ed20000 - 0x00007ffc7ee24000 	C:\Windows\System32\SHCORE.dll
0x00007ffc7ef60000 - 0x00007ffc7efc9000 	C:\Windows\System32\shlwapi.dll
0x00007ffc7d250000 - 0x00007ffc7d275000 	C:\Windows\SYSTEM32\profapi.dll
0x00007ffbad470000 - 0x00007ffbad547000 	C:\Program Files\Java\jdk-21\bin\jsvml.dll
0x00007ffc1f7d0000 - 0x00007ffc1f7e0000 	C:\Program Files\Java\jdk-21\bin\net.dll
0x00007ffc76140000 - 0x00007ffc7626c000 	C:\Windows\SYSTEM32\WINHTTP.dll
0x00007ffc7c780000 - 0x00007ffc7c7e9000 	C:\Windows\system32\mswsock.dll
0x00007ffbad450000 - 0x00007ffbad466000 	C:\Program Files\Java\jdk-21\bin\nio.dll
0x00007ffbad430000 - 0x00007ffbad448000 	C:\Program Files\Java\jdk-21\bin\zip.dll
0x0000000069ac0000 - 0x0000000069ae4000 	C:\Program Files\NetBeans-21\netbeans\java\maven\lib\jansi-native\Windows\x86_64\jansi.dll
0x00007ffc0fec0000 - 0x00007ffc0fed0000 	C:\Program Files\Java\jdk-21\bin\verify.dll

dbghelp: loaded successfully - version: 4.0.5 - missing functions: none
symbol engine: initialized successfully - sym options: 0x614 - pdb path: .;C:\Program Files\Java\jdk-21\bin;C:\Windows\SYSTEM32;C:\Windows\WinSxS\amd64_microsoft.windows.common-controls_6595b64144ccf1df_6.0.22621.6060_none_2712eda17382d24b;C:\Program Files\Java\jdk-21\bin\server;C:\Program Files\NetBeans-21\netbeans\java\maven\lib\jansi-native\Windows\x86_64

VM Arguments:
jvm_args: -Dclassworlds.conf=C:\Program Files\NetBeans-21\netbeans\java\maven\bin\m2.conf -Dmaven.home=C:\Program Files\NetBeans-21\netbeans\java\maven -Dlibrary.jansi.path=C:\Program Files\NetBeans-21\netbeans\java\maven\lib\jansi-native -Dmaven.multiModuleProjectDirectory=C:\Users\pc\Documents\NetBeansProjects\GHADS 
java_command: org.codehaus.plexus.classworlds.launcher.Launcher -Dmaven.ext.class.path=C:\Program Files\NetBeans-21\netbeans\java\maven-nblib\netbeans-eventspy.jar --no-transfer-progress install
java_class_path (initial): C:\Program Files\NetBeans-21\netbeans\java\maven\boot\plexus-classworlds-2.7.0.jar
Launcher Type: SUN_STANDARD

[Global flags]
     intx CICompilerCount                          = 12                                        {product} {ergonomic}
     uint ConcGCThreads                            = 3                                         {product} {ergonomic}
     uint G1ConcRefinementThreads                  = 13                                        {product} {ergonomic}
   size_t G1HeapRegionSize                         = 2097152                                   {product} {ergonomic}
    uintx GCDrainStackTargetSize                   = 64                                        {product} {ergonomic}
   size_t InitialHeapSize                          = 264241152                                 {product} {ergonomic}
   size_t MarkStackSize                            = 4194304                                   {product} {ergonomic}
   size_t MaxHeapSize                              = 4217372672                                {product} {ergonomic}
   size_t MaxNewSize                               = 2529165312                                {product} {ergonomic}
   size_t MinHeapDeltaBytes                        = 2097152                                   {product} {ergonomic}
   size_t MinHeapSize                              = 8388608                                   {product} {ergonomic}
    uintx NonNMethodCodeHeapSize                   = 7602480                                {pd product} {ergonomic}
    uintx NonProfiledCodeHeapSize                  = 122027880                              {pd product} {ergonomic}
    uintx ProfiledCodeHeapSize                     = 122027880                              {pd product} {ergonomic}
    uintx ReservedCodeCacheSize                    = 251658240                              {pd product} {ergonomic}
     bool SegmentedCodeCache                       = true                                      {product} {ergonomic}
   size_t SoftMaxHeapSize                          = 4217372672                             {manageable} {ergonomic}
     bool UseCompressedOops                        = true                           {product lp64_product} {ergonomic}
     bool UseG1GC                                  = true                                      {product} {ergonomic}
     bool UseLargePagesIndividualAllocation        = false                                  {pd product} {ergonomic}

Logging:
Log output configuration:
 #0: stdout all=warning uptime,level,tags foldmultilines=false
 #1: stderr all=off uptime,level,tags foldmultilines=false

Environment Variables:
JAVA_HOME=C:\Program Files\Java\jdk-21
PATH=C:\Program Files (x86)\VMware\VMware Workstation\bin\;C:\Program Files (x86)\Common Files\Intel\Shared Libraries\redist\intel64\compiler;C:\Program Files\Common Files\Oracle\Java\javapath;C:\Windows\system32;C:\Windows;C:\Windows\System32\Wbem;C:\Windows\System32\WindowsPowerShell\v1.0\;C:\Windows\System32\OpenSSH\;C:\Program Files\IBM\SPSS\Statistics\Subscription\JRE\bin;E:\MATLAB 2018\runtime\win64;E:\MATLAB 2018\bin;E:\MATLAB\R2018a\runtime\win64;E:\MATLAB\R2018a\bin;C:\Program Files (x86)\Microsoft SQL Server\160\DTS\Binn\;C:\Program Files\NVIDIA Corporation\NVIDIA App\NvDLISR;C:\Program Files (x86)\NVIDIA Corporation\PhysX\Common;C:\Program Files\dotnet\;C:\Program Files\Git\cmd;C:\Users\pc\dart-sdk\bin;C:\Program Files\nodejs\;C:\Users\pc\AppData\Local\Programs\Python\Python311\Scripts\;C:\Users\pc\AppData\Local\Programs\Python\Python311\;C:\Users\pc\AppData\Local\Microsoft\WindowsApps;C:\Users\pc\AppData\Local\Programs\Microsoft VS Code\bin;C:\mingw64\bin;C:\Users\pc\.dotnet\tools;C:\dart-sdk\bin;C:\Users\pc\AppData\Roaming\npm;D:\Antigravity\bin;C:\flutter\bin;C:\Users\pc\AppData\Local\Programs\Antigravity IDE\bin;
USERNAME=pc
OS=Windows_NT
PROCESSOR_IDENTIFIER=Intel64 Family 6 Model 141 Stepping 1, GenuineIntel
TMP=C:\Users\pc\AppData\Local\Temp
TEMP=C:\Users\pc\AppData\Local\Temp




Periodic native trim disabled

---------------  S Y S T E M  ---------------

OS:
 Windows 11 , 64 bit Build 22621 (10.0.22621.5415)
OS uptime: 0 days 0:03 hours
Hyper-V role detected

CPU: total 16 (initial active 16) (8 cores per cpu, 2 threads per core) family 6 model 141 stepping 1 microcode 0x34, cx8, cmov, fxsr, ht, mmx, 3dnowpref, sse, sse2, sse3, ssse3, sse4.1, sse4.2, popcnt, lzcnt, tsc, tscinvbit, avx, avx2, aes, erms, clmul, bmi1, bmi2, adx, avx512f, avx512dq, avx512cd, avx512bw, avx512vl, sha, fma, vzeroupper, avx512_vpopcntdq, avx512_vpclmulqdq, avx512_vaes, avx512_vnni, clflush, clflushopt, clwb, avx512_vbmi2, avx512_vbmi, hv, rdtscp, rdpid, fsrm, gfni, avx512_bitalg, f16c, cet_ibt, cet_ss, avx512_ifma
Processor Information for all 16 processors :
  Max Mhz: 2304, Current Mhz: 2304, Mhz Limit: 2304

Memory: 4k page, system-wide physical 16085M (5081M free)
TotalPageFile size 21796M (AvailPageFile size 1M)
current process WorkingSet (physical memory assigned to process): 113M, peak: 113M
current process commit charge ("private bytes"): 381M, peak: 398M

vm_info: Java HotSpot(TM) 64-Bit Server VM (21.0.6+8-LTS-188) for windows-amd64 JRE (21.0.6+8-LTS-188), built on 2024-12-03T10:50:54Z by "mach5one" with MS VC++ 17.6 (VS2022)

END.
