#
# There is insufficient memory for the Java Runtime Environment to continue.
# Native memory allocation (malloc) failed to allocate 657936 bytes for Chunk::new
# Possible reasons:
#   The system is out of physical RAM or swap space
#   The process is running with CompressedOops enabled, and the Java Heap may be blocking the growth of the native heap
# Possible solutions:
#   Reduce memory load on the system
#   Increase physical memory or swap space
#   Check if swap backing store is full
#   Decrease Java heap size (-Xmx/-Xms)
#   Decrease number of Java threads
#   Decrease Java thread stack sizes (-Xss)
#   Set larger code cache with -XX:ReservedCodeCacheSize=
#   JVM is running with Zero Based Compressed Oops mode in which the Java heap is
#     placed in the first 32GB address space. The Java Heap base address is the
#     maximum limit for the native heap growth. Please use -XX:HeapBaseMinAddress
#     to set the Java Heap base and to place the Java Heap above 32GB virtual address.
# This output file may be truncated or incomplete.
#
#  Out of Memory Error (arena.cpp:168), pid=13060, tid=27632
#
# JRE version: Java(TM) SE Runtime Environment (21.0.6+8) (build 21.0.6+8-LTS-188)
# Java VM: Java HotSpot(TM) 64-Bit Server VM (21.0.6+8-LTS-188, mixed mode, sharing, tiered, compressed oops, compressed class ptrs, g1 gc, windows-amd64)
# No core dump will be written. Minidumps are not enabled by default on client versions of Windows
#

---------------  S U M M A R Y ------------

Command Line: -Dclassworlds.conf=C:\Program Files\NetBeans-21\netbeans\java\maven\bin\m2.conf -Dmaven.home=C:\Program Files\NetBeans-21\netbeans\java\maven -Dlibrary.jansi.path=C:\Program Files\NetBeans-21\netbeans\java\maven\lib\jansi-native -Dmaven.multiModuleProjectDirectory=C:\Users\pc\Documents\NetBeansProjects\GHADS org.codehaus.plexus.classworlds.launcher.Launcher -Dmaven.ext.class.path=C:\Program Files\NetBeans-21\netbeans\java\maven-nblib\netbeans-eventspy.jar --no-transfer-progress install

Host: 11th Gen Intel(R) Core(TM) i7-11800H @ 2.30GHz, 16 cores, 15G,  Windows 11 , 64 bit Build 22621 (10.0.22621.5415)
Time: Wed Jun  3 21:36:01 2026  Windows 11 , 64 bit Build 22621 (10.0.22621.5415) elapsed time: 12.479491 seconds (0d 0h 0m 12s)

---------------  T H R E A D  ---------------

Current thread (0x0000023bf8085f00):  JavaThread "C2 CompilerThread1" daemon [_thread_in_native, id=27632, stack(0x00000098cef00000,0x00000098cf000000) (1024K)]


Current CompileTask:
C2:  12479 2962   !   4       java.net.URL::<init> (543 bytes)

Stack: [0x00000098cef00000,0x00000098cf000000]
Native frames: (J=compiled Java code, j=interpreted, Vv=VM code, C=native code)
V  [jvm.dll+0x6ca6d9]
V  [jvm.dll+0x854f51]
V  [jvm.dll+0x85747e]
V  [jvm.dll+0x857b53]
V  [jvm.dll+0x27dcc6]
V  [jvm.dll+0xc4c2d]
V  [jvm.dll+0xc5163]
V  [jvm.dll+0x2f0fbd]
V  [jvm.dll+0x5f546a]
V  [jvm.dll+0x24f8a2]
V  [jvm.dll+0x24fc5f]
V  [jvm.dll+0x248764]
V  [jvm.dll+0x245df4]
V  [jvm.dll+0x1c6d2e]
V  [jvm.dll+0x2554f9]
V  [jvm.dll+0x253a8a]
V  [jvm.dll+0x3ee576]
V  [jvm.dll+0x7ff2fb]
V  [jvm.dll+0x6c8dbd]
C  [ucrtbase.dll+0x29333]
C  [KERNEL32.DLL+0x1259d]
C  [ntdll.dll+0x5af78]


---------------  P R O C E S S  ---------------

Threads class SMR info:
_java_thread_list=0x0000023bfa1eff00, length=15, elements={
0x0000023b90fb21c0, 0x0000023bb2e7e500, 0x0000023bb2e83510, 0x0000023bb2e863d0,
0x0000023bb2e89f30, 0x0000023bb2e8aa70, 0x0000023bb2e8b5b0, 0x0000023bb2e8c420,
0x0000023bb2e8dec0, 0x0000023bf8119200, 0x0000023bf8119a20, 0x0000023bf839df00,
0x0000023bf85b4410, 0x0000023bf81c7d50, 0x0000023bf8085f00
}

Java Threads: ( => current thread )
  0x0000023b90fb21c0 JavaThread "main"                              [_thread_in_vm, id=19088, stack(0x00000098cd800000,0x00000098cd900000) (1024K)]
  0x0000023bb2e7e500 JavaThread "Reference Handler"          daemon [_thread_blocked, id=2712, stack(0x00000098ce000000,0x00000098ce100000) (1024K)]
  0x0000023bb2e83510 JavaThread "Finalizer"                  daemon [_thread_blocked, id=2036, stack(0x00000098ce100000,0x00000098ce200000) (1024K)]
  0x0000023bb2e863d0 JavaThread "Signal Dispatcher"          daemon [_thread_blocked, id=16768, stack(0x00000098ce200000,0x00000098ce300000) (1024K)]
  0x0000023bb2e89f30 JavaThread "Attach Listener"            daemon [_thread_blocked, id=4624, stack(0x00000098ce300000,0x00000098ce400000) (1024K)]
  0x0000023bb2e8aa70 JavaThread "Service Thread"             daemon [_thread_blocked, id=16760, stack(0x00000098ce400000,0x00000098ce500000) (1024K)]
  0x0000023bb2e8b5b0 JavaThread "Monitor Deflation Thread"   daemon [_thread_blocked, id=4672, stack(0x00000098ce500000,0x00000098ce600000) (1024K)]
  0x0000023bb2e8c420 JavaThread "C2 CompilerThread0"         daemon [_thread_blocked, id=3192, stack(0x00000098ce600000,0x00000098ce700000) (1024K)]
  0x0000023bb2e8dec0 JavaThread "C1 CompilerThread0"         daemon [_thread_blocked, id=23048, stack(0x00000098ce700000,0x00000098ce800000) (1024K)]
  0x0000023bf8119200 JavaThread "Notification Thread"        daemon [_thread_blocked, id=3068, stack(0x00000098cea00000,0x00000098ceb00000) (1024K)]
  0x0000023bf8119a20 JavaThread "Common-Cleaner"             daemon [_thread_blocked, id=22256, stack(0x00000098ceb00000,0x00000098cec00000) (1024K)]
  0x0000023bf839df00 JavaThread "C1 CompilerThread1"         daemon [_thread_blocked, id=25028, stack(0x00000098ce800000,0x00000098ce900000) (1024K)]
  0x0000023bf85b4410 JavaThread "C1 CompilerThread2"         daemon [_thread_blocked, id=24992, stack(0x00000098ce900000,0x00000098cea00000) (1024K)]
  0x0000023bf81c7d50 JavaThread "C1 CompilerThread3"         daemon [_thread_blocked, id=2520, stack(0x00000098cec00000,0x00000098ced00000) (1024K)]
=>0x0000023bf8085f00 JavaThread "C2 CompilerThread1"         daemon [_thread_in_native, id=27632, stack(0x00000098cef00000,0x00000098cf000000) (1024K)]
Total: 15

Other Threads:
  0x0000023b90f91a20 VMThread "VM Thread"                           [id=18276, stack(0x00000098cdf00000,0x00000098ce000000) (1024K)]
  0x0000023bb2e54480 WatcherThread "VM Periodic Task Thread"        [id=2364, stack(0x00000098cde00000,0x00000098cdf00000) (1024K)]
  0x0000023b90f92fe0 WorkerThread "GC Thread#0"                     [id=2372, stack(0x00000098cd900000,0x00000098cda00000) (1024K)]
  0x0000023b90f91dc0 WorkerThread "GC Thread#1"                     [id=6112, stack(0x00000098cf400000,0x00000098cf500000) (1024K)]
  0x0000023bf90892d0 WorkerThread "GC Thread#2"                     [id=10916, stack(0x00000098cf500000,0x00000098cf600000) (1024K)]
  0x0000023bf908a150 WorkerThread "GC Thread#3"                     [id=15740, stack(0x00000098cf600000,0x00000098cf700000) (1024K)]
  0x0000023bf908b710 WorkerThread "GC Thread#4"                     [id=12840, stack(0x00000098cf700000,0x00000098cf800000) (1024K)]
  0x0000023bf9088b90 WorkerThread "GC Thread#5"                     [id=15872, stack(0x00000098cf800000,0x00000098cf900000) (1024K)]
  0x0000023bf9089a10 WorkerThread "GC Thread#6"                     [id=25408, stack(0x00000098cf900000,0x00000098cfa00000) (1024K)]
  0x0000023bf9089db0 WorkerThread "GC Thread#7"                     [id=25484, stack(0x00000098cfa00000,0x00000098cfb00000) (1024K)]
  0x0000023bf908ac30 WorkerThread "GC Thread#8"                     [id=25520, stack(0x00000098cfb00000,0x00000098cfc00000) (1024K)]
  0x0000023bf90880b0 WorkerThread "GC Thread#9"                     [id=27004, stack(0x00000098ced00000,0x00000098cee00000) (1024K)]
  0x0000023bf90887f0 WorkerThread "GC Thread#10"                    [id=4832, stack(0x00000098cee00000,0x00000098cef00000) (1024K)]
  0x0000023b932f37b0 ConcurrentGCThread "G1 Main Marker"            [id=17168, stack(0x00000098cda00000,0x00000098cdb00000) (1024K)]
  0x0000023b90f92500 WorkerThread "G1 Conc#0"                       [id=20056, stack(0x00000098cdb00000,0x00000098cdc00000) (1024K)]
  0x0000023bb2d23a00 ConcurrentGCThread "G1 Refine#0"               [id=23372, stack(0x00000098cdc00000,0x00000098cdd00000) (1024K)]
  0x0000023bb2d24570 ConcurrentGCThread "G1 Service"                [id=21184, stack(0x00000098cdd00000,0x00000098cde00000) (1024K)]
Total: 17

Threads with active compile tasks:
C2 CompilerThread1    12509 2962   !   4       java.net.URL::<init> (543 bytes)
Total: 1

VM state: not at safepoint (normal execution)

VM Mutex/Monitor currently owned by a thread:  ([mutex/lock_event])
[0x00007ffbae1ebe18] Metaspace_lock - owner thread: 0x0000023b90fb21c0

Heap address: 0x0000000704a00000, size: 4022 MB, Compressed Oops mode: Zero based, Oop shift amount: 3

CDS archive(s) mapped at: [0x0000023bb3000000-0x0000023bb3c90000-0x0000023bb3c90000), size 13172736, SharedBaseAddress: 0x0000023bb3000000, ArchiveRelocationMode: 1.
Compressed class space mapped at: 0x0000023bb4000000-0x0000023bf4000000, reserved size: 1073741824
Narrow klass base: 0x0000023bb3000000, Narrow klass shift: 0, Narrow klass range: 0x100000000

GC Precious Log:
 CardTable entry size: 512
 Card Set container configuration: InlinePtr #cards 4 size 8 Array Of Cards #cards 16 size 48 Howl #buckets 8 coarsen threshold 3686 Howl Bitmap #cards 512 size 80 coarsen threshold 460 Card regions per heap region 1 cards per card region 4096
 CPUs: 16 total, 16 available
 Memory: 16085M
 Large Page Support: Disabled
 NUMA Support: Disabled
 Compressed Oops: Enabled (Zero based)
 Heap Region Size: 2M
 Heap Min Capacity: 8M
 Heap Initial Capacity: 252M
 Heap Max Capacity: 4022M
 Pre-touch: Disabled
 Parallel Workers: 13
 Concurrent Workers: 3
 Concurrent Refinement Workers: 13
 Periodic GC: Disabled

Heap:
 garbage-first heap   total 258048K, used 26096K [0x0000000704a00000, 0x0000000800000000)
  region size 2048K, 12 young (24576K), 1 survivors (2048K)
 Metaspace       used 14211K, committed 14400K, reserved 1114112K
  class space    used 1673K, committed 1792K, reserved 1048576K

Heap Regions: E=young(eden), S=young(survivor), O=old, HS=humongous(starts), HC=humongous(continues), CS=collection set, F=free, TAMS=top-at-mark-start, PB=parsable bottom
|   0|0x0000000704a00000, 0x0000000704c00000, 0x0000000704c00000|100%| O|  |TAMS 0x0000000704a00000| PB 0x0000000704a00000| Untracked 
|   1|0x0000000704c00000, 0x0000000704da3538, 0x0000000704e00000| 81%| O|  |TAMS 0x0000000704c00000| PB 0x0000000704c00000| Untracked 
|   2|0x0000000704e00000, 0x0000000704e00000, 0x0000000705000000|  0%| F|  |TAMS 0x0000000704e00000| PB 0x0000000704e00000| Untracked 
|   3|0x0000000705000000, 0x0000000705000000, 0x0000000705200000|  0%| F|  |TAMS 0x0000000705000000| PB 0x0000000705000000| Untracked 
|   4|0x0000000705200000, 0x0000000705200000, 0x0000000705400000|  0%| F|  |TAMS 0x0000000705200000| PB 0x0000000705200000| Untracked 
|   5|0x0000000705400000, 0x0000000705400000, 0x0000000705600000|  0%| F|  |TAMS 0x0000000705400000| PB 0x0000000705400000| Untracked 
|   6|0x0000000705600000, 0x0000000705600000, 0x0000000705800000|  0%| F|  |TAMS 0x0000000705600000| PB 0x0000000705600000| Untracked 
|   7|0x0000000705800000, 0x0000000705800000, 0x0000000705a00000|  0%| F|  |TAMS 0x0000000705800000| PB 0x0000000705800000| Untracked 
|   8|0x0000000705a00000, 0x0000000705a00000, 0x0000000705c00000|  0%| F|  |TAMS 0x0000000705a00000| PB 0x0000000705a00000| Untracked 
|   9|0x0000000705c00000, 0x0000000705c00000, 0x0000000705e00000|  0%| F|  |TAMS 0x0000000705c00000| PB 0x0000000705c00000| Untracked 
|  10|0x0000000705e00000, 0x0000000705e00000, 0x0000000706000000|  0%| F|  |TAMS 0x0000000705e00000| PB 0x0000000705e00000| Untracked 
|  11|0x0000000706000000, 0x0000000706000000, 0x0000000706200000|  0%| F|  |TAMS 0x0000000706000000| PB 0x0000000706000000| Untracked 
|  12|0x0000000706200000, 0x0000000706200000, 0x0000000706400000|  0%| F|  |TAMS 0x0000000706200000| PB 0x0000000706200000| Untracked 
|  13|0x0000000706400000, 0x0000000706400000, 0x0000000706600000|  0%| F|  |TAMS 0x0000000706400000| PB 0x0000000706400000| Untracked 
|  14|0x0000000706600000, 0x0000000706600000, 0x0000000706800000|  0%| F|  |TAMS 0x0000000706600000| PB 0x0000000706600000| Untracked 
|  15|0x0000000706800000, 0x0000000706800000, 0x0000000706a00000|  0%| F|  |TAMS 0x0000000706800000| PB 0x0000000706800000| Untracked 
|  16|0x0000000706a00000, 0x0000000706a00000, 0x0000000706c00000|  0%| F|  |TAMS 0x0000000706a00000| PB 0x0000000706a00000| Untracked 
|  17|0x0000000706c00000, 0x0000000706c00000, 0x0000000706e00000|  0%| F|  |TAMS 0x0000000706c00000| PB 0x0000000706c00000| Untracked 
|  18|0x0000000706e00000, 0x0000000706e00000, 0x0000000707000000|  0%| F|  |TAMS 0x0000000706e00000| PB 0x0000000706e00000| Untracked 
|  19|0x0000000707000000, 0x0000000707000000, 0x0000000707200000|  0%| F|  |TAMS 0x0000000707000000| PB 0x0000000707000000| Untracked 
|  20|0x0000000707200000, 0x0000000707200000, 0x0000000707400000|  0%| F|  |TAMS 0x0000000707200000| PB 0x0000000707200000| Untracked 
|  21|0x0000000707400000, 0x0000000707400000, 0x0000000707600000|  0%| F|  |TAMS 0x0000000707400000| PB 0x0000000707400000| Untracked 
|  22|0x0000000707600000, 0x0000000707600000, 0x0000000707800000|  0%| F|  |TAMS 0x0000000707600000| PB 0x0000000707600000| Untracked 
|  23|0x0000000707800000, 0x0000000707800000, 0x0000000707a00000|  0%| F|  |TAMS 0x0000000707800000| PB 0x0000000707800000| Untracked 
|  24|0x0000000707a00000, 0x0000000707a00000, 0x0000000707c00000|  0%| F|  |TAMS 0x0000000707a00000| PB 0x0000000707a00000| Untracked 
|  25|0x0000000707c00000, 0x0000000707c00000, 0x0000000707e00000|  0%| F|  |TAMS 0x0000000707c00000| PB 0x0000000707c00000| Untracked 
|  26|0x0000000707e00000, 0x0000000707e00000, 0x0000000708000000|  0%| F|  |TAMS 0x0000000707e00000| PB 0x0000000707e00000| Untracked 
|  27|0x0000000708000000, 0x0000000708000000, 0x0000000708200000|  0%| F|  |TAMS 0x0000000708000000| PB 0x0000000708000000| Untracked 
|  28|0x0000000708200000, 0x0000000708200000, 0x0000000708400000|  0%| F|  |TAMS 0x0000000708200000| PB 0x0000000708200000| Untracked 
|  29|0x0000000708400000, 0x0000000708400000, 0x0000000708600000|  0%| F|  |TAMS 0x0000000708400000| PB 0x0000000708400000| Untracked 
|  30|0x0000000708600000, 0x0000000708600000, 0x0000000708800000|  0%| F|  |TAMS 0x0000000708600000| PB 0x0000000708600000| Untracked 
|  31|0x0000000708800000, 0x0000000708800000, 0x0000000708a00000|  0%| F|  |TAMS 0x0000000708800000| PB 0x0000000708800000| Untracked 
|  32|0x0000000708a00000, 0x0000000708a00000, 0x0000000708c00000|  0%| F|  |TAMS 0x0000000708a00000| PB 0x0000000708a00000| Untracked 
|  33|0x0000000708c00000, 0x0000000708c00000, 0x0000000708e00000|  0%| F|  |TAMS 0x0000000708c00000| PB 0x0000000708c00000| Untracked 
|  34|0x0000000708e00000, 0x0000000708e00000, 0x0000000709000000|  0%| F|  |TAMS 0x0000000708e00000| PB 0x0000000708e00000| Untracked 
|  35|0x0000000709000000, 0x0000000709000000, 0x0000000709200000|  0%| F|  |TAMS 0x0000000709000000| PB 0x0000000709000000| Untracked 
|  36|0x0000000709200000, 0x0000000709200000, 0x0000000709400000|  0%| F|  |TAMS 0x0000000709200000| PB 0x0000000709200000| Untracked 
|  37|0x0000000709400000, 0x0000000709400000, 0x0000000709600000|  0%| F|  |TAMS 0x0000000709400000| PB 0x0000000709400000| Untracked 
|  38|0x0000000709600000, 0x0000000709600000, 0x0000000709800000|  0%| F|  |TAMS 0x0000000709600000| PB 0x0000000709600000| Untracked 
|  39|0x0000000709800000, 0x0000000709800000, 0x0000000709a00000|  0%| F|  |TAMS 0x0000000709800000| PB 0x0000000709800000| Untracked 
|  40|0x0000000709a00000, 0x0000000709a00000, 0x0000000709c00000|  0%| F|  |TAMS 0x0000000709a00000| PB 0x0000000709a00000| Untracked 
|  41|0x0000000709c00000, 0x0000000709c00000, 0x0000000709e00000|  0%| F|  |TAMS 0x0000000709c00000| PB 0x0000000709c00000| Untracked 
|  42|0x0000000709e00000, 0x0000000709e00000, 0x000000070a000000|  0%| F|  |TAMS 0x0000000709e00000| PB 0x0000000709e00000| Untracked 
|  43|0x000000070a000000, 0x000000070a000000, 0x000000070a200000|  0%| F|  |TAMS 0x000000070a000000| PB 0x000000070a000000| Untracked 
|  44|0x000000070a200000, 0x000000070a200000, 0x000000070a400000|  0%| F|  |TAMS 0x000000070a200000| PB 0x000000070a200000| Untracked 
|  45|0x000000070a400000, 0x000000070a400000, 0x000000070a600000|  0%| F|  |TAMS 0x000000070a400000| PB 0x000000070a400000| Untracked 
|  46|0x000000070a600000, 0x000000070a600000, 0x000000070a800000|  0%| F|  |TAMS 0x000000070a600000| PB 0x000000070a600000| Untracked 
|  47|0x000000070a800000, 0x000000070a800000, 0x000000070aa00000|  0%| F|  |TAMS 0x000000070a800000| PB 0x000000070a800000| Untracked 
|  48|0x000000070aa00000, 0x000000070aa00000, 0x000000070ac00000|  0%| F|  |TAMS 0x000000070aa00000| PB 0x000000070aa00000| Untracked 
|  49|0x000000070ac00000, 0x000000070ac00000, 0x000000070ae00000|  0%| F|  |TAMS 0x000000070ac00000| PB 0x000000070ac00000| Untracked 
|  50|0x000000070ae00000, 0x000000070ae00000, 0x000000070b000000|  0%| F|  |TAMS 0x000000070ae00000| PB 0x000000070ae00000| Untracked 
|  51|0x000000070b000000, 0x000000070b000000, 0x000000070b200000|  0%| F|  |TAMS 0x000000070b000000| PB 0x000000070b000000| Untracked 
|  52|0x000000070b200000, 0x000000070b200000, 0x000000070b400000|  0%| F|  |TAMS 0x000000070b200000| PB 0x000000070b200000| Untracked 
|  53|0x000000070b400000, 0x000000070b400000, 0x000000070b600000|  0%| F|  |TAMS 0x000000070b400000| PB 0x000000070b400000| Untracked 
|  54|0x000000070b600000, 0x000000070b600000, 0x000000070b800000|  0%| F|  |TAMS 0x000000070b600000| PB 0x000000070b600000| Untracked 
|  55|0x000000070b800000, 0x000000070b800000, 0x000000070ba00000|  0%| F|  |TAMS 0x000000070b800000| PB 0x000000070b800000| Untracked 
|  56|0x000000070ba00000, 0x000000070ba00000, 0x000000070bc00000|  0%| F|  |TAMS 0x000000070ba00000| PB 0x000000070ba00000| Untracked 
|  57|0x000000070bc00000, 0x000000070bc00000, 0x000000070be00000|  0%| F|  |TAMS 0x000000070bc00000| PB 0x000000070bc00000| Untracked 
|  58|0x000000070be00000, 0x000000070be00000, 0x000000070c000000|  0%| F|  |TAMS 0x000000070be00000| PB 0x000000070be00000| Untracked 
|  59|0x000000070c000000, 0x000000070c000000, 0x000000070c200000|  0%| F|  |TAMS 0x000000070c000000| PB 0x000000070c000000| Untracked 
|  60|0x000000070c200000, 0x000000070c200000, 0x000000070c400000|  0%| F|  |TAMS 0x000000070c200000| PB 0x000000070c200000| Untracked 
|  61|0x000000070c400000, 0x000000070c400000, 0x000000070c600000|  0%| F|  |TAMS 0x000000070c400000| PB 0x000000070c400000| Untracked 
|  62|0x000000070c600000, 0x000000070c600000, 0x000000070c800000|  0%| F|  |TAMS 0x000000070c600000| PB 0x000000070c600000| Untracked 
|  63|0x000000070c800000, 0x000000070c800000, 0x000000070ca00000|  0%| F|  |TAMS 0x000000070c800000| PB 0x000000070c800000| Untracked 
|  64|0x000000070ca00000, 0x000000070ca00000, 0x000000070cc00000|  0%| F|  |TAMS 0x000000070ca00000| PB 0x000000070ca00000| Untracked 
|  65|0x000000070cc00000, 0x000000070cc00000, 0x000000070ce00000|  0%| F|  |TAMS 0x000000070cc00000| PB 0x000000070cc00000| Untracked 
|  66|0x000000070ce00000, 0x000000070ce00000, 0x000000070d000000|  0%| F|  |TAMS 0x000000070ce00000| PB 0x000000070ce00000| Untracked 
|  67|0x000000070d000000, 0x000000070d000000, 0x000000070d200000|  0%| F|  |TAMS 0x000000070d000000| PB 0x000000070d000000| Untracked 
|  68|0x000000070d200000, 0x000000070d200000, 0x000000070d400000|  0%| F|  |TAMS 0x000000070d200000| PB 0x000000070d200000| Untracked 
|  69|0x000000070d400000, 0x000000070d400000, 0x000000070d600000|  0%| F|  |TAMS 0x000000070d400000| PB 0x000000070d400000| Untracked 
|  70|0x000000070d600000, 0x000000070d600000, 0x000000070d800000|  0%| F|  |TAMS 0x000000070d600000| PB 0x000000070d600000| Untracked 
|  71|0x000000070d800000, 0x000000070d800000, 0x000000070da00000|  0%| F|  |TAMS 0x000000070d800000| PB 0x000000070d800000| Untracked 
|  72|0x000000070da00000, 0x000000070da00000, 0x000000070dc00000|  0%| F|  |TAMS 0x000000070da00000| PB 0x000000070da00000| Untracked 
|  73|0x000000070dc00000, 0x000000070dc00000, 0x000000070de00000|  0%| F|  |TAMS 0x000000070dc00000| PB 0x000000070dc00000| Untracked 
|  74|0x000000070de00000, 0x000000070de00000, 0x000000070e000000|  0%| F|  |TAMS 0x000000070de00000| PB 0x000000070de00000| Untracked 
|  75|0x000000070e000000, 0x000000070e000000, 0x000000070e200000|  0%| F|  |TAMS 0x000000070e000000| PB 0x000000070e000000| Untracked 
|  76|0x000000070e200000, 0x000000070e200000, 0x000000070e400000|  0%| F|  |TAMS 0x000000070e200000| PB 0x000000070e200000| Untracked 
|  77|0x000000070e400000, 0x000000070e400000, 0x000000070e600000|  0%| F|  |TAMS 0x000000070e400000| PB 0x000000070e400000| Untracked 
|  78|0x000000070e600000, 0x000000070e600000, 0x000000070e800000|  0%| F|  |TAMS 0x000000070e600000| PB 0x000000070e600000| Untracked 
|  79|0x000000070e800000, 0x000000070e800000, 0x000000070ea00000|  0%| F|  |TAMS 0x000000070e800000| PB 0x000000070e800000| Untracked 
|  80|0x000000070ea00000, 0x000000070ea00000, 0x000000070ec00000|  0%| F|  |TAMS 0x000000070ea00000| PB 0x000000070ea00000| Untracked 
|  81|0x000000070ec00000, 0x000000070ec00000, 0x000000070ee00000|  0%| F|  |TAMS 0x000000070ec00000| PB 0x000000070ec00000| Untracked 
|  82|0x000000070ee00000, 0x000000070ee00000, 0x000000070f000000|  0%| F|  |TAMS 0x000000070ee00000| PB 0x000000070ee00000| Untracked 
|  83|0x000000070f000000, 0x000000070f000000, 0x000000070f200000|  0%| F|  |TAMS 0x000000070f000000| PB 0x000000070f000000| Untracked 
|  84|0x000000070f200000, 0x000000070f200000, 0x000000070f400000|  0%| F|  |TAMS 0x000000070f200000| PB 0x000000070f200000| Untracked 
|  85|0x000000070f400000, 0x000000070f400000, 0x000000070f600000|  0%| F|  |TAMS 0x000000070f400000| PB 0x000000070f400000| Untracked 
|  86|0x000000070f600000, 0x000000070f600000, 0x000000070f800000|  0%| F|  |TAMS 0x000000070f600000| PB 0x000000070f600000| Untracked 
|  87|0x000000070f800000, 0x000000070f800000, 0x000000070fa00000|  0%| F|  |TAMS 0x000000070f800000| PB 0x000000070f800000| Untracked 
|  88|0x000000070fa00000, 0x000000070fa00000, 0x000000070fc00000|  0%| F|  |TAMS 0x000000070fa00000| PB 0x000000070fa00000| Untracked 
|  89|0x000000070fc00000, 0x000000070fc00000, 0x000000070fe00000|  0%| F|  |TAMS 0x000000070fc00000| PB 0x000000070fc00000| Untracked 
|  90|0x000000070fe00000, 0x000000070fe00000, 0x0000000710000000|  0%| F|  |TAMS 0x000000070fe00000| PB 0x000000070fe00000| Untracked 
|  91|0x0000000710000000, 0x0000000710000000, 0x0000000710200000|  0%| F|  |TAMS 0x0000000710000000| PB 0x0000000710000000| Untracked 
|  92|0x0000000710200000, 0x0000000710200000, 0x0000000710400000|  0%| F|  |TAMS 0x0000000710200000| PB 0x0000000710200000| Untracked 
|  93|0x0000000710400000, 0x0000000710400000, 0x0000000710600000|  0%| F|  |TAMS 0x0000000710400000| PB 0x0000000710400000| Untracked 
|  94|0x0000000710600000, 0x0000000710600000, 0x0000000710800000|  0%| F|  |TAMS 0x0000000710600000| PB 0x0000000710600000| Untracked 
|  95|0x0000000710800000, 0x0000000710800000, 0x0000000710a00000|  0%| F|  |TAMS 0x0000000710800000| PB 0x0000000710800000| Untracked 
|  96|0x0000000710a00000, 0x0000000710a00000, 0x0000000710c00000|  0%| F|  |TAMS 0x0000000710a00000| PB 0x0000000710a00000| Untracked 
|  97|0x0000000710c00000, 0x0000000710c00000, 0x0000000710e00000|  0%| F|  |TAMS 0x0000000710c00000| PB 0x0000000710c00000| Untracked 
|  98|0x0000000710e00000, 0x0000000710e00000, 0x0000000711000000|  0%| F|  |TAMS 0x0000000710e00000| PB 0x0000000710e00000| Untracked 
|  99|0x0000000711000000, 0x0000000711000000, 0x0000000711200000|  0%| F|  |TAMS 0x0000000711000000| PB 0x0000000711000000| Untracked 
| 100|0x0000000711200000, 0x0000000711200000, 0x0000000711400000|  0%| F|  |TAMS 0x0000000711200000| PB 0x0000000711200000| Untracked 
| 101|0x0000000711400000, 0x0000000711400000, 0x0000000711600000|  0%| F|  |TAMS 0x0000000711400000| PB 0x0000000711400000| Untracked 
| 102|0x0000000711600000, 0x0000000711600000, 0x0000000711800000|  0%| F|  |TAMS 0x0000000711600000| PB 0x0000000711600000| Untracked 
| 103|0x0000000711800000, 0x0000000711800000, 0x0000000711a00000|  0%| F|  |TAMS 0x0000000711800000| PB 0x0000000711800000| Untracked 
| 104|0x0000000711a00000, 0x0000000711a00000, 0x0000000711c00000|  0%| F|  |TAMS 0x0000000711a00000| PB 0x0000000711a00000| Untracked 
| 105|0x0000000711c00000, 0x0000000711c00000, 0x0000000711e00000|  0%| F|  |TAMS 0x0000000711c00000| PB 0x0000000711c00000| Untracked 
| 106|0x0000000711e00000, 0x0000000711e00000, 0x0000000712000000|  0%| F|  |TAMS 0x0000000711e00000| PB 0x0000000711e00000| Untracked 
| 107|0x0000000712000000, 0x00000007121d8e80, 0x0000000712200000| 92%| S|CS|TAMS 0x0000000712000000| PB 0x0000000712000000| Complete 
| 108|0x0000000712200000, 0x0000000712200000, 0x0000000712400000|  0%| F|  |TAMS 0x0000000712200000| PB 0x0000000712200000| Untracked 
| 109|0x0000000712400000, 0x0000000712400000, 0x0000000712600000|  0%| F|  |TAMS 0x0000000712400000| PB 0x0000000712400000| Untracked 
| 110|0x0000000712600000, 0x0000000712600000, 0x0000000712800000|  0%| F|  |TAMS 0x0000000712600000| PB 0x0000000712600000| Untracked 
| 111|0x0000000712800000, 0x0000000712800000, 0x0000000712a00000|  0%| F|  |TAMS 0x0000000712800000| PB 0x0000000712800000| Untracked 
| 112|0x0000000712a00000, 0x0000000712a00000, 0x0000000712c00000|  0%| F|  |TAMS 0x0000000712a00000| PB 0x0000000712a00000| Untracked 
| 113|0x0000000712c00000, 0x0000000712c00000, 0x0000000712e00000|  0%| F|  |TAMS 0x0000000712c00000| PB 0x0000000712c00000| Untracked 
| 114|0x0000000712e00000, 0x0000000712e00000, 0x0000000713000000|  0%| F|  |TAMS 0x0000000712e00000| PB 0x0000000712e00000| Untracked 
| 115|0x0000000713000000, 0x0000000713146d00, 0x0000000713200000| 63%| E|  |TAMS 0x0000000713000000| PB 0x0000000713000000| Complete 
| 116|0x0000000713200000, 0x0000000713400000, 0x0000000713400000|100%| E|CS|TAMS 0x0000000713200000| PB 0x0000000713200000| Complete 
| 117|0x0000000713400000, 0x0000000713600000, 0x0000000713600000|100%| E|CS|TAMS 0x0000000713400000| PB 0x0000000713400000| Complete 
| 118|0x0000000713600000, 0x0000000713800000, 0x0000000713800000|100%| E|CS|TAMS 0x0000000713600000| PB 0x0000000713600000| Complete 
| 119|0x0000000713800000, 0x0000000713a00000, 0x0000000713a00000|100%| E|CS|TAMS 0x0000000713800000| PB 0x0000000713800000| Complete 
| 120|0x0000000713a00000, 0x0000000713c00000, 0x0000000713c00000|100%| E|CS|TAMS 0x0000000713a00000| PB 0x0000000713a00000| Complete 
| 121|0x0000000713c00000, 0x0000000713e00000, 0x0000000713e00000|100%| E|CS|TAMS 0x0000000713c00000| PB 0x0000000713c00000| Complete 
| 122|0x0000000713e00000, 0x0000000714000000, 0x0000000714000000|100%| E|CS|TAMS 0x0000000713e00000| PB 0x0000000713e00000| Complete 
| 123|0x0000000714000000, 0x0000000714200000, 0x0000000714200000|100%| E|CS|TAMS 0x0000000714000000| PB 0x0000000714000000| Complete 
| 124|0x0000000714200000, 0x0000000714400000, 0x0000000714400000|100%| E|CS|TAMS 0x0000000714200000| PB 0x0000000714200000| Complete 
| 125|0x0000000714400000, 0x0000000714600000, 0x0000000714600000|100%| E|CS|TAMS 0x0000000714400000| PB 0x0000000714400000| Complete 

Card table byte_map: [0x0000023bab760000,0x0000023babf40000] _byte_map_base: 0x0000023ba7f3b000

Marking Bits: (CMBitMap*) 0x0000023b932e3380
 Bits: [0x0000023babf40000, 0x0000023bafe18000)

Polling page: 0x0000023b911f0000

Metaspace:

Usage:
  Non-class:     12.24 MB used.
      Class:      1.63 MB used.
       Both:     13.88 MB used.

Virtual space:
  Non-class space:       64.00 MB reserved,      12.31 MB ( 19%) committed,  1 nodes.
      Class space:        1.00 GB reserved,       1.75 MB ( <1%) committed,  1 nodes.
             Both:        1.06 GB reserved,      14.06 MB (  1%) committed. 

Chunk freelists:
   Non-Class:  3.06 MB
       Class:  14.10 MB
        Both:  17.16 MB

MaxMetaspaceSize: unlimited
CompressedClassSpaceSize: 1.00 GB
Initial GC threshold: 21.00 MB
Current GC threshold: 21.00 MB
CDS: on
 - commit_granule_bytes: 65536.
 - commit_granule_words: 8192.
 - virtual_space_node_default_size: 8388608.
 - enlarge_chunks_in_place: 1.
 - use_allocation_guard: 0.


Internal statistics:

num_allocs_failed_limit: 0.
num_arena_births: 134.
num_arena_deaths: 0.
num_vsnodes_births: 2.
num_vsnodes_deaths: 0.
num_space_committed: 225.
num_space_uncommitted: 0.
num_chunks_returned_to_freelist: 0.
num_chunks_taken_from_freelist: 593.
num_chunk_merges: 0.
num_chunk_splits: 417.
num_chunks_enlarged: 345.
num_inconsistent_stats: 0.

CodeHeap 'non-profiled nmethods': size=119168Kb used=1139Kb max_used=1139Kb free=118028Kb
 bounds [0x0000023ba32a0000, 0x0000023ba3510000, 0x0000023baa700000]
CodeHeap 'profiled nmethods': size=119104Kb used=6027Kb max_used=6027Kb free=113076Kb
 bounds [0x0000023b9b700000, 0x0000023b9bcf0000, 0x0000023ba2b50000]
CodeHeap 'non-nmethods': size=7488Kb used=3213Kb max_used=3231Kb free=4274Kb
 bounds [0x0000023ba2b50000, 0x0000023ba2ef0000, 0x0000023ba32a0000]
 total_blobs=3465 nmethods=2981 adapters=385
 compilation: enabled
              stopped_count=0, restarted_count=0
 full_count=0

Compilation events (20 events):
Event: 12.380 Thread 0x0000023bb2e8c420 nmethod 2964 0x0000023ba33bb190 code [0x0000023ba33bb320, 0x0000023ba33bb3b8]
Event: 12.380 Thread 0x0000023bf81c7d50 nmethod 2965 0x0000023b9bcdca90 code [0x0000023b9bcdcce0, 0x0000023b9bcdd410]
Event: 12.381 Thread 0x0000023bb2e8c420 2966       4       java.lang.String::<init> (99 bytes)
Event: 12.441 Thread 0x0000023bb2e8c420 nmethod 2966 0x0000023ba33bb490 code [0x0000023ba33bb640, 0x0000023ba33bbc40]
Event: 12.442 Thread 0x0000023bf839df00 2967       3       java.util.regex.Pattern$$Lambda/0x0000023bb4059580::is (5 bytes)
Event: 12.442 Thread 0x0000023bf839df00 nmethod 2967 0x0000023b9bcdd710 code [0x0000023b9bcdd8c0, 0x0000023b9bcddb30]
Event: 12.453 Thread 0x0000023bf85b4410 2968       3       com.google.inject.internal.InjectorImpl::getProviderOrThrow (35 bytes)
Event: 12.453 Thread 0x0000023bf85b4410 nmethod 2968 0x0000023b9bcddc10 code [0x0000023b9bcddde0, 0x0000023b9bcde248]
Event: 12.459 Thread 0x0000023bb2e8c420 2969       4       java.lang.String::startsWith (123 bytes)
Event: 12.463 Thread 0x0000023bb2e8c420 nmethod 2969 0x0000023ba33bbe90 code [0x0000023ba33bc040, 0x0000023ba33bc3f8]
Event: 12.476 Thread 0x0000023bf81c7d50 2971       3       java.lang.invoke.MethodHandle::bindTo (19 bytes)
Event: 12.476 Thread 0x0000023bf839df00 2972       3       java.lang.invoke.MethodType::leadingReferenceParameter (30 bytes)
Event: 12.476 Thread 0x0000023bb2e8dec0 2973       3       java.lang.invoke.MethodHandle::bindArgumentL (10 bytes)
Event: 12.476 Thread 0x0000023bf85b4410 2974       3       java.lang.invoke.BoundMethodHandle::bindArgumentL (11 bytes)
Event: 12.476 Thread 0x0000023bf839df00 nmethod 2972 0x0000023b9bcde410 code [0x0000023b9bcde5e0, 0x0000023b9bcde8d8]
Event: 12.476 Thread 0x0000023bf81c7d50 nmethod 2971 0x0000023b9bcdea10 code [0x0000023b9bcdec20, 0x0000023b9bcdf260]
Event: 12.476 Thread 0x0000023bf85b4410 nmethod 2974 0x0000023b9bcdf490 code [0x0000023b9bcdf680, 0x0000023b9bcdfb78]
Event: 12.476 Thread 0x0000023bb2e8dec0 nmethod 2973 0x0000023b9bcdfd90 code [0x0000023b9bcdffa0, 0x0000023b9bce0630]
Event: 12.477 Thread 0x0000023bb2e8dec0 2975       3       java.lang.Module::implIsExportedOrOpen (92 bytes)
Event: 12.477 Thread 0x0000023bb2e8dec0 nmethod 2975 0x0000023b9bce0890 code [0x0000023b9bce0ac0, 0x0000023b9bce11e8]

GC Heap History (4 events):
Event: 8.226 GC heap before
{Heap before GC invocations=0 (full 0):
 garbage-first heap   total 258048K, used 22528K [0x0000000704a00000, 0x0000000800000000)
  region size 2048K, 11 young (22528K), 0 survivors (0K)
 Metaspace       used 5760K, committed 5952K, reserved 1114112K
  class space    used 646K, committed 768K, reserved 1048576K
}
Event: 8.827 GC heap after
{Heap after GC invocations=1 (full 0):
 garbage-first heap   total 258048K, used 3743K [0x0000000704a00000, 0x0000000800000000)
  region size 2048K, 2 young (4096K), 2 survivors (4096K)
 Metaspace       used 5760K, committed 5952K, reserved 1114112K
  class space    used 646K, committed 768K, reserved 1048576K
}
Event: 10.852 GC heap before
{Heap before GC invocations=1 (full 0):
 garbage-first heap   total 258048K, used 36511K [0x0000000704a00000, 0x0000000800000000)
  region size 2048K, 18 young (36864K), 2 survivors (4096K)
 Metaspace       used 10084K, committed 10304K, reserved 1114112K
  class space    used 1173K, committed 1280K, reserved 1048576K
}
Event: 10.857 GC heap after
{Heap after GC invocations=2 (full 0):
 garbage-first heap   total 258048K, used 5616K [0x0000000704a00000, 0x0000000800000000)
  region size 2048K, 1 young (2048K), 1 survivors (2048K)
 Metaspace       used 10084K, committed 10304K, reserved 1114112K
  class space    used 1173K, committed 1280K, reserved 1048576K
}

Dll operation events (8 events):
Event: 0.011 Loaded shared library C:\Program Files\Java\jdk-21\bin\java.dll
Event: 0.108 Loaded shared library C:\Program Files\Java\jdk-21\bin\jsvml.dll
Event: 0.212 Loaded shared library C:\Program Files\Java\jdk-21\bin\net.dll
Event: 0.221 Loaded shared library C:\Program Files\Java\jdk-21\bin\nio.dll
Event: 0.227 Loaded shared library C:\Program Files\Java\jdk-21\bin\zip.dll
Event: 2.752 Loaded shared library C:\Program Files\Java\jdk-21\bin\jimage.dll
Event: 2.782 Loaded shared library C:\Program Files\NetBeans-21\netbeans\java\maven\lib\jansi-native\Windows\x86_64\jansi.dll
Event: 2.795 Loaded shared library C:\Program Files\Java\jdk-21\bin\verify.dll

Deoptimization events (20 events):
Event: 12.348 Thread 0x0000023b90fb21c0 Uncommon trap: trap_request=0xffffff45 fr.pc=0x0000023ba33af128 relative=0x0000000000000b28
Event: 12.348 Thread 0x0000023b90fb21c0 Uncommon trap: reason=unstable_if action=reinterpret pc=0x0000023ba33af128 method=org.eclipse.sisu.inject.InjectorBindings.isAssignableFrom(Lcom/google/inject/TypeLiteral;Lcom/google/inject/Binding;)Z @ 15 c2
Event: 12.348 Thread 0x0000023b90fb21c0 DEOPT PACKING pc=0x0000023ba33af128 sp=0x00000098cd8fd920
Event: 12.348 Thread 0x0000023b90fb21c0 DEOPT UNPACKING pc=0x0000023ba2ba7da2 sp=0x00000098cd8fd8f0 mode 2
Event: 12.369 Thread 0x0000023b90fb21c0 Uncommon trap: trap_request=0xffffff45 fr.pc=0x0000023ba33116c8 relative=0x0000000000001ee8
Event: 12.369 Thread 0x0000023b90fb21c0 Uncommon trap: reason=unstable_if action=reinterpret pc=0x0000023ba33116c8 method=sun.nio.cs.StreamDecoder.implRead([CII)I @ 36 c2
Event: 12.369 Thread 0x0000023b90fb21c0 DEOPT PACKING pc=0x0000023ba33116c8 sp=0x00000098cd8fe4e0
Event: 12.369 Thread 0x0000023b90fb21c0 DEOPT UNPACKING pc=0x0000023ba2ba7da2 sp=0x00000098cd8fe2e8 mode 2
Event: 12.369 Thread 0x0000023b90fb21c0 Uncommon trap: trap_request=0xffffff45 fr.pc=0x0000023ba332cf74 relative=0x00000000000024d4
Event: 12.369 Thread 0x0000023b90fb21c0 Uncommon trap: reason=unstable_if action=reinterpret pc=0x0000023ba332cf74 method=sun.nio.cs.StreamDecoder.implRead([CII)I @ 36 c2
Event: 12.369 Thread 0x0000023b90fb21c0 DEOPT PACKING pc=0x0000023ba332cf74 sp=0x00000098cd8fe5b0
Event: 12.369 Thread 0x0000023b90fb21c0 DEOPT UNPACKING pc=0x0000023ba2ba7da2 sp=0x00000098cd8fe430 mode 2
Event: 12.369 Thread 0x0000023b90fb21c0 Uncommon trap: trap_request=0x000000e1 fr.pc=0x0000023ba32f9384 relative=0x00000000000000e4
Event: 12.369 Thread 0x0000023b90fb21c0 Uncommon trap: reason=unloaded action=reinterpret pc=0x0000023ba32f9384 method=org.codehaus.plexus.util.xml.pull.MXParser.more()C @ 22 c2
Event: 12.369 Thread 0x0000023b90fb21c0 DEOPT PACKING pc=0x0000023ba32f9384 sp=0x00000098cd8fe7c0
Event: 12.369 Thread 0x0000023b90fb21c0 DEOPT UNPACKING pc=0x0000023ba2ba7da2 sp=0x00000098cd8fe760 mode 2
Event: 12.443 Thread 0x0000023b90fb21c0 Uncommon trap: trap_request=0xffffff45 fr.pc=0x0000023ba330b564 relative=0x0000000000001e84
Event: 12.443 Thread 0x0000023b90fb21c0 Uncommon trap: reason=unstable_if action=reinterpret pc=0x0000023ba330b564 method=sun.nio.cs.StreamDecoder.implRead([CII)I @ 36 c2
Event: 12.443 Thread 0x0000023b90fb21c0 DEOPT PACKING pc=0x0000023ba330b564 sp=0x00000098cd8fe590
Event: 12.443 Thread 0x0000023b90fb21c0 DEOPT UNPACKING pc=0x0000023ba2ba7da2 sp=0x00000098cd8fe488 mode 2

Classes loaded (20 events):
Event: 12.222 Loading class java/security/SecureRandomSpi done
Event: 12.222 Loading class sun/security/provider/DRBG done
Event: 12.223 Loading class java/security/DrbgParameters$Capability
Event: 12.223 Loading class java/security/DrbgParameters$Capability done
Event: 12.224 Loading class sun/security/provider/MoreDrbgParameters
Event: 12.224 Loading class sun/security/provider/MoreDrbgParameters done
Event: 12.224 Loading class java/security/DrbgParameters
Event: 12.224 Loading class java/security/DrbgParameters done
Event: 12.224 Loading class java/security/DrbgParameters$Instantiation
Event: 12.224 Loading class java/security/DrbgParameters$Instantiation done
Event: 12.224 Loading class sun/security/provider/HashDrbg
Event: 12.224 Loading class sun/security/provider/AbstractHashDrbg
Event: 12.224 Loading class sun/security/provider/AbstractDrbg
Event: 12.224 Loading class sun/security/provider/AbstractDrbg done
Event: 12.224 Loading class sun/security/provider/AbstractHashDrbg done
Event: 12.224 Loading class sun/security/provider/HashDrbg done
Event: 12.224 Loading class sun/security/provider/EntropySource
Event: 12.224 Loading class sun/security/provider/EntropySource done
Event: 12.379 Loading class java/lang/ProcessEnvironment$CheckedKeySet
Event: 12.379 Loading class java/lang/ProcessEnvironment$CheckedKeySet done

Classes unloaded (0 events):
No events

Classes redefined (0 events):
No events

Internal exceptions (20 events):
Event: 7.282 Thread 0x0000023b90fb21c0 Exception <a 'java/lang/NoSuchMethodError'{0x0000000713508e78}: 'int java.lang.invoke.DirectMethodHandle$Holder.invokeStatic(java.lang.Object, java.lang.Object, java.lang.Object, java.lang.Object)'> (0x0000000713508e78) 
thrown [s\open\src\hotspot\share\interpreter\linkResolver.cpp, line 773]
Event: 7.283 Thread 0x0000023b90fb21c0 Exception <a 'java/lang/NoSuchMethodError'{0x000000071350c508}: 'java.lang.Object java.lang.invoke.Invokers$Holder.invokeExact_MT(java.lang.Object, java.lang.Object, java.lang.Object, java.lang.Object, java.lang.Object, java.lang.Object)'> (0x000000071350c508) 
thrown [s\open\src\hotspot\share\interpreter\linkResolver.cpp, line 773]
Event: 7.285 Thread 0x0000023b90fb21c0 Exception <a 'java/lang/NoSuchMethodError'{0x000000071351ab78}: 'int java.lang.invoke.DirectMethodHandle$Holder.invokeSpecialIFC(java.lang.Object, java.lang.Object, java.lang.Object, java.lang.Object, java.lang.Object)'> (0x000000071351ab78) 
thrown [s\open\src\hotspot\share\interpreter\linkResolver.cpp, line 773]
Event: 7.356 Thread 0x0000023b90fb21c0 Exception <a 'java/lang/NoSuchMethodError'{0x0000000713290b60}: 'java.lang.Object java.lang.invoke.DirectMethodHandle$Holder.newInvokeSpecial(java.lang.Object, java.lang.Object, java.lang.Object, java.lang.Object, java.lang.Object)'> (0x0000000713290b60) 
thrown [s\open\src\hotspot\share\interpreter\linkResolver.cpp, line 773]
Event: 7.428 Thread 0x0000023b90fb21c0 Exception <a 'java/lang/NoSuchMethodError'{0x0000000713386800}: 'int java.lang.invoke.DirectMethodHandle$Holder.invokeStaticInit(java.lang.Object, java.lang.Object)'> (0x0000000713386800) 
thrown [s\open\src\hotspot\share\interpreter\linkResolver.cpp, line 773]
Event: 7.441 Thread 0x0000023b90fb21c0 Exception <a 'java/lang/NoClassDefFoundError'{0x00000007133ba8f8}: javax/enterprise/inject/Typed> (0x00000007133ba8f8) 
thrown [s\open\src\hotspot\share\classfile\systemDictionary.cpp, line 301]
Event: 11.051 Thread 0x0000023b90fb21c0 Exception <a 'java/lang/NoSuchMethodError'{0x00000007143d5bb0}: 'void java.lang.invoke.DirectMethodHandle$Holder.invokeStaticInit(java.lang.Object, java.lang.Object, java.lang.Object)'> (0x00000007143d5bb0) 
thrown [s\open\src\hotspot\share\interpreter\linkResolver.cpp, line 773]
Event: 11.061 Thread 0x0000023b90fb21c0 Exception <a 'java/lang/ExceptionInInitializerError'{0x00000007143fdb40}> (0x00000007143fdb40) 
thrown [s\open\src\hotspot\share\oops\instanceKlass.cpp, line 1192]
Event: 11.190 Thread 0x0000023b90fb21c0 Exception <a 'java/lang/NoSuchMethodError'{0x0000000714106a40}: 'long java.lang.invoke.DirectMethodHandle$Holder.invokeStatic(java.lang.Object, java.lang.Object, int)'> (0x0000000714106a40) 
thrown [s\open\src\hotspot\share\interpreter\linkResolver.cpp, line 773]
Event: 11.193 Thread 0x0000023b90fb21c0 Exception <a 'java/lang/NoSuchMethodError'{0x0000000714119b18}: 'java.lang.Object java.lang.invoke.DirectMethodHandle$Holder.invokeStatic(java.lang.Object, java.lang.Object, java.lang.Object, java.lang.Object, int)'> (0x0000000714119b18) 
thrown [s\open\src\hotspot\share\interpreter\linkResolver.cpp, line 773]
Event: 11.195 Thread 0x0000023b90fb21c0 Exception <a 'java/lang/NoSuchMethodError'{0x0000000714121a50}: 'java.lang.Object java.lang.invoke.DirectMethodHandle$Holder.invokeSpecial(java.lang.Object, java.lang.Object, java.lang.Object, java.lang.Object, long)'> (0x0000000714121a50) 
thrown [s\open\src\hotspot\share\interpreter\linkResolver.cpp, line 773]
Event: 11.196 Thread 0x0000023b90fb21c0 Exception <a 'java/lang/NoSuchMethodError'{0x000000071412d318}: 'java.lang.Object java.lang.invoke.DirectMethodHandle$Holder.invokeSpecial(java.lang.Object, java.lang.Object, java.lang.Object, int, java.lang.Object)'> (0x000000071412d318) 
thrown [s\open\src\hotspot\share\interpreter\linkResolver.cpp, line 773]
Event: 11.197 Thread 0x0000023b90fb21c0 Exception <a 'java/lang/NoSuchMethodError'{0x0000000714135458}: 'int java.lang.invoke.DirectMethodHandle$Holder.invokeSpecial(java.lang.Object, java.lang.Object, java.lang.Object, int)'> (0x0000000714135458) 
thrown [s\open\src\hotspot\share\interpreter\linkResolver.cpp, line 773]
Event: 11.203 Thread 0x0000023b90fb21c0 Implicit null exception at 0x0000023ba334255d to 0x0000023ba3342768
Event: 11.205 Thread 0x0000023b90fb21c0 Exception <a 'java/lang/NoSuchMethodError'{0x0000000714159850}: 'java.lang.Object java.lang.invoke.Invokers$Holder.invokeExact_MT(java.lang.Object, int, java.lang.Object)'> (0x0000000714159850) 
thrown [s\open\src\hotspot\share\interpreter\linkResolver.cpp, line 773]
Event: 11.223 Thread 0x0000023b90fb21c0 Exception <a 'java/lang/NoSuchMethodError'{0x00000007141d44a0}: 'void java.lang.invoke.DirectMethodHandle$Holder.invokeStatic(java.lang.Object, java.lang.Object)'> (0x00000007141d44a0) 
thrown [s\open\src\hotspot\share\interpreter\linkResolver.cpp, line 773]
Event: 11.884 Thread 0x0000023b90fb21c0 Exception <a 'java/lang/NoSuchMethodError'{0x000000071395aae0}: 'void java.lang.invoke.Invokers$Holder.invokeExact_MT(java.lang.Object, java.lang.Object, java.lang.Object, java.lang.Object)'> (0x000000071395aae0) 
thrown [s\open\src\hotspot\share\interpreter\linkResolver.cpp, line 773]
Event: 11.914 Thread 0x0000023b90fb21c0 Exception <a 'java/lang/NoClassDefFoundError'{0x00000007139eb538}: com/google/inject/servlet/ServletModuleTargetVisitor> (0x00000007139eb538) 
thrown [s\open\src\hotspot\share\classfile\systemDictionary.cpp, line 301]
Event: 12.152 Thread 0x0000023b90fb21c0 Exception <a 'java/lang/NoSuchMethodError'{0x000000071349c588}: 'void java.lang.invoke.DirectMethodHandle$Holder.invokeVirtual(java.lang.Object, java.lang.Object)'> (0x000000071349c588) 
thrown [s\open\src\hotspot\share\interpreter\linkResolver.cpp, line 773]
Event: 12.225 Thread 0x0000023b90fb21c0 Exception <a 'java/lang/NoSuchMethodError'{0x000000071352a918}: 'java.lang.Object java.lang.invoke.DirectMethodHandle$Holder.invokeStaticInit(java.lang.Object, int, int, int, int)'> (0x000000071352a918) 
thrown [s\open\src\hotspot\share\interpreter\linkResolver.cpp, line 773]

ZGC Phase Switch (0 events):
No events

VM Operations (20 events):
Event: 11.070 Executing VM operation: HandshakeAllThreads (Deoptimize)
Event: 11.070 Executing VM operation: HandshakeAllThreads (Deoptimize) done
Event: 11.256 Executing VM operation: HandshakeAllThreads (Deoptimize)
Event: 11.256 Executing VM operation: HandshakeAllThreads (Deoptimize) done
Event: 11.262 Executing VM operation: HandshakeAllThreads (Deoptimize)
Event: 11.262 Executing VM operation: HandshakeAllThreads (Deoptimize) done
Event: 11.347 Executing VM operation: HandshakeAllThreads (Deoptimize)
Event: 11.347 Executing VM operation: HandshakeAllThreads (Deoptimize) done
Event: 11.819 Executing VM operation: ICBufferFull
Event: 11.820 Executing VM operation: ICBufferFull done
Event: 11.874 Executing VM operation: HandshakeAllThreads (Deoptimize)
Event: 11.874 Executing VM operation: HandshakeAllThreads (Deoptimize) done
Event: 12.166 Executing VM operation: HandshakeAllThreads (Deoptimize)
Event: 12.166 Executing VM operation: HandshakeAllThreads (Deoptimize) done
Event: 12.265 Executing VM operation: HandshakeAllThreads (Deoptimize)
Event: 12.265 Executing VM operation: HandshakeAllThreads (Deoptimize) done
Event: 12.355 Executing VM operation: ICBufferFull
Event: 12.355 Executing VM operation: ICBufferFull done
Event: 12.370 Executing VM operation: HandshakeAllThreads (Deoptimize)
Event: 12.370 Executing VM operation: HandshakeAllThreads (Deoptimize) done

Events (20 events):
Event: 2.413 Thread 0x0000023bf8447ff0 Thread added: 0x0000023bf8447ff0
Event: 3.970 Thread 0x0000023bf8447ff0 Thread exited: 0x0000023bf8447ff0
Event: 6.608 Thread 0x0000023bf839df00 Thread added: 0x0000023bf839df00
Event: 6.610 Thread 0x0000023bf85b4410 Thread added: 0x0000023bf85b4410
Event: 6.610 Thread 0x0000023bf81c7d50 Thread added: 0x0000023bf81c7d50
Event: 6.945 Thread 0x0000023bf8668670 Thread added: 0x0000023bf8668670
Event: 6.950 Thread 0x0000023bf866b740 Thread added: 0x0000023bf866b740
Event: 7.570 Thread 0x0000023bf8adb0c0 Thread added: 0x0000023bf8adb0c0
Event: 7.571 Thread 0x0000023bf8b87f00 Thread added: 0x0000023bf8b87f00
Event: 7.571 Thread 0x0000023bf8b885a0 Thread added: 0x0000023bf8b885a0
Event: 7.571 Thread 0x0000023bf8b88c40 Thread added: 0x0000023bf8b88c40
Event: 7.573 Thread 0x0000023bf8b892e0 Thread added: 0x0000023bf8b892e0
Event: 9.341 Thread 0x0000023bf8b892e0 Thread exited: 0x0000023bf8b892e0
Event: 9.341 Thread 0x0000023bf8b88c40 Thread exited: 0x0000023bf8b88c40
Event: 9.342 Thread 0x0000023bf8b885a0 Thread exited: 0x0000023bf8b885a0
Event: 9.574 Thread 0x0000023bf8b87f00 Thread exited: 0x0000023bf8b87f00
Event: 9.574 Thread 0x0000023bf8adb0c0 Thread exited: 0x0000023bf8adb0c0
Event: 9.576 Thread 0x0000023bf866b740 Thread exited: 0x0000023bf866b740
Event: 9.576 Thread 0x0000023bf8668670 Thread exited: 0x0000023bf8668670
Event: 12.074 Thread 0x0000023bf8085f00 Thread added: 0x0000023bf8085f00


Dynamic libraries:
0x00007ff65f260000 - 0x00007ff65f270000 	C:\Program Files\Java\jdk-21\bin\java.exe
0x00007ffc80210000 - 0x00007ffc80428000 	C:\Windows\SYSTEM32\ntdll.dll
0x00007ffc7f080000 - 0x00007ffc7f144000 	C:\Windows\System32\KERNEL32.DLL
0x00007ffc7d930000 - 0x00007ffc7dd03000 	C:\Windows\System32\KERNELBASE.dll
0x00007ffc7d770000 - 0x00007ffc7d881000 	C:\Windows\System32\ucrtbase.dll
0x00007ffc2a360000 - 0x00007ffc2a379000 	C:\Program Files\Java\jdk-21\bin\jli.dll
0x00007ffc7fce0000 - 0x00007ffc7fd91000 	C:\Windows\System32\ADVAPI32.dll
0x00007ffc7eeb0000 - 0x00007ffc7ef57000 	C:\Windows\System32\msvcrt.dll
0x00007ffc7efd0000 - 0x00007ffc7f078000 	C:\Windows\System32\sechost.dll
0x00007ffc7d740000 - 0x00007ffc7d768000 	C:\Windows\System32\bcrypt.dll
0x00007ffc7ebb0000 - 0x00007ffc7ecc8000 	C:\Windows\System32\RPCRT4.dll
0x00007ffc7e390000 - 0x00007ffc7e542000 	C:\Windows\System32\USER32.dll
0x00007ffbb88f0000 - 0x00007ffbb890b000 	C:\Program Files\Java\jdk-21\bin\VCRUNTIME140.dll
0x00007ffc7dd10000 - 0x00007ffc7dd36000 	C:\Windows\System32\win32u.dll
0x00007ffc7f2b0000 - 0x00007ffc7f2d9000 	C:\Windows\System32\GDI32.dll
0x00007ffc7d620000 - 0x00007ffc7d73b000 	C:\Windows\System32\gdi32full.dll
0x00007ffc7d890000 - 0x00007ffc7d92a000 	C:\Windows\System32\msvcp_win.dll
0x00007ffc69c10000 - 0x00007ffc69eac000 	C:\Windows\WinSxS\amd64_microsoft.windows.common-controls_6595b64144ccf1df_6.0.22621.6060_none_2712eda17382d24b\COMCTL32.dll
0x00007ffc776c0000 - 0x00007ffc776ca000 	C:\Windows\SYSTEM32\VERSION.dll
0x00007ffc7f150000 - 0x00007ffc7f181000 	C:\Windows\System32\IMM32.DLL
0x00007ffc23220000 - 0x00007ffc2322c000 	C:\Program Files\Java\jdk-21\bin\vcruntime140_1.dll
0x00007ffbdf1d0000 - 0x00007ffbdf25e000 	C:\Program Files\Java\jdk-21\bin\msvcp140.dll
0x00007ffbad5b0000 - 0x00007ffbae2ca000 	C:\Program Files\Java\jdk-21\bin\server\jvm.dll
0x00007ffc7e550000 - 0x00007ffc7e5c1000 	C:\Windows\System32\WS2_32.dll
0x00007ffc7caf0000 - 0x00007ffc7cb3d000 	C:\Windows\SYSTEM32\POWRPROF.dll
0x00007ffc75cc0000 - 0x00007ffc75cf4000 	C:\Windows\SYSTEM32\WINMM.dll
0x00007ffc7cad0000 - 0x00007ffc7cae3000 	C:\Windows\SYSTEM32\UMPDC.dll
0x00007ffc7c2c0000 - 0x00007ffc7c2d8000 	C:\Windows\SYSTEM32\kernel.appcore.dll
0x00007ffc22a20000 - 0x00007ffc22a2a000 	C:\Program Files\Java\jdk-21\bin\jimage.dll
0x00007ffc7ad40000 - 0x00007ffc7af73000 	C:\Windows\SYSTEM32\DBGHELP.DLL
0x00007ffc7e640000 - 0x00007ffc7e9d1000 	C:\Windows\System32\combase.dll
0x00007ffc7f190000 - 0x00007ffc7f268000 	C:\Windows\System32\OLEAUT32.dll
0x00007ffc716c0000 - 0x00007ffc716f2000 	C:\Windows\SYSTEM32\dbgcore.DLL
0x00007ffc7d3e0000 - 0x00007ffc7d45b000 	C:\Windows\System32\bcryptPrimitives.dll
0x00007ffbad550000 - 0x00007ffbad56f000 	C:\Program Files\Java\jdk-21\bin\java.dll
0x00007ffc7f440000 - 0x00007ffc7fcdc000 	C:\Windows\System32\SHELL32.dll
0x00007ffc7d4e0000 - 0x00007ffc7d61f000 	C:\Windows\System32\wintypes.dll
0x00007ffc7b1d0000 - 0x00007ffc7baea000 	C:\Windows\SYSTEM32\windows.storage.dll
0x00007ffc7ed20000 - 0x00007ffc7ee24000 	C:\Windows\System32\SHCORE.dll
0x00007ffc7ef60000 - 0x00007ffc7efc9000 	C:\Windows\System32\shlwapi.dll
0x00007ffc7d250000 - 0x00007ffc7d275000 	C:\Windows\SYSTEM32\profapi.dll
0x00007ffbad470000 - 0x00007ffbad547000 	C:\Program Files\Java\jdk-21\bin\jsvml.dll
0x00007ffc1f7d0000 - 0x00007ffc1f7e0000 	C:\Program Files\Java\jdk-21\bin\net.dll
0x00007ffc76140000 - 0x00007ffc7626c000 	C:\Windows\SYSTEM32\WINHTTP.dll
0x00007ffc7c780000 - 0x00007ffc7c7e9000 	C:\Windows\system32\mswsock.dll
0x00007ffbad450000 - 0x00007ffbad466000 	C:\Program Files\Java\jdk-21\bin\nio.dll
0x00007ffbad430000 - 0x00007ffbad448000 	C:\Program Files\Java\jdk-21\bin\zip.dll
0x0000000069ac0000 - 0x0000000069ae4000 	C:\Program Files\NetBeans-21\netbeans\java\maven\lib\jansi-native\Windows\x86_64\jansi.dll
0x00007ffc0fec0000 - 0x00007ffc0fed0000 	C:\Program Files\Java\jdk-21\bin\verify.dll

dbghelp: loaded successfully - version: 4.0.5 - missing functions: none
symbol engine: initialized successfully - sym options: 0x614 - pdb path: .;C:\Program Files\Java\jdk-21\bin;C:\Windows\SYSTEM32;C:\Windows\WinSxS\amd64_microsoft.windows.common-controls_6595b64144ccf1df_6.0.22621.6060_none_2712eda17382d24b;C:\Program Files\Java\jdk-21\bin\server;C:\Program Files\NetBeans-21\netbeans\java\maven\lib\jansi-native\Windows\x86_64

VM Arguments:
jvm_args: -Dclassworlds.conf=C:\Program Files\NetBeans-21\netbeans\java\maven\bin\m2.conf -Dmaven.home=C:\Program Files\NetBeans-21\netbeans\java\maven -Dlibrary.jansi.path=C:\Program Files\NetBeans-21\netbeans\java\maven\lib\jansi-native -Dmaven.multiModuleProjectDirectory=C:\Users\pc\Documents\NetBeansProjects\GHADS 
java_command: org.codehaus.plexus.classworlds.launcher.Launcher -Dmaven.ext.class.path=C:\Program Files\NetBeans-21\netbeans\java\maven-nblib\netbeans-eventspy.jar --no-transfer-progress install
java_class_path (initial): C:\Program Files\NetBeans-21\netbeans\java\maven\boot\plexus-classworlds-2.7.0.jar
Launcher Type: SUN_STANDARD

[Global flags]
     intx CICompilerCount                          = 12                                        {product} {ergonomic}
     uint ConcGCThreads                            = 3                                         {product} {ergonomic}
     uint G1ConcRefinementThreads                  = 13                                        {product} {ergonomic}
   size_t G1HeapRegionSize                         = 2097152                                   {product} {ergonomic}
    uintx GCDrainStackTargetSize                   = 64                                        {product} {ergonomic}
   size_t InitialHeapSize                          = 264241152                                 {product} {ergonomic}
   size_t MarkStackSize                            = 4194304                                   {product} {ergonomic}
   size_t MaxHeapSize                              = 4217372672                                {product} {ergonomic}
   size_t MaxNewSize                               = 2529165312                                {product} {ergonomic}
   size_t MinHeapDeltaBytes                        = 2097152                                   {product} {ergonomic}
   size_t MinHeapSize                              = 8388608                                   {product} {ergonomic}
    uintx NonNMethodCodeHeapSize                   = 7602480                                {pd product} {ergonomic}
    uintx NonProfiledCodeHeapSize                  = 122027880                              {pd product} {ergonomic}
    uintx ProfiledCodeHeapSize                     = 122027880                              {pd product} {ergonomic}
    uintx ReservedCodeCacheSize                    = 251658240                              {pd product} {ergonomic}
     bool SegmentedCodeCache                       = true                                      {product} {ergonomic}
   size_t SoftMaxHeapSize                          = 4217372672                             {manageable} {ergonomic}
     bool UseCompressedOops                        = true                           {product lp64_product} {ergonomic}
     bool UseG1GC                                  = true                                      {product} {ergonomic}
     bool UseLargePagesIndividualAllocation        = false                                  {pd product} {ergonomic}

Logging:
Log output configuration:
 #0: stdout all=warning uptime,level,tags foldmultilines=false
 #1: stderr all=off uptime,level,tags foldmultilines=false

Environment Variables:
JAVA_HOME=C:\Program Files\Java\jdk-21
PATH=C:\Program Files (x86)\VMware\VMware Workstation\bin\;C:\Program Files (x86)\Common Files\Intel\Shared Libraries\redist\intel64\compiler;C:\Program Files\Common Files\Oracle\Java\javapath;C:\Windows\system32;C:\Windows;C:\Windows\System32\Wbem;C:\Windows\System32\WindowsPowerShell\v1.0\;C:\Windows\System32\OpenSSH\;C:\Program Files\IBM\SPSS\Statistics\Subscription\JRE\bin;E:\MATLAB 2018\runtime\win64;E:\MATLAB 2018\bin;E:\MATLAB\R2018a\runtime\win64;E:\MATLAB\R2018a\bin;C:\Program Files (x86)\Microsoft SQL Server\160\DTS\Binn\;C:\Program Files\NVIDIA Corporation\NVIDIA App\NvDLISR;C:\Program Files (x86)\NVIDIA Corporation\PhysX\Common;C:\Program Files\dotnet\;C:\Program Files\Git\cmd;C:\Users\pc\dart-sdk\bin;C:\Program Files\nodejs\;C:\Users\pc\AppData\Local\Programs\Python\Python311\Scripts\;C:\Users\pc\AppData\Local\Programs\Python\Python311\;C:\Users\pc\AppData\Local\Microsoft\WindowsApps;C:\Users\pc\AppData\Local\Programs\Microsoft VS Code\bin;C:\mingw64\bin;C:\Users\pc\.dotnet\tools;C:\dart-sdk\bin;C:\Users\pc\AppData\Roaming\npm;D:\Antigravity\bin;C:\flutter\bin;C:\Users\pc\AppData\Local\Programs\Antigravity IDE\bin;
USERNAME=pc
OS=Windows_NT
PROCESSOR_IDENTIFIER=Intel64 Family 6 Model 141 Stepping 1, GenuineIntel
TMP=C:\Users\pc\AppData\Local\Temp
TEMP=C:\Users\pc\AppData\Local\Temp




Periodic native trim disabled

---------------  S Y S T E M  ---------------

OS:
 Windows 11 , 64 bit Build 22621 (10.0.22621.5415)
OS uptime: 0 days 0:03 hours
Hyper-V role detected

CPU: total 16 (initial active 16) (8 cores per cpu, 2 threads per core) family 6 model 141 stepping 1 microcode 0x34, cx8, cmov, fxsr, ht, mmx, 3dnowpref, sse, sse2, sse3, ssse3, sse4.1, sse4.2, popcnt, lzcnt, tsc, tscinvbit, avx, avx2, aes, erms, clmul, bmi1, bmi2, adx, avx512f, avx512dq, avx512cd, avx512bw, avx512vl, sha, fma, vzeroupper, avx512_vpopcntdq, avx512_vpclmulqdq, avx512_vaes, avx512_vnni, clflush, clflushopt, clwb, avx512_vbmi2, avx512_vbmi, hv, rdtscp, rdpid, fsrm, gfni, avx512_bitalg, f16c, cet_ibt, cet_ss, avx512_ifma
Processor Information for all 16 processors :
  Max Mhz: 2304, Current Mhz: 2304, Mhz Limit: 2304

Memory: 4k page, system-wide physical 16085M (5093M free)
TotalPageFile size 21796M (AvailPageFile size 5M)
current process WorkingSet (physical memory assigned to process): 118M, peak: 120M
current process commit charge ("private bytes"): 384M, peak: 407M

vm_info: Java HotSpot(TM) 64-Bit Server VM (21.0.6+8-LTS-188) for windows-amd64 JRE (21.0.6+8-LTS-188), built on 2024-12-03T10:50:54Z by "mach5one" with MS VC++ 17.6 (VS2022)

END.
