#
# There is insufficient memory for the Java Runtime Environment to continue.
# Native memory allocation (malloc) failed to allocate 242176 bytes for Chunk::new
# Possible reasons:
#   The system is out of physical RAM or swap space
#   The process is running with CompressedOops enabled, and the Java Heap may be blocking the growth of the native heap
# Possible solutions:
#   Reduce memory load on the system
#   Increase physical memory or swap space
#   Check if swap backing store is full
#   Decrease Java heap size (-Xmx/-Xms)
#   Decrease number of Java threads
#   Decrease Java thread stack sizes (-Xss)
#   Set larger code cache with -XX:ReservedCodeCacheSize=
#   JVM is running with Zero Based Compressed Oops mode in which the Java heap is
#     placed in the first 32GB address space. The Java Heap base address is the
#     maximum limit for the native heap growth. Please use -XX:HeapBaseMinAddress
#     to set the Java Heap base and to place the Java Heap above 32GB virtual address.
# This output file may be truncated or incomplete.
#
#  Out of Memory Error (arena.cpp:168), pid=24868, tid=25060
#
# JRE version: Java(TM) SE Runtime Environment (21.0.6+8) (build 21.0.6+8-LTS-188)
# Java VM: Java HotSpot(TM) 64-Bit Server VM (21.0.6+8-LTS-188, mixed mode, sharing, tiered, compressed oops, compressed class ptrs, g1 gc, windows-amd64)
# No core dump will be written. Minidumps are not enabled by default on client versions of Windows
#

---------------  S U M M A R Y ------------

Command Line: -Dclassworlds.conf=C:\Program Files\NetBeans-21\netbeans\java\maven\bin\m2.conf -Dmaven.home=C:\Program Files\NetBeans-21\netbeans\java\maven -Dlibrary.jansi.path=C:\Program Files\NetBeans-21\netbeans\java\maven\lib\jansi-native -Dmaven.multiModuleProjectDirectory=C:\Users\pc\Documents\NetBeansProjects\GHADS org.codehaus.plexus.classworlds.launcher.Launcher -Dmaven.ext.class.path=C:\Program Files\NetBeans-21\netbeans\java\maven-nblib\netbeans-eventspy.jar --no-transfer-progress install

Host: 11th Gen Intel(R) Core(TM) i7-11800H @ 2.30GHz, 16 cores, 15G,  Windows 11 , 64 bit Build 22621 (10.0.22621.5415)
Time: Wed Jun  3 21:36:01 2026  Windows 11 , 64 bit Build 22621 (10.0.22621.5415) elapsed time: 8.895121 seconds (0d 0h 0m 8s)

---------------  T H R E A D  ---------------

Current thread (0x0000028a7f0b1910):  JavaThread "C2 CompilerThread1" daemon [_thread_in_native, id=25060, stack(0x000000ed67100000,0x000000ed67200000) (1024K)]


Current CompileTask:
C2:   8895 2813       4       com.google.inject.TypeLiteral::<init> (43 bytes)

Stack: [0x000000ed67100000,0x000000ed67200000]
Native frames: (J=compiled Java code, j=interpreted, Vv=VM code, C=native code)
V  [jvm.dll+0x6ca6d9]
V  [jvm.dll+0x854f51]
V  [jvm.dll+0x85747e]
V  [jvm.dll+0x857b53]
V  [jvm.dll+0x27dcc6]
V  [jvm.dll+0xc4c2d]
V  [jvm.dll+0xc5163]
V  [jvm.dll+0x2f0fbd]
V  [jvm.dll+0x5f546a]
V  [jvm.dll+0x24f8a2]
V  [jvm.dll+0x24fc5f]
V  [jvm.dll+0x248764]
V  [jvm.dll+0x245df4]
V  [jvm.dll+0x1c6d2e]
V  [jvm.dll+0x2554f9]
V  [jvm.dll+0x253a8a]
V  [jvm.dll+0x3ee576]
V  [jvm.dll+0x7ff2fb]
V  [jvm.dll+0x6c8dbd]
C  [ucrtbase.dll+0x29333]
C  [KERNEL32.DLL+0x1259d]
C  [ntdll.dll+0x5af78]


---------------  P R O C E S S  ---------------

Threads class SMR info:
_java_thread_list=0x0000028a7e16cb80, length=14, elements={
0x0000028a6a63ff70, 0x0000028a7d3a1c50, 0x0000028a7d3a6c60, 0x0000028a7d3a9b20,
0x0000028a7d3ab870, 0x0000028a7d3af2e0, 0x0000028a7d3afd30, 0x0000028a7d3b0ab0,
0x0000028a7d3b1540, 0x0000028a7d61a5e0, 0x0000028a7d61d220, 0x0000028a7d810000,
0x0000028a7da3d370, 0x0000028a7f0b1910
}

Java Threads: ( => current thread )
  0x0000028a6a63ff70 JavaThread "main"                              [_thread_in_native, id=25568, stack(0x000000ed65a00000,0x000000ed65b00000) (1024K)]
  0x0000028a7d3a1c50 JavaThread "Reference Handler"          daemon [_thread_blocked, id=25960, stack(0x000000ed66200000,0x000000ed66300000) (1024K)]
  0x0000028a7d3a6c60 JavaThread "Finalizer"                  daemon [_thread_blocked, id=25964, stack(0x000000ed66300000,0x000000ed66400000) (1024K)]
  0x0000028a7d3a9b20 JavaThread "Signal Dispatcher"          daemon [_thread_blocked, id=25968, stack(0x000000ed66400000,0x000000ed66500000) (1024K)]
  0x0000028a7d3ab870 JavaThread "Attach Listener"            daemon [_thread_blocked, id=25972, stack(0x000000ed66500000,0x000000ed66600000) (1024K)]
  0x0000028a7d3af2e0 JavaThread "Service Thread"             daemon [_thread_blocked, id=25976, stack(0x000000ed66600000,0x000000ed66700000) (1024K)]
  0x0000028a7d3afd30 JavaThread "Monitor Deflation Thread"   daemon [_thread_blocked, id=25980, stack(0x000000ed66700000,0x000000ed66800000) (1024K)]
  0x0000028a7d3b0ab0 JavaThread "C2 CompilerThread0"         daemon [_thread_in_native, id=25984, stack(0x000000ed66800000,0x000000ed66900000) (1024K)]
  0x0000028a7d3b1540 JavaThread "C1 CompilerThread0"         daemon [_thread_blocked, id=26048, stack(0x000000ed66900000,0x000000ed66a00000) (1024K)]
  0x0000028a7d61a5e0 JavaThread "Notification Thread"        daemon [_thread_blocked, id=26192, stack(0x000000ed66b00000,0x000000ed66c00000) (1024K)]
  0x0000028a7d61d220 JavaThread "Common-Cleaner"             daemon [_thread_blocked, id=26200, stack(0x000000ed66c00000,0x000000ed66d00000) (1024K)]
  0x0000028a7d810000 JavaThread "C1 CompilerThread1"         daemon [_thread_blocked, id=5448, stack(0x000000ed66a00000,0x000000ed66b00000) (1024K)]
  0x0000028a7da3d370 JavaThread "C1 CompilerThread2"         daemon [_thread_blocked, id=26768, stack(0x000000ed66d00000,0x000000ed66e00000) (1024K)]
=>0x0000028a7f0b1910 JavaThread "C2 CompilerThread1"         daemon [_thread_in_native, id=25060, stack(0x000000ed67100000,0x000000ed67200000) (1024K)]
Total: 14

Other Threads:
  0x0000028a7d385810 VMThread "VM Thread"                           [id=21252, stack(0x000000ed66100000,0x000000ed66200000) (1024K)]
  0x0000028a7d375a70 WatcherThread "VM Periodic Task Thread"        [id=14360, stack(0x000000ed66000000,0x000000ed66100000) (1024K)]
  0x0000028a6c8d33c0 WorkerThread "GC Thread#0"                     [id=25184, stack(0x000000ed65b00000,0x000000ed65c00000) (1024K)]
  0x0000028a54e53a00 WorkerThread "GC Thread#1"                     [id=15184, stack(0x000000ed67500000,0x000000ed67600000) (1024K)]
  0x0000028a557d3be0 WorkerThread "GC Thread#2"                     [id=6884, stack(0x000000ed67600000,0x000000ed67700000) (1024K)]
  0x0000028a55481010 WorkerThread "GC Thread#3"                     [id=15064, stack(0x000000ed67700000,0x000000ed67800000) (1024K)]
  0x0000028a7e168060 WorkerThread "GC Thread#4"                     [id=4800, stack(0x000000ed67800000,0x000000ed67900000) (1024K)]
  0x0000028a554813b0 WorkerThread "GC Thread#5"                     [id=15052, stack(0x000000ed67900000,0x000000ed67a00000) (1024K)]
  0x0000028a7dff85c0 WorkerThread "GC Thread#6"                     [id=24896, stack(0x000000ed67a00000,0x000000ed67b00000) (1024K)]
  0x0000028a552f9810 WorkerThread "GC Thread#7"                     [id=25432, stack(0x000000ed67b00000,0x000000ed67c00000) (1024K)]
  0x0000028a552f9bb0 WorkerThread "GC Thread#8"                     [id=25436, stack(0x000000ed67c00000,0x000000ed67d00000) (1024K)]
  0x0000028a7d756d70 WorkerThread "GC Thread#9"                     [id=27408, stack(0x000000ed66e00000,0x000000ed66f00000) (1024K)]
  0x0000028a7d755ef0 WorkerThread "GC Thread#10"                    [id=23980, stack(0x000000ed66f00000,0x000000ed67000000) (1024K)]
  0x0000028a7d7569d0 WorkerThread "GC Thread#11"                    [id=23676, stack(0x000000ed67000000,0x000000ed67100000) (1024K)]
  0x0000028a6c8e3ef0 ConcurrentGCThread "G1 Main Marker"            [id=25248, stack(0x000000ed65c00000,0x000000ed65d00000) (1024K)]
  0x0000028a6c8e5600 WorkerThread "G1 Conc#0"                       [id=25228, stack(0x000000ed65d00000,0x000000ed65e00000) (1024K)]
  0x0000028a7d244600 ConcurrentGCThread "G1 Refine#0"               [id=25292, stack(0x000000ed65e00000,0x000000ed65f00000) (1024K)]
  0x0000028a7d245070 ConcurrentGCThread "G1 Service"                [id=25284, stack(0x000000ed65f00000,0x000000ed66000000) (1024K)]
Total: 18

Threads with active compile tasks:
C2 CompilerThread0     8923 2837       4       org.eclipse.sisu.inject.InjectorBindings::isAssignableFrom (29 bytes)
C1 CompilerThread2     8923 2843   !   3       com.google.inject.internal.MembersInjectorImpl::notifyListeners (62 bytes)
C2 CompilerThread1     8923 2813       4       com.google.inject.TypeLiteral::<init> (43 bytes)
Total: 3

VM state: not at safepoint (normal execution)

VM Mutex/Monitor currently owned by a thread: None

Heap address: 0x0000000704a00000, size: 4022 MB, Compressed Oops mode: Zero based, Oop shift amount: 3

CDS archive(s) mapped at: [0x0000028a0f000000-0x0000028a0fc90000-0x0000028a0fc90000), size 13172736, SharedBaseAddress: 0x0000028a0f000000, ArchiveRelocationMode: 1.
Compressed class space mapped at: 0x0000028a10000000-0x0000028a50000000, reserved size: 1073741824
Narrow klass base: 0x0000028a0f000000, Narrow klass shift: 0, Narrow klass range: 0x100000000

GC Precious Log:
 CardTable entry size: 512
 Card Set container configuration: InlinePtr #cards 4 size 8 Array Of Cards #cards 16 size 48 Howl #buckets 8 coarsen threshold 3686 Howl Bitmap #cards 512 size 80 coarsen threshold 460 Card regions per heap region 1 cards per card region 4096
 CPUs: 16 total, 16 available
 Memory: 16085M
 Large Page Support: Disabled
 NUMA Support: Disabled
 Compressed Oops: Enabled (Zero based)
 Heap Region Size: 2M
 Heap Min Capacity: 8M
 Heap Initial Capacity: 252M
 Heap Max Capacity: 4022M
 Pre-touch: Disabled
 Parallel Workers: 13
 Concurrent Workers: 3
 Concurrent Refinement Workers: 13
 Periodic GC: Disabled

Heap:
 garbage-first heap   total 258048K, used 20344K [0x0000000704a00000, 0x0000000800000000)
  region size 2048K, 10 young (20480K), 2 survivors (4096K)
 Metaspace       used 13109K, committed 13376K, reserved 1114112K
  class space    used 1548K, committed 1664K, reserved 1048576K

Heap Regions: E=young(eden), S=young(survivor), O=old, HS=humongous(starts), HC=humongous(continues), CS=collection set, F=free, TAMS=top-at-mark-start, PB=parsable bottom
|   0|0x0000000704a00000, 0x0000000704c00000, 0x0000000704c00000|100%| O|  |TAMS 0x0000000704a00000| PB 0x0000000704a00000| Untracked 
|   1|0x0000000704c00000, 0x0000000704da7cd0, 0x0000000704e00000| 82%| O|  |TAMS 0x0000000704c00000| PB 0x0000000704c00000| Untracked 
|   2|0x0000000704e00000, 0x0000000704e00000, 0x0000000705000000|  0%| F|  |TAMS 0x0000000704e00000| PB 0x0000000704e00000| Untracked 
|   3|0x0000000705000000, 0x0000000705000000, 0x0000000705200000|  0%| F|  |TAMS 0x0000000705000000| PB 0x0000000705000000| Untracked 
|   4|0x0000000705200000, 0x0000000705200000, 0x0000000705400000|  0%| F|  |TAMS 0x0000000705200000| PB 0x0000000705200000| Untracked 
|   5|0x0000000705400000, 0x0000000705400000, 0x0000000705600000|  0%| F|  |TAMS 0x0000000705400000| PB 0x0000000705400000| Untracked 
|   6|0x0000000705600000, 0x0000000705600000, 0x0000000705800000|  0%| F|  |TAMS 0x0000000705600000| PB 0x0000000705600000| Untracked 
|   7|0x0000000705800000, 0x0000000705800000, 0x0000000705a00000|  0%| F|  |TAMS 0x0000000705800000| PB 0x0000000705800000| Untracked 
|   8|0x0000000705a00000, 0x0000000705a00000, 0x0000000705c00000|  0%| F|  |TAMS 0x0000000705a00000| PB 0x0000000705a00000| Untracked 
|   9|0x0000000705c00000, 0x0000000705c00000, 0x0000000705e00000|  0%| F|  |TAMS 0x0000000705c00000| PB 0x0000000705c00000| Untracked 
|  10|0x0000000705e00000, 0x0000000705e00000, 0x0000000706000000|  0%| F|  |TAMS 0x0000000705e00000| PB 0x0000000705e00000| Untracked 
|  11|0x0000000706000000, 0x0000000706000000, 0x0000000706200000|  0%| F|  |TAMS 0x0000000706000000| PB 0x0000000706000000| Untracked 
|  12|0x0000000706200000, 0x0000000706200000, 0x0000000706400000|  0%| F|  |TAMS 0x0000000706200000| PB 0x0000000706200000| Untracked 
|  13|0x0000000706400000, 0x0000000706400000, 0x0000000706600000|  0%| F|  |TAMS 0x0000000706400000| PB 0x0000000706400000| Untracked 
|  14|0x0000000706600000, 0x0000000706600000, 0x0000000706800000|  0%| F|  |TAMS 0x0000000706600000| PB 0x0000000706600000| Untracked 
|  15|0x0000000706800000, 0x0000000706800000, 0x0000000706a00000|  0%| F|  |TAMS 0x0000000706800000| PB 0x0000000706800000| Untracked 
|  16|0x0000000706a00000, 0x0000000706a00000, 0x0000000706c00000|  0%| F|  |TAMS 0x0000000706a00000| PB 0x0000000706a00000| Untracked 
|  17|0x0000000706c00000, 0x0000000706c00000, 0x0000000706e00000|  0%| F|  |TAMS 0x0000000706c00000| PB 0x0000000706c00000| Untracked 
|  18|0x0000000706e00000, 0x0000000706e00000, 0x0000000707000000|  0%| F|  |TAMS 0x0000000706e00000| PB 0x0000000706e00000| Untracked 
|  19|0x0000000707000000, 0x0000000707000000, 0x0000000707200000|  0%| F|  |TAMS 0x0000000707000000| PB 0x0000000707000000| Untracked 
|  20|0x0000000707200000, 0x0000000707200000, 0x0000000707400000|  0%| F|  |TAMS 0x0000000707200000| PB 0x0000000707200000| Untracked 
|  21|0x0000000707400000, 0x0000000707400000, 0x0000000707600000|  0%| F|  |TAMS 0x0000000707400000| PB 0x0000000707400000| Untracked 
|  22|0x0000000707600000, 0x0000000707600000, 0x0000000707800000|  0%| F|  |TAMS 0x0000000707600000| PB 0x0000000707600000| Untracked 
|  23|0x0000000707800000, 0x0000000707800000, 0x0000000707a00000|  0%| F|  |TAMS 0x0000000707800000| PB 0x0000000707800000| Untracked 
|  24|0x0000000707a00000, 0x0000000707a00000, 0x0000000707c00000|  0%| F|  |TAMS 0x0000000707a00000| PB 0x0000000707a00000| Untracked 
|  25|0x0000000707c00000, 0x0000000707c00000, 0x0000000707e00000|  0%| F|  |TAMS 0x0000000707c00000| PB 0x0000000707c00000| Untracked 
|  26|0x0000000707e00000, 0x0000000707e00000, 0x0000000708000000|  0%| F|  |TAMS 0x0000000707e00000| PB 0x0000000707e00000| Untracked 
|  27|0x0000000708000000, 0x0000000708000000, 0x0000000708200000|  0%| F|  |TAMS 0x0000000708000000| PB 0x0000000708000000| Untracked 
|  28|0x0000000708200000, 0x0000000708200000, 0x0000000708400000|  0%| F|  |TAMS 0x0000000708200000| PB 0x0000000708200000| Untracked 
|  29|0x0000000708400000, 0x0000000708400000, 0x0000000708600000|  0%| F|  |TAMS 0x0000000708400000| PB 0x0000000708400000| Untracked 
|  30|0x0000000708600000, 0x0000000708600000, 0x0000000708800000|  0%| F|  |TAMS 0x0000000708600000| PB 0x0000000708600000| Untracked 
|  31|0x0000000708800000, 0x0000000708800000, 0x0000000708a00000|  0%| F|  |TAMS 0x0000000708800000| PB 0x0000000708800000| Untracked 
|  32|0x0000000708a00000, 0x0000000708a00000, 0x0000000708c00000|  0%| F|  |TAMS 0x0000000708a00000| PB 0x0000000708a00000| Untracked 
|  33|0x0000000708c00000, 0x0000000708c00000, 0x0000000708e00000|  0%| F|  |TAMS 0x0000000708c00000| PB 0x0000000708c00000| Untracked 
|  34|0x0000000708e00000, 0x0000000708e00000, 0x0000000709000000|  0%| F|  |TAMS 0x0000000708e00000| PB 0x0000000708e00000| Untracked 
|  35|0x0000000709000000, 0x0000000709000000, 0x0000000709200000|  0%| F|  |TAMS 0x0000000709000000| PB 0x0000000709000000| Untracked 
|  36|0x0000000709200000, 0x0000000709200000, 0x0000000709400000|  0%| F|  |TAMS 0x0000000709200000| PB 0x0000000709200000| Untracked 
|  37|0x0000000709400000, 0x0000000709400000, 0x0000000709600000|  0%| F|  |TAMS 0x0000000709400000| PB 0x0000000709400000| Untracked 
|  38|0x0000000709600000, 0x0000000709600000, 0x0000000709800000|  0%| F|  |TAMS 0x0000000709600000| PB 0x0000000709600000| Untracked 
|  39|0x0000000709800000, 0x0000000709800000, 0x0000000709a00000|  0%| F|  |TAMS 0x0000000709800000| PB 0x0000000709800000| Untracked 
|  40|0x0000000709a00000, 0x0000000709a00000, 0x0000000709c00000|  0%| F|  |TAMS 0x0000000709a00000| PB 0x0000000709a00000| Untracked 
|  41|0x0000000709c00000, 0x0000000709c00000, 0x0000000709e00000|  0%| F|  |TAMS 0x0000000709c00000| PB 0x0000000709c00000| Untracked 
|  42|0x0000000709e00000, 0x0000000709e00000, 0x000000070a000000|  0%| F|  |TAMS 0x0000000709e00000| PB 0x0000000709e00000| Untracked 
|  43|0x000000070a000000, 0x000000070a000000, 0x000000070a200000|  0%| F|  |TAMS 0x000000070a000000| PB 0x000000070a000000| Untracked 
|  44|0x000000070a200000, 0x000000070a200000, 0x000000070a400000|  0%| F|  |TAMS 0x000000070a200000| PB 0x000000070a200000| Untracked 
|  45|0x000000070a400000, 0x000000070a400000, 0x000000070a600000|  0%| F|  |TAMS 0x000000070a400000| PB 0x000000070a400000| Untracked 
|  46|0x000000070a600000, 0x000000070a600000, 0x000000070a800000|  0%| F|  |TAMS 0x000000070a600000| PB 0x000000070a600000| Untracked 
|  47|0x000000070a800000, 0x000000070a800000, 0x000000070aa00000|  0%| F|  |TAMS 0x000000070a800000| PB 0x000000070a800000| Untracked 
|  48|0x000000070aa00000, 0x000000070aa00000, 0x000000070ac00000|  0%| F|  |TAMS 0x000000070aa00000| PB 0x000000070aa00000| Untracked 
|  49|0x000000070ac00000, 0x000000070ac00000, 0x000000070ae00000|  0%| F|  |TAMS 0x000000070ac00000| PB 0x000000070ac00000| Untracked 
|  50|0x000000070ae00000, 0x000000070ae00000, 0x000000070b000000|  0%| F|  |TAMS 0x000000070ae00000| PB 0x000000070ae00000| Untracked 
|  51|0x000000070b000000, 0x000000070b000000, 0x000000070b200000|  0%| F|  |TAMS 0x000000070b000000| PB 0x000000070b000000| Untracked 
|  52|0x000000070b200000, 0x000000070b200000, 0x000000070b400000|  0%| F|  |TAMS 0x000000070b200000| PB 0x000000070b200000| Untracked 
|  53|0x000000070b400000, 0x000000070b400000, 0x000000070b600000|  0%| F|  |TAMS 0x000000070b400000| PB 0x000000070b400000| Untracked 
|  54|0x000000070b600000, 0x000000070b600000, 0x000000070b800000|  0%| F|  |TAMS 0x000000070b600000| PB 0x000000070b600000| Untracked 
|  55|0x000000070b800000, 0x000000070b800000, 0x000000070ba00000|  0%| F|  |TAMS 0x000000070b800000| PB 0x000000070b800000| Untracked 
|  56|0x000000070ba00000, 0x000000070ba00000, 0x000000070bc00000|  0%| F|  |TAMS 0x000000070ba00000| PB 0x000000070ba00000| Untracked 
|  57|0x000000070bc00000, 0x000000070bc00000, 0x000000070be00000|  0%| F|  |TAMS 0x000000070bc00000| PB 0x000000070bc00000| Untracked 
|  58|0x000000070be00000, 0x000000070be00000, 0x000000070c000000|  0%| F|  |TAMS 0x000000070be00000| PB 0x000000070be00000| Untracked 
|  59|0x000000070c000000, 0x000000070c000000, 0x000000070c200000|  0%| F|  |TAMS 0x000000070c000000| PB 0x000000070c000000| Untracked 
|  60|0x000000070c200000, 0x000000070c200000, 0x000000070c400000|  0%| F|  |TAMS 0x000000070c200000| PB 0x000000070c200000| Untracked 
|  61|0x000000070c400000, 0x000000070c400000, 0x000000070c600000|  0%| F|  |TAMS 0x000000070c400000| PB 0x000000070c400000| Untracked 
|  62|0x000000070c600000, 0x000000070c600000, 0x000000070c800000|  0%| F|  |TAMS 0x000000070c600000| PB 0x000000070c600000| Untracked 
|  63|0x000000070c800000, 0x000000070c800000, 0x000000070ca00000|  0%| F|  |TAMS 0x000000070c800000| PB 0x000000070c800000| Untracked 
|  64|0x000000070ca00000, 0x000000070ca00000, 0x000000070cc00000|  0%| F|  |TAMS 0x000000070ca00000| PB 0x000000070ca00000| Untracked 
|  65|0x000000070cc00000, 0x000000070cc00000, 0x000000070ce00000|  0%| F|  |TAMS 0x000000070cc00000| PB 0x000000070cc00000| Untracked 
|  66|0x000000070ce00000, 0x000000070ce00000, 0x000000070d000000|  0%| F|  |TAMS 0x000000070ce00000| PB 0x000000070ce00000| Untracked 
|  67|0x000000070d000000, 0x000000070d000000, 0x000000070d200000|  0%| F|  |TAMS 0x000000070d000000| PB 0x000000070d000000| Untracked 
|  68|0x000000070d200000, 0x000000070d200000, 0x000000070d400000|  0%| F|  |TAMS 0x000000070d200000| PB 0x000000070d200000| Untracked 
|  69|0x000000070d400000, 0x000000070d400000, 0x000000070d600000|  0%| F|  |TAMS 0x000000070d400000| PB 0x000000070d400000| Untracked 
|  70|0x000000070d600000, 0x000000070d600000, 0x000000070d800000|  0%| F|  |TAMS 0x000000070d600000| PB 0x000000070d600000| Untracked 
|  71|0x000000070d800000, 0x000000070d800000, 0x000000070da00000|  0%| F|  |TAMS 0x000000070d800000| PB 0x000000070d800000| Untracked 
|  72|0x000000070da00000, 0x000000070da00000, 0x000000070dc00000|  0%| F|  |TAMS 0x000000070da00000| PB 0x000000070da00000| Untracked 
|  73|0x000000070dc00000, 0x000000070dc00000, 0x000000070de00000|  0%| F|  |TAMS 0x000000070dc00000| PB 0x000000070dc00000| Untracked 
|  74|0x000000070de00000, 0x000000070de00000, 0x000000070e000000|  0%| F|  |TAMS 0x000000070de00000| PB 0x000000070de00000| Untracked 
|  75|0x000000070e000000, 0x000000070e000000, 0x000000070e200000|  0%| F|  |TAMS 0x000000070e000000| PB 0x000000070e000000| Untracked 
|  76|0x000000070e200000, 0x000000070e200000, 0x000000070e400000|  0%| F|  |TAMS 0x000000070e200000| PB 0x000000070e200000| Untracked 
|  77|0x000000070e400000, 0x000000070e400000, 0x000000070e600000|  0%| F|  |TAMS 0x000000070e400000| PB 0x000000070e400000| Untracked 
|  78|0x000000070e600000, 0x000000070e600000, 0x000000070e800000|  0%| F|  |TAMS 0x000000070e600000| PB 0x000000070e600000| Untracked 
|  79|0x000000070e800000, 0x000000070e800000, 0x000000070ea00000|  0%| F|  |TAMS 0x000000070e800000| PB 0x000000070e800000| Untracked 
|  80|0x000000070ea00000, 0x000000070ea00000, 0x000000070ec00000|  0%| F|  |TAMS 0x000000070ea00000| PB 0x000000070ea00000| Untracked 
|  81|0x000000070ec00000, 0x000000070ec00000, 0x000000070ee00000|  0%| F|  |TAMS 0x000000070ec00000| PB 0x000000070ec00000| Untracked 
|  82|0x000000070ee00000, 0x000000070ee00000, 0x000000070f000000|  0%| F|  |TAMS 0x000000070ee00000| PB 0x000000070ee00000| Untracked 
|  83|0x000000070f000000, 0x000000070f000000, 0x000000070f200000|  0%| F|  |TAMS 0x000000070f000000| PB 0x000000070f000000| Untracked 
|  84|0x000000070f200000, 0x000000070f200000, 0x000000070f400000|  0%| F|  |TAMS 0x000000070f200000| PB 0x000000070f200000| Untracked 
|  85|0x000000070f400000, 0x000000070f400000, 0x000000070f600000|  0%| F|  |TAMS 0x000000070f400000| PB 0x000000070f400000| Untracked 
|  86|0x000000070f600000, 0x000000070f600000, 0x000000070f800000|  0%| F|  |TAMS 0x000000070f600000| PB 0x000000070f600000| Untracked 
|  87|0x000000070f800000, 0x000000070f800000, 0x000000070fa00000|  0%| F|  |TAMS 0x000000070f800000| PB 0x000000070f800000| Untracked 
|  88|0x000000070fa00000, 0x000000070fa00000, 0x000000070fc00000|  0%| F|  |TAMS 0x000000070fa00000| PB 0x000000070fa00000| Untracked 
|  89|0x000000070fc00000, 0x000000070fc00000, 0x000000070fe00000|  0%| F|  |TAMS 0x000000070fc00000| PB 0x000000070fc00000| Untracked 
|  90|0x000000070fe00000, 0x000000070fe00000, 0x0000000710000000|  0%| F|  |TAMS 0x000000070fe00000| PB 0x000000070fe00000| Untracked 
|  91|0x0000000710000000, 0x0000000710000000, 0x0000000710200000|  0%| F|  |TAMS 0x0000000710000000| PB 0x0000000710000000| Untracked 
|  92|0x0000000710200000, 0x0000000710200000, 0x0000000710400000|  0%| F|  |TAMS 0x0000000710200000| PB 0x0000000710200000| Untracked 
|  93|0x0000000710400000, 0x0000000710400000, 0x0000000710600000|  0%| F|  |TAMS 0x0000000710400000| PB 0x0000000710400000| Untracked 
|  94|0x0000000710600000, 0x0000000710600000, 0x0000000710800000|  0%| F|  |TAMS 0x0000000710600000| PB 0x0000000710600000| Untracked 
|  95|0x0000000710800000, 0x0000000710800000, 0x0000000710a00000|  0%| F|  |TAMS 0x0000000710800000| PB 0x0000000710800000| Untracked 
|  96|0x0000000710a00000, 0x0000000710a00000, 0x0000000710c00000|  0%| F|  |TAMS 0x0000000710a00000| PB 0x0000000710a00000| Untracked 
|  97|0x0000000710c00000, 0x0000000710c00000, 0x0000000710e00000|  0%| F|  |TAMS 0x0000000710c00000| PB 0x0000000710c00000| Untracked 
|  98|0x0000000710e00000, 0x0000000710e00000, 0x0000000711000000|  0%| F|  |TAMS 0x0000000710e00000| PB 0x0000000710e00000| Untracked 
|  99|0x0000000711000000, 0x0000000711000000, 0x0000000711200000|  0%| F|  |TAMS 0x0000000711000000| PB 0x0000000711000000| Untracked 
| 100|0x0000000711200000, 0x0000000711200000, 0x0000000711400000|  0%| F|  |TAMS 0x0000000711200000| PB 0x0000000711200000| Untracked 
| 101|0x0000000711400000, 0x0000000711400000, 0x0000000711600000|  0%| F|  |TAMS 0x0000000711400000| PB 0x0000000711400000| Untracked 
| 102|0x0000000711600000, 0x0000000711600000, 0x0000000711800000|  0%| F|  |TAMS 0x0000000711600000| PB 0x0000000711600000| Untracked 
| 103|0x0000000711800000, 0x0000000711800000, 0x0000000711a00000|  0%| F|  |TAMS 0x0000000711800000| PB 0x0000000711800000| Untracked 
| 104|0x0000000711a00000, 0x0000000711a00000, 0x0000000711c00000|  0%| F|  |TAMS 0x0000000711a00000| PB 0x0000000711a00000| Untracked 
| 105|0x0000000711c00000, 0x0000000711c00000, 0x0000000711e00000|  0%| F|  |TAMS 0x0000000711c00000| PB 0x0000000711c00000| Untracked 
| 106|0x0000000711e00000, 0x0000000711e365c0, 0x0000000712000000| 10%| S|CS|TAMS 0x0000000711e00000| PB 0x0000000711e00000| Complete 
| 107|0x0000000712000000, 0x0000000712200000, 0x0000000712200000|100%| S|CS|TAMS 0x0000000712000000| PB 0x0000000712000000| Complete 
| 108|0x0000000712200000, 0x0000000712200000, 0x0000000712400000|  0%| F|  |TAMS 0x0000000712200000| PB 0x0000000712200000| Untracked 
| 109|0x0000000712400000, 0x0000000712400000, 0x0000000712600000|  0%| F|  |TAMS 0x0000000712400000| PB 0x0000000712400000| Untracked 
| 110|0x0000000712600000, 0x0000000712600000, 0x0000000712800000|  0%| F|  |TAMS 0x0000000712600000| PB 0x0000000712600000| Untracked 
| 111|0x0000000712800000, 0x0000000712800000, 0x0000000712a00000|  0%| F|  |TAMS 0x0000000712800000| PB 0x0000000712800000| Untracked 
| 112|0x0000000712a00000, 0x0000000712a00000, 0x0000000712c00000|  0%| F|  |TAMS 0x0000000712a00000| PB 0x0000000712a00000| Untracked 
| 113|0x0000000712c00000, 0x0000000712c00000, 0x0000000712e00000|  0%| F|  |TAMS 0x0000000712c00000| PB 0x0000000712c00000| Untracked 
| 114|0x0000000712e00000, 0x0000000712e00000, 0x0000000713000000|  0%| F|  |TAMS 0x0000000712e00000| PB 0x0000000712e00000| Untracked 
| 115|0x0000000713000000, 0x0000000713000000, 0x0000000713200000|  0%| F|  |TAMS 0x0000000713000000| PB 0x0000000713000000| Untracked 
| 116|0x0000000713200000, 0x0000000713200000, 0x0000000713400000|  0%| F|  |TAMS 0x0000000713200000| PB 0x0000000713200000| Untracked 
| 117|0x0000000713400000, 0x0000000713400000, 0x0000000713600000|  0%| F|  |TAMS 0x0000000713400000| PB 0x0000000713400000| Untracked 
| 118|0x0000000713600000, 0x000000071369c398, 0x0000000713800000| 30%| E|  |TAMS 0x0000000713600000| PB 0x0000000713600000| Complete 
| 119|0x0000000713800000, 0x0000000713a00000, 0x0000000713a00000|100%| E|CS|TAMS 0x0000000713800000| PB 0x0000000713800000| Complete 
| 120|0x0000000713a00000, 0x0000000713c00000, 0x0000000713c00000|100%| E|CS|TAMS 0x0000000713a00000| PB 0x0000000713a00000| Complete 
| 121|0x0000000713c00000, 0x0000000713e00000, 0x0000000713e00000|100%| E|CS|TAMS 0x0000000713c00000| PB 0x0000000713c00000| Complete 
| 122|0x0000000713e00000, 0x0000000714000000, 0x0000000714000000|100%| E|CS|TAMS 0x0000000713e00000| PB 0x0000000713e00000| Complete 
| 123|0x0000000714000000, 0x0000000714200000, 0x0000000714200000|100%| E|CS|TAMS 0x0000000714000000| PB 0x0000000714000000| Complete 
| 124|0x0000000714200000, 0x0000000714400000, 0x0000000714400000|100%| E|CS|TAMS 0x0000000714200000| PB 0x0000000714200000| Complete 
| 125|0x0000000714400000, 0x0000000714600000, 0x0000000714600000|100%| E|CS|TAMS 0x0000000714400000| PB 0x0000000714400000| Complete 

Card table byte_map: [0x0000028a75d50000,0x0000028a76530000] _byte_map_base: 0x0000028a7252b000

Marking Bits: (CMBitMap*) 0x0000028a6c8d3ac0
 Bits: [0x0000028a76530000, 0x0000028a7a408000)

Polling page: 0x0000028a6a7e0000

Metaspace:

Usage:
  Non-class:     11.30 MB used.
      Class:      1.51 MB used.
       Both:     12.81 MB used.

Virtual space:
  Non-class space:       64.00 MB reserved,      11.44 MB ( 18%) committed,  1 nodes.
      Class space:        1.00 GB reserved,       1.62 MB ( <1%) committed,  1 nodes.
             Both:        1.06 GB reserved,      13.06 MB (  1%) committed. 

Chunk freelists:
   Non-Class:  3.64 MB
       Class:  14.42 MB
        Both:  18.06 MB

MaxMetaspaceSize: unlimited
CompressedClassSpaceSize: 1.00 GB
Initial GC threshold: 21.00 MB
Current GC threshold: 21.00 MB
CDS: on
 - commit_granule_bytes: 65536.
 - commit_granule_words: 8192.
 - virtual_space_node_default_size: 8388608.
 - enlarge_chunks_in_place: 1.
 - use_allocation_guard: 0.


Internal statistics:

num_allocs_failed_limit: 0.
num_arena_births: 124.
num_arena_deaths: 0.
num_vsnodes_births: 2.
num_vsnodes_deaths: 0.
num_space_committed: 209.
num_space_uncommitted: 0.
num_chunks_returned_to_freelist: 0.
num_chunks_taken_from_freelist: 550.
num_chunk_merges: 0.
num_chunk_splits: 392.
num_chunks_enlarged: 325.
num_inconsistent_stats: 0.

CodeHeap 'non-profiled nmethods': size=119168Kb used=1098Kb max_used=1098Kb free=118069Kb
 bounds [0x0000028a07ba0000, 0x0000028a07e10000, 0x0000028a0f000000]
CodeHeap 'profiled nmethods': size=119104Kb used=5715Kb max_used=5715Kb free=113388Kb
 bounds [0x0000028a00000000, 0x0000028a005a0000, 0x0000028a07450000]
CodeHeap 'non-nmethods': size=7488Kb used=2637Kb max_used=2717Kb free=4850Kb
 bounds [0x0000028a07450000, 0x0000028a07700000, 0x0000028a07ba0000]
 total_blobs=3322 nmethods=2847 adapters=377
 compilation: enabled
              stopped_count=0, restarted_count=0
 full_count=0

Compilation events (20 events):
Event: 8.882 Thread 0x0000028a7d3b1540 2810       3       java.lang.invoke.MemberName::<init> (108 bytes)
Event: 8.882 Thread 0x0000028a7d810000 nmethod 2808 0x0000028a0057b410 code [0x0000028a0057b5e0, 0x0000028a0057b890]
Event: 8.882 Thread 0x0000028a7d810000 2812       3       java.lang.invoke.BoundMethodHandle::makeReinvoker (27 bytes)
Event: 8.883 Thread 0x0000028a7d3b1540 nmethod 2810 0x0000028a0057b990 code [0x0000028a0057bba0, 0x0000028a0057c0d8]
Event: 8.883 Thread 0x0000028a7f0b1910 2813       4       com.google.inject.TypeLiteral::<init> (43 bytes)
Event: 8.883 Thread 0x0000028a7d810000 nmethod 2812 0x0000028a0057c290 code [0x0000028a0057c460, 0x0000028a0057c748]
Event: 8.883 Thread 0x0000028a7d3b1540 2811       3       java.lang.invoke.MethodHandles$Lookup::getDirectFieldNoSecurityManager (12 bytes)
Event: 8.883 Thread 0x0000028a7da3d370 nmethod 2809 0x0000028a0057c890 code [0x0000028a0057cac0, 0x0000028a0057d338]
Event: 8.883 Thread 0x0000028a7d3b0ab0 2814       4       com.google.inject.internal.MoreTypes::canonicalize (143 bytes)
Event: 8.883 Thread 0x0000028a7d3b1540 nmethod 2811 0x0000028a0057d610 code [0x0000028a0057d7c0, 0x0000028a0057d900]
Event: 8.884 Thread 0x0000028a7da3d370 2815       3       com.google.common.cache.LocalCache$Segment::cleanUp (21 bytes)
Event: 8.884 Thread 0x0000028a7d3b1540 2816       3       java.util.concurrent.ConcurrentLinkedQueue::poll (84 bytes)
Event: 8.884 Thread 0x0000028a7d810000 2817       3       java.util.concurrent.ConcurrentLinkedQueue::updateHead (26 bytes)
Event: 8.884 Thread 0x0000028a7d810000 nmethod 2817 0x0000028a0057d990 code [0x0000028a0057db60, 0x0000028a0057df30]
Event: 8.884 Thread 0x0000028a7da3d370 nmethod 2815 0x0000028a0057e090 code [0x0000028a0057e280, 0x0000028a0057e770]
Event: 8.884 Thread 0x0000028a7d3b1540 nmethod 2816 0x0000028a0057e990 code [0x0000028a0057ec00, 0x0000028a0057f7f0]
Event: 8.888 Thread 0x0000028a7da3d370 2819       3       java.lang.reflect.ReflectAccess::getRoot (5 bytes)
Event: 8.888 Thread 0x0000028a7d810000 2820       3       jdk.internal.reflect.MagicAccessorImpl::<init> (5 bytes)
Event: 8.888 Thread 0x0000028a7da3d370 nmethod 2819 0x0000028a0057fb10 code [0x0000028a0057fcc0, 0x0000028a0057fe98]
Event: 8.889 Thread 0x0000028a7d810000 nmethod 2820 0x0000028a0057ff90 code [0x0000028a00580140, 0x0000028a005802a8]

GC Heap History (4 events):
Event: 5.436 GC heap before
{Heap before GC invocations=0 (full 0):
 garbage-first heap   total 258048K, used 22528K [0x0000000704a00000, 0x0000000800000000)
  region size 2048K, 11 young (22528K), 0 survivors (0K)
 Metaspace       used 5793K, committed 6016K, reserved 1114112K
  class space    used 654K, committed 768K, reserved 1048576K
}
Event: 5.571 GC heap after
{Heap after GC invocations=1 (full 0):
 garbage-first heap   total 258048K, used 3989K [0x0000000704a00000, 0x0000000800000000)
  region size 2048K, 2 young (4096K), 2 survivors (4096K)
 Metaspace       used 5793K, committed 6016K, reserved 1114112K
  class space    used 654K, committed 768K, reserved 1048576K
}
Event: 7.627 GC heap before
{Heap before GC invocations=1 (full 0):
 garbage-first heap   total 258048K, used 36757K [0x0000000704a00000, 0x0000000800000000)
  region size 2048K, 18 young (36864K), 2 survivors (4096K)
 Metaspace       used 10580K, committed 10816K, reserved 1114112K
  class space    used 1234K, committed 1344K, reserved 1048576K
}
Event: 7.633 GC heap after
{Heap after GC invocations=2 (full 0):
 garbage-first heap   total 258048K, used 6008K [0x0000000704a00000, 0x0000000800000000)
  region size 2048K, 2 young (4096K), 2 survivors (4096K)
 Metaspace       used 10580K, committed 10816K, reserved 1114112K
  class space    used 1234K, committed 1344K, reserved 1048576K
}

Dll operation events (8 events):
Event: 0.041 Loaded shared library C:\Program Files\Java\jdk-21\bin\java.dll
Event: 0.969 Loaded shared library C:\Program Files\Java\jdk-21\bin\jsvml.dll
Event: 1.283 Loaded shared library C:\Program Files\Java\jdk-21\bin\net.dll
Event: 1.287 Loaded shared library C:\Program Files\Java\jdk-21\bin\nio.dll
Event: 1.293 Loaded shared library C:\Program Files\Java\jdk-21\bin\zip.dll
Event: 3.426 Loaded shared library C:\Program Files\Java\jdk-21\bin\jimage.dll
Event: 3.439 Loaded shared library C:\Program Files\NetBeans-21\netbeans\java\maven\lib\jansi-native\Windows\x86_64\jansi.dll
Event: 3.457 Loaded shared library C:\Program Files\Java\jdk-21\bin\verify.dll

Deoptimization events (20 events):
Event: 8.870 Thread 0x0000028a6a63ff70 Uncommon trap: trap_request=0xffffffd6 fr.pc=0x0000028a07caada8 relative=0x0000000000000ae8
Event: 8.870 Thread 0x0000028a6a63ff70 Uncommon trap: reason=array_check action=maybe_recompile pc=0x0000028a07caada8 method=com.google.inject.internal.MoreTypes$ParameterizedTypeImpl.<init>(Ljava/lang/reflect/Type;Ljava/lang/reflect/Type;[Ljava/lang/reflect/Type;)V @ 200 c2
Event: 8.870 Thread 0x0000028a6a63ff70 DEOPT PACKING pc=0x0000028a07caada8 sp=0x000000ed65af9c70
Event: 8.870 Thread 0x0000028a6a63ff70 DEOPT UNPACKING pc=0x0000028a074a7da2 sp=0x000000ed65af9b88 mode 2
Event: 8.870 Thread 0x0000028a6a63ff70 Uncommon trap: trap_request=0xffffffd6 fr.pc=0x0000028a07caada8 relative=0x0000000000000ae8
Event: 8.870 Thread 0x0000028a6a63ff70 Uncommon trap: reason=array_check action=maybe_recompile pc=0x0000028a07caada8 method=com.google.inject.internal.MoreTypes$ParameterizedTypeImpl.<init>(Ljava/lang/reflect/Type;Ljava/lang/reflect/Type;[Ljava/lang/reflect/Type;)V @ 200 c2
Event: 8.870 Thread 0x0000028a6a63ff70 DEOPT PACKING pc=0x0000028a07caada8 sp=0x000000ed65af9c50
Event: 8.870 Thread 0x0000028a6a63ff70 DEOPT UNPACKING pc=0x0000028a074a7da2 sp=0x000000ed65af9b68 mode 2
Event: 8.881 Thread 0x0000028a6a63ff70 Uncommon trap: trap_request=0xffffffd6 fr.pc=0x0000028a07cae35c relative=0x0000000000000f9c
Event: 8.881 Thread 0x0000028a6a63ff70 Uncommon trap: reason=array_check action=maybe_recompile pc=0x0000028a07cae35c method=com.google.inject.internal.MoreTypes$ParameterizedTypeImpl.<init>(Ljava/lang/reflect/Type;Ljava/lang/reflect/Type;[Ljava/lang/reflect/Type;)V @ 200 c2
Event: 8.881 Thread 0x0000028a6a63ff70 DEOPT PACKING pc=0x0000028a07cae35c sp=0x000000ed65af8090
Event: 8.881 Thread 0x0000028a6a63ff70 DEOPT UNPACKING pc=0x0000028a074a7da2 sp=0x000000ed65af7f58 mode 2
Event: 8.881 Thread 0x0000028a6a63ff70 Uncommon trap: trap_request=0xffffffd6 fr.pc=0x0000028a07cae35c relative=0x0000000000000f9c
Event: 8.881 Thread 0x0000028a6a63ff70 Uncommon trap: reason=array_check action=maybe_recompile pc=0x0000028a07cae35c method=com.google.inject.internal.MoreTypes$ParameterizedTypeImpl.<init>(Ljava/lang/reflect/Type;Ljava/lang/reflect/Type;[Ljava/lang/reflect/Type;)V @ 200 c2
Event: 8.881 Thread 0x0000028a6a63ff70 DEOPT PACKING pc=0x0000028a07cae35c sp=0x000000ed65af80a0
Event: 8.881 Thread 0x0000028a6a63ff70 DEOPT UNPACKING pc=0x0000028a074a7da2 sp=0x000000ed65af7f68 mode 2
Event: 8.881 Thread 0x0000028a6a63ff70 Uncommon trap: trap_request=0xffffffd6 fr.pc=0x0000028a07caada8 relative=0x0000000000000ae8
Event: 8.881 Thread 0x0000028a6a63ff70 Uncommon trap: reason=array_check action=maybe_recompile pc=0x0000028a07caada8 method=com.google.inject.internal.MoreTypes$ParameterizedTypeImpl.<init>(Ljava/lang/reflect/Type;Ljava/lang/reflect/Type;[Ljava/lang/reflect/Type;)V @ 200 c2
Event: 8.881 Thread 0x0000028a6a63ff70 DEOPT PACKING pc=0x0000028a07caada8 sp=0x000000ed65af8020
Event: 8.881 Thread 0x0000028a6a63ff70 DEOPT UNPACKING pc=0x0000028a074a7da2 sp=0x000000ed65af7f40 mode 2

Classes loaded (20 events):
Event: 7.721 Loading class jdk/internal/org/objectweb/asm/ClassReader
Event: 7.721 Loading class jdk/internal/org/objectweb/asm/ClassReader done
Event: 8.288 Loading class sun/reflect/generics/scope/MethodScope
Event: 8.288 Loading class sun/reflect/generics/scope/MethodScope done
Event: 8.288 Loading class sun/reflect/generics/repository/MethodRepository
Event: 8.288 Loading class sun/reflect/generics/repository/MethodRepository done
Event: 8.656 Loading class java/util/ConcurrentModificationException
Event: 8.656 Loading class java/util/ConcurrentModificationException done
Event: 8.735 Loading class java/lang/ClassFormatError
Event: 8.735 Loading class java/lang/ClassFormatError done
Event: 8.744 Loading class java/lang/invoke/VarHandleInts$FieldInstanceReadWrite
Event: 8.744 Loading class java/lang/invoke/VarHandleInts$FieldInstanceReadOnly
Event: 8.744 Loading class java/lang/invoke/VarHandleInts$FieldInstanceReadOnly done
Event: 8.744 Loading class java/lang/invoke/VarHandleInts$FieldInstanceReadWrite done
Event: 8.886 Loading class java/util/concurrent/ThreadPoolExecutor
Event: 8.886 Loading class java/util/concurrent/ThreadPoolExecutor done
Event: 8.887 Loading class java/util/concurrent/ThreadPoolExecutor$AbortPolicy
Event: 8.887 Loading class java/util/concurrent/RejectedExecutionHandler
Event: 8.887 Loading class java/util/concurrent/RejectedExecutionHandler done
Event: 8.887 Loading class java/util/concurrent/ThreadPoolExecutor$AbortPolicy done

Classes unloaded (0 events):
No events

Classes redefined (0 events):
No events

Internal exceptions (20 events):
Event: 4.619 Thread 0x0000028a6a63ff70 Exception <a 'java/lang/NoSuchMethodError'{0x00000007139e9f50}: 'void java.lang.invoke.DirectMethodHandle$Holder.invokeSpecial(java.lang.Object, java.lang.Object, java.lang.Object)'> (0x00000007139e9f50) 
thrown [s\open\src\hotspot\share\interpreter\linkResolver.cpp, line 773]
Event: 4.770 Thread 0x0000028a6a63ff70 Exception <a 'java/lang/NoSuchMethodError'{0x000000071372c0c8}: 'java.lang.Object java.lang.invoke.DirectMethodHandle$Holder.invokeInterface(java.lang.Object, java.lang.Object)'> (0x000000071372c0c8) 
thrown [s\open\src\hotspot\share\interpreter\linkResolver.cpp, line 773]
Event: 4.876 Thread 0x0000028a6a63ff70 Exception <a 'java/lang/NoSuchMethodError'{0x00000007137bdbb0}: 'int java.lang.invoke.DirectMethodHandle$Holder.invokeStatic(java.lang.Object, java.lang.Object, java.lang.Object, java.lang.Object)'> (0x00000007137bdbb0) 
thrown [s\open\src\hotspot\share\interpreter\linkResolver.cpp, line 773]
Event: 4.877 Thread 0x0000028a6a63ff70 Exception <a 'java/lang/NoSuchMethodError'{0x00000007137c1240}: 'java.lang.Object java.lang.invoke.Invokers$Holder.invokeExact_MT(java.lang.Object, java.lang.Object, java.lang.Object, java.lang.Object, java.lang.Object, java.lang.Object)'> (0x00000007137c1240) 
thrown [s\open\src\hotspot\share\interpreter\linkResolver.cpp, line 773]
Event: 4.880 Thread 0x0000028a6a63ff70 Exception <a 'java/lang/NoSuchMethodError'{0x00000007137cf8b0}: 'int java.lang.invoke.DirectMethodHandle$Holder.invokeSpecialIFC(java.lang.Object, java.lang.Object, java.lang.Object, java.lang.Object, java.lang.Object)'> (0x00000007137cf8b0) 
thrown [s\open\src\hotspot\share\interpreter\linkResolver.cpp, line 773]
Event: 4.947 Thread 0x0000028a6a63ff70 Exception <a 'java/lang/NoSuchMethodError'{0x0000000713548240}: 'java.lang.Object java.lang.invoke.DirectMethodHandle$Holder.newInvokeSpecial(java.lang.Object, java.lang.Object, java.lang.Object, java.lang.Object, java.lang.Object)'> (0x0000000713548240) 
thrown [s\open\src\hotspot\share\interpreter\linkResolver.cpp, line 773]
Event: 4.990 Thread 0x0000028a6a63ff70 Exception <a 'java/lang/NoSuchMethodError'{0x000000071323f178}: 'int java.lang.invoke.DirectMethodHandle$Holder.invokeStaticInit(java.lang.Object, java.lang.Object)'> (0x000000071323f178) 
thrown [s\open\src\hotspot\share\interpreter\linkResolver.cpp, line 773]
Event: 5.004 Thread 0x0000028a6a63ff70 Exception <a 'java/lang/NoClassDefFoundError'{0x0000000713273470}: javax/enterprise/inject/Typed> (0x0000000713273470) 
thrown [s\open\src\hotspot\share\classfile\systemDictionary.cpp, line 301]
Event: 7.662 Thread 0x0000028a6a63ff70 Exception <a 'java/lang/NoSuchMethodError'{0x0000000714563530}: 'void java.lang.invoke.DirectMethodHandle$Holder.invokeStaticInit(java.lang.Object, java.lang.Object, java.lang.Object)'> (0x0000000714563530) 
thrown [s\open\src\hotspot\share\interpreter\linkResolver.cpp, line 773]
Event: 7.669 Thread 0x0000028a6a63ff70 Exception <a 'java/lang/ExceptionInInitializerError'{0x000000071458b4c0}> (0x000000071458b4c0) 
thrown [s\open\src\hotspot\share\oops\instanceKlass.cpp, line 1192]
Event: 7.710 Thread 0x0000028a6a63ff70 Exception <a 'java/lang/NoSuchMethodError'{0x0000000714293ea8}: 'long java.lang.invoke.DirectMethodHandle$Holder.invokeStatic(java.lang.Object, java.lang.Object, int)'> (0x0000000714293ea8) 
thrown [s\open\src\hotspot\share\interpreter\linkResolver.cpp, line 773]
Event: 7.712 Thread 0x0000028a6a63ff70 Exception <a 'java/lang/NoSuchMethodError'{0x00000007142a71c0}: 'java.lang.Object java.lang.invoke.DirectMethodHandle$Holder.invokeStatic(java.lang.Object, java.lang.Object, java.lang.Object, java.lang.Object, int)'> (0x00000007142a71c0) 
thrown [s\open\src\hotspot\share\interpreter\linkResolver.cpp, line 773]
Event: 7.713 Thread 0x0000028a6a63ff70 Exception <a 'java/lang/NoSuchMethodError'{0x00000007142af0f8}: 'java.lang.Object java.lang.invoke.DirectMethodHandle$Holder.invokeSpecial(java.lang.Object, java.lang.Object, java.lang.Object, java.lang.Object, long)'> (0x00000007142af0f8) 
thrown [s\open\src\hotspot\share\interpreter\linkResolver.cpp, line 773]
Event: 7.715 Thread 0x0000028a6a63ff70 Exception <a 'java/lang/NoSuchMethodError'{0x00000007142ba9c0}: 'java.lang.Object java.lang.invoke.DirectMethodHandle$Holder.invokeSpecial(java.lang.Object, java.lang.Object, java.lang.Object, int, java.lang.Object)'> (0x00000007142ba9c0) 
thrown [s\open\src\hotspot\share\interpreter\linkResolver.cpp, line 773]
Event: 7.717 Thread 0x0000028a6a63ff70 Exception <a 'java/lang/NoSuchMethodError'{0x00000007142c2b00}: 'int java.lang.invoke.DirectMethodHandle$Holder.invokeSpecial(java.lang.Object, java.lang.Object, java.lang.Object, int)'> (0x00000007142c2b00) 
thrown [s\open\src\hotspot\share\interpreter\linkResolver.cpp, line 773]
Event: 7.722 Thread 0x0000028a6a63ff70 Implicit null exception at 0x0000028a07c415dd to 0x0000028a07c417e8
Event: 7.725 Thread 0x0000028a6a63ff70 Exception <a 'java/lang/NoSuchMethodError'{0x00000007142e6c98}: 'java.lang.Object java.lang.invoke.Invokers$Holder.invokeExact_MT(java.lang.Object, int, java.lang.Object)'> (0x00000007142e6c98) 
thrown [s\open\src\hotspot\share\interpreter\linkResolver.cpp, line 773]
Event: 7.802 Thread 0x0000028a6a63ff70 Exception <a 'java/lang/NoSuchMethodError'{0x0000000714361b28}: 'void java.lang.invoke.DirectMethodHandle$Holder.invokeStatic(java.lang.Object, java.lang.Object)'> (0x0000000714361b28) 
thrown [s\open\src\hotspot\share\interpreter\linkResolver.cpp, line 773]
Event: 8.661 Thread 0x0000028a6a63ff70 Exception <a 'java/lang/NoSuchMethodError'{0x0000000713b1cc80}: 'void java.lang.invoke.Invokers$Holder.invokeExact_MT(java.lang.Object, java.lang.Object, java.lang.Object, java.lang.Object)'> (0x0000000713b1cc80) 
thrown [s\open\src\hotspot\share\interpreter\linkResolver.cpp, line 773]
Event: 8.735 Thread 0x0000028a6a63ff70 Exception <a 'java/lang/NoClassDefFoundError'{0x0000000713bacae0}: com/google/inject/servlet/ServletModuleTargetVisitor> (0x0000000713bacae0) 
thrown [s\open\src\hotspot\share\classfile\systemDictionary.cpp, line 301]

ZGC Phase Switch (0 events):
No events

VM Operations (20 events):
Event: 6.586 Executing VM operation: Cleanup
Event: 6.603 Executing VM operation: Cleanup done
Event: 6.642 Executing VM operation: HandshakeAllThreads (Deoptimize)
Event: 6.642 Executing VM operation: HandshakeAllThreads (Deoptimize) done
Event: 6.691 Executing VM operation: HandshakeAllThreads (Deoptimize)
Event: 6.691 Executing VM operation: HandshakeAllThreads (Deoptimize) done
Event: 7.627 Executing VM operation: G1CollectForAllocation (G1 Evacuation Pause)
Event: 7.633 Executing VM operation: G1CollectForAllocation (G1 Evacuation Pause) done
Event: 7.677 Executing VM operation: HandshakeAllThreads (Deoptimize)
Event: 7.677 Executing VM operation: HandshakeAllThreads (Deoptimize) done
Event: 7.999 Executing VM operation: HandshakeAllThreads (Deoptimize)
Event: 7.999 Executing VM operation: HandshakeAllThreads (Deoptimize) done
Event: 8.005 Executing VM operation: HandshakeAllThreads (Deoptimize)
Event: 8.005 Executing VM operation: HandshakeAllThreads (Deoptimize) done
Event: 8.288 Executing VM operation: HandshakeAllThreads (Deoptimize)
Event: 8.288 Executing VM operation: HandshakeAllThreads (Deoptimize) done
Event: 8.564 Executing VM operation: ICBufferFull
Event: 8.564 Executing VM operation: ICBufferFull done
Event: 8.652 Executing VM operation: HandshakeAllThreads (Deoptimize)
Event: 8.653 Executing VM operation: HandshakeAllThreads (Deoptimize) done

Events (20 events):
Event: 4.770 Thread 0x0000028a7db2bb10 Thread exited: 0x0000028a7db2bb10
Event: 5.158 Thread 0x0000028a7db76fc0 Thread added: 0x0000028a7db76fc0
Event: 5.158 Thread 0x0000028a7e1230c0 Thread added: 0x0000028a7e1230c0
Event: 5.158 Thread 0x0000028a7de85ab0 Thread added: 0x0000028a7de85ab0
Event: 5.181 Thread 0x0000028a7e185770 Thread added: 0x0000028a7e185770
Event: 5.182 Thread 0x0000028a7dc8e3d0 Thread added: 0x0000028a7dc8e3d0
Event: 5.182 Thread 0x0000028a7dc8ea70 Thread added: 0x0000028a7dc8ea70
Event: 5.182 Thread 0x0000028a7dc8f110 Thread added: 0x0000028a7dc8f110
Event: 5.728 Thread 0x0000028a7dc8f110 Thread exited: 0x0000028a7dc8f110
Event: 5.733 Thread 0x0000028a7dc8ea70 Thread exited: 0x0000028a7dc8ea70
Event: 5.733 Thread 0x0000028a7dc8e3d0 Thread exited: 0x0000028a7dc8e3d0
Event: 5.740 Thread 0x0000028a7e185770 Thread exited: 0x0000028a7e185770
Event: 5.740 Thread 0x0000028a7de85ab0 Thread exited: 0x0000028a7de85ab0
Event: 5.743 Thread 0x0000028a7e1230c0 Thread exited: 0x0000028a7e1230c0
Event: 5.871 Thread 0x0000028a7db76fc0 Thread exited: 0x0000028a7db76fc0
Event: 6.337 Thread 0x0000028a7ea60330 Thread added: 0x0000028a7ea60330
Event: 6.485 Thread 0x0000028a7ea60330 Thread exited: 0x0000028a7ea60330
Event: 7.133 Thread 0x0000028a55244120 Thread added: 0x0000028a55244120
Event: 7.318 Thread 0x0000028a55244120 Thread exited: 0x0000028a55244120
Event: 8.537 Thread 0x0000028a7f0b1910 Thread added: 0x0000028a7f0b1910


Dynamic libraries:
0x00007ff65f260000 - 0x00007ff65f270000 	C:\Program Files\Java\jdk-21\bin\java.exe
0x00007ffc80210000 - 0x00007ffc80428000 	C:\Windows\SYSTEM32\ntdll.dll
0x00007ffc7f080000 - 0x00007ffc7f144000 	C:\Windows\System32\KERNEL32.DLL
0x00007ffc7d930000 - 0x00007ffc7dd03000 	C:\Windows\System32\KERNELBASE.dll
0x00007ffc7d770000 - 0x00007ffc7d881000 	C:\Windows\System32\ucrtbase.dll
0x00007ffc2a360000 - 0x00007ffc2a379000 	C:\Program Files\Java\jdk-21\bin\jli.dll
0x00007ffc7fce0000 - 0x00007ffc7fd91000 	C:\Windows\System32\ADVAPI32.dll
0x00007ffc7eeb0000 - 0x00007ffc7ef57000 	C:\Windows\System32\msvcrt.dll
0x00007ffc7efd0000 - 0x00007ffc7f078000 	C:\Windows\System32\sechost.dll
0x00007ffc7d740000 - 0x00007ffc7d768000 	C:\Windows\System32\bcrypt.dll
0x00007ffc7ebb0000 - 0x00007ffc7ecc8000 	C:\Windows\System32\RPCRT4.dll
0x00007ffc7e390000 - 0x00007ffc7e542000 	C:\Windows\System32\USER32.dll
0x00007ffc7dd10000 - 0x00007ffc7dd36000 	C:\Windows\System32\win32u.dll
0x00007ffc7f2b0000 - 0x00007ffc7f2d9000 	C:\Windows\System32\GDI32.dll
0x00007ffc7d620000 - 0x00007ffc7d73b000 	C:\Windows\System32\gdi32full.dll
0x00007ffc7d890000 - 0x00007ffc7d92a000 	C:\Windows\System32\msvcp_win.dll
0x00007ffbb88f0000 - 0x00007ffbb890b000 	C:\Program Files\Java\jdk-21\bin\VCRUNTIME140.dll
0x00007ffc69c10000 - 0x00007ffc69eac000 	C:\Windows\WinSxS\amd64_microsoft.windows.common-controls_6595b64144ccf1df_6.0.22621.6060_none_2712eda17382d24b\COMCTL32.dll
0x00007ffc776c0000 - 0x00007ffc776ca000 	C:\Windows\SYSTEM32\VERSION.dll
0x00007ffc7f150000 - 0x00007ffc7f181000 	C:\Windows\System32\IMM32.DLL
0x00007ffc23220000 - 0x00007ffc2322c000 	C:\Program Files\Java\jdk-21\bin\vcruntime140_1.dll
0x00007ffbdf1d0000 - 0x00007ffbdf25e000 	C:\Program Files\Java\jdk-21\bin\msvcp140.dll
0x00007ffbad5b0000 - 0x00007ffbae2ca000 	C:\Program Files\Java\jdk-21\bin\server\jvm.dll
0x00007ffc7e550000 - 0x00007ffc7e5c1000 	C:\Windows\System32\WS2_32.dll
0x00007ffc7caf0000 - 0x00007ffc7cb3d000 	C:\Windows\SYSTEM32\POWRPROF.dll
0x00007ffc75cc0000 - 0x00007ffc75cf4000 	C:\Windows\SYSTEM32\WINMM.dll
0x00007ffc7cad0000 - 0x00007ffc7cae3000 	C:\Windows\SYSTEM32\UMPDC.dll
0x00007ffc7c2c0000 - 0x00007ffc7c2d8000 	C:\Windows\SYSTEM32\kernel.appcore.dll
0x00007ffc22a20000 - 0x00007ffc22a2a000 	C:\Program Files\Java\jdk-21\bin\jimage.dll
0x00007ffc7ad40000 - 0x00007ffc7af73000 	C:\Windows\SYSTEM32\DBGHELP.DLL
0x00007ffc7e640000 - 0x00007ffc7e9d1000 	C:\Windows\System32\combase.dll
0x00007ffc7f190000 - 0x00007ffc7f268000 	C:\Windows\System32\OLEAUT32.dll
0x00007ffc716c0000 - 0x00007ffc716f2000 	C:\Windows\SYSTEM32\dbgcore.DLL
0x00007ffc7d3e0000 - 0x00007ffc7d45b000 	C:\Windows\System32\bcryptPrimitives.dll
0x00007ffbad550000 - 0x00007ffbad56f000 	C:\Program Files\Java\jdk-21\bin\java.dll
0x00007ffc7f440000 - 0x00007ffc7fcdc000 	C:\Windows\System32\SHELL32.dll
0x00007ffc7d4e0000 - 0x00007ffc7d61f000 	C:\Windows\System32\wintypes.dll
0x00007ffc7b1d0000 - 0x00007ffc7baea000 	C:\Windows\SYSTEM32\windows.storage.dll
0x00007ffc7ed20000 - 0x00007ffc7ee24000 	C:\Windows\System32\SHCORE.dll
0x00007ffc7ef60000 - 0x00007ffc7efc9000 	C:\Windows\System32\shlwapi.dll
0x00007ffc7d250000 - 0x00007ffc7d275000 	C:\Windows\SYSTEM32\profapi.dll
0x00007ffbad470000 - 0x00007ffbad547000 	C:\Program Files\Java\jdk-21\bin\jsvml.dll
0x00007ffc1f7d0000 - 0x00007ffc1f7e0000 	C:\Program Files\Java\jdk-21\bin\net.dll
0x00007ffc76140000 - 0x00007ffc7626c000 	C:\Windows\SYSTEM32\WINHTTP.dll
0x00007ffc7c780000 - 0x00007ffc7c7e9000 	C:\Windows\system32\mswsock.dll
0x00007ffbad450000 - 0x00007ffbad466000 	C:\Program Files\Java\jdk-21\bin\nio.dll
0x00007ffbad430000 - 0x00007ffbad448000 	C:\Program Files\Java\jdk-21\bin\zip.dll
0x0000000069ac0000 - 0x0000000069ae4000 	C:\Program Files\NetBeans-21\netbeans\java\maven\lib\jansi-native\Windows\x86_64\jansi.dll
0x00007ffc0fec0000 - 0x00007ffc0fed0000 	C:\Program Files\Java\jdk-21\bin\verify.dll

dbghelp: loaded successfully - version: 4.0.5 - missing functions: none
symbol engine: initialized successfully - sym options: 0x614 - pdb path: .;C:\Program Files\Java\jdk-21\bin;C:\Windows\SYSTEM32;C:\Windows\WinSxS\amd64_microsoft.windows.common-controls_6595b64144ccf1df_6.0.22621.6060_none_2712eda17382d24b;C:\Program Files\Java\jdk-21\bin\server;C:\Program Files\NetBeans-21\netbeans\java\maven\lib\jansi-native\Windows\x86_64

VM Arguments:
jvm_args: -Dclassworlds.conf=C:\Program Files\NetBeans-21\netbeans\java\maven\bin\m2.conf -Dmaven.home=C:\Program Files\NetBeans-21\netbeans\java\maven -Dlibrary.jansi.path=C:\Program Files\NetBeans-21\netbeans\java\maven\lib\jansi-native -Dmaven.multiModuleProjectDirectory=C:\Users\pc\Documents\NetBeansProjects\GHADS 
java_command: org.codehaus.plexus.classworlds.launcher.Launcher -Dmaven.ext.class.path=C:\Program Files\NetBeans-21\netbeans\java\maven-nblib\netbeans-eventspy.jar --no-transfer-progress install
java_class_path (initial): C:\Program Files\NetBeans-21\netbeans\java\maven\boot\plexus-classworlds-2.7.0.jar
Launcher Type: SUN_STANDARD

[Global flags]
     intx CICompilerCount                          = 12                                        {product} {ergonomic}
     uint ConcGCThreads                            = 3                                         {product} {ergonomic}
     uint G1ConcRefinementThreads                  = 13                                        {product} {ergonomic}
   size_t G1HeapRegionSize                         = 2097152                                   {product} {ergonomic}
    uintx GCDrainStackTargetSize                   = 64                                        {product} {ergonomic}
   size_t InitialHeapSize                          = 264241152                                 {product} {ergonomic}
   size_t MarkStackSize                            = 4194304                                   {product} {ergonomic}
   size_t MaxHeapSize                              = 4217372672                                {product} {ergonomic}
   size_t MaxNewSize                               = 2529165312                                {product} {ergonomic}
   size_t MinHeapDeltaBytes                        = 2097152                                   {product} {ergonomic}
   size_t MinHeapSize                              = 8388608                                   {product} {ergonomic}
    uintx NonNMethodCodeHeapSize                   = 7602480                                {pd product} {ergonomic}
    uintx NonProfiledCodeHeapSize                  = 122027880                              {pd product} {ergonomic}
    uintx ProfiledCodeHeapSize                     = 122027880                              {pd product} {ergonomic}
    uintx ReservedCodeCacheSize                    = 251658240                              {pd product} {ergonomic}
     bool SegmentedCodeCache                       = true                                      {product} {ergonomic}
   size_t SoftMaxHeapSize                          = 4217372672                             {manageable} {ergonomic}
     bool UseCompressedOops                        = true                           {product lp64_product} {ergonomic}
     bool UseG1GC                                  = true                                      {product} {ergonomic}
     bool UseLargePagesIndividualAllocation        = false                                  {pd product} {ergonomic}

Logging:
Log output configuration:
 #0: stdout all=warning uptime,level,tags foldmultilines=false
 #1: stderr all=off uptime,level,tags foldmultilines=false

Environment Variables:
JAVA_HOME=C:\Program Files\Java\jdk-21
PATH=C:\Program Files (x86)\VMware\VMware Workstation\bin\;C:\Program Files (x86)\Common Files\Intel\Shared Libraries\redist\intel64\compiler;C:\Program Files\Common Files\Oracle\Java\javapath;C:\Windows\system32;C:\Windows;C:\Windows\System32\Wbem;C:\Windows\System32\WindowsPowerShell\v1.0\;C:\Windows\System32\OpenSSH\;C:\Program Files\IBM\SPSS\Statistics\Subscription\JRE\bin;E:\MATLAB 2018\runtime\win64;E:\MATLAB 2018\bin;E:\MATLAB\R2018a\runtime\win64;E:\MATLAB\R2018a\bin;C:\Program Files (x86)\Microsoft SQL Server\160\DTS\Binn\;C:\Program Files\NVIDIA Corporation\NVIDIA App\NvDLISR;C:\Program Files (x86)\NVIDIA Corporation\PhysX\Common;C:\Program Files\dotnet\;C:\Program Files\Git\cmd;C:\Users\pc\dart-sdk\bin;C:\Program Files\nodejs\;C:\Users\pc\AppData\Local\Programs\Python\Python311\Scripts\;C:\Users\pc\AppData\Local\Programs\Python\Python311\;C:\Users\pc\AppData\Local\Microsoft\WindowsApps;C:\Users\pc\AppData\Local\Programs\Microsoft VS Code\bin;C:\mingw64\bin;C:\Users\pc\.dotnet\tools;C:\dart-sdk\bin;C:\Users\pc\AppData\Roaming\npm;D:\Antigravity\bin;C:\flutter\bin;C:\Users\pc\AppData\Local\Programs\Antigravity IDE\bin;
USERNAME=pc
OS=Windows_NT
PROCESSOR_IDENTIFIER=Intel64 Family 6 Model 141 Stepping 1, GenuineIntel
TMP=C:\Users\pc\AppData\Local\Temp
TEMP=C:\Users\pc\AppData\Local\Temp




Periodic native trim disabled

---------------  S Y S T E M  ---------------

OS:
 Windows 11 , 64 bit Build 22621 (10.0.22621.5415)
OS uptime: 0 days 0:03 hours
Hyper-V role detected

CPU: total 16 (initial active 16) (8 cores per cpu, 2 threads per core) family 6 model 141 stepping 1 microcode 0x34, cx8, cmov, fxsr, ht, mmx, 3dnowpref, sse, sse2, sse3, ssse3, sse4.1, sse4.2, popcnt, lzcnt, tsc, tscinvbit, avx, avx2, aes, erms, clmul, bmi1, bmi2, adx, avx512f, avx512dq, avx512cd, avx512bw, avx512vl, sha, fma, vzeroupper, avx512_vpopcntdq, avx512_vpclmulqdq, avx512_vaes, avx512_vnni, clflush, clflushopt, clwb, avx512_vbmi2, avx512_vbmi, hv, rdtscp, rdpid, fsrm, gfni, avx512_bitalg, f16c, cet_ibt, cet_ss, avx512_ifma
Processor Information for all 16 processors :
  Max Mhz: 2304, Current Mhz: 2304, Mhz Limit: 2304

Memory: 4k page, system-wide physical 16085M (5086M free)
TotalPageFile size 21796M (AvailPageFile size 0M)
current process WorkingSet (physical memory assigned to process): 112M, peak: 115M
current process commit charge ("private bytes"): 377M, peak: 404M

vm_info: Java HotSpot(TM) 64-Bit Server VM (21.0.6+8-LTS-188) for windows-amd64 JRE (21.0.6+8-LTS-188), built on 2024-12-03T10:50:54Z by "mach5one" with MS VC++ 17.6 (VS2022)

END.
