#
# There is insufficient memory for the Java Runtime Environment to continue.
# Native memory allocation (mmap) failed to map 65536 bytes for Failed to commit metaspace.
# Possible reasons:
#   The system is out of physical RAM or swap space
#   The process is running with CompressedOops enabled, and the Java Heap may be blocking the growth of the native heap
# Possible solutions:
#   Reduce memory load on the system
#   Increase physical memory or swap space
#   Check if swap backing store is full
#   Decrease Java heap size (-Xmx/-Xms)
#   Decrease number of Java threads
#   Decrease Java thread stack sizes (-Xss)
#   Set larger code cache with -XX:ReservedCodeCacheSize=
#   JVM is running with Zero Based Compressed Oops mode in which the Java heap is
#     placed in the first 32GB address space. The Java Heap base address is the
#     maximum limit for the native heap growth. Please use -XX:HeapBaseMinAddress
#     to set the Java Heap base and to place the Java Heap above 32GB virtual address.
# This output file may be truncated or incomplete.
#
#  Out of Memory Error (virtualSpaceNode.cpp:112), pid=10796, tid=15156
#
# JRE version: Java(TM) SE Runtime Environment (21.0.6+8) (build 21.0.6+8-LTS-188)
# Java VM: Java HotSpot(TM) 64-Bit Server VM (21.0.6+8-LTS-188, mixed mode, sharing, tiered, compressed oops, compressed class ptrs, g1 gc, windows-amd64)
# No core dump will be written. Minidumps are not enabled by default on client versions of Windows
#

---------------  S U M M A R Y ------------

Command Line: -Dclassworlds.conf=C:\Program Files\NetBeans-21\netbeans\java\maven\bin\m2.conf -Dmaven.home=C:\Program Files\NetBeans-21\netbeans\java\maven -Dlibrary.jansi.path=C:\Program Files\NetBeans-21\netbeans\java\maven\lib\jansi-native -Dmaven.multiModuleProjectDirectory=C:\Users\pc\Documents\NetBeansProjects\GHADS org.codehaus.plexus.classworlds.launcher.Launcher -Dmaven.ext.class.path=C:\Program Files\NetBeans-21\netbeans\java\maven-nblib\netbeans-eventspy.jar --no-transfer-progress install

Host: 11th Gen Intel(R) Core(TM) i7-11800H @ 2.30GHz, 16 cores, 15G,  Windows 11 , 64 bit Build 22621 (10.0.22621.5415)
Time: Wed Jun  3 21:35:54 2026  Windows 11 , 64 bit Build 22621 (10.0.22621.5415) elapsed time: 5.469478 seconds (0d 0h 0m 5s)

---------------  T H R E A D  ---------------

Current thread (0x000001de9ac2e7c0):  JavaThread "main"             [_thread_in_vm, id=15156, stack(0x00000070a4a00000,0x00000070a4b00000) (1024K)]

Stack: [0x00000070a4a00000,0x00000070a4b00000]
Native frames: (J=compiled Java code, j=interpreted, Vv=VM code, C=native code)
V  [jvm.dll+0x6ca6d9]
V  [jvm.dll+0x854f51]
V  [jvm.dll+0x85747e]
V  [jvm.dll+0x857b53]
V  [jvm.dll+0x27dcc6]
V  [jvm.dll+0x850b6e]
V  [jvm.dll+0x66e3e5]
V  [jvm.dll+0x66e44a]
V  [jvm.dll+0x670c65]
V  [jvm.dll+0x670b32]
V  [jvm.dll+0x66edbe]
V  [jvm.dll+0x679177]
V  [jvm.dll+0x214cb1]
V  [jvm.dll+0x21513a]
V  [jvm.dll+0x215b61]
V  [jvm.dll+0x20affe]
V  [jvm.dll+0x5ad2ec]
V  [jvm.dll+0x21c79a]
V  [jvm.dll+0x7ce79c]
V  [jvm.dll+0x7cf7c4]
V  [jvm.dll+0x7cfd92]
V  [jvm.dll+0x7cfa18]
V  [jvm.dll+0x26bb6b]
V  [jvm.dll+0x3d2c1e]
C  0x000001deabfbb294

The last pc belongs to new (printed below).
Java frames: (J=compiled Java code, j=interpreted, Vv=VM code)
j  java.util.stream.SortedOps$OfRef.opWrapSink(ILjava/util/stream/Sink;)Ljava/util/stream/Sink;+34 java.base@21.0.6
j  java.util.stream.AbstractPipeline.wrapSink(Ljava/util/stream/Sink;)Ljava/util/stream/Sink;+23 java.base@21.0.6
j  java.util.stream.AbstractPipeline.wrapAndCopyInto(Ljava/util/stream/Sink;Ljava/util/Spliterator;)Ljava/util/stream/Sink;+9 java.base@21.0.6
j  java.util.stream.AbstractPipeline.evaluate(Ljava/util/Spliterator;ZLjava/util/function/IntFunction;)Ljava/util/stream/Node;+32 java.base@21.0.6
j  java.util.stream.AbstractPipeline.evaluateToArrayNode(Ljava/util/function/IntFunction;)Ljava/util/stream/Node;+74 java.base@21.0.6
j  java.util.stream.ReferencePipeline.toArray(Ljava/util/function/IntFunction;)[Ljava/lang/Object;+4 java.base@21.0.6
j  com.google.inject.internal.DeclaredMembers.getDeclaredMethods(Ljava/lang/Class;)[Ljava/lang/reflect/Method;+67
j  com.google.inject.internal.ProviderMethodsModule.getProviderMethods(Lcom/google/inject/Binder;)Ljava/util/List;+28
j  com.google.inject.internal.ProviderMethodsModule.configure(Lcom/google/inject/Binder;)V+2
j  com.google.inject.spi.Elements$RecordingBinder.install(Lcom/google/inject/Module;)V+209
j  com.google.inject.spi.Elements$RecordingBinder.install(Lcom/google/inject/Module;)V+263
j  com.google.inject.spi.Elements.getElements(Lcom/google/inject/Stage;Ljava/lang/Iterable;)Ljava/util/List;+40
j  com.google.inject.internal.InjectorShell$Builder.build(Lcom/google/inject/internal/Initializer;Lcom/google/inject/internal/ProcessedBindingData;Lcom/google/inject/internal/util/ContinuousStopwatch;Lcom/google/inject/internal/Errors;)Ljava/util/List;+163
j  com.google.inject.internal.InternalInjectorCreator.build()Lcom/google/inject/Injector;+48
j  com.google.inject.Guice.createInjector(Lcom/google/inject/Stage;Ljava/lang/Iterable;)Lcom/google/inject/Injector;+15
j  com.google.inject.Guice.createInjector(Ljava/lang/Iterable;)Lcom/google/inject/Injector;+4
j  com.google.inject.Guice.createInjector([Lcom/google/inject/Module;)Lcom/google/inject/Injector;+4
j  org.codehaus.plexus.DefaultPlexusContainer.addPlexusInjector(Ljava/util/List;[Lcom/google/inject/Module;)Lcom/google/inject/Injector;+88
j  org.codehaus.plexus.DefaultPlexusContainer.<init>(Lorg/codehaus/plexus/ContainerConfiguration;[Lcom/google/inject/Module;)V+400
j  org.apache.maven.cli.MavenCli.container(Lorg/apache/maven/cli/CliRequest;)Lorg/codehaus/plexus/PlexusContainer;+279
j  org.apache.maven.cli.MavenCli.doMain(Lorg/apache/maven/cli/CliRequest;)I+34
j  org.apache.maven.cli.MavenCli.main([Ljava/lang/String;Lorg/codehaus/plexus/classworlds/ClassWorld;)I+24
j  java.lang.invoke.DirectMethodHandle$Holder.invokeStatic(Ljava/lang/Object;Ljava/lang/Object;Ljava/lang/Object;)I+11 java.base@21.0.6
j  java.lang.invoke.LambdaForm$MH+0x000001debe009400.invoke(Ljava/lang/Object;Ljava/lang/Object;Ljava/lang/Object;Ljava/lang/Object;)Ljava/lang/Object;+54 java.base@21.0.6
j  java.lang.invoke.LambdaForm$MH+0x000001debe009800.invokeExact_MT(Ljava/lang/Object;Ljava/lang/Object;Ljava/lang/Object;Ljava/lang/Object;Ljava/lang/Object;)Ljava/lang/Object;+22 java.base@21.0.6
j  jdk.internal.reflect.DirectMethodHandleAccessor.invokeImpl(Ljava/lang/Object;[Ljava/lang/Object;)Ljava/lang/Object;+72 java.base@21.0.6
j  jdk.internal.reflect.DirectMethodHandleAccessor.invoke(Ljava/lang/Object;[Ljava/lang/Object;)Ljava/lang/Object;+23 java.base@21.0.6
j  java.lang.reflect.Method.invoke(Ljava/lang/Object;[Ljava/lang/Object;)Ljava/lang/Object;+102 java.base@21.0.6
j  org.codehaus.plexus.classworlds.launcher.Launcher.launchEnhanced([Ljava/lang/String;)V+45
j  org.codehaus.plexus.classworlds.launcher.Launcher.launch([Ljava/lang/String;)V+2
j  org.codehaus.plexus.classworlds.launcher.Launcher.mainWithExitCode([Ljava/lang/String;)I+108
j  org.codehaus.plexus.classworlds.launcher.Launcher.main([Ljava/lang/String;)V+1
v  ~StubRoutines::call_stub 0x000001deabfa10e7
new  187 new  [0x000001deabfbb100, 0x000001deabfbb308]  520 bytes
[MachCode]
  0x000001deabfbb100: 4883 ec08 | c5fa 1104 | 24eb 1f48 | 83ec 10c5 | fb11 0424 | eb14 4883 | ec10 4889 | 0424 48c7 
  0x000001deabfbb120: 4424 0800 | 0000 00eb | 0150 410f | b755 010f | cac1 ea10 | 488b 4de8 | 488b 4908 | 488b 4908 
  0x000001deabfbb140: 488b 4108 | 807c 1004 | 070f 85d3 | 0000 0066 | 8b54 d148 | 488b 4928 | 488b 4cd1 | 0851 80b9 
  0x000001deabfbb160: 2101 0000 | 040f 85b6 | 0000 008b | 5108 f6c2 | 010f 85aa | 0000 0049 | 8b87 b801 | 0000 488d 
  0x000001deabfbb180: 1c10 493b | 9fc8 0100 | 000f 8792 | 0000 0049 | 899f b801 | 0000 4883 | ea10 0f84 | 0f00 0000 
  0x000001deabfbb1a0: 33c9 c1ea | 0348 894c | d008 48ff | ca75 f648 | c700 0100 | 0000 5933 | f689 700c | 49ba 0000 
  0x000001deabfbb1c0: 00bd de01 | 0000 492b | ca89 4808 | 49ba e157 | 1dae fb7f | 0000 4180 | 3a00 0f84 | 3c00 0000 
  0x000001deabfbb1e0: 5048 8bc8 | 4883 ec20 | 40f6 c40f | 0f84 1900 | 0000 4883 | ec08 48b8 | c005 cead | fb7f 0000 
  0x000001deabfbb200: ffd0 4883 | c408 e90c | 0000 0048 | b8c0 05ce | adfb 7f00 | 00ff d048 | 83c4 2058 | e9cb 0000 
  0x000001deabfbb220: 0059 488b | 55e8 488b | 5208 488b | 5208 450f | b745 0141 | 0fc8 41c1 | e810 e805 | 0000 00e9 
  0x000001deabfbb240: a800 0000 | 488d 4424 | 084c 896d | c049 8bcf | c5f8 7749 | 89af a803 | 0000 4989 | 8798 0300 
  0x000001deabfbb260: 0048 83ec | 2040 f6c4 | 0f0f 8419 | 0000 0048 | 83ec 0848 | b8d0 2b98 | adfb 7f00 | 00ff d048 
  0x000001deabfbb280: 83c4 08e9 | 0c00 0000 | 48b8 d02b | 98ad fb7f | 0000 ffd0 | 4883 c420 | 49c7 8798 | 0300 0000 
  0x000001deabfbb2a0: 0000 0049 | c787 a803 | 0000 0000 | 0000 49c7 | 87a0 0300 | 0000 0000 | 00c5 f877 | 4983 7f08 
  0x000001deabfbb2c0: 000f 8405 | 0000 00e9 | 345c feff | 498b 87f0 | 0300 0049 | c787 f003 | 0000 0000 | 0000 4c8b 
  0x000001deabfbb2e0: 6dc0 4c8b | 75c8 4e8d | 74f5 00c3 | 410f b65d | 0349 83c5 | 0349 ba10 | 1c20 aefb | 7f00 0041 
  0x000001deabfbb300: ff24 da0f | 1f44 0000 
[/MachCode]

---------------  P R O C E S S  ---------------

Threads class SMR info:
_java_thread_list=0x000001debccdcb30, length=14, elements={
0x000001de9ac2e7c0, 0x000001debca6e0c0, 0x000001debca736e0, 0x000001debca769b0,
0x000001debca79500, 0x000001debca7b050, 0x000001debca7bb90, 0x000001debca7d920,
0x000001debca7e3b0, 0x000001debcc1b660, 0x000001debcc1bd00, 0x000001debcc1c3a0,
0x000001debccdac60, 0x000001debccdfd60
}

Java Threads: ( => current thread )
=>0x000001de9ac2e7c0 JavaThread "main"                              [_thread_in_vm, id=15156, stack(0x00000070a4a00000,0x00000070a4b00000) (1024K)]
  0x000001debca6e0c0 JavaThread "Reference Handler"          daemon [_thread_blocked, id=11136, stack(0x00000070a5200000,0x00000070a5300000) (1024K)]
  0x000001debca736e0 JavaThread "Finalizer"                  daemon [_thread_blocked, id=12692, stack(0x00000070a5300000,0x00000070a5400000) (1024K)]
  0x000001debca769b0 JavaThread "Signal Dispatcher"          daemon [_thread_blocked, id=12944, stack(0x00000070a5400000,0x00000070a5500000) (1024K)]
  0x000001debca79500 JavaThread "Attach Listener"            daemon [_thread_blocked, id=11668, stack(0x00000070a5500000,0x00000070a5600000) (1024K)]
  0x000001debca7b050 JavaThread "Service Thread"             daemon [_thread_blocked, id=9652, stack(0x00000070a5600000,0x00000070a5700000) (1024K)]
  0x000001debca7bb90 JavaThread "Monitor Deflation Thread"   daemon [_thread_blocked, id=9644, stack(0x00000070a5700000,0x00000070a5800000) (1024K)]
  0x000001debca7d920 JavaThread "C2 CompilerThread0"         daemon [_thread_blocked, id=8136, stack(0x00000070a5800000,0x00000070a5900000) (1024K)]
  0x000001debca7e3b0 JavaThread "C1 CompilerThread0"         daemon [_thread_blocked, id=8144, stack(0x00000070a5900000,0x00000070a5a00000) (1024K)]
  0x000001debcc1b660 JavaThread "C1 CompilerThread1"         daemon [_thread_blocked, id=5456, stack(0x00000070a5a00000,0x00000070a5b00000) (1024K)]
  0x000001debcc1bd00 JavaThread "C1 CompilerThread2"         daemon [_thread_blocked, id=5464, stack(0x00000070a5b00000,0x00000070a5c00000) (1024K)]
  0x000001debcc1c3a0 JavaThread "C1 CompilerThread3"         daemon [_thread_blocked, id=15488, stack(0x00000070a5c00000,0x00000070a5d00000) (1024K)]
  0x000001debccdac60 JavaThread "Notification Thread"        daemon [_thread_blocked, id=4620, stack(0x00000070a5d00000,0x00000070a5e00000) (1024K)]
  0x000001debccdfd60 JavaThread "Common-Cleaner"             daemon [_thread_blocked, id=2596, stack(0x00000070a5e00000,0x00000070a5f00000) (1024K)]
Total: 14

Other Threads:
  0x000001debca54fa0 VMThread "VM Thread"                           [id=23364, stack(0x00000070a5100000,0x00000070a5200000) (1024K)]
  0x000001debca42a70 WatcherThread "VM Periodic Task Thread"        [id=23484, stack(0x00000070a5000000,0x00000070a5100000) (1024K)]
  0x000001de9af61aa0 WorkerThread "GC Thread#0"                     [id=15872, stack(0x00000070a4b00000,0x00000070a4c00000) (1024K)]
  0x000001de9af725d0 ConcurrentGCThread "G1 Main Marker"            [id=15868, stack(0x00000070a4c00000,0x00000070a4d00000) (1024K)]
  0x000001de9af738e0 WorkerThread "G1 Conc#0"                       [id=15876, stack(0x00000070a4d00000,0x00000070a4e00000) (1024K)]
  0x000001debc9129f0 ConcurrentGCThread "G1 Refine#0"               [id=21248, stack(0x00000070a4e00000,0x00000070a4f00000) (1024K)]
  0x000001debc913560 ConcurrentGCThread "G1 Service"                [id=23056, stack(0x00000070a4f00000,0x00000070a5000000) (1024K)]
Total: 7

Threads with active compile tasks:
Total: 0

VM state: not at safepoint (normal execution)

VM Mutex/Monitor currently owned by a thread:  ([mutex/lock_event])
[0x00007ffbae1ebe18] Metaspace_lock - owner thread: 0x000001de9ac2e7c0

Heap address: 0x0000000704a00000, size: 4022 MB, Compressed Oops mode: Zero based, Oop shift amount: 3

CDS archive(s) mapped at: [0x000001debd000000-0x000001debdc90000-0x000001debdc90000), size 13172736, SharedBaseAddress: 0x000001debd000000, ArchiveRelocationMode: 1.
Compressed class space mapped at: 0x000001debe000000-0x000001defe000000, reserved size: 1073741824
Narrow klass base: 0x000001debd000000, Narrow klass shift: 0, Narrow klass range: 0x100000000

GC Precious Log:
 CardTable entry size: 512
 Card Set container configuration: InlinePtr #cards 4 size 8 Array Of Cards #cards 16 size 48 Howl #buckets 8 coarsen threshold 3686 Howl Bitmap #cards 512 size 80 coarsen threshold 460 Card regions per heap region 1 cards per card region 4096
 CPUs: 16 total, 16 available
 Memory: 16085M
 Large Page Support: Disabled
 NUMA Support: Disabled
 Compressed Oops: Enabled (Zero based)
 Heap Region Size: 2M
 Heap Min Capacity: 8M
 Heap Initial Capacity: 252M
 Heap Max Capacity: 4022M
 Pre-touch: Disabled
 Parallel Workers: 13
 Concurrent Workers: 3
 Concurrent Refinement Workers: 13
 Periodic GC: Disabled

Heap:
 garbage-first heap   total 258048K, used 16384K [0x0000000704a00000, 0x0000000800000000)
  region size 2048K, 9 young (18432K), 0 survivors (0K)
 Metaspace       used 4712K, committed 4864K, reserved 1114112K
  class space    used 506K, committed 576K, reserved 1048576K

Heap Regions: E=young(eden), S=young(survivor), O=old, HS=humongous(starts), HC=humongous(continues), CS=collection set, F=free, TAMS=top-at-mark-start, PB=parsable bottom
|   0|0x0000000704a00000, 0x0000000704a00000, 0x0000000704c00000|  0%| F|  |TAMS 0x0000000704a00000| PB 0x0000000704a00000| Untracked 
|   1|0x0000000704c00000, 0x0000000704c00000, 0x0000000704e00000|  0%| F|  |TAMS 0x0000000704c00000| PB 0x0000000704c00000| Untracked 
|   2|0x0000000704e00000, 0x0000000704e00000, 0x0000000705000000|  0%| F|  |TAMS 0x0000000704e00000| PB 0x0000000704e00000| Untracked 
|   3|0x0000000705000000, 0x0000000705000000, 0x0000000705200000|  0%| F|  |TAMS 0x0000000705000000| PB 0x0000000705000000| Untracked 
|   4|0x0000000705200000, 0x0000000705200000, 0x0000000705400000|  0%| F|  |TAMS 0x0000000705200000| PB 0x0000000705200000| Untracked 
|   5|0x0000000705400000, 0x0000000705400000, 0x0000000705600000|  0%| F|  |TAMS 0x0000000705400000| PB 0x0000000705400000| Untracked 
|   6|0x0000000705600000, 0x0000000705600000, 0x0000000705800000|  0%| F|  |TAMS 0x0000000705600000| PB 0x0000000705600000| Untracked 
|   7|0x0000000705800000, 0x0000000705800000, 0x0000000705a00000|  0%| F|  |TAMS 0x0000000705800000| PB 0x0000000705800000| Untracked 
|   8|0x0000000705a00000, 0x0000000705a00000, 0x0000000705c00000|  0%| F|  |TAMS 0x0000000705a00000| PB 0x0000000705a00000| Untracked 
|   9|0x0000000705c00000, 0x0000000705c00000, 0x0000000705e00000|  0%| F|  |TAMS 0x0000000705c00000| PB 0x0000000705c00000| Untracked 
|  10|0x0000000705e00000, 0x0000000705e00000, 0x0000000706000000|  0%| F|  |TAMS 0x0000000705e00000| PB 0x0000000705e00000| Untracked 
|  11|0x0000000706000000, 0x0000000706000000, 0x0000000706200000|  0%| F|  |TAMS 0x0000000706000000| PB 0x0000000706000000| Untracked 
|  12|0x0000000706200000, 0x0000000706200000, 0x0000000706400000|  0%| F|  |TAMS 0x0000000706200000| PB 0x0000000706200000| Untracked 
|  13|0x0000000706400000, 0x0000000706400000, 0x0000000706600000|  0%| F|  |TAMS 0x0000000706400000| PB 0x0000000706400000| Untracked 
|  14|0x0000000706600000, 0x0000000706600000, 0x0000000706800000|  0%| F|  |TAMS 0x0000000706600000| PB 0x0000000706600000| Untracked 
|  15|0x0000000706800000, 0x0000000706800000, 0x0000000706a00000|  0%| F|  |TAMS 0x0000000706800000| PB 0x0000000706800000| Untracked 
|  16|0x0000000706a00000, 0x0000000706a00000, 0x0000000706c00000|  0%| F|  |TAMS 0x0000000706a00000| PB 0x0000000706a00000| Untracked 
|  17|0x0000000706c00000, 0x0000000706c00000, 0x0000000706e00000|  0%| F|  |TAMS 0x0000000706c00000| PB 0x0000000706c00000| Untracked 
|  18|0x0000000706e00000, 0x0000000706e00000, 0x0000000707000000|  0%| F|  |TAMS 0x0000000706e00000| PB 0x0000000706e00000| Untracked 
|  19|0x0000000707000000, 0x0000000707000000, 0x0000000707200000|  0%| F|  |TAMS 0x0000000707000000| PB 0x0000000707000000| Untracked 
|  20|0x0000000707200000, 0x0000000707200000, 0x0000000707400000|  0%| F|  |TAMS 0x0000000707200000| PB 0x0000000707200000| Untracked 
|  21|0x0000000707400000, 0x0000000707400000, 0x0000000707600000|  0%| F|  |TAMS 0x0000000707400000| PB 0x0000000707400000| Untracked 
|  22|0x0000000707600000, 0x0000000707600000, 0x0000000707800000|  0%| F|  |TAMS 0x0000000707600000| PB 0x0000000707600000| Untracked 
|  23|0x0000000707800000, 0x0000000707800000, 0x0000000707a00000|  0%| F|  |TAMS 0x0000000707800000| PB 0x0000000707800000| Untracked 
|  24|0x0000000707a00000, 0x0000000707a00000, 0x0000000707c00000|  0%| F|  |TAMS 0x0000000707a00000| PB 0x0000000707a00000| Untracked 
|  25|0x0000000707c00000, 0x0000000707c00000, 0x0000000707e00000|  0%| F|  |TAMS 0x0000000707c00000| PB 0x0000000707c00000| Untracked 
|  26|0x0000000707e00000, 0x0000000707e00000, 0x0000000708000000|  0%| F|  |TAMS 0x0000000707e00000| PB 0x0000000707e00000| Untracked 
|  27|0x0000000708000000, 0x0000000708000000, 0x0000000708200000|  0%| F|  |TAMS 0x0000000708000000| PB 0x0000000708000000| Untracked 
|  28|0x0000000708200000, 0x0000000708200000, 0x0000000708400000|  0%| F|  |TAMS 0x0000000708200000| PB 0x0000000708200000| Untracked 
|  29|0x0000000708400000, 0x0000000708400000, 0x0000000708600000|  0%| F|  |TAMS 0x0000000708400000| PB 0x0000000708400000| Untracked 
|  30|0x0000000708600000, 0x0000000708600000, 0x0000000708800000|  0%| F|  |TAMS 0x0000000708600000| PB 0x0000000708600000| Untracked 
|  31|0x0000000708800000, 0x0000000708800000, 0x0000000708a00000|  0%| F|  |TAMS 0x0000000708800000| PB 0x0000000708800000| Untracked 
|  32|0x0000000708a00000, 0x0000000708a00000, 0x0000000708c00000|  0%| F|  |TAMS 0x0000000708a00000| PB 0x0000000708a00000| Untracked 
|  33|0x0000000708c00000, 0x0000000708c00000, 0x0000000708e00000|  0%| F|  |TAMS 0x0000000708c00000| PB 0x0000000708c00000| Untracked 
|  34|0x0000000708e00000, 0x0000000708e00000, 0x0000000709000000|  0%| F|  |TAMS 0x0000000708e00000| PB 0x0000000708e00000| Untracked 
|  35|0x0000000709000000, 0x0000000709000000, 0x0000000709200000|  0%| F|  |TAMS 0x0000000709000000| PB 0x0000000709000000| Untracked 
|  36|0x0000000709200000, 0x0000000709200000, 0x0000000709400000|  0%| F|  |TAMS 0x0000000709200000| PB 0x0000000709200000| Untracked 
|  37|0x0000000709400000, 0x0000000709400000, 0x0000000709600000|  0%| F|  |TAMS 0x0000000709400000| PB 0x0000000709400000| Untracked 
|  38|0x0000000709600000, 0x0000000709600000, 0x0000000709800000|  0%| F|  |TAMS 0x0000000709600000| PB 0x0000000709600000| Untracked 
|  39|0x0000000709800000, 0x0000000709800000, 0x0000000709a00000|  0%| F|  |TAMS 0x0000000709800000| PB 0x0000000709800000| Untracked 
|  40|0x0000000709a00000, 0x0000000709a00000, 0x0000000709c00000|  0%| F|  |TAMS 0x0000000709a00000| PB 0x0000000709a00000| Untracked 
|  41|0x0000000709c00000, 0x0000000709c00000, 0x0000000709e00000|  0%| F|  |TAMS 0x0000000709c00000| PB 0x0000000709c00000| Untracked 
|  42|0x0000000709e00000, 0x0000000709e00000, 0x000000070a000000|  0%| F|  |TAMS 0x0000000709e00000| PB 0x0000000709e00000| Untracked 
|  43|0x000000070a000000, 0x000000070a000000, 0x000000070a200000|  0%| F|  |TAMS 0x000000070a000000| PB 0x000000070a000000| Untracked 
|  44|0x000000070a200000, 0x000000070a200000, 0x000000070a400000|  0%| F|  |TAMS 0x000000070a200000| PB 0x000000070a200000| Untracked 
|  45|0x000000070a400000, 0x000000070a400000, 0x000000070a600000|  0%| F|  |TAMS 0x000000070a400000| PB 0x000000070a400000| Untracked 
|  46|0x000000070a600000, 0x000000070a600000, 0x000000070a800000|  0%| F|  |TAMS 0x000000070a600000| PB 0x000000070a600000| Untracked 
|  47|0x000000070a800000, 0x000000070a800000, 0x000000070aa00000|  0%| F|  |TAMS 0x000000070a800000| PB 0x000000070a800000| Untracked 
|  48|0x000000070aa00000, 0x000000070aa00000, 0x000000070ac00000|  0%| F|  |TAMS 0x000000070aa00000| PB 0x000000070aa00000| Untracked 
|  49|0x000000070ac00000, 0x000000070ac00000, 0x000000070ae00000|  0%| F|  |TAMS 0x000000070ac00000| PB 0x000000070ac00000| Untracked 
|  50|0x000000070ae00000, 0x000000070ae00000, 0x000000070b000000|  0%| F|  |TAMS 0x000000070ae00000| PB 0x000000070ae00000| Untracked 
|  51|0x000000070b000000, 0x000000070b000000, 0x000000070b200000|  0%| F|  |TAMS 0x000000070b000000| PB 0x000000070b000000| Untracked 
|  52|0x000000070b200000, 0x000000070b200000, 0x000000070b400000|  0%| F|  |TAMS 0x000000070b200000| PB 0x000000070b200000| Untracked 
|  53|0x000000070b400000, 0x000000070b400000, 0x000000070b600000|  0%| F|  |TAMS 0x000000070b400000| PB 0x000000070b400000| Untracked 
|  54|0x000000070b600000, 0x000000070b600000, 0x000000070b800000|  0%| F|  |TAMS 0x000000070b600000| PB 0x000000070b600000| Untracked 
|  55|0x000000070b800000, 0x000000070b800000, 0x000000070ba00000|  0%| F|  |TAMS 0x000000070b800000| PB 0x000000070b800000| Untracked 
|  56|0x000000070ba00000, 0x000000070ba00000, 0x000000070bc00000|  0%| F|  |TAMS 0x000000070ba00000| PB 0x000000070ba00000| Untracked 
|  57|0x000000070bc00000, 0x000000070bc00000, 0x000000070be00000|  0%| F|  |TAMS 0x000000070bc00000| PB 0x000000070bc00000| Untracked 
|  58|0x000000070be00000, 0x000000070be00000, 0x000000070c000000|  0%| F|  |TAMS 0x000000070be00000| PB 0x000000070be00000| Untracked 
|  59|0x000000070c000000, 0x000000070c000000, 0x000000070c200000|  0%| F|  |TAMS 0x000000070c000000| PB 0x000000070c000000| Untracked 
|  60|0x000000070c200000, 0x000000070c200000, 0x000000070c400000|  0%| F|  |TAMS 0x000000070c200000| PB 0x000000070c200000| Untracked 
|  61|0x000000070c400000, 0x000000070c400000, 0x000000070c600000|  0%| F|  |TAMS 0x000000070c400000| PB 0x000000070c400000| Untracked 
|  62|0x000000070c600000, 0x000000070c600000, 0x000000070c800000|  0%| F|  |TAMS 0x000000070c600000| PB 0x000000070c600000| Untracked 
|  63|0x000000070c800000, 0x000000070c800000, 0x000000070ca00000|  0%| F|  |TAMS 0x000000070c800000| PB 0x000000070c800000| Untracked 
|  64|0x000000070ca00000, 0x000000070ca00000, 0x000000070cc00000|  0%| F|  |TAMS 0x000000070ca00000| PB 0x000000070ca00000| Untracked 
|  65|0x000000070cc00000, 0x000000070cc00000, 0x000000070ce00000|  0%| F|  |TAMS 0x000000070cc00000| PB 0x000000070cc00000| Untracked 
|  66|0x000000070ce00000, 0x000000070ce00000, 0x000000070d000000|  0%| F|  |TAMS 0x000000070ce00000| PB 0x000000070ce00000| Untracked 
|  67|0x000000070d000000, 0x000000070d000000, 0x000000070d200000|  0%| F|  |TAMS 0x000000070d000000| PB 0x000000070d000000| Untracked 
|  68|0x000000070d200000, 0x000000070d200000, 0x000000070d400000|  0%| F|  |TAMS 0x000000070d200000| PB 0x000000070d200000| Untracked 
|  69|0x000000070d400000, 0x000000070d400000, 0x000000070d600000|  0%| F|  |TAMS 0x000000070d400000| PB 0x000000070d400000| Untracked 
|  70|0x000000070d600000, 0x000000070d600000, 0x000000070d800000|  0%| F|  |TAMS 0x000000070d600000| PB 0x000000070d600000| Untracked 
|  71|0x000000070d800000, 0x000000070d800000, 0x000000070da00000|  0%| F|  |TAMS 0x000000070d800000| PB 0x000000070d800000| Untracked 
|  72|0x000000070da00000, 0x000000070da00000, 0x000000070dc00000|  0%| F|  |TAMS 0x000000070da00000| PB 0x000000070da00000| Untracked 
|  73|0x000000070dc00000, 0x000000070dc00000, 0x000000070de00000|  0%| F|  |TAMS 0x000000070dc00000| PB 0x000000070dc00000| Untracked 
|  74|0x000000070de00000, 0x000000070de00000, 0x000000070e000000|  0%| F|  |TAMS 0x000000070de00000| PB 0x000000070de00000| Untracked 
|  75|0x000000070e000000, 0x000000070e000000, 0x000000070e200000|  0%| F|  |TAMS 0x000000070e000000| PB 0x000000070e000000| Untracked 
|  76|0x000000070e200000, 0x000000070e200000, 0x000000070e400000|  0%| F|  |TAMS 0x000000070e200000| PB 0x000000070e200000| Untracked 
|  77|0x000000070e400000, 0x000000070e400000, 0x000000070e600000|  0%| F|  |TAMS 0x000000070e400000| PB 0x000000070e400000| Untracked 
|  78|0x000000070e600000, 0x000000070e600000, 0x000000070e800000|  0%| F|  |TAMS 0x000000070e600000| PB 0x000000070e600000| Untracked 
|  79|0x000000070e800000, 0x000000070e800000, 0x000000070ea00000|  0%| F|  |TAMS 0x000000070e800000| PB 0x000000070e800000| Untracked 
|  80|0x000000070ea00000, 0x000000070ea00000, 0x000000070ec00000|  0%| F|  |TAMS 0x000000070ea00000| PB 0x000000070ea00000| Untracked 
|  81|0x000000070ec00000, 0x000000070ec00000, 0x000000070ee00000|  0%| F|  |TAMS 0x000000070ec00000| PB 0x000000070ec00000| Untracked 
|  82|0x000000070ee00000, 0x000000070ee00000, 0x000000070f000000|  0%| F|  |TAMS 0x000000070ee00000| PB 0x000000070ee00000| Untracked 
|  83|0x000000070f000000, 0x000000070f000000, 0x000000070f200000|  0%| F|  |TAMS 0x000000070f000000| PB 0x000000070f000000| Untracked 
|  84|0x000000070f200000, 0x000000070f200000, 0x000000070f400000|  0%| F|  |TAMS 0x000000070f200000| PB 0x000000070f200000| Untracked 
|  85|0x000000070f400000, 0x000000070f400000, 0x000000070f600000|  0%| F|  |TAMS 0x000000070f400000| PB 0x000000070f400000| Untracked 
|  86|0x000000070f600000, 0x000000070f600000, 0x000000070f800000|  0%| F|  |TAMS 0x000000070f600000| PB 0x000000070f600000| Untracked 
|  87|0x000000070f800000, 0x000000070f800000, 0x000000070fa00000|  0%| F|  |TAMS 0x000000070f800000| PB 0x000000070f800000| Untracked 
|  88|0x000000070fa00000, 0x000000070fa00000, 0x000000070fc00000|  0%| F|  |TAMS 0x000000070fa00000| PB 0x000000070fa00000| Untracked 
|  89|0x000000070fc00000, 0x000000070fc00000, 0x000000070fe00000|  0%| F|  |TAMS 0x000000070fc00000| PB 0x000000070fc00000| Untracked 
|  90|0x000000070fe00000, 0x000000070fe00000, 0x0000000710000000|  0%| F|  |TAMS 0x000000070fe00000| PB 0x000000070fe00000| Untracked 
|  91|0x0000000710000000, 0x0000000710000000, 0x0000000710200000|  0%| F|  |TAMS 0x0000000710000000| PB 0x0000000710000000| Untracked 
|  92|0x0000000710200000, 0x0000000710200000, 0x0000000710400000|  0%| F|  |TAMS 0x0000000710200000| PB 0x0000000710200000| Untracked 
|  93|0x0000000710400000, 0x0000000710400000, 0x0000000710600000|  0%| F|  |TAMS 0x0000000710400000| PB 0x0000000710400000| Untracked 
|  94|0x0000000710600000, 0x0000000710600000, 0x0000000710800000|  0%| F|  |TAMS 0x0000000710600000| PB 0x0000000710600000| Untracked 
|  95|0x0000000710800000, 0x0000000710800000, 0x0000000710a00000|  0%| F|  |TAMS 0x0000000710800000| PB 0x0000000710800000| Untracked 
|  96|0x0000000710a00000, 0x0000000710a00000, 0x0000000710c00000|  0%| F|  |TAMS 0x0000000710a00000| PB 0x0000000710a00000| Untracked 
|  97|0x0000000710c00000, 0x0000000710c00000, 0x0000000710e00000|  0%| F|  |TAMS 0x0000000710c00000| PB 0x0000000710c00000| Untracked 
|  98|0x0000000710e00000, 0x0000000710e00000, 0x0000000711000000|  0%| F|  |TAMS 0x0000000710e00000| PB 0x0000000710e00000| Untracked 
|  99|0x0000000711000000, 0x0000000711000000, 0x0000000711200000|  0%| F|  |TAMS 0x0000000711000000| PB 0x0000000711000000| Untracked 
| 100|0x0000000711200000, 0x0000000711200000, 0x0000000711400000|  0%| F|  |TAMS 0x0000000711200000| PB 0x0000000711200000| Untracked 
| 101|0x0000000711400000, 0x0000000711400000, 0x0000000711600000|  0%| F|  |TAMS 0x0000000711400000| PB 0x0000000711400000| Untracked 
| 102|0x0000000711600000, 0x0000000711600000, 0x0000000711800000|  0%| F|  |TAMS 0x0000000711600000| PB 0x0000000711600000| Untracked 
| 103|0x0000000711800000, 0x0000000711800000, 0x0000000711a00000|  0%| F|  |TAMS 0x0000000711800000| PB 0x0000000711800000| Untracked 
| 104|0x0000000711a00000, 0x0000000711a00000, 0x0000000711c00000|  0%| F|  |TAMS 0x0000000711a00000| PB 0x0000000711a00000| Untracked 
| 105|0x0000000711c00000, 0x0000000711c00000, 0x0000000711e00000|  0%| F|  |TAMS 0x0000000711c00000| PB 0x0000000711c00000| Untracked 
| 106|0x0000000711e00000, 0x0000000711e00000, 0x0000000712000000|  0%| F|  |TAMS 0x0000000711e00000| PB 0x0000000711e00000| Untracked 
| 107|0x0000000712000000, 0x0000000712000000, 0x0000000712200000|  0%| F|  |TAMS 0x0000000712000000| PB 0x0000000712000000| Untracked 
| 108|0x0000000712200000, 0x0000000712200000, 0x0000000712400000|  0%| F|  |TAMS 0x0000000712200000| PB 0x0000000712200000| Untracked 
| 109|0x0000000712400000, 0x0000000712400000, 0x0000000712600000|  0%| F|  |TAMS 0x0000000712400000| PB 0x0000000712400000| Untracked 
| 110|0x0000000712600000, 0x0000000712600000, 0x0000000712800000|  0%| F|  |TAMS 0x0000000712600000| PB 0x0000000712600000| Untracked 
| 111|0x0000000712800000, 0x0000000712800000, 0x0000000712a00000|  0%| F|  |TAMS 0x0000000712800000| PB 0x0000000712800000| Untracked 
| 112|0x0000000712a00000, 0x0000000712a00000, 0x0000000712c00000|  0%| F|  |TAMS 0x0000000712a00000| PB 0x0000000712a00000| Untracked 
| 113|0x0000000712c00000, 0x0000000712c00000, 0x0000000712e00000|  0%| F|  |TAMS 0x0000000712c00000| PB 0x0000000712c00000| Untracked 
| 114|0x0000000712e00000, 0x0000000712e00000, 0x0000000713000000|  0%| F|  |TAMS 0x0000000712e00000| PB 0x0000000712e00000| Untracked 
| 115|0x0000000713000000, 0x0000000713000000, 0x0000000713200000|  0%| F|  |TAMS 0x0000000713000000| PB 0x0000000713000000| Untracked 
| 116|0x0000000713200000, 0x0000000713200000, 0x0000000713400000|  0%| F|  |TAMS 0x0000000713200000| PB 0x0000000713200000| Untracked 
| 117|0x0000000713400000, 0x00000007134e1cf8, 0x0000000713600000| 44%| E|  |TAMS 0x0000000713400000| PB 0x0000000713400000| Complete 
| 118|0x0000000713600000, 0x0000000713800000, 0x0000000713800000|100%| E|CS|TAMS 0x0000000713600000| PB 0x0000000713600000| Complete 
| 119|0x0000000713800000, 0x0000000713a00000, 0x0000000713a00000|100%| E|CS|TAMS 0x0000000713800000| PB 0x0000000713800000| Complete 
| 120|0x0000000713a00000, 0x0000000713c00000, 0x0000000713c00000|100%| E|CS|TAMS 0x0000000713a00000| PB 0x0000000713a00000| Complete 
| 121|0x0000000713c00000, 0x0000000713e00000, 0x0000000713e00000|100%| E|CS|TAMS 0x0000000713c00000| PB 0x0000000713c00000| Complete 
| 122|0x0000000713e00000, 0x0000000714000000, 0x0000000714000000|100%| E|CS|TAMS 0x0000000713e00000| PB 0x0000000713e00000| Complete 
| 123|0x0000000714000000, 0x0000000714200000, 0x0000000714200000|100%| E|CS|TAMS 0x0000000714000000| PB 0x0000000714000000| Complete 
| 124|0x0000000714200000, 0x0000000714400000, 0x0000000714400000|100%| E|CS|TAMS 0x0000000714200000| PB 0x0000000714200000| Complete 
| 125|0x0000000714400000, 0x0000000714600000, 0x0000000714600000|100%| E|CS|TAMS 0x0000000714400000| PB 0x0000000714400000| Complete 

Card table byte_map: [0x000001deb5320000,0x000001deb5b00000] _byte_map_base: 0x000001deb1afb000

Marking Bits: (CMBitMap*) 0x000001de9af621a0
 Bits: [0x000001deb5b00000, 0x000001deb99d8000)

Polling page: 0x000001dea4b30000

Metaspace:

Usage:
  Non-class:      4.11 MB used.
      Class:    506.96 KB used.
       Both:      4.60 MB used.

Virtual space:
  Non-class space:       64.00 MB reserved,       4.19 MB (  7%) committed,  1 nodes.
      Class space:        1.00 GB reserved,     576.00 KB ( <1%) committed,  1 nodes.
             Both:        1.06 GB reserved,       4.75 MB ( <1%) committed. 

Chunk freelists:
   Non-Class:  9.67 MB
       Class:  15.39 MB
        Both:  25.06 MB

MaxMetaspaceSize: unlimited
CompressedClassSpaceSize: 1.00 GB
Initial GC threshold: 21.00 MB
Current GC threshold: 21.00 MB
CDS: on
 - commit_granule_bytes: 65536.
 - commit_granule_words: 8192.
 - virtual_space_node_default_size: 8388608.
 - enlarge_chunks_in_place: 1.
 - use_allocation_guard: 0.


Internal statistics:

num_allocs_failed_limit: 0.
num_arena_births: 46.
num_arena_deaths: 0.
num_vsnodes_births: 2.
num_vsnodes_deaths: 0.
num_space_committed: 76.
num_space_uncommitted: 0.
num_chunks_returned_to_freelist: 0.
num_chunks_taken_from_freelist: 178.
num_chunk_merges: 0.
num_chunk_splits: 116.
num_chunks_enlarged: 93.
num_inconsistent_stats: 0.

CodeHeap 'non-profiled nmethods': size=119168Kb used=290Kb max_used=290Kb free=118877Kb
 bounds [0x000001deac6f0000, 0x000001deac960000, 0x000001deb3b50000]
CodeHeap 'profiled nmethods': size=119104Kb used=1915Kb max_used=1915Kb free=117188Kb
 bounds [0x000001dea4b50000, 0x000001dea4dc0000, 0x000001deabfa0000]
CodeHeap 'non-nmethods': size=7488Kb used=3173Kb max_used=3187Kb free=4315Kb
 bounds [0x000001deabfa0000, 0x000001deac2c0000, 0x000001deac6f0000]
 total_blobs=1453 nmethods=993 adapters=362
 compilation: enabled
              stopped_count=0, restarted_count=0
 full_count=0

Compilation events (20 events):
Event: 5.450 Thread 0x000001debca7e3b0 nmethod 981 0x000001dea4d2c890 code [0x000001dea4d2ca40, 0x000001dea4d2cb80]
Event: 5.450 Thread 0x000001debcc1bd00 nmethod 980 0x000001dea4d2cc10 code [0x000001dea4d2cda0, 0x000001dea4d2cf10]
Event: 5.451 Thread 0x000001debcc1bd00  982       1       java.lang.invoke.MethodType::rtype (5 bytes)
Event: 5.451 Thread 0x000001debcc1bd00 nmethod 982 0x000001deac736690 code [0x000001deac736820, 0x000001deac7368f0]
Event: 5.452 Thread 0x000001debcc1bd00  985       1       java.lang.invoke.LambdaForm$BasicType::basicTypeClass (5 bytes)
Event: 5.452 Thread 0x000001debcc1bd00 nmethod 985 0x000001deac736f90 code [0x000001deac737120, 0x000001deac7371f0]
Event: 5.453 Thread 0x000001debcc1b660  986       3       java.lang.invoke.MethodHandleNatives::refKindIsField (32 bytes)
Event: 5.453 Thread 0x000001debcc1b660 nmethod 986 0x000001dea4d2cf90 code [0x000001dea4d2d120, 0x000001dea4d2d278]
Event: 5.453 Thread 0x000001debcc1c3a0  987       3       jdk.internal.org.objectweb.asm.Handler::getExceptionTableLength (21 bytes)
Event: 5.453 Thread 0x000001debcc1c3a0 nmethod 987 0x000001dea4d2d310 code [0x000001dea4d2d4c0, 0x000001dea4d2d660]
Event: 5.454 Thread 0x000001debca7d920  991       4       jdk.internal.org.objectweb.asm.ByteVector::putUTF8 (144 bytes)
Event: 5.454 Thread 0x000001debcc1c3a0  992       3       jdk.internal.org.objectweb.asm.MethodWriter::visitVarInsn (302 bytes)
Event: 5.454 Thread 0x000001debca7e3b0  993       1       jdk.internal.org.objectweb.asm.SymbolTable::getMajorVersion (5 bytes)
Event: 5.454 Thread 0x000001debca7e3b0 nmethod 993 0x000001deac737d90 code [0x000001deac737f20, 0x000001deac737fe8]
Event: 5.455 Thread 0x000001debcc1b660  994       3       java.lang.invoke.MemberName::getType (19 bytes)
Event: 5.455 Thread 0x000001debcc1c3a0 nmethod 992 0x000001dea4d2d790 code [0x000001dea4d2da00, 0x000001dea4d2e3a0]
Event: 5.455 Thread 0x000001debcc1b660 nmethod 994 0x000001dea4d2e610 code [0x000001dea4d2e7e0, 0x000001dea4d2ead8]
Event: 5.460 Thread 0x000001debca7d920 nmethod 991 0x000001deac738090 code [0x000001deac738260, 0x000001deac738650]
Event: 5.466 Thread 0x000001debca7e3b0  995       3       java.lang.invoke.MethodType::basicType (8 bytes)
Event: 5.466 Thread 0x000001debca7e3b0 nmethod 995 0x000001dea4d2ec10 code [0x000001dea4d2eda0, 0x000001dea4d2eed8]

GC Heap History (0 events):
No events

Dll operation events (8 events):
Event: 0.013 Loaded shared library C:\Program Files\Java\jdk-21\bin\java.dll
Event: 0.134 Loaded shared library C:\Program Files\Java\jdk-21\bin\jsvml.dll
Event: 0.169 Loaded shared library C:\Program Files\Java\jdk-21\bin\net.dll
Event: 0.171 Loaded shared library C:\Program Files\Java\jdk-21\bin\nio.dll
Event: 0.179 Loaded shared library C:\Program Files\Java\jdk-21\bin\zip.dll
Event: 1.590 Loaded shared library C:\Program Files\Java\jdk-21\bin\jimage.dll
Event: 2.041 Loaded shared library C:\Program Files\NetBeans-21\netbeans\java\maven\lib\jansi-native\Windows\x86_64\jansi.dll
Event: 2.093 Loaded shared library C:\Program Files\Java\jdk-21\bin\verify.dll

Deoptimization events (20 events):
Event: 4.054 Thread 0x000001de9ac2e7c0 Uncommon trap: trap_request=0xffffff45 fr.pc=0x000001deac724d34 relative=0x0000000000000674
Event: 4.054 Thread 0x000001de9ac2e7c0 Uncommon trap: reason=unstable_if action=reinterpret pc=0x000001deac724d34 method=java.util.regex.Matcher.search(I)Z @ 30 c2
Event: 4.054 Thread 0x000001de9ac2e7c0 DEOPT PACKING pc=0x000001deac724d34 sp=0x00000070a4afdce0
Event: 4.054 Thread 0x000001de9ac2e7c0 DEOPT UNPACKING pc=0x000001deabff7da2 sp=0x00000070a4afdcd0 mode 2
Event: 4.144 Thread 0x000001de9ac2e7c0 Uncommon trap: trap_request=0xffffff45 fr.pc=0x000001deac6ffd04 relative=0x0000000000000524
Event: 4.144 Thread 0x000001de9ac2e7c0 Uncommon trap: reason=unstable_if action=reinterpret pc=0x000001deac6ffd04 method=java.lang.StringLatin1.canEncode(I)Z @ 4 c2
Event: 4.144 Thread 0x000001de9ac2e7c0 DEOPT PACKING pc=0x000001deac6ffd04 sp=0x00000070a4afe320
Event: 4.144 Thread 0x000001de9ac2e7c0 DEOPT UNPACKING pc=0x000001deabff7da2 sp=0x00000070a4afe258 mode 2
Event: 4.144 Thread 0x000001de9ac2e7c0 Uncommon trap: trap_request=0xffffff45 fr.pc=0x000001deac70086c relative=0x000000000000050c
Event: 4.144 Thread 0x000001de9ac2e7c0 Uncommon trap: reason=unstable_if action=reinterpret pc=0x000001deac70086c method=java.lang.AbstractStringBuilder.isLatin1()Z @ 10 c2
Event: 4.144 Thread 0x000001de9ac2e7c0 DEOPT PACKING pc=0x000001deac70086c sp=0x00000070a4afe340
Event: 4.144 Thread 0x000001de9ac2e7c0 DEOPT UNPACKING pc=0x000001deabff7da2 sp=0x00000070a4afe2d0 mode 2
Event: 4.173 Thread 0x000001de9ac2e7c0 Uncommon trap: trap_request=0xffffff45 fr.pc=0x000001deac6fd168 relative=0x0000000000000048
Event: 4.173 Thread 0x000001de9ac2e7c0 Uncommon trap: reason=unstable_if action=reinterpret pc=0x000001deac6fd168 method=java.lang.StringLatin1.canEncode(I)Z @ 4 c2
Event: 4.173 Thread 0x000001de9ac2e7c0 DEOPT PACKING pc=0x000001deac6fd168 sp=0x00000070a4afe2d0
Event: 4.173 Thread 0x000001de9ac2e7c0 DEOPT UNPACKING pc=0x000001deabff7da2 sp=0x00000070a4afe260 mode 2
Event: 4.177 Thread 0x000001de9ac2e7c0 DEOPT PACKING pc=0x000001dea4bba277 sp=0x00000070a4afda70
Event: 4.178 Thread 0x000001de9ac2e7c0 DEOPT UNPACKING pc=0x000001deabff88e2 sp=0x00000070a4afcec0 mode 0
Event: 4.920 Thread 0x000001de9ac2e7c0 DEOPT PACKING pc=0x000001dea4b71a49 sp=0x00000070a4af91f0
Event: 4.920 Thread 0x000001de9ac2e7c0 DEOPT UNPACKING pc=0x000001deabff88e2 sp=0x00000070a4af8668 mode 0

Classes loaded (20 events):
Event: 5.226 Loading class sun/reflect/annotation/TypeAnnotation$LocationInfo$Location done
Event: 5.226 Loading class sun/reflect/annotation/AnnotatedTypeFactory
Event: 5.226 Loading class sun/reflect/annotation/AnnotatedTypeFactory done
Event: 5.226 Loading class sun/reflect/annotation/AnnotatedTypeFactory$AnnotatedTypeBaseImpl
Event: 5.226 Loading class java/lang/reflect/AnnotatedType
Event: 5.226 Loading class java/lang/reflect/AnnotatedType done
Event: 5.226 Loading class sun/reflect/annotation/AnnotatedTypeFactory$AnnotatedTypeBaseImpl done
Event: 5.226 Loading class java/util/stream/Streams$ConcatSpliterator$OfRef
Event: 5.226 Loading class java/util/stream/Streams$ConcatSpliterator
Event: 5.226 Loading class java/util/stream/Streams$ConcatSpliterator done
Event: 5.227 Loading class java/util/stream/Streams$ConcatSpliterator$OfRef done
Event: 5.227 Loading class java/util/stream/Streams$2
Event: 5.227 Loading class java/util/stream/Streams$2 done
Event: 5.464 Loading class java/util/stream/SortedOps
Event: 5.464 Loading class java/util/stream/SortedOps done
Event: 5.464 Loading class java/util/stream/SortedOps$OfRef
Event: 5.464 Loading class java/util/stream/ReferencePipeline$StatefulOp
Event: 5.465 Loading class java/util/stream/ReferencePipeline$StatefulOp done
Event: 5.465 Loading class java/util/stream/SortedOps$OfRef done
Event: 5.466 Loading class java/util/stream/SortedOps$SizedRefSortingSink

Classes unloaded (0 events):
No events

Classes redefined (0 events):
No events

Internal exceptions (20 events):
Event: 2.045 Thread 0x000001de9ac2e7c0 Exception <a 'java/lang/NullPointerException'{0x0000000713e5ae38}> (0x0000000713e5ae38) 
thrown [s\open\src\hotspot\share\interpreter\linkResolver.cpp, line 1372]
Event: 2.045 Thread 0x000001de9ac2e7c0 Exception <a 'java/lang/NullPointerException'{0x0000000713e5b118}> (0x0000000713e5b118) 
thrown [s\open\src\hotspot\share\interpreter\linkResolver.cpp, line 1372]
Event: 2.051 Thread 0x000001de9ac2e7c0 Exception <a 'java/lang/NullPointerException'{0x0000000713e5fea0}> (0x0000000713e5fea0) 
thrown [s\open\src\hotspot\share\interpreter\linkResolver.cpp, line 1372]
Event: 2.062 Thread 0x000001de9ac2e7c0 Exception <a 'java/lang/NullPointerException'{0x0000000713e72fc8}> (0x0000000713e72fc8) 
thrown [s\open\src\hotspot\share\interpreter\linkResolver.cpp, line 1372]
Event: 2.062 Thread 0x000001de9ac2e7c0 Exception <a 'java/lang/NullPointerException'{0x0000000713e732a8}> (0x0000000713e732a8) 
thrown [s\open\src\hotspot\share\interpreter\linkResolver.cpp, line 1372]
Event: 2.062 Thread 0x000001de9ac2e7c0 Exception <a 'java/lang/NullPointerException'{0x0000000713e73588}> (0x0000000713e73588) 
thrown [s\open\src\hotspot\share\interpreter\linkResolver.cpp, line 1372]
Event: 2.062 Thread 0x000001de9ac2e7c0 Exception <a 'java/lang/NullPointerException'{0x0000000713e73868}> (0x0000000713e73868) 
thrown [s\open\src\hotspot\share\interpreter\linkResolver.cpp, line 1372]
Event: 2.090 Thread 0x000001de9ac2e7c0 Exception <a 'sun/nio/fs/WindowsException'{0x0000000713f0ea30}> (0x0000000713f0ea30) 
thrown [s\open\src\hotspot\share\prims\jni.cpp, line 520]
Event: 2.090 Thread 0x000001de9ac2e7c0 Exception <a 'sun/nio/fs/WindowsException'{0x0000000713f0f170}> (0x0000000713f0f170) 
thrown [s\open\src\hotspot\share\prims\jni.cpp, line 520]
Event: 2.090 Thread 0x000001de9ac2e7c0 Exception <a 'sun/nio/fs/WindowsException'{0x0000000713f0f6e8}> (0x0000000713f0f6e8) 
thrown [s\open\src\hotspot\share\prims\jni.cpp, line 520]
Event: 2.090 Thread 0x000001de9ac2e7c0 Exception <a 'sun/nio/fs/WindowsException'{0x0000000713f0fbf8}> (0x0000000713f0fbf8) 
thrown [s\open\src\hotspot\share\prims\jni.cpp, line 520]
Event: 2.090 Thread 0x000001de9ac2e7c0 Exception <a 'sun/nio/fs/WindowsException'{0x0000000713f10100}> (0x0000000713f10100) 
thrown [s\open\src\hotspot\share\prims\jni.cpp, line 520]
Event: 2.091 Thread 0x000001de9ac2e7c0 Exception <a 'sun/nio/fs/WindowsException'{0x0000000713f105c0}> (0x0000000713f105c0) 
thrown [s\open\src\hotspot\share\prims\jni.cpp, line 520]
Event: 2.187 Thread 0x000001de9ac2e7c0 Exception <a 'java/lang/NoSuchMethodError'{0x0000000713f811d8}: 'void java.lang.invoke.DirectMethodHandle$Holder.invokeStatic(java.lang.Object, java.lang.Object, java.lang.Object)'> (0x0000000713f811d8) 
thrown [s\open\src\hotspot\share\interpreter\linkResolver.cpp, line 773]
Event: 3.767 Thread 0x000001de9ac2e7c0 Exception <a 'java/lang/NoSuchMethodError'{0x0000000713d33128}: 'java.lang.Object java.lang.invoke.DirectMethodHandle$Holder.invokeSpecialIFC(java.lang.Object, java.lang.Object, java.lang.Object, java.lang.Object)'> (0x0000000713d33128) 
thrown [s\open\src\hotspot\share\interpreter\linkResolver.cpp, line 773]
Event: 5.079 Thread 0x000001de9ac2e7c0 Exception <a 'java/lang/NoSuchMethodError'{0x000000071369b440}: 'void java.lang.invoke.DirectMethodHandle$Holder.invokeSpecial(java.lang.Object, java.lang.Object, java.lang.Object)'> (0x000000071369b440) 
thrown [s\open\src\hotspot\share\interpreter\linkResolver.cpp, line 773]
Event: 5.227 Thread 0x000001de9ac2e7c0 Exception <a 'java/lang/NoSuchMethodError'{0x00000007137dca80}: 'java.lang.Object java.lang.invoke.DirectMethodHandle$Holder.invokeInterface(java.lang.Object, java.lang.Object)'> (0x00000007137dca80) 
thrown [s\open\src\hotspot\share\interpreter\linkResolver.cpp, line 773]
Event: 5.451 Thread 0x000001de9ac2e7c0 Exception <a 'java/lang/NoSuchMethodError'{0x000000071346e7b8}: 'int java.lang.invoke.DirectMethodHandle$Holder.invokeStatic(java.lang.Object, java.lang.Object, java.lang.Object, java.lang.Object)'> (0x000000071346e7b8) 
thrown [s\open\src\hotspot\share\interpreter\linkResolver.cpp, line 773]
Event: 5.452 Thread 0x000001de9ac2e7c0 Exception <a 'java/lang/NoSuchMethodError'{0x00000007134720b8}: 'java.lang.Object java.lang.invoke.Invokers$Holder.invokeExact_MT(java.lang.Object, java.lang.Object, java.lang.Object, java.lang.Object, java.lang.Object, java.lang.Object)'> (0x00000007134720b8) 
thrown [s\open\src\hotspot\share\interpreter\linkResolver.cpp, line 773]
Event: 5.454 Thread 0x000001de9ac2e7c0 Exception <a 'java/lang/NoSuchMethodError'{0x0000000713480728}: 'int java.lang.invoke.DirectMethodHandle$Holder.invokeSpecialIFC(java.lang.Object, java.lang.Object, java.lang.Object, java.lang.Object, java.lang.Object)'> (0x0000000713480728) 
thrown [s\open\src\hotspot\share\interpreter\linkResolver.cpp, line 773]

ZGC Phase Switch (0 events):
No events

VM Operations (14 events):
Event: 0.180 Executing VM operation: HandshakeAllThreads (Deoptimize)
Event: 0.180 Executing VM operation: HandshakeAllThreads (Deoptimize) done
Event: 1.185 Executing VM operation: Cleanup
Event: 1.186 Executing VM operation: Cleanup done
Event: 1.582 Executing VM operation: HandshakeAllThreads (Deoptimize)
Event: 1.582 Executing VM operation: HandshakeAllThreads (Deoptimize) done
Event: 1.593 Executing VM operation: HandshakeAllThreads (Deoptimize)
Event: 1.593 Executing VM operation: HandshakeAllThreads (Deoptimize) done
Event: 2.603 Executing VM operation: Cleanup
Event: 2.603 Executing VM operation: Cleanup done
Event: 3.618 Executing VM operation: Cleanup
Event: 3.649 Executing VM operation: Cleanup done
Event: 4.660 Executing VM operation: Cleanup
Event: 4.660 Executing VM operation: Cleanup done

Events (14 events):
Event: 0.043 Thread 0x000001de9ac2e7c0 Thread added: 0x000001de9ac2e7c0
Event: 0.094 Thread 0x000001debca6e0c0 Thread added: 0x000001debca6e0c0
Event: 0.094 Thread 0x000001debca736e0 Thread added: 0x000001debca736e0
Event: 0.095 Thread 0x000001debca769b0 Thread added: 0x000001debca769b0
Event: 0.095 Thread 0x000001debca79500 Thread added: 0x000001debca79500
Event: 0.095 Thread 0x000001debca7b050 Thread added: 0x000001debca7b050
Event: 0.095 Thread 0x000001debca7bb90 Thread added: 0x000001debca7bb90
Event: 0.095 Thread 0x000001debca7d920 Thread added: 0x000001debca7d920
Event: 0.096 Thread 0x000001debca7e3b0 Thread added: 0x000001debca7e3b0
Event: 0.106 Thread 0x000001debcc1b660 Thread added: 0x000001debcc1b660
Event: 0.106 Thread 0x000001debcc1bd00 Thread added: 0x000001debcc1bd00
Event: 0.106 Thread 0x000001debcc1c3a0 Thread added: 0x000001debcc1c3a0
Event: 0.118 Thread 0x000001debccdac60 Thread added: 0x000001debccdac60
Event: 0.122 Thread 0x000001debccdfd60 Thread added: 0x000001debccdfd60


Dynamic libraries:
0x00007ff65f260000 - 0x00007ff65f270000 	C:\Program Files\Java\jdk-21\bin\java.exe
0x00007ffc80210000 - 0x00007ffc80428000 	C:\Windows\SYSTEM32\ntdll.dll
0x00007ffc7f080000 - 0x00007ffc7f144000 	C:\Windows\System32\KERNEL32.DLL
0x00007ffc7d930000 - 0x00007ffc7dd03000 	C:\Windows\System32\KERNELBASE.dll
0x00007ffc7d770000 - 0x00007ffc7d881000 	C:\Windows\System32\ucrtbase.dll
0x00007ffc2a360000 - 0x00007ffc2a379000 	C:\Program Files\Java\jdk-21\bin\jli.dll
0x00007ffc7fce0000 - 0x00007ffc7fd91000 	C:\Windows\System32\ADVAPI32.dll
0x00007ffc7eeb0000 - 0x00007ffc7ef57000 	C:\Windows\System32\msvcrt.dll
0x00007ffc7efd0000 - 0x00007ffc7f078000 	C:\Windows\System32\sechost.dll
0x00007ffc7d740000 - 0x00007ffc7d768000 	C:\Windows\System32\bcrypt.dll
0x00007ffc7ebb0000 - 0x00007ffc7ecc8000 	C:\Windows\System32\RPCRT4.dll
0x00007ffc7e390000 - 0x00007ffc7e542000 	C:\Windows\System32\USER32.dll
0x00007ffc7dd10000 - 0x00007ffc7dd36000 	C:\Windows\System32\win32u.dll
0x00007ffc7f2b0000 - 0x00007ffc7f2d9000 	C:\Windows\System32\GDI32.dll
0x00007ffc7d620000 - 0x00007ffc7d73b000 	C:\Windows\System32\gdi32full.dll
0x00007ffc7d890000 - 0x00007ffc7d92a000 	C:\Windows\System32\msvcp_win.dll
0x00007ffbb88f0000 - 0x00007ffbb890b000 	C:\Program Files\Java\jdk-21\bin\VCRUNTIME140.dll
0x00007ffc69c10000 - 0x00007ffc69eac000 	C:\Windows\WinSxS\amd64_microsoft.windows.common-controls_6595b64144ccf1df_6.0.22621.6060_none_2712eda17382d24b\COMCTL32.dll
0x00007ffc776c0000 - 0x00007ffc776ca000 	C:\Windows\SYSTEM32\VERSION.dll
0x00007ffc7f150000 - 0x00007ffc7f181000 	C:\Windows\System32\IMM32.DLL
0x00007ffc23220000 - 0x00007ffc2322c000 	C:\Program Files\Java\jdk-21\bin\vcruntime140_1.dll
0x00007ffbdf1d0000 - 0x00007ffbdf25e000 	C:\Program Files\Java\jdk-21\bin\msvcp140.dll
0x00007ffbad5b0000 - 0x00007ffbae2ca000 	C:\Program Files\Java\jdk-21\bin\server\jvm.dll
0x00007ffc7e550000 - 0x00007ffc7e5c1000 	C:\Windows\System32\WS2_32.dll
0x00007ffc7caf0000 - 0x00007ffc7cb3d000 	C:\Windows\SYSTEM32\POWRPROF.dll
0x00007ffc75cc0000 - 0x00007ffc75cf4000 	C:\Windows\SYSTEM32\WINMM.dll
0x00007ffc7cad0000 - 0x00007ffc7cae3000 	C:\Windows\SYSTEM32\UMPDC.dll
0x00007ffc7c2c0000 - 0x00007ffc7c2d8000 	C:\Windows\SYSTEM32\kernel.appcore.dll
0x00007ffc22a20000 - 0x00007ffc22a2a000 	C:\Program Files\Java\jdk-21\bin\jimage.dll
0x00007ffc7ad40000 - 0x00007ffc7af73000 	C:\Windows\SYSTEM32\DBGHELP.DLL
0x00007ffc7e640000 - 0x00007ffc7e9d1000 	C:\Windows\System32\combase.dll
0x00007ffc7f190000 - 0x00007ffc7f268000 	C:\Windows\System32\OLEAUT32.dll
0x00007ffc716c0000 - 0x00007ffc716f2000 	C:\Windows\SYSTEM32\dbgcore.DLL
0x00007ffc7d3e0000 - 0x00007ffc7d45b000 	C:\Windows\System32\bcryptPrimitives.dll
0x00007ffbad550000 - 0x00007ffbad56f000 	C:\Program Files\Java\jdk-21\bin\java.dll
0x00007ffc7f440000 - 0x00007ffc7fcdc000 	C:\Windows\System32\SHELL32.dll
0x00007ffc7d4e0000 - 0x00007ffc7d61f000 	C:\Windows\System32\wintypes.dll
0x00007ffc7b1d0000 - 0x00007ffc7baea000 	C:\Windows\SYSTEM32\windows.storage.dll
0x00007ffc7ed20000 - 0x00007ffc7ee24000 	C:\Windows\System32\SHCORE.dll
0x00007ffc7ef60000 - 0x00007ffc7efc9000 	C:\Windows\System32\shlwapi.dll
0x00007ffc7d250000 - 0x00007ffc7d275000 	C:\Windows\SYSTEM32\profapi.dll
0x00007ffbad470000 - 0x00007ffbad547000 	C:\Program Files\Java\jdk-21\bin\jsvml.dll
0x00007ffc1f7d0000 - 0x00007ffc1f7e0000 	C:\Program Files\Java\jdk-21\bin\net.dll
0x00007ffc76140000 - 0x00007ffc7626c000 	C:\Windows\SYSTEM32\WINHTTP.dll
0x00007ffc7c780000 - 0x00007ffc7c7e9000 	C:\Windows\system32\mswsock.dll
0x00007ffbad450000 - 0x00007ffbad466000 	C:\Program Files\Java\jdk-21\bin\nio.dll
0x00007ffbad430000 - 0x00007ffbad448000 	C:\Program Files\Java\jdk-21\bin\zip.dll
0x0000000069ac0000 - 0x0000000069ae4000 	C:\Program Files\NetBeans-21\netbeans\java\maven\lib\jansi-native\Windows\x86_64\jansi.dll
0x00007ffc0fec0000 - 0x00007ffc0fed0000 	C:\Program Files\Java\jdk-21\bin\verify.dll

dbghelp: loaded successfully - version: 4.0.5 - missing functions: none
symbol engine: initialized successfully - sym options: 0x614 - pdb path: .;C:\Program Files\Java\jdk-21\bin;C:\Windows\SYSTEM32;C:\Windows\WinSxS\amd64_microsoft.windows.common-controls_6595b64144ccf1df_6.0.22621.6060_none_2712eda17382d24b;C:\Program Files\Java\jdk-21\bin\server;C:\Program Files\NetBeans-21\netbeans\java\maven\lib\jansi-native\Windows\x86_64

VM Arguments:
jvm_args: -Dclassworlds.conf=C:\Program Files\NetBeans-21\netbeans\java\maven\bin\m2.conf -Dmaven.home=C:\Program Files\NetBeans-21\netbeans\java\maven -Dlibrary.jansi.path=C:\Program Files\NetBeans-21\netbeans\java\maven\lib\jansi-native -Dmaven.multiModuleProjectDirectory=C:\Users\pc\Documents\NetBeansProjects\GHADS 
java_command: org.codehaus.plexus.classworlds.launcher.Launcher -Dmaven.ext.class.path=C:\Program Files\NetBeans-21\netbeans\java\maven-nblib\netbeans-eventspy.jar --no-transfer-progress install
java_class_path (initial): C:\Program Files\NetBeans-21\netbeans\java\maven\boot\plexus-classworlds-2.7.0.jar
Launcher Type: SUN_STANDARD

[Global flags]
     intx CICompilerCount                          = 12                                        {product} {ergonomic}
     uint ConcGCThreads                            = 3                                         {product} {ergonomic}
     uint G1ConcRefinementThreads                  = 13                                        {product} {ergonomic}
   size_t G1HeapRegionSize                         = 2097152                                   {product} {ergonomic}
    uintx GCDrainStackTargetSize                   = 64                                        {product} {ergonomic}
   size_t InitialHeapSize                          = 264241152                                 {product} {ergonomic}
   size_t MarkStackSize                            = 4194304                                   {product} {ergonomic}
   size_t MaxHeapSize                              = 4217372672                                {product} {ergonomic}
   size_t MaxNewSize                               = 2529165312                                {product} {ergonomic}
   size_t MinHeapDeltaBytes                        = 2097152                                   {product} {ergonomic}
   size_t MinHeapSize                              = 8388608                                   {product} {ergonomic}
    uintx NonNMethodCodeHeapSize                   = 7602480                                {pd product} {ergonomic}
    uintx NonProfiledCodeHeapSize                  = 122027880                              {pd product} {ergonomic}
    uintx ProfiledCodeHeapSize                     = 122027880                              {pd product} {ergonomic}
    uintx ReservedCodeCacheSize                    = 251658240                              {pd product} {ergonomic}
     bool SegmentedCodeCache                       = true                                      {product} {ergonomic}
   size_t SoftMaxHeapSize                          = 4217372672                             {manageable} {ergonomic}
     bool UseCompressedOops                        = true                           {product lp64_product} {ergonomic}
     bool UseG1GC                                  = true                                      {product} {ergonomic}
     bool UseLargePagesIndividualAllocation        = false                                  {pd product} {ergonomic}

Logging:
Log output configuration:
 #0: stdout all=warning uptime,level,tags foldmultilines=false
 #1: stderr all=off uptime,level,tags foldmultilines=false

Environment Variables:
JAVA_HOME=C:\Program Files\Java\jdk-21
PATH=C:\Program Files (x86)\VMware\VMware Workstation\bin\;C:\Program Files (x86)\Common Files\Intel\Shared Libraries\redist\intel64\compiler;C:\Program Files\Common Files\Oracle\Java\javapath;C:\Windows\system32;C:\Windows;C:\Windows\System32\Wbem;C:\Windows\System32\WindowsPowerShell\v1.0\;C:\Windows\System32\OpenSSH\;C:\Program Files\IBM\SPSS\Statistics\Subscription\JRE\bin;E:\MATLAB 2018\runtime\win64;E:\MATLAB 2018\bin;E:\MATLAB\R2018a\runtime\win64;E:\MATLAB\R2018a\bin;C:\Program Files (x86)\Microsoft SQL Server\160\DTS\Binn\;C:\Program Files\NVIDIA Corporation\NVIDIA App\NvDLISR;C:\Program Files (x86)\NVIDIA Corporation\PhysX\Common;C:\Program Files\dotnet\;C:\Program Files\Git\cmd;C:\Users\pc\dart-sdk\bin;C:\Program Files\nodejs\;C:\Users\pc\AppData\Local\Programs\Python\Python311\Scripts\;C:\Users\pc\AppData\Local\Programs\Python\Python311\;C:\Users\pc\AppData\Local\Microsoft\WindowsApps;C:\Users\pc\AppData\Local\Programs\Microsoft VS Code\bin;C:\mingw64\bin;C:\Users\pc\.dotnet\tools;C:\dart-sdk\bin;C:\Users\pc\AppData\Roaming\npm;D:\Antigravity\bin;C:\flutter\bin;C:\Users\pc\AppData\Local\Programs\Antigravity IDE\bin;
USERNAME=pc
OS=Windows_NT
PROCESSOR_IDENTIFIER=Intel64 Family 6 Model 141 Stepping 1, GenuineIntel
TMP=C:\Users\pc\AppData\Local\Temp
TEMP=C:\Users\pc\AppData\Local\Temp




Periodic native trim disabled

---------------  S Y S T E M  ---------------

OS:
 Windows 11 , 64 bit Build 22621 (10.0.22621.5415)
OS uptime: 0 days 0:03 hours
Hyper-V role detected

CPU: total 16 (initial active 16) (8 cores per cpu, 2 threads per core) family 6 model 141 stepping 1 microcode 0x34, cx8, cmov, fxsr, ht, mmx, 3dnowpref, sse, sse2, sse3, ssse3, sse4.1, sse4.2, popcnt, lzcnt, tsc, tscinvbit, avx, avx2, aes, erms, clmul, bmi1, bmi2, adx, avx512f, avx512dq, avx512cd, avx512bw, avx512vl, sha, fma, vzeroupper, avx512_vpopcntdq, avx512_vpclmulqdq, avx512_vaes, avx512_vnni, clflush, clflushopt, clwb, avx512_vbmi2, avx512_vbmi, hv, rdtscp, rdpid, fsrm, gfni, avx512_bitalg, f16c, cet_ibt, cet_ss, avx512_ifma
Processor Information for all 16 processors :
  Max Mhz: 2304, Current Mhz: 2304, Mhz Limit: 2304

Memory: 4k page, system-wide physical 16085M (5978M free)
TotalPageFile size 21796M (AvailPageFile size 875M)
current process WorkingSet (physical memory assigned to process): 61M, peak: 65M
current process commit charge ("private bytes"): 355M, peak: 361M

vm_info: Java HotSpot(TM) 64-Bit Server VM (21.0.6+8-LTS-188) for windows-amd64 JRE (21.0.6+8-LTS-188), built on 2024-12-03T10:50:54Z by "mach5one" with MS VC++ 17.6 (VS2022)

END.
