#
# There is insufficient memory for the Java Runtime Environment to continue.
# Native memory allocation (mmap) failed to map 65536 bytes for Failed to commit metaspace.
# Possible reasons:
#   The system is out of physical RAM or swap space
#   The process is running with CompressedOops enabled, and the Java Heap may be blocking the growth of the native heap
# Possible solutions:
#   Reduce memory load on the system
#   Increase physical memory or swap space
#   Check if swap backing store is full
#   Decrease Java heap size (-Xmx/-Xms)
#   Decrease number of Java threads
#   Decrease Java thread stack sizes (-Xss)
#   Set larger code cache with -XX:ReservedCodeCacheSize=
#   JVM is running with Zero Based Compressed Oops mode in which the Java heap is
#     placed in the first 32GB address space. The Java Heap base address is the
#     maximum limit for the native heap growth. Please use -XX:HeapBaseMinAddress
#     to set the Java Heap base and to place the Java Heap above 32GB virtual address.
# This output file may be truncated or incomplete.
#
#  Out of Memory Error (virtualSpaceNode.cpp:112), pid=3292, tid=17240
#
# JRE version: Java(TM) SE Runtime Environment (21.0.6+8) (build 21.0.6+8-LTS-188)
# Java VM: Java HotSpot(TM) 64-Bit Server VM (21.0.6+8-LTS-188, mixed mode, sharing, tiered, compressed oops, compressed class ptrs, g1 gc, windows-amd64)
# No core dump will be written. Minidumps are not enabled by default on client versions of Windows
#

---------------  S U M M A R Y ------------

Command Line: -Dclassworlds.conf=C:\Program Files\NetBeans-21\netbeans\java\maven\bin\m2.conf -Dmaven.home=C:\Program Files\NetBeans-21\netbeans\java\maven -Dlibrary.jansi.path=C:\Program Files\NetBeans-21\netbeans\java\maven\lib\jansi-native -Dmaven.multiModuleProjectDirectory=C:\Users\pc\Documents\NetBeansProjects\GHADS org.codehaus.plexus.classworlds.launcher.Launcher -Dmaven.ext.class.path=C:\Program Files\NetBeans-21\netbeans\java\maven-nblib\netbeans-eventspy.jar --no-transfer-progress install

Host: 11th Gen Intel(R) Core(TM) i7-11800H @ 2.30GHz, 16 cores, 15G,  Windows 11 , 64 bit Build 22621 (10.0.22621.5415)
Time: Wed Jun  3 21:36:01 2026  Windows 11 , 64 bit Build 22621 (10.0.22621.5415) elapsed time: 12.006662 seconds (0d 0h 0m 12s)

---------------  T H R E A D  ---------------

Current thread (0x0000018e4698e830):  JavaThread "main"             [_thread_in_vm, id=17240, stack(0x0000000fffa00000,0x0000000fffb00000) (1024K)]

Stack: [0x0000000fffa00000,0x0000000fffb00000]
Native frames: (J=compiled Java code, j=interpreted, Vv=VM code, C=native code)
V  [jvm.dll+0x6ca6d9]
V  [jvm.dll+0x854f51]
V  [jvm.dll+0x85747e]
V  [jvm.dll+0x857b53]
V  [jvm.dll+0x27dcc6]
V  [jvm.dll+0x850b6e]
V  [jvm.dll+0x66e3e5]
V  [jvm.dll+0x1e3f1c]
V  [jvm.dll+0x1e3cee]
V  [jvm.dll+0x670d13]
V  [jvm.dll+0x670b32]
V  [jvm.dll+0x66edbe]
V  [jvm.dll+0x679177]
V  [jvm.dll+0x214cb1]
V  [jvm.dll+0x21513a]
V  [jvm.dll+0x215b61]
V  [jvm.dll+0x20affe]
V  [jvm.dll+0x5ad2ec]
V  [jvm.dll+0x7cf136]
V  [jvm.dll+0x470c46]
V  [jvm.dll+0x476ac8]
C  [java.dll+0x17ec]

Java frames: (J=compiled Java code, j=interpreted, Vv=VM code)
J 538  java.lang.ClassLoader.defineClass1(Ljava/lang/ClassLoader;Ljava/lang/String;[BIILjava/security/ProtectionDomain;Ljava/lang/String;)Ljava/lang/Class; java.base@21.0.6 (0 bytes) @ 0x0000018e58ccb411 [0x0000018e58ccb340+0x00000000000000d1]
J 882 c1 java.lang.ClassLoader.defineClass(Ljava/lang/String;[BIILjava/security/ProtectionDomain;)Ljava/lang/Class; java.base@21.0.6 (43 bytes) @ 0x0000018e512a688c [0x0000018e512a6520+0x000000000000036c]
J 967 c1 java.security.SecureClassLoader.defineClass(Ljava/lang/String;[BIILjava/security/CodeSource;)Ljava/lang/Class; java.base@21.0.6 (16 bytes) @ 0x0000018e512d9c1c [0x0000018e512d9b40+0x00000000000000dc]
J 975 c1 java.net.URLClassLoader.defineClass(Ljava/lang/String;Ljdk/internal/loader/Resource;)Ljava/lang/Class; java.base@21.0.6 (224 bytes) @ 0x0000018e512e3b74 [0x0000018e512e2840+0x0000000000001334]
J 904 c1 java.net.URLClassLoader$1.run()Ljava/lang/Class; java.base@21.0.6 (81 bytes) @ 0x0000018e512b6dec [0x0000018e512b6160+0x0000000000000c8c]
J 903 c1 java.net.URLClassLoader$1.run()Ljava/lang/Object; java.base@21.0.6 (5 bytes) @ 0x0000018e512b5154 [0x0000018e512b50c0+0x0000000000000094]
J 560 c1 java.security.AccessController.doPrivileged(Ljava/security/PrivilegedExceptionAction;Ljava/security/AccessControlContext;)Ljava/lang/Object; java.base@21.0.6 (26 bytes) @ 0x0000018e511d7794 [0x0000018e511d75a0+0x00000000000001f4]
J 901 c1 java.net.URLClassLoader.findClass(Ljava/lang/String;)Ljava/lang/Class; java.base@21.0.6 (47 bytes) @ 0x0000018e512b56d4 [0x0000018e512b5520+0x00000000000001b4]
J 898 c1 org.codehaus.plexus.classworlds.realm.ClassRealm.loadClassFromSelf(Ljava/lang/String;)Ljava/lang/Class; (40 bytes) @ 0x0000018e512b3d3c [0x0000018e512b39a0+0x000000000000039c]
J 931 c1 org.codehaus.plexus.classworlds.strategy.SelfFirstStrategy.loadClass(Ljava/lang/String;)Ljava/lang/Class; (50 bytes) @ 0x0000018e512c4f2c [0x0000018e512c4b40+0x00000000000003ec]
J 589 c1 org.codehaus.plexus.classworlds.realm.ClassRealm.loadClass(Ljava/lang/String;Z)Ljava/lang/Class; (33 bytes) @ 0x0000018e511f20e4 [0x0000018e511f1f60+0x0000000000000184]
J 588 c1 org.codehaus.plexus.classworlds.realm.ClassRealm.loadClass(Ljava/lang/String;)Ljava/lang/Class; (7 bytes) @ 0x0000018e511f1bc4 [0x0000018e511f1ac0+0x0000000000000104]
v  ~StubRoutines::call_stub 0x0000018e585510e7
j  org.netbeans.shaded.json.simple.JSONObject.toJSONString(Ljava/lang/String;Ljava/lang/Object;Ljava/lang/StringBuffer;)Ljava/lang/String;+23
j  org.netbeans.shaded.json.simple.JSONObject.toJSONString(Ljava/util/Map;)Ljava/lang/String;+90
j  org.netbeans.shaded.json.simple.JSONObject.toJSONString()Ljava/lang/String;+1
j  org.netbeans.shaded.json.simple.JSONObject.toString()Ljava/lang/String;+1
j  org.netbeans.modules.maven.event.NbEventSpy.onEvent(Ljava/lang/Object;)V+1087
j  org.apache.maven.eventspy.internal.EventSpyDispatcher.onEvent(Ljava/lang/Object;)V+44
j  org.apache.maven.eventspy.internal.EventSpyExecutionListener.projectDiscoveryStarted(Lorg/apache/maven/execution/ExecutionEvent;)V+5
j  org.apache.maven.lifecycle.internal.DefaultExecutionEventCatapult.fire(Lorg/apache/maven/execution/ExecutionEvent$Type;Lorg/apache/maven/execution/MavenSession;Lorg/apache/maven/plugin/MojoExecution;Ljava/lang/Exception;)V+124
j  org.apache.maven.lifecycle.internal.DefaultExecutionEventCatapult.fire(Lorg/apache/maven/execution/ExecutionEvent$Type;Lorg/apache/maven/execution/MavenSession;Lorg/apache/maven/plugin/MojoExecution;)V+5
j  org.apache.maven.DefaultMaven.doExecute(Lorg/apache/maven/execution/MavenExecutionRequest;Lorg/apache/maven/execution/MavenSession;Lorg/apache/maven/execution/MavenExecutionResult;Lorg/eclipse/aether/DefaultRepositorySystemSession;)Lorg/apache/maven/execution/MavenExecutionResult;+67
j  org.apache.maven.DefaultMaven.doExecute(Lorg/apache/maven/execution/MavenExecutionRequest;)Lorg/apache/maven/execution/MavenExecutionResult;+98
j  org.apache.maven.DefaultMaven.execute(Lorg/apache/maven/execution/MavenExecutionRequest;)Lorg/apache/maven/execution/MavenExecutionResult;+2
j  org.apache.maven.cli.MavenCli.execute(Lorg/apache/maven/cli/CliRequest;)I+27
j  org.apache.maven.cli.MavenCli.doMain(Lorg/apache/maven/cli/CliRequest;)I+66
j  org.apache.maven.cli.MavenCli.main([Ljava/lang/String;Lorg/codehaus/plexus/classworlds/ClassWorld;)I+24
j  java.lang.invoke.DirectMethodHandle$Holder.invokeStatic(Ljava/lang/Object;Ljava/lang/Object;Ljava/lang/Object;)I+11 java.base@21.0.6
j  java.lang.invoke.LambdaForm$MH+0x0000018e01009400.invoke(Ljava/lang/Object;Ljava/lang/Object;Ljava/lang/Object;Ljava/lang/Object;)Ljava/lang/Object;+54 java.base@21.0.6
j  java.lang.invoke.LambdaForm$MH+0x0000018e01009800.invokeExact_MT(Ljava/lang/Object;Ljava/lang/Object;Ljava/lang/Object;Ljava/lang/Object;Ljava/lang/Object;)Ljava/lang/Object;+22 java.base@21.0.6
j  jdk.internal.reflect.DirectMethodHandleAccessor.invokeImpl(Ljava/lang/Object;[Ljava/lang/Object;)Ljava/lang/Object;+72 java.base@21.0.6
j  jdk.internal.reflect.DirectMethodHandleAccessor.invoke(Ljava/lang/Object;[Ljava/lang/Object;)Ljava/lang/Object;+23 java.base@21.0.6
j  java.lang.reflect.Method.invoke(Ljava/lang/Object;[Ljava/lang/Object;)Ljava/lang/Object;+102 java.base@21.0.6
j  org.codehaus.plexus.classworlds.launcher.Launcher.launchEnhanced([Ljava/lang/String;)V+45
j  org.codehaus.plexus.classworlds.launcher.Launcher.launch([Ljava/lang/String;)V+2
j  org.codehaus.plexus.classworlds.launcher.Launcher.mainWithExitCode([Ljava/lang/String;)I+108
j  org.codehaus.plexus.classworlds.launcher.Launcher.main([Ljava/lang/String;)V+1
v  ~StubRoutines::call_stub 0x0000018e585510e7

Compiled method (n/a)   12075  538     n 0       java.lang.ClassLoader::defineClass1 (native)
 total in heap  [0x0000018e58ccb190,0x0000018e58ccb8f0] = 1888
 relocation     [0x0000018e58ccb2f0,0x0000018e58ccb330] = 64
 main code      [0x0000018e58ccb340,0x0000018e58ccb8ef] = 1455
 stub code      [0x0000018e58ccb8ef,0x0000018e58ccb8f0] = 1

[Constant Pool (empty)]

[MachCode]
[Entry Point]
  # {method} {0x0000018e0043ac80} 'defineClass1' '(Ljava/lang/ClassLoader;Ljava/lang/String;[BIILjava/security/ProtectionDomain;Ljava/lang/String;)Ljava/lang/Class;' in 'java/lang/ClassLoader'
  # parm0:    rdx:rdx   = 'java/lang/ClassLoader'
  # parm1:    r8:r8     = 'java/lang/String'
  # parm2:    r9:r9     = '[B'
  # parm3:    rdi       = int
  # parm4:    rsi       = int
  # parm5:    rcx:rcx   = 'java/security/ProtectionDomain'
  # parm6:    [sp+0xa0]   = 'java/lang/String'  (sp of caller)
  0x0000018e58ccb340: 448b 5208 | 49bb 0000 | 0000 8e01 | 0000 4d03 | d349 3bc2 | 0f84 0600 

  0x0000018e58ccb358: ;   {runtime_call ic_miss_stub}
  0x0000018e58ccb358: 0000 e921 | 368d ff90 
[Verified Entry Point]
  0x0000018e58ccb360: 8984 2400 | 80ff ff55 | 488b ec48 | 81ec 9000 | 0000 6690 | 4181 7f20 | 0100 0000 

  0x0000018e58ccb37c: ;   {runtime_call StubRoutines (final stubs)}
  0x0000018e58ccb37c: 7405 e8fd | a98b ff48 | 837d 1000 | 488d 4510 | 480f 4445 | 1048 8944 | 2440 4889 | 4c24 7048 
  0x0000018e58ccb39c: 83f9 0048 | 8d44 2470 | 480f 4444 | 2470 4889 | 4424 3848 | 8974 2430 | 4889 7c24 | 284c 894c 
  0x0000018e58ccb3bc: 2458 4983 | f900 488d | 4424 5848 | 0f44 4424 | 5848 8944 | 2420 4c89 | 4424 5049 | 83f8 004c 
  0x0000018e58ccb3dc: 8d4c 2450 | 4c0f 444c | 2450 4889 | 5424 4848 | 83fa 004c | 8d44 2448 | 4c0f 4444 

  0x0000018e58ccb3f8: ;   {oop(a 'java/lang/Class'{0x0000000704a3b050} = 'java/lang/ClassLoader')}
  0x0000018e58ccb3f8: 2448 49be | 50b0 a304 | 0700 0000 | 4c89 7424 | 784c 8d74 | 2478 498b | d6c5 f877 

  0x0000018e58ccb414: ;   {internal_word}
  0x0000018e58ccb414: 49ba 11b4 | cc58 8e01 | 0000 4d89 | 97a0 0300 | 0049 89a7 | 9803 0000 

  0x0000018e58ccb42c: ;   {external_word}
  0x0000018e58ccb42c: 49ba e057 | 1dae fb7f | 0000 4180 | 3a00 0f84 | 4e00 0000 | 5241 5041 

  0x0000018e58ccb444: ;   {metadata({method} {0x0000018e0043ac80} 'defineClass1' '(Ljava/lang/ClassLoader;Ljava/lang/String;[BIILjava/security/ProtectionDomain;Ljava/lang/String;)Ljava/lang/Class;' in 'java/lang/ClassLoader')}
  0x0000018e58ccb444: 5148 ba78 | ac43 008e | 0100 0049 | 8bcf 4883 | ec20 40f6 | c40f 0f84 | 1900 0000 | 4883 ec08 
  0x0000018e58ccb464: ;   {runtime_call}
  0x0000018e58ccb464: 48b8 8005 | cead fb7f | 0000 ffd0 | 4883 c408 | e90c 0000 

  0x0000018e58ccb478: ;   {runtime_call}
  0x0000018e58ccb478: 0048 b880 | 05ce adfb | 7f00 00ff | d048 83c4 | 2041 5941 | 585a 498d | 8fb8 0300 | 0041 c787 
  0x0000018e58ccb498: 4404 0000 | 0400 0000 

  0x0000018e58ccb4a0: ;   {runtime_call}
  0x0000018e58ccb4a0: 48b8 ac16 | 55ad fb7f | 0000 ffd0 | c5f8 7741 | c787 4404 | 0000 0500 | 0000 f083 | 4424 c000 
  0x0000018e58ccb4c0: 493b af48 | 0400 000f | 870e 0000 | 0041 83bf | 4004 0000 | 000f 842b | 0000 00c5 | f877 4889 
  0x0000018e58ccb4e0: 45f8 498b | cf4c 8be4 | 4883 ec20 | 4883 e4f0 

  0x0000018e58ccb4f0: ;   {runtime_call}
  0x0000018e58ccb4f0: 48b8 f0b2 | 99ad fb7f | 0000 ffd0 | 498b e44d | 33e4 488b | 45f8 41c7 | 8744 0400 | 0008 0000 
  0x0000018e58ccb510: 0041 83bf | c004 0000 | 020f 84a3 

  0x0000018e58ccb51c: ;   {external_word}
  0x0000018e58ccb51c: 0300 0049 | bae0 571d | aefb 7f00 | 0041 803a | 000f 844c | 0000 0048 

  0x0000018e58ccb534: ;   {metadata({method} {0x0000018e0043ac80} 'defineClass1' '(Ljava/lang/ClassLoader;Ljava/lang/String;[BIILjava/security/ProtectionDomain;Ljava/lang/String;)Ljava/lang/Class;' in 'java/lang/ClassLoader')}
  0x0000018e58ccb534: 8945 f848 | ba78 ac43 | 008e 0100 | 0049 8bcf | 4883 ec20 | 40f6 c40f | 0f84 1900 | 0000 4883 
  0x0000018e58ccb554: ;   {runtime_call}
  0x0000018e58ccb554: ec08 48b8 | 8005 cead | fb7f 0000 | ffd0 4883 | c408 e90c 

  0x0000018e58ccb568: ;   {runtime_call}
  0x0000018e58ccb568: 0000 0048 | b880 05ce | adfb 7f00 | 00ff d048 | 83c4 2048 | 8b45 f849 | c787 9803 | 0000 0000 
  0x0000018e58ccb588: 0000 49c7 | 87a0 0300 | 0000 0000 | 00c5 f877 | 4885 c00f | 84fe 0200 | 00a8 030f | 8508 0000 
  0x0000018e58ccb5a8: 0048 8b00 | e9ee 0200 | 00a8 010f | 8509 0000 | 0048 8b40 | fee9 dd02 | 0000 488b | 40ff 4180 
  0x0000018e58ccb5c8: 7f40 000f | 84ce 0200 | 0048 83f8 | 000f 84c4 | 0200 0049 | 8b4f 2848 | 83f9 000f | 8414 0000 
  0x0000018e58ccb5e8: 0048 83e9 | 0849 894f | 2849 034f | 3848 8901 | e9a2 0200 | 0048 81ec | 5001 0000 | 4889 0424 
  0x0000018e58ccb608: 4889 4c24 | 0848 8954 | 2410 4889 | 7424 1848 | 897c 2420 | 4c89 4424 | 284c 894c | 2430 4c89 
  0x0000018e58ccb628: 5424 384c | 895c 2440 | c5fb 1144 | 2450 c5fb | 114c 2458 | c5fb 1154 | 2460 c5fb | 115c 2468 
  0x0000018e58ccb648: c5fb 1164 | 2470 c5fb | 116c 2478 | c5fb 11b4 | 2480 0000 | 00c5 fb11 | bc24 8800 | 0000 c57b 
  0x0000018e58ccb668: ;   {no_reloc}
  0x0000018e58ccb668: 1184 2490 | 0000 00c5 | 7b11 8c24 | 9800 0000 | c57b 1194 | 24a0 0000 | 00c5 7b11 | 9c24 a800 
  0x0000018e58ccb688: 0000 c57b | 11a4 24b0 | 0000 00c5 | 7b11 ac24 | b800 0000 | c57b 11b4 | 24c0 0000 | 00c5 7b11 
  0x0000018e58ccb6a8: bc24 c800 | 0000 62e1 | ff08 1144 | 241a 62e1 | ff08 114c | 241b 62e1 | ff08 1154 | 241c 62e1 
  0x0000018e58ccb6c8: ff08 115c | 241d 62e1 | ff08 1164 | 241e 62e1 | ff08 116c | 241f 62e1 | ff08 1174 | 2420 62e1 
  0x0000018e58ccb6e8: ff08 117c | 2421 6261 | ff08 1144 | 2422 6261 | ff08 114c | 2423 6261 | ff08 1154 | 2424 6261 
  0x0000018e58ccb708: ff08 115c | 2425 6261 | ff08 1164 | 2426 6261 | ff08 116c | 2427 6261 | ff08 1174 | 2428 6261 
  0x0000018e58ccb728: ff08 117c | 2429 498b | d748 8bc8 | 4883 ec20 | 40f6 c40f | 0f84 1900 | 0000 4883 

  0x0000018e58ccb744: ;   {runtime_call}
  0x0000018e58ccb744: ec08 48b8 | 90f1 8cad | fb7f 0000 | ffd0 4883 | c408 e90c 

  0x0000018e58ccb758: ;   {runtime_call}
  0x0000018e58ccb758: 0000 0048 | b890 f18c | adfb 7f00 | 00ff d048 | 83c4 2062 | 61ff 0810 | 7c24 2962 | 61ff 0810 
  0x0000018e58ccb778: 7424 2862 | 61ff 0810 | 6c24 2762 | 61ff 0810 | 6424 2662 | 61ff 0810 | 5c24 2562 | 61ff 0810 
  0x0000018e58ccb798: 5424 2462 | 61ff 0810 | 4c24 2362 | 61ff 0810 | 4424 2262 | e1ff 0810 | 7c24 2162 | e1ff 0810 
  0x0000018e58ccb7b8: 7424 2062 | e1ff 0810 | 6c24 1f62 | e1ff 0810 | 6424 1e62 | e1ff 0810 | 5c24 1d62 | e1ff 0810 
  0x0000018e58ccb7d8: 5424 1c62 | e1ff 0810 | 4c24 1b62 | e1ff 0810 | 4424 1ac5 | 7b10 bc24 | c800 0000 | c57b 10b4 
  0x0000018e58ccb7f8: 24c0 0000 | 00c5 7b10 | ac24 b800 | 0000 c57b | 10a4 24b0 | 0000 00c5 | 7b10 9c24 | a800 0000 
  0x0000018e58ccb818: c57b 1094 | 24a0 0000 | 00c5 7b10 | 8c24 9800 | 0000 c57b | 1084 2490 | 0000 00c5 | fb10 bc24 
  0x0000018e58ccb838: 8800 0000 | c5fb 10b4 | 2480 0000 | 00c5 fb10 | 6c24 78c5 | fb10 6424 | 70c5 fb10 | 5c24 68c5 
  0x0000018e58ccb858: ;   {no_reloc}
  0x0000018e58ccb858: fb10 5424 | 60c5 fb10 | 4c24 58c5 | fb10 4424 | 504c 8b5c | 2440 4c8b | 5424 384c | 8b4c 2430 
  0x0000018e58ccb878: 4c8b 4424 | 2848 8b7c | 2420 488b | 7424 1848 | 8b54 2410 | 488b 4c24 | 0848 8b04 | 2448 81c4 
  0x0000018e58ccb898: 5001 0000 | c5f8 7749 | 8b8f 2804 | 0000 c781 | 0001 0000 | 0000 0000 | c949 837f | 0800 0f85 
  0x0000018e58ccb8b8: 0100 0000 

  0x0000018e58ccb8bc: ;   {runtime_call StubRoutines (initial stubs)}
  0x0000018e58ccb8bc: c3e9 3e56 | 88ff c5f8 | 7748 8945 | f84c 8be4 | 4883 ec20 | 4883 e4f0 

  0x0000018e58ccb8d4: ;   {runtime_call}
  0x0000018e58ccb8d4: 48b8 703d | cead fb7f | 0000 ffd0 | 498b e44d | 33e4 488b | 45f8 e930 | fcff fff4 
[/MachCode]


Compiled method (c1)   12092  882       3       java.lang.ClassLoader::defineClass (43 bytes)
 total in heap  [0x0000018e512a6310,0x0000018e512a6c78] = 2408
 relocation     [0x0000018e512a6470,0x0000018e512a6510] = 160
 main code      [0x0000018e512a6520,0x0000018e512a69d0] = 1200
 stub code      [0x0000018e512a69d0,0x0000018e512a6a48] = 120
 metadata       [0x0000018e512a6a48,0x0000018e512a6a78] = 48
 scopes data    [0x0000018e512a6a78,0x0000018e512a6b68] = 240
 scopes pcs     [0x0000018e512a6b68,0x0000018e512a6c48] = 224
 dependencies   [0x0000018e512a6c48,0x0000018e512a6c50] = 8
 nul chk table  [0x0000018e512a6c50,0x0000018e512a6c78] = 40

[Constant Pool (empty)]

[MachCode]
[Entry Point]
  # {method} {0x0000018e0043b000} 'defineClass' '(Ljava/lang/String;[BIILjava/security/ProtectionDomain;)Ljava/lang/Class;' in 'java/lang/ClassLoader'
  # this:     rdx:rdx   = 'java/lang/ClassLoader'
  # parm0:    r8:r8     = 'java/lang/String'
  # parm1:    r9:r9     = '[B'
  # parm2:    rdi       = int
  # parm3:    rsi       = int
  # parm4:    rcx:rcx   = 'java/security/ProtectionDomain'
  #           [sp+0xc0]  (sp of caller)
  0x0000018e512a6520: 448b 5208 | 49bb 0000 | 0000 8e01 | 0000 4d03 | d34c 3bd0 

  0x0000018e512a6534: ;   {runtime_call ic_miss_stub}
  0x0000018e512a6534: 0f85 4684 | 2f07 660f | 1f44 0000 
[Verified Entry Point]
  0x0000018e512a6540: 8984 2400 | 80ff ff55 | 4881 ecb0 | 0000 0090 | 4181 7f20 | 0100 0000 

  0x0000018e512a6558: ;   {runtime_call StubRoutines (final stubs)}
  0x0000018e512a6558: 7405 e821 | f82d 0748 | 8954 2478 

  0x0000018e512a6564: ;   {metadata(method data for {method} {0x0000018e0043b000} 'defineClass' '(Ljava/lang/String;[BIILjava/security/ProtectionDomain;)Ljava/lang/Class;' in 'java/lang/ClassLoader')}
  0x0000018e512a6564: 48bb 6004 | 1969 8e01 | 0000 8b83 | cc00 0000 | 83c0 0289 | 83cc 0000 | 0025 fe07 | 0000 85c0 
  0x0000018e512a6584: 0f84 6803 | 0000 89b4 | 2494 0000 | 0089 bc24 | 9000 0000 | 4c89 8c24 | 8800 0000 

  0x0000018e512a65a0: ;   {metadata(method data for {method} {0x0000018e0043b000} 'defineClass' '(Ljava/lang/String;[BIILjava/security/ProtectionDomain;)Ljava/lang/Class;' in 'java/lang/ClassLoader')}
  0x0000018e512a65a0: 488b da48 | b860 0419 | 698e 0100 | 0048 8380 | 1001 0000 | 0149 8bd8 | 4c8b c34c | 8bc9 488b 
  0x0000018e512a65c0: ca48 8bd1 | 4889 9c24 | 8000 0000 

  0x0000018e512a65cc: ;   {optimized virtual_call}
  0x0000018e512a65cc: 6666 90e8 

  0x0000018e512a65d0: ; ImmutableOopMap {[120]=Oop [128]=Oop [136]=Oop }
                      ;*invokevirtual preDefineClass {reexecute=0 rethrow=0 return_oop=0}
                      ; - java.lang.ClassLoader::defineClass@4 (line 1025)
  0x0000018e512a65d0: ccb9 ffff 

  0x0000018e512a65d4: ;   {other}
  0x0000018e512a65d4: 0f1f 8400 | c402 0000 | 4889 8424 | 9800 0000 | 488b 5424 

  0x0000018e512a65e8: ;   {metadata(method data for {method} {0x0000018e0043b000} 'defineClass' '(Ljava/lang/String;[BIILjava/security/ProtectionDomain;)Ljava/lang/Class;' in 'java/lang/ClassLoader')}
  0x0000018e512a65e8: 7849 b860 | 0419 698e | 0100 0049 | 8380 4801 

  0x0000018e512a65f8: ;   {metadata(method data for {method} {0x0000018e0043ace8} 'defineClassSourceLocation' '(Ljava/security/ProtectionDomain;)Ljava/lang/String;' in 'java/lang/ClassLoader')}
  0x0000018e512a65f8: 0000 0149 | b828 0819 | 698e 0100 | 0041 8b90 | cc00 0000 | 83c2 0241 | 8990 cc00 | 0000 81e2 
  0x0000018e512a6618: feff 1f00 | 85d2 0f84 | ef02 0000 

  0x0000018e512a6624: ; implicit exception: dispatches to 0x0000018e512a6934
  0x0000018e512a6624: 483b 004c 

  0x0000018e512a6628: ;   {metadata(method data for {method} {0x0000018e0043ace8} 'defineClassSourceLocation' '(Ljava/security/ProtectionDomain;)Ljava/lang/String;' in 'java/lang/ClassLoader')}
  0x0000018e512a6628: 8bc0 48ba | 2808 1969 | 8e01 0000 | 4883 8210 | 0100 0001 | 448b 4010 | 49c1 e003 

  0x0000018e512a6644: ;   {metadata(method data for {method} {0x0000018e0043ace8} 'defineClassSourceLocation' '(Ljava/security/ProtectionDomain;)Ljava/lang/String;' in 'java/lang/ClassLoader')}
  0x0000018e512a6644: 4d85 c048 | ba28 0819 | 698e 0100 | 0048 be58 | 0100 0000 | 0000 0075 | 0a48 be48 | 0100 0000 
  0x0000018e512a6664: 0000 0048 | 8b3c 3248 | 8d7f 0148 | 893c 320f | 850f 0000 

  0x0000018e512a6678: ;   {oop(nullptr)}
  0x0000018e512a6678: 0048 bb00 | 0000 0000 | 0000 00e9 | af01 0000 

  0x0000018e512a6688: ; implicit exception: dispatches to 0x0000018e512a6939
  0x0000018e512a6688: 493b 0049 

  0x0000018e512a668c: ;   {metadata(method data for {method} {0x0000018e0043ace8} 'defineClassSourceLocation' '(Ljava/security/ProtectionDomain;)Ljava/lang/String;' in 'java/lang/ClassLoader')}
  0x0000018e512a668c: 8bd0 48be | 2808 1969 | 8e01 0000 | 4883 8668 | 0100 0001 | 418b 500c | 48c1 e203 

  0x0000018e512a66a8: ;   {metadata(method data for {method} {0x0000018e0043ace8} 'defineClassSourceLocation' '(Ljava/security/ProtectionDomain;)Ljava/lang/String;' in 'java/lang/ClassLoader')}
  0x0000018e512a66a8: 4885 d248 | be28 0819 | 698e 0100 | 0048 bfb0 | 0100 0000 | 0000 0075 | 0a48 bfa0 | 0100 0000 
  0x0000018e512a66c8: 0000 0048 | 8b1c 3e48 | 8d5b 0148 | 891c 3e0f | 850f 0000 

  0x0000018e512a66dc: ;   {oop(nullptr)}
  0x0000018e512a66dc: 0048 bb00 | 0000 0000 | 0000 00e9 | 4b01 0000 

  0x0000018e512a66ec: ;   {metadata(method data for {method} {0x0000018e0043ace8} 'defineClassSourceLocation' '(Ljava/security/ProtectionDomain;)Ljava/lang/String;' in 'java/lang/ClassLoader')}
  0x0000018e512a66ec: 48be 2808 | 1969 8e01 | 0000 4883 | 86c0 0100 | 0001 483b | 024c 8bc2 

  0x0000018e512a6704: ;   {metadata(method data for {method} {0x0000018e0043ace8} 'defineClassSourceLocation' '(Ljava/security/ProtectionDomain;)Ljava/lang/String;' in 'java/lang/ClassLoader')}
  0x0000018e512a6704: 48be 2808 | 1969 8e01 | 0000 4883 | 86f8 0100 

  0x0000018e512a6714: ;   {metadata(method data for {method} {0x0000018e0001a7c0} 'toString' '()Ljava/lang/String;' in 'java/net/URL')}
  0x0000018e512a6714: 0001 49b8 | 0882 1869 | 8e01 0000 | 418b b0cc | 0000 0083 | c602 4189 | b0cc 0000 | 0081 e6fe 
  0x0000018e512a6734: ff1f 0085 | f60f 8404 | 0200 004c 

  0x0000018e512a6740: ;   {metadata(method data for {method} {0x0000018e0001a7c0} 'toString' '()Ljava/lang/String;' in 'java/net/URL')}
  0x0000018e512a6740: 8bc2 48be | 0882 1869 | 8e01 0000 | 4883 8610 | 0100 0001 

  0x0000018e512a6754: ;   {metadata(method data for {method} {0x0000018e0042e900} 'toExternalForm' '()Ljava/lang/String;' in 'java/net/URL')}
  0x0000018e512a6754: 49b8 00e1 | 1369 8e01 | 0000 418b | b0cc 0000 | 0083 c602 | 4189 b0cc | 0000 0081 | e6fe ff1f 
  0x0000018e512a6774: 0085 f60f | 84e7 0100 | 008b 7238 | 48c1 e603 

  0x0000018e512a6784: ; implicit exception: dispatches to 0x0000018e512a6985
  0x0000018e512a6784: 483b 064c 

  0x0000018e512a6788: ;   {metadata(method data for {method} {0x0000018e0042e900} 'toExternalForm' '()Ljava/lang/String;' in 'java/net/URL')}
  0x0000018e512a6788: 8bc6 48bf | 00e1 1369 | 8e01 0000 | 458b 4008 | 49ba 0000 | 0000 8e01 | 0000 4d03 | c24c 3b87 
  0x0000018e512a67a8: 2001 0000 | 750d 4883 | 8728 0100 | 0001 e960 | 0000 004c | 3b87 3001 | 0000 750d | 4883 8738 
  0x0000018e512a67c8: 0100 0001 | e94a 0000 | 0048 83bf | 2001 0000 | 0075 174c | 8987 2001 | 0000 48c7 | 8728 0100 
  0x0000018e512a67e8: 0001 0000 | 00e9 2900 | 0000 4883 | bf30 0100 | 0000 7517 | 4c89 8730 | 0100 0048 | c787 3801 
  0x0000018e512a6808: 0000 0100 | 0000 e908 | 0000 0048 | 8387 1001 | 0000 014c | 8bc2 488b | d666 0f1f 

  0x0000018e512a6824: ;   {optimized virtual_call}
  0x0000018e512a6824: 4400 00e8 

  0x0000018e512a6828: ; ImmutableOopMap {[120]=Oop [128]=Oop [136]=Oop [152]=Oop }
                      ;*invokevirtual toExternalForm {reexecute=0 rethrow=0 return_oop=0}
                      ; - java.net.URL::toExternalForm@5 (line 1203)
                      ; - java.net.URL::toString@1 (line 1189)
                      ; - java.lang.ClassLoader::defineClassSourceLocation@22 (line 927)
                      ; - java.lang.ClassLoader::defineClass@12 (line 1026)
  0x0000018e512a6828: 74df f4ff 

  0x0000018e512a682c: ;   {other}
  0x0000018e512a682c: 0f1f 8400 | 1c05 0001 | 488b d848 | 8b84 2498 | 0000 008b | b424 9400 | 0000 8bbc | 2490 0000 
  0x0000018e512a684c: 004c 8b8c | 2488 0000 | 004c 8b84 | 2480 0000 | 0048 8b54 

  0x0000018e512a6860: ;   {metadata(method data for {method} {0x0000018e0043b000} 'defineClass' '(Ljava/lang/String;[BIILjava/security/ProtectionDomain;)Ljava/lang/Class;' in 'java/lang/ClassLoader')}
  0x0000018e512a6860: 2478 48b9 | 6004 1969 | 8e01 0000 | 4883 8180 | 0100 0001 | 4c8b da49 | 8bd3 488b | c848 891c 
  0x0000018e512a6880: 2466 0f1f 

  0x0000018e512a6884: ;   {static_call}
  0x0000018e512a6884: 4400 00e8 

  0x0000018e512a6888: ; ImmutableOopMap {[120]=Oop [152]=Oop }
                      ;*invokestatic defineClass1 {reexecute=0 rethrow=0 return_oop=0}
                      ; - java.lang.ClassLoader::defineClass@27 (line 1027)
  0x0000018e512a6888: d44a a207 

  0x0000018e512a688c: ;   {other}
  0x0000018e512a688c: 0f1f 8400 | 7c05 0002 | 488b 5424 

  0x0000018e512a6898: ;   {metadata(method data for {method} {0x0000018e0043b000} 'defineClass' '(Ljava/lang/String;[BIILjava/security/ProtectionDomain;)Ljava/lang/Class;' in 'java/lang/ClassLoader')}
  0x0000018e512a6898: 7849 b860 | 0419 698e | 0100 0049 | 8380 9001 | 0000 014c | 8bc0 4c8b | 8c24 9800 | 0000 488b 
  0x0000018e512a68b8: 5424 7848 | 8984 24a0 | 0000 000f 

  0x0000018e512a68c4: ;   {optimized virtual_call}
  0x0000018e512a68c4: 1f40 00e8 

  0x0000018e512a68c8: ; ImmutableOopMap {[160]=Oop }
                      ;*invokevirtual postDefineClass {reexecute=0 rethrow=0 return_oop=0}
                      ; - java.lang.ClassLoader::defineClass@37 (line 1028)
  0x0000018e512a68c8: d440 0300 

  0x0000018e512a68cc: ;   {other}
  0x0000018e512a68cc: 0f1f 8400 | bc05 0003 | 488b 8424 | a000 0000 | 4881 c4b0 | 0000 005d 

  0x0000018e512a68e4: ;   {poll_return}
  0x0000018e512a68e4: 493b a748 | 0400 000f | 8799 0000 

  0x0000018e512a68f0: ;   {metadata({method} {0x0000018e0043b000} 'defineClass' '(Ljava/lang/String;[BIILjava/security/ProtectionDomain;)Ljava/lang/Class;' in 'java/lang/ClassLoader')}
  0x0000018e512a68f0: 00c3 49ba | f8af 4300 | 8e01 0000 | 4c89 5424 | 0848 c704 | 24ff ffff 

  0x0000018e512a6908: ;   {runtime_call counter_overflow Runtime1 stub}
  0x0000018e512a6908: ffe8 723a 

  0x0000018e512a690c: ; ImmutableOopMap {rdx=Oop r8=Oop r9=Oop rcx=Oop [120]=Oop }
                      ;*synchronization entry
                      ; - java.lang.ClassLoader::defineClass@-1 (line 1025)
  0x0000018e512a690c: 3e07 e977 

  0x0000018e512a6910: ;   {metadata({method} {0x0000018e0043ace8} 'defineClassSourceLocation' '(Ljava/security/ProtectionDomain;)Ljava/lang/String;' in 'java/lang/ClassLoader')}
  0x0000018e512a6910: fcff ff49 | bae0 ac43 | 008e 0100 | 004c 8954 | 2408 48c7 | 0424 ffff 

  0x0000018e512a6928: ;   {runtime_call counter_overflow Runtime1 stub}
  0x0000018e512a6928: ffff e851 

  0x0000018e512a692c: ; ImmutableOopMap {rax=Oop [120]=Oop [128]=Oop [136]=Oop [152]=Oop }
                      ;*synchronization entry
                      ; - java.lang.ClassLoader::defineClassSourceLocation@-1 (line 924)
                      ; - java.lang.ClassLoader::defineClass@12 (line 1026)
  0x0000018e512a692c: 3a3e 07e9 | f0fc ffff 

  0x0000018e512a6934: ;   {runtime_call throw_null_pointer_exception Runtime1 stub}
  0x0000018e512a6934: e8e7 d73d 

  0x0000018e512a6938: ; ImmutableOopMap {rax=Oop [120]=Oop [128]=Oop [136]=Oop [152]=Oop }
                      ;*invokevirtual getCodeSource {reexecute=0 rethrow=0 return_oop=0}
                      ; - java.lang.ClassLoader::defineClassSourceLocation@1 (line 924)
                      ; - java.lang.ClassLoader::defineClass@12 (line 1026)
                      ;   {runtime_call throw_null_pointer_exception Runtime1 stub}
  0x0000018e512a6938: 07e8 e2d7 

  0x0000018e512a693c: ; ImmutableOopMap {rax=Oop r8=Oop [120]=Oop [128]=Oop [136]=Oop [152]=Oop }
                      ;*invokevirtual getLocation {reexecute=0 rethrow=0 return_oop=0}
                      ; - java.lang.ClassLoader::defineClassSourceLocation@12 (line 926)
                      ; - java.lang.ClassLoader::defineClass@12 (line 1026)
                      ;   {runtime_call throw_null_pointer_exception Runtime1 stub}
  0x0000018e512a693c: 3d07 e8dd 

  0x0000018e512a6940: ; ImmutableOopMap {rdx=Oop [120]=Oop [128]=Oop [136]=Oop [152]=Oop }
                      ;*invokevirtual toString {reexecute=0 rethrow=0 return_oop=0}
                      ; - java.lang.ClassLoader::defineClassSourceLocation@22 (line 927)
                      ; - java.lang.ClassLoader::defineClass@12 (line 1026)
                      ;   {metadata({method} {0x0000018e0001a7c0} 'toString' '()Ljava/lang/String;' in 'java/net/URL')}
  0x0000018e512a6940: d73d 0749 | bab8 a701 | 008e 0100 | 004c 8954 | 2408 48c7 | 0424 ffff 

  0x0000018e512a6958: ;   {runtime_call counter_overflow Runtime1 stub}
  0x0000018e512a6958: ffff e821 

  0x0000018e512a695c: ; ImmutableOopMap {rdx=Oop [120]=Oop [128]=Oop [136]=Oop [152]=Oop }
                      ;*synchronization entry
                      ; - java.net.URL::toString@-1 (line 1189)
                      ; - java.lang.ClassLoader::defineClassSourceLocation@22 (line 927)
                      ; - java.lang.ClassLoader::defineClass@12 (line 1026)
  0x0000018e512a695c: 3a3e 07e9 | dbfd ffff 

  0x0000018e512a6964: ;   {metadata({method} {0x0000018e0042e900} 'toExternalForm' '()Ljava/lang/String;' in 'java/net/URL')}
  0x0000018e512a6964: 49ba f8e8 | 4200 8e01 | 0000 4c89 | 5424 0848 | c704 24ff 

  0x0000018e512a6978: ;   {runtime_call counter_overflow Runtime1 stub}
  0x0000018e512a6978: ffff ffe8 

  0x0000018e512a697c: ; ImmutableOopMap {rdx=Oop [120]=Oop [128]=Oop [136]=Oop [152]=Oop }
                      ;*synchronization entry
                      ; - java.net.URL::toExternalForm@-1 (line 1203)
                      ; - java.net.URL::toString@1 (line 1189)
                      ; - java.lang.ClassLoader::defineClassSourceLocation@22 (line 927)
                      ; - java.lang.ClassLoader::defineClass@12 (line 1026)
  0x0000018e512a697c: 003a 3e07 | e9f8 fdff 

  0x0000018e512a6984: ;   {runtime_call throw_null_pointer_exception Runtime1 stub}
  0x0000018e512a6984: ffe8 96d7 

  0x0000018e512a6988: ; ImmutableOopMap {rdx=Oop rsi=Oop [120]=Oop [128]=Oop [136]=Oop [152]=Oop }
                      ;*invokevirtual toExternalForm {reexecute=0 rethrow=0 return_oop=0}
                      ; - java.net.URL::toExternalForm@5 (line 1203)
                      ; - java.net.URL::toString@1 (line 1189)
                      ; - java.lang.ClassLoader::defineClassSourceLocation@22 (line 927)
                      ; - java.lang.ClassLoader::defineClass@12 (line 1026)
                      ;   {internal_word}
  0x0000018e512a6988: 3d07 49ba | e468 2a51 | 8e01 0000 | 4d89 9760 

  0x0000018e512a6998: ;   {runtime_call SafepointBlob}
  0x0000018e512a6998: 0400 00e9 | e001 3007 | 498b 87f8 | 0400 0049 | c787 f804 | 0000 0000 | 0000 49c7 | 8700 0500 
  0x0000018e512a69b8: 0000 0000 | 0048 81c4 | b000 0000 

  0x0000018e512a69c4: ;   {runtime_call unwind_exception Runtime1 stub}
  0x0000018e512a69c4: 5de9 36c8 | 3d07 f4f4 | f4f4 f4f4 
[Stub Code]
  0x0000018e512a69d0: ;   {no_reloc}
  0x0000018e512a69d0: 0f1f 4400 

  0x0000018e512a69d4: ;   {static_stub}
  0x0000018e512a69d4: 0048 bb00 | 0000 0000 

  0x0000018e512a69dc: ;   {runtime_call}
  0x0000018e512a69dc: 0000 00e9 | fbff ffff 

  0x0000018e512a69e4: ;   {static_stub}
  0x0000018e512a69e4: 48bb 0000 | 0000 0000 

  0x0000018e512a69ec: ;   {runtime_call}
  0x0000018e512a69ec: 0000 e9fb 

  0x0000018e512a69f0: ;   {static_stub}
  0x0000018e512a69f0: ffff ff48 | bb00 0000 | 0000 0000 

  0x0000018e512a69fc: ;   {runtime_call}
  0x0000018e512a69fc: 00e9 fbff 

  0x0000018e512a6a00: ;   {static_stub}
  0x0000018e512a6a00: ffff 48bb | 20ac 4300 | 8e01 0000 

  0x0000018e512a6a0c: ;   {runtime_call I2C/C2I adapters}
  0x0000018e512a6a0c: e97a 462f 

  0x0000018e512a6a10: ;   {runtime_call handle_exception_from_callee Runtime1 stub}
  0x0000018e512a6a10: 07e8 eafc 

  0x0000018e512a6a14: ;   {external_word}
  0x0000018e512a6a14: 3d07 48b9 | a046 f5ad | fb7f 0000 | 4883 e4f0 

  0x0000018e512a6a24: ;   {runtime_call}
  0x0000018e512a6a24: 48b8 b028 | bdad fb7f | 0000 ffd0 

  0x0000018e512a6a30: ;   {section_word}
  0x0000018e512a6a30: f449 ba31 | 6a2a 518e | 0100 0041 

  0x0000018e512a6a3c: ;   {runtime_call DeoptimizationBlob}
  0x0000018e512a6a3c: 52e9 de15 | 3007 f4f4 | f4f4 f4f4 
[/MachCode]


Compiled method (c1)   12120  967       3       java.security.SecureClassLoader::defineClass (16 bytes)
 total in heap  [0x0000018e512d9990,0x0000018e512d9d90] = 1024
 relocation     [0x0000018e512d9af0,0x0000018e512d9b40] = 80
 main code      [0x0000018e512d9b40,0x0000018e512d9c98] = 344
 stub code      [0x0000018e512d9c98,0x0000018e512d9ce8] = 80
 metadata       [0x0000018e512d9ce8,0x0000018e512d9cf0] = 8
 scopes data    [0x0000018e512d9cf0,0x0000018e512d9d38] = 72
 scopes pcs     [0x0000018e512d9d38,0x0000018e512d9d88] = 80
 dependencies   [0x0000018e512d9d88,0x0000018e512d9d90] = 8

[Constant Pool (empty)]

[MachCode]
[Entry Point]
  # {method} {0x0000018e0004d398} 'defineClass' '(Ljava/lang/String;[BIILjava/security/CodeSource;)Ljava/lang/Class;' in 'java/security/SecureClassLoader'
  # this:     rdx:rdx   = 'java/security/SecureClassLoader'
  # parm0:    r8:r8     = 'java/lang/String'
  # parm1:    r9:r9     = '[B'
  # parm2:    rdi       = int
  # parm3:    rsi       = int
  # parm4:    rcx:rcx   = 'java/security/CodeSource'
  #           [sp+0x80]  (sp of caller)
  0x0000018e512d9b40: 448b 5208 | 49bb 0000 | 0000 8e01 | 0000 4d03 | d34c 3bd0 

  0x0000018e512d9b54: ;   {runtime_call ic_miss_stub}
  0x0000018e512d9b54: 0f85 264e | 2c07 660f | 1f44 0000 
[Verified Entry Point]
  0x0000018e512d9b60: 8984 2400 | 80ff ff55 | 4883 ec70 | 4181 7f20 | 0100 0000 

  0x0000018e512d9b74: ;   {runtime_call StubRoutines (final stubs)}
  0x0000018e512d9b74: 7405 e805 

  0x0000018e512d9b78: ;   {metadata(method data for {method} {0x0000018e0004d398} 'defineClass' '(Ljava/lang/String;[BIILjava/security/CodeSource;)Ljava/lang/Class;' in 'java/security/SecureClassLoader')}
  0x0000018e512d9b78: c22a 0748 | bbd8 5f1a | 698e 0100 | 008b 83cc | 0000 0083 | c002 8983 | cc00 0000 | 25fe 0700 
  0x0000018e512d9b98: 0085 c00f | 8496 0000 | 0089 7424 | 5c89 7c24 | 584c 894c | 2450 4c89 | 4424 4848 

  0x0000018e512d9bb4: ;   {metadata(method data for {method} {0x0000018e0004d398} 'defineClass' '(Ljava/lang/String;[BIILjava/security/CodeSource;)Ljava/lang/Class;' in 'java/security/SecureClassLoader')}
  0x0000018e512d9bb4: 8bda 48b8 | d85f 1a69 | 8e01 0000 | 4883 8010 | 0100 0001 | 4c8b c148 | 8bc2 488b | d048 8944 
  0x0000018e512d9bd4: ;   {optimized virtual_call}
  0x0000018e512d9bd4: 2440 90e8 

  0x0000018e512d9bd8: ; ImmutableOopMap {[64]=Oop [72]=Oop [80]=Oop }
                      ;*invokevirtual getProtectionDomain {reexecute=0 rethrow=0 return_oop=0}
                      ; - java.security.SecureClassLoader::defineClass@9 (line 150)
  0x0000018e512d9bd8: 4448 fcff 

  0x0000018e512d9bdc: ;   {other}
  0x0000018e512d9bdc: 0f1f 8400 | 4c02 0000 | 488b 5424 

  0x0000018e512d9be8: ;   {metadata(method data for {method} {0x0000018e0004d398} 'defineClass' '(Ljava/lang/String;[BIILjava/security/CodeSource;)Ljava/lang/Class;' in 'java/security/SecureClassLoader')}
  0x0000018e512d9be8: 4049 b8d8 | 5f1a 698e | 0100 0049 | 8380 4801 | 0000 014c | 8b44 2448 | 4c8b 4c24 | 508b 7c24 
  0x0000018e512d9c08: 588b 7424 | 5c48 8bc8 | 488b 5424 

  0x0000018e512d9c14: ;   {optimized virtual_call}
  0x0000018e512d9c14: 4066 90e8 

  0x0000018e512d9c18: ; ImmutableOopMap {}
                      ;*invokevirtual defineClass {reexecute=0 rethrow=0 return_oop=0}
                      ; - java.security.SecureClassLoader::defineClass@12 (line 150)
  0x0000018e512d9c18: 24c9 fcff 

  0x0000018e512d9c1c: ;   {other}
  0x0000018e512d9c1c: 0f1f 8400 | 8c02 0001 | 4883 c470 

  0x0000018e512d9c28: ;   {poll_return}
  0x0000018e512d9c28: 5d49 3ba7 | 4804 0000 | 0f87 2200 

  0x0000018e512d9c34: ;   {metadata({method} {0x0000018e0004d398} 'defineClass' '(Ljava/lang/String;[BIILjava/security/CodeSource;)Ljava/lang/Class;' in 'java/security/SecureClassLoader')}
  0x0000018e512d9c34: 0000 c349 | ba90 d304 | 008e 0100 | 004c 8954 | 2408 48c7 | 0424 ffff 

  0x0000018e512d9c4c: ;   {runtime_call counter_overflow Runtime1 stub}
  0x0000018e512d9c4c: ffff e82d 

  0x0000018e512d9c50: ; ImmutableOopMap {rdx=Oop r8=Oop r9=Oop rcx=Oop }
                      ;*synchronization entry
                      ; - java.security.SecureClassLoader::defineClass@-1 (line 150)
  0x0000018e512d9c50: 073b 07e9 | 49ff ffff 

  0x0000018e512d9c58: ;   {internal_word}
  0x0000018e512d9c58: 49ba 299c | 2d51 8e01 | 0000 4d89 | 9760 0400 

  0x0000018e512d9c68: ;   {runtime_call SafepointBlob}
  0x0000018e512d9c68: 00e9 12cf | 2c07 498b | 87f8 0400 | 0049 c787 | f804 0000 | 0000 0000 | 49c7 8700 | 0500 0000 
  0x0000018e512d9c88: 0000 0048 | 83c4 705d 

  0x0000018e512d9c90: ;   {runtime_call unwind_exception Runtime1 stub}
  0x0000018e512d9c90: e96b 953a | 07f4 f4f4 
[Stub Code]
  0x0000018e512d9c98: ;   {no_reloc}
  0x0000018e512d9c98: 48bb 0000 | 0000 0000 

  0x0000018e512d9ca0: ;   {runtime_call}
  0x0000018e512d9ca0: 0000 e9fb 

  0x0000018e512d9ca4: ;   {static_stub}
  0x0000018e512d9ca4: ffff ff48 | bb00 0000 | 0000 0000 

  0x0000018e512d9cb0: ;   {runtime_call}
  0x0000018e512d9cb0: 00e9 fbff 

  0x0000018e512d9cb4: ;   {runtime_call handle_exception_from_callee Runtime1 stub}
  0x0000018e512d9cb4: ffff e845 

  0x0000018e512d9cb8: ;   {external_word}
  0x0000018e512d9cb8: ca3a 0748 | b9a0 46f5 | adfb 7f00 | 0048 83e4 

  0x0000018e512d9cc8: ;   {runtime_call}
  0x0000018e512d9cc8: f048 b8b0 | 28bd adfb | 7f00 00ff 

  0x0000018e512d9cd4: ;   {section_word}
  0x0000018e512d9cd4: d0f4 49ba | d69c 2d51 | 8e01 0000 

  0x0000018e512d9ce0: ;   {runtime_call DeoptimizationBlob}
  0x0000018e512d9ce0: 4152 e939 | e32c 07f4 
[/MachCode]


---------------  P R O C E S S  ---------------

Threads class SMR info:
_java_thread_list=0x0000018e6e809fc0, length=15, elements={
0x0000018e4698e830, 0x0000018e6888f9f0, 0x0000018e68894260, 0x0000018e68895bc0,
0x0000018e68898420, 0x0000018e6889db90, 0x0000018e688a1210, 0x0000018e688a1ba0,
0x0000018e688a2240, 0x0000018e68a4af60, 0x0000018e68a4d790, 0x0000018e68a76ec0,
0x0000018e68a77560, 0x0000018e6da5a8d0, 0x0000018e6d8c1700
}

Java Threads: ( => current thread )
=>0x0000018e4698e830 JavaThread "main"                              [_thread_in_vm, id=17240, stack(0x0000000fffa00000,0x0000000fffb00000) (1024K)]
  0x0000018e6888f9f0 JavaThread "Reference Handler"          daemon [_thread_blocked, id=6096, stack(0x0000000f80200000,0x0000000f80300000) (1024K)]
  0x0000018e68894260 JavaThread "Finalizer"                  daemon [_thread_blocked, id=22884, stack(0x0000000f80300000,0x0000000f80400000) (1024K)]
  0x0000018e68895bc0 JavaThread "Signal Dispatcher"          daemon [_thread_blocked, id=21256, stack(0x0000000f80400000,0x0000000f80500000) (1024K)]
  0x0000018e68898420 JavaThread "Attach Listener"            daemon [_thread_blocked, id=7812, stack(0x0000000f80500000,0x0000000f80600000) (1024K)]
  0x0000018e6889db90 JavaThread "Service Thread"             daemon [_thread_blocked, id=5780, stack(0x0000000f80600000,0x0000000f80700000) (1024K)]
  0x0000018e688a1210 JavaThread "Monitor Deflation Thread"   daemon [_thread_blocked, id=22872, stack(0x0000000f80700000,0x0000000f80800000) (1024K)]
  0x0000018e688a1ba0 JavaThread "C2 CompilerThread0"         daemon [_thread_blocked, id=12576, stack(0x0000000f80800000,0x0000000f80900000) (1024K)]
  0x0000018e688a2240 JavaThread "C1 CompilerThread0"         daemon [_thread_blocked, id=11356, stack(0x0000000f80900000,0x0000000f80a00000) (1024K)]
  0x0000018e68a4af60 JavaThread "Notification Thread"        daemon [_thread_blocked, id=9828, stack(0x0000000f80a00000,0x0000000f80b00000) (1024K)]
  0x0000018e68a4d790 JavaThread "Common-Cleaner"             daemon [_thread_blocked, id=7660, stack(0x0000000f80b00000,0x0000000f80c00000) (1024K)]
  0x0000018e68a76ec0 JavaThread "C1 CompilerThread1"         daemon [_thread_blocked, id=6172, stack(0x0000000f80c00000,0x0000000f80d00000) (1024K)]
  0x0000018e68a77560 JavaThread "C1 CompilerThread2"         daemon [_thread_blocked, id=7060, stack(0x0000000f80d00000,0x0000000f80e00000) (1024K)]
  0x0000018e6da5a8d0 JavaThread "C1 CompilerThread3"         daemon [_thread_blocked, id=6444, stack(0x0000000f81000000,0x0000000f81100000) (1024K)]
  0x0000018e6d8c1700 JavaThread "C2 CompilerThread1"         daemon [_thread_blocked, id=23312, stack(0x0000000f81100000,0x0000000f81200000) (1024K)]
Total: 15

Other Threads:
  0x0000018e68874c60 VMThread "VM Thread"                           [id=5844, stack(0x0000000f80100000,0x0000000f80200000) (1024K)]
  0x0000018e68861cf0 WatcherThread "VM Periodic Task Thread"        [id=22840, stack(0x0000000f80000000,0x0000000f80100000) (1024K)]
  0x0000018e48ce1bd0 WorkerThread "GC Thread#0"                     [id=20220, stack(0x0000000fffb00000,0x0000000fffc00000) (1024K)]
  0x0000018e6da16950 WorkerThread "GC Thread#1"                     [id=22524, stack(0x0000000f81600000,0x0000000f81700000) (1024K)]
  0x0000018e6d417b60 WorkerThread "GC Thread#2"                     [id=19896, stack(0x0000000f81700000,0x0000000f81800000) (1024K)]
  0x0000018e6d9debb0 WorkerThread "GC Thread#3"                     [id=11116, stack(0x0000000f81800000,0x0000000f81900000) (1024K)]
  0x0000018e6d417f00 WorkerThread "GC Thread#4"                     [id=23452, stack(0x0000000f81900000,0x0000000f81a00000) (1024K)]
  0x0000018e6d4182a0 WorkerThread "GC Thread#5"                     [id=6140, stack(0x0000000f81a00000,0x0000000f81b00000) (1024K)]
  0x0000018e6da1ed00 WorkerThread "GC Thread#6"                     [id=19372, stack(0x0000000f81b00000,0x0000000f81c00000) (1024K)]
  0x0000018e6da1f0a0 WorkerThread "GC Thread#7"                     [id=17548, stack(0x0000000f81c00000,0x0000000f81d00000) (1024K)]
  0x0000018e6da1f440 WorkerThread "GC Thread#8"                     [id=17608, stack(0x0000000f81d00000,0x0000000f81e00000) (1024K)]
  0x0000018e6d9d7f20 WorkerThread "GC Thread#9"                     [id=27496, stack(0x0000000f80e00000,0x0000000f80f00000) (1024K)]
  0x0000018e6d9d7440 WorkerThread "GC Thread#10"                    [id=22628, stack(0x0000000f80f00000,0x0000000f81000000) (1024K)]
  0x0000018e48cf2f10 ConcurrentGCThread "G1 Main Marker"            [id=10704, stack(0x0000000fffc00000,0x0000000fffd00000) (1024K)]
  0x0000018e48cf3bc0 WorkerThread "G1 Conc#0"                       [id=15464, stack(0x0000000fffd00000,0x0000000fffe00000) (1024K)]
  0x0000018e68735210 ConcurrentGCThread "G1 Refine#0"               [id=9436, stack(0x0000000fffe00000,0x0000000ffff00000) (1024K)]
  0x0000018e687357a0 ConcurrentGCThread "G1 Service"                [id=18248, stack(0x0000000ffff00000,0x0000001000000000) (1024K)]
Total: 17

Threads with active compile tasks:
Total: 0

VM state: not at safepoint (normal execution)

VM Mutex/Monitor currently owned by a thread:  ([mutex/lock_event])
[0x00007ffbae1ebe18] Metaspace_lock - owner thread: 0x0000018e4698e830

Heap address: 0x0000000704a00000, size: 4022 MB, Compressed Oops mode: Zero based, Oop shift amount: 3

CDS archive(s) mapped at: [0x0000018e00000000-0x0000018e00c90000-0x0000018e00c90000), size 13172736, SharedBaseAddress: 0x0000018e00000000, ArchiveRelocationMode: 1.
Compressed class space mapped at: 0x0000018e01000000-0x0000018e41000000, reserved size: 1073741824
Narrow klass base: 0x0000018e00000000, Narrow klass shift: 0, Narrow klass range: 0x100000000

GC Precious Log:
 CardTable entry size: 512
 Card Set container configuration: InlinePtr #cards 4 size 8 Array Of Cards #cards 16 size 48 Howl #buckets 8 coarsen threshold 3686 Howl Bitmap #cards 512 size 80 coarsen threshold 460 Card regions per heap region 1 cards per card region 4096
 CPUs: 16 total, 16 available
 Memory: 16085M
 Large Page Support: Disabled
 NUMA Support: Disabled
 Compressed Oops: Enabled (Zero based)
 Heap Region Size: 2M
 Heap Min Capacity: 8M
 Heap Initial Capacity: 252M
 Heap Max Capacity: 4022M
 Pre-touch: Disabled
 Parallel Workers: 13
 Concurrent Workers: 3
 Concurrent Refinement Workers: 13
 Periodic GC: Disabled

Heap:
 garbage-first heap   total 258048K, used 28131K [0x0000000704a00000, 0x0000000800000000)
  region size 2048K, 13 young (26624K), 1 survivors (2048K)
 Metaspace       used 14216K, committed 14400K, reserved 1114112K
  class space    used 1674K, committed 1792K, reserved 1048576K

Heap Regions: E=young(eden), S=young(survivor), O=old, HS=humongous(starts), HC=humongous(continues), CS=collection set, F=free, TAMS=top-at-mark-start, PB=parsable bottom
|   0|0x0000000704a00000, 0x0000000704c00000, 0x0000000704c00000|100%| O|  |TAMS 0x0000000704a00000| PB 0x0000000704a00000| Untracked 
|   1|0x0000000704c00000, 0x0000000704daa978, 0x0000000704e00000| 83%| O|  |TAMS 0x0000000704c00000| PB 0x0000000704c00000| Untracked 
|   2|0x0000000704e00000, 0x0000000704e00000, 0x0000000705000000|  0%| F|  |TAMS 0x0000000704e00000| PB 0x0000000704e00000| Untracked 
|   3|0x0000000705000000, 0x0000000705000000, 0x0000000705200000|  0%| F|  |TAMS 0x0000000705000000| PB 0x0000000705000000| Untracked 
|   4|0x0000000705200000, 0x0000000705200000, 0x0000000705400000|  0%| F|  |TAMS 0x0000000705200000| PB 0x0000000705200000| Untracked 
|   5|0x0000000705400000, 0x0000000705400000, 0x0000000705600000|  0%| F|  |TAMS 0x0000000705400000| PB 0x0000000705400000| Untracked 
|   6|0x0000000705600000, 0x0000000705600000, 0x0000000705800000|  0%| F|  |TAMS 0x0000000705600000| PB 0x0000000705600000| Untracked 
|   7|0x0000000705800000, 0x0000000705800000, 0x0000000705a00000|  0%| F|  |TAMS 0x0000000705800000| PB 0x0000000705800000| Untracked 
|   8|0x0000000705a00000, 0x0000000705a00000, 0x0000000705c00000|  0%| F|  |TAMS 0x0000000705a00000| PB 0x0000000705a00000| Untracked 
|   9|0x0000000705c00000, 0x0000000705c00000, 0x0000000705e00000|  0%| F|  |TAMS 0x0000000705c00000| PB 0x0000000705c00000| Untracked 
|  10|0x0000000705e00000, 0x0000000705e00000, 0x0000000706000000|  0%| F|  |TAMS 0x0000000705e00000| PB 0x0000000705e00000| Untracked 
|  11|0x0000000706000000, 0x0000000706000000, 0x0000000706200000|  0%| F|  |TAMS 0x0000000706000000| PB 0x0000000706000000| Untracked 
|  12|0x0000000706200000, 0x0000000706200000, 0x0000000706400000|  0%| F|  |TAMS 0x0000000706200000| PB 0x0000000706200000| Untracked 
|  13|0x0000000706400000, 0x0000000706400000, 0x0000000706600000|  0%| F|  |TAMS 0x0000000706400000| PB 0x0000000706400000| Untracked 
|  14|0x0000000706600000, 0x0000000706600000, 0x0000000706800000|  0%| F|  |TAMS 0x0000000706600000| PB 0x0000000706600000| Untracked 
|  15|0x0000000706800000, 0x0000000706800000, 0x0000000706a00000|  0%| F|  |TAMS 0x0000000706800000| PB 0x0000000706800000| Untracked 
|  16|0x0000000706a00000, 0x0000000706a00000, 0x0000000706c00000|  0%| F|  |TAMS 0x0000000706a00000| PB 0x0000000706a00000| Untracked 
|  17|0x0000000706c00000, 0x0000000706c00000, 0x0000000706e00000|  0%| F|  |TAMS 0x0000000706c00000| PB 0x0000000706c00000| Untracked 
|  18|0x0000000706e00000, 0x0000000706e00000, 0x0000000707000000|  0%| F|  |TAMS 0x0000000706e00000| PB 0x0000000706e00000| Untracked 
|  19|0x0000000707000000, 0x0000000707000000, 0x0000000707200000|  0%| F|  |TAMS 0x0000000707000000| PB 0x0000000707000000| Untracked 
|  20|0x0000000707200000, 0x0000000707200000, 0x0000000707400000|  0%| F|  |TAMS 0x0000000707200000| PB 0x0000000707200000| Untracked 
|  21|0x0000000707400000, 0x0000000707400000, 0x0000000707600000|  0%| F|  |TAMS 0x0000000707400000| PB 0x0000000707400000| Untracked 
|  22|0x0000000707600000, 0x0000000707600000, 0x0000000707800000|  0%| F|  |TAMS 0x0000000707600000| PB 0x0000000707600000| Untracked 
|  23|0x0000000707800000, 0x0000000707800000, 0x0000000707a00000|  0%| F|  |TAMS 0x0000000707800000| PB 0x0000000707800000| Untracked 
|  24|0x0000000707a00000, 0x0000000707a00000, 0x0000000707c00000|  0%| F|  |TAMS 0x0000000707a00000| PB 0x0000000707a00000| Untracked 
|  25|0x0000000707c00000, 0x0000000707c00000, 0x0000000707e00000|  0%| F|  |TAMS 0x0000000707c00000| PB 0x0000000707c00000| Untracked 
|  26|0x0000000707e00000, 0x0000000707e00000, 0x0000000708000000|  0%| F|  |TAMS 0x0000000707e00000| PB 0x0000000707e00000| Untracked 
|  27|0x0000000708000000, 0x0000000708000000, 0x0000000708200000|  0%| F|  |TAMS 0x0000000708000000| PB 0x0000000708000000| Untracked 
|  28|0x0000000708200000, 0x0000000708200000, 0x0000000708400000|  0%| F|  |TAMS 0x0000000708200000| PB 0x0000000708200000| Untracked 
|  29|0x0000000708400000, 0x0000000708400000, 0x0000000708600000|  0%| F|  |TAMS 0x0000000708400000| PB 0x0000000708400000| Untracked 
|  30|0x0000000708600000, 0x0000000708600000, 0x0000000708800000|  0%| F|  |TAMS 0x0000000708600000| PB 0x0000000708600000| Untracked 
|  31|0x0000000708800000, 0x0000000708800000, 0x0000000708a00000|  0%| F|  |TAMS 0x0000000708800000| PB 0x0000000708800000| Untracked 
|  32|0x0000000708a00000, 0x0000000708a00000, 0x0000000708c00000|  0%| F|  |TAMS 0x0000000708a00000| PB 0x0000000708a00000| Untracked 
|  33|0x0000000708c00000, 0x0000000708c00000, 0x0000000708e00000|  0%| F|  |TAMS 0x0000000708c00000| PB 0x0000000708c00000| Untracked 
|  34|0x0000000708e00000, 0x0000000708e00000, 0x0000000709000000|  0%| F|  |TAMS 0x0000000708e00000| PB 0x0000000708e00000| Untracked 
|  35|0x0000000709000000, 0x0000000709000000, 0x0000000709200000|  0%| F|  |TAMS 0x0000000709000000| PB 0x0000000709000000| Untracked 
|  36|0x0000000709200000, 0x0000000709200000, 0x0000000709400000|  0%| F|  |TAMS 0x0000000709200000| PB 0x0000000709200000| Untracked 
|  37|0x0000000709400000, 0x0000000709400000, 0x0000000709600000|  0%| F|  |TAMS 0x0000000709400000| PB 0x0000000709400000| Untracked 
|  38|0x0000000709600000, 0x0000000709600000, 0x0000000709800000|  0%| F|  |TAMS 0x0000000709600000| PB 0x0000000709600000| Untracked 
|  39|0x0000000709800000, 0x0000000709800000, 0x0000000709a00000|  0%| F|  |TAMS 0x0000000709800000| PB 0x0000000709800000| Untracked 
|  40|0x0000000709a00000, 0x0000000709a00000, 0x0000000709c00000|  0%| F|  |TAMS 0x0000000709a00000| PB 0x0000000709a00000| Untracked 
|  41|0x0000000709c00000, 0x0000000709c00000, 0x0000000709e00000|  0%| F|  |TAMS 0x0000000709c00000| PB 0x0000000709c00000| Untracked 
|  42|0x0000000709e00000, 0x0000000709e00000, 0x000000070a000000|  0%| F|  |TAMS 0x0000000709e00000| PB 0x0000000709e00000| Untracked 
|  43|0x000000070a000000, 0x000000070a000000, 0x000000070a200000|  0%| F|  |TAMS 0x000000070a000000| PB 0x000000070a000000| Untracked 
|  44|0x000000070a200000, 0x000000070a200000, 0x000000070a400000|  0%| F|  |TAMS 0x000000070a200000| PB 0x000000070a200000| Untracked 
|  45|0x000000070a400000, 0x000000070a400000, 0x000000070a600000|  0%| F|  |TAMS 0x000000070a400000| PB 0x000000070a400000| Untracked 
|  46|0x000000070a600000, 0x000000070a600000, 0x000000070a800000|  0%| F|  |TAMS 0x000000070a600000| PB 0x000000070a600000| Untracked 
|  47|0x000000070a800000, 0x000000070a800000, 0x000000070aa00000|  0%| F|  |TAMS 0x000000070a800000| PB 0x000000070a800000| Untracked 
|  48|0x000000070aa00000, 0x000000070aa00000, 0x000000070ac00000|  0%| F|  |TAMS 0x000000070aa00000| PB 0x000000070aa00000| Untracked 
|  49|0x000000070ac00000, 0x000000070ac00000, 0x000000070ae00000|  0%| F|  |TAMS 0x000000070ac00000| PB 0x000000070ac00000| Untracked 
|  50|0x000000070ae00000, 0x000000070ae00000, 0x000000070b000000|  0%| F|  |TAMS 0x000000070ae00000| PB 0x000000070ae00000| Untracked 
|  51|0x000000070b000000, 0x000000070b000000, 0x000000070b200000|  0%| F|  |TAMS 0x000000070b000000| PB 0x000000070b000000| Untracked 
|  52|0x000000070b200000, 0x000000070b200000, 0x000000070b400000|  0%| F|  |TAMS 0x000000070b200000| PB 0x000000070b200000| Untracked 
|  53|0x000000070b400000, 0x000000070b400000, 0x000000070b600000|  0%| F|  |TAMS 0x000000070b400000| PB 0x000000070b400000| Untracked 
|  54|0x000000070b600000, 0x000000070b600000, 0x000000070b800000|  0%| F|  |TAMS 0x000000070b600000| PB 0x000000070b600000| Untracked 
|  55|0x000000070b800000, 0x000000070b800000, 0x000000070ba00000|  0%| F|  |TAMS 0x000000070b800000| PB 0x000000070b800000| Untracked 
|  56|0x000000070ba00000, 0x000000070ba00000, 0x000000070bc00000|  0%| F|  |TAMS 0x000000070ba00000| PB 0x000000070ba00000| Untracked 
|  57|0x000000070bc00000, 0x000000070bc00000, 0x000000070be00000|  0%| F|  |TAMS 0x000000070bc00000| PB 0x000000070bc00000| Untracked 
|  58|0x000000070be00000, 0x000000070be00000, 0x000000070c000000|  0%| F|  |TAMS 0x000000070be00000| PB 0x000000070be00000| Untracked 
|  59|0x000000070c000000, 0x000000070c000000, 0x000000070c200000|  0%| F|  |TAMS 0x000000070c000000| PB 0x000000070c000000| Untracked 
|  60|0x000000070c200000, 0x000000070c200000, 0x000000070c400000|  0%| F|  |TAMS 0x000000070c200000| PB 0x000000070c200000| Untracked 
|  61|0x000000070c400000, 0x000000070c400000, 0x000000070c600000|  0%| F|  |TAMS 0x000000070c400000| PB 0x000000070c400000| Untracked 
|  62|0x000000070c600000, 0x000000070c600000, 0x000000070c800000|  0%| F|  |TAMS 0x000000070c600000| PB 0x000000070c600000| Untracked 
|  63|0x000000070c800000, 0x000000070c800000, 0x000000070ca00000|  0%| F|  |TAMS 0x000000070c800000| PB 0x000000070c800000| Untracked 
|  64|0x000000070ca00000, 0x000000070ca00000, 0x000000070cc00000|  0%| F|  |TAMS 0x000000070ca00000| PB 0x000000070ca00000| Untracked 
|  65|0x000000070cc00000, 0x000000070cc00000, 0x000000070ce00000|  0%| F|  |TAMS 0x000000070cc00000| PB 0x000000070cc00000| Untracked 
|  66|0x000000070ce00000, 0x000000070ce00000, 0x000000070d000000|  0%| F|  |TAMS 0x000000070ce00000| PB 0x000000070ce00000| Untracked 
|  67|0x000000070d000000, 0x000000070d000000, 0x000000070d200000|  0%| F|  |TAMS 0x000000070d000000| PB 0x000000070d000000| Untracked 
|  68|0x000000070d200000, 0x000000070d200000, 0x000000070d400000|  0%| F|  |TAMS 0x000000070d200000| PB 0x000000070d200000| Untracked 
|  69|0x000000070d400000, 0x000000070d400000, 0x000000070d600000|  0%| F|  |TAMS 0x000000070d400000| PB 0x000000070d400000| Untracked 
|  70|0x000000070d600000, 0x000000070d600000, 0x000000070d800000|  0%| F|  |TAMS 0x000000070d600000| PB 0x000000070d600000| Untracked 
|  71|0x000000070d800000, 0x000000070d800000, 0x000000070da00000|  0%| F|  |TAMS 0x000000070d800000| PB 0x000000070d800000| Untracked 
|  72|0x000000070da00000, 0x000000070da00000, 0x000000070dc00000|  0%| F|  |TAMS 0x000000070da00000| PB 0x000000070da00000| Untracked 
|  73|0x000000070dc00000, 0x000000070dc00000, 0x000000070de00000|  0%| F|  |TAMS 0x000000070dc00000| PB 0x000000070dc00000| Untracked 
|  74|0x000000070de00000, 0x000000070de00000, 0x000000070e000000|  0%| F|  |TAMS 0x000000070de00000| PB 0x000000070de00000| Untracked 
|  75|0x000000070e000000, 0x000000070e000000, 0x000000070e200000|  0%| F|  |TAMS 0x000000070e000000| PB 0x000000070e000000| Untracked 
|  76|0x000000070e200000, 0x000000070e200000, 0x000000070e400000|  0%| F|  |TAMS 0x000000070e200000| PB 0x000000070e200000| Untracked 
|  77|0x000000070e400000, 0x000000070e400000, 0x000000070e600000|  0%| F|  |TAMS 0x000000070e400000| PB 0x000000070e400000| Untracked 
|  78|0x000000070e600000, 0x000000070e600000, 0x000000070e800000|  0%| F|  |TAMS 0x000000070e600000| PB 0x000000070e600000| Untracked 
|  79|0x000000070e800000, 0x000000070e800000, 0x000000070ea00000|  0%| F|  |TAMS 0x000000070e800000| PB 0x000000070e800000| Untracked 
|  80|0x000000070ea00000, 0x000000070ea00000, 0x000000070ec00000|  0%| F|  |TAMS 0x000000070ea00000| PB 0x000000070ea00000| Untracked 
|  81|0x000000070ec00000, 0x000000070ec00000, 0x000000070ee00000|  0%| F|  |TAMS 0x000000070ec00000| PB 0x000000070ec00000| Untracked 
|  82|0x000000070ee00000, 0x000000070ee00000, 0x000000070f000000|  0%| F|  |TAMS 0x000000070ee00000| PB 0x000000070ee00000| Untracked 
|  83|0x000000070f000000, 0x000000070f000000, 0x000000070f200000|  0%| F|  |TAMS 0x000000070f000000| PB 0x000000070f000000| Untracked 
|  84|0x000000070f200000, 0x000000070f200000, 0x000000070f400000|  0%| F|  |TAMS 0x000000070f200000| PB 0x000000070f200000| Untracked 
|  85|0x000000070f400000, 0x000000070f400000, 0x000000070f600000|  0%| F|  |TAMS 0x000000070f400000| PB 0x000000070f400000| Untracked 
|  86|0x000000070f600000, 0x000000070f600000, 0x000000070f800000|  0%| F|  |TAMS 0x000000070f600000| PB 0x000000070f600000| Untracked 
|  87|0x000000070f800000, 0x000000070f800000, 0x000000070fa00000|  0%| F|  |TAMS 0x000000070f800000| PB 0x000000070f800000| Untracked 
|  88|0x000000070fa00000, 0x000000070fa00000, 0x000000070fc00000|  0%| F|  |TAMS 0x000000070fa00000| PB 0x000000070fa00000| Untracked 
|  89|0x000000070fc00000, 0x000000070fc00000, 0x000000070fe00000|  0%| F|  |TAMS 0x000000070fc00000| PB 0x000000070fc00000| Untracked 
|  90|0x000000070fe00000, 0x000000070fe00000, 0x0000000710000000|  0%| F|  |TAMS 0x000000070fe00000| PB 0x000000070fe00000| Untracked 
|  91|0x0000000710000000, 0x0000000710000000, 0x0000000710200000|  0%| F|  |TAMS 0x0000000710000000| PB 0x0000000710000000| Untracked 
|  92|0x0000000710200000, 0x0000000710200000, 0x0000000710400000|  0%| F|  |TAMS 0x0000000710200000| PB 0x0000000710200000| Untracked 
|  93|0x0000000710400000, 0x0000000710400000, 0x0000000710600000|  0%| F|  |TAMS 0x0000000710400000| PB 0x0000000710400000| Untracked 
|  94|0x0000000710600000, 0x0000000710600000, 0x0000000710800000|  0%| F|  |TAMS 0x0000000710600000| PB 0x0000000710600000| Untracked 
|  95|0x0000000710800000, 0x0000000710800000, 0x0000000710a00000|  0%| F|  |TAMS 0x0000000710800000| PB 0x0000000710800000| Untracked 
|  96|0x0000000710a00000, 0x0000000710a00000, 0x0000000710c00000|  0%| F|  |TAMS 0x0000000710a00000| PB 0x0000000710a00000| Untracked 
|  97|0x0000000710c00000, 0x0000000710c00000, 0x0000000710e00000|  0%| F|  |TAMS 0x0000000710c00000| PB 0x0000000710c00000| Untracked 
|  98|0x0000000710e00000, 0x0000000710e00000, 0x0000000711000000|  0%| F|  |TAMS 0x0000000710e00000| PB 0x0000000710e00000| Untracked 
|  99|0x0000000711000000, 0x0000000711000000, 0x0000000711200000|  0%| F|  |TAMS 0x0000000711000000| PB 0x0000000711000000| Untracked 
| 100|0x0000000711200000, 0x0000000711200000, 0x0000000711400000|  0%| F|  |TAMS 0x0000000711200000| PB 0x0000000711200000| Untracked 
| 101|0x0000000711400000, 0x0000000711400000, 0x0000000711600000|  0%| F|  |TAMS 0x0000000711400000| PB 0x0000000711400000| Untracked 
| 102|0x0000000711600000, 0x0000000711600000, 0x0000000711800000|  0%| F|  |TAMS 0x0000000711600000| PB 0x0000000711600000| Untracked 
| 103|0x0000000711800000, 0x0000000711800000, 0x0000000711a00000|  0%| F|  |TAMS 0x0000000711800000| PB 0x0000000711800000| Untracked 
| 104|0x0000000711a00000, 0x0000000711a00000, 0x0000000711c00000|  0%| F|  |TAMS 0x0000000711a00000| PB 0x0000000711a00000| Untracked 
| 105|0x0000000711c00000, 0x0000000711c00000, 0x0000000711e00000|  0%| F|  |TAMS 0x0000000711c00000| PB 0x0000000711c00000| Untracked 
| 106|0x0000000711e00000, 0x0000000711e00000, 0x0000000712000000|  0%| F|  |TAMS 0x0000000711e00000| PB 0x0000000711e00000| Untracked 
| 107|0x0000000712000000, 0x0000000712000000, 0x0000000712200000|  0%| F|  |TAMS 0x0000000712000000| PB 0x0000000712000000| Untracked 
| 108|0x0000000712200000, 0x00000007123ce378, 0x0000000712400000| 90%| S|CS|TAMS 0x0000000712200000| PB 0x0000000712200000| Complete 
| 109|0x0000000712400000, 0x0000000712400000, 0x0000000712600000|  0%| F|  |TAMS 0x0000000712400000| PB 0x0000000712400000| Untracked 
| 110|0x0000000712600000, 0x0000000712600000, 0x0000000712800000|  0%| F|  |TAMS 0x0000000712600000| PB 0x0000000712600000| Untracked 
| 111|0x0000000712800000, 0x0000000712800000, 0x0000000712a00000|  0%| F|  |TAMS 0x0000000712800000| PB 0x0000000712800000| Untracked 
| 112|0x0000000712a00000, 0x0000000712a00000, 0x0000000712c00000|  0%| F|  |TAMS 0x0000000712a00000| PB 0x0000000712a00000| Untracked 
| 113|0x0000000712c00000, 0x0000000712c00000, 0x0000000712e00000|  0%| F|  |TAMS 0x0000000712c00000| PB 0x0000000712c00000| Untracked 
| 114|0x0000000712e00000, 0x0000000712e9bc58, 0x0000000713000000| 30%| E|  |TAMS 0x0000000712e00000| PB 0x0000000712e00000| Complete 
| 115|0x0000000713000000, 0x0000000713200000, 0x0000000713200000|100%| E|CS|TAMS 0x0000000713000000| PB 0x0000000713000000| Complete 
| 116|0x0000000713200000, 0x0000000713400000, 0x0000000713400000|100%| E|CS|TAMS 0x0000000713200000| PB 0x0000000713200000| Complete 
| 117|0x0000000713400000, 0x0000000713600000, 0x0000000713600000|100%| E|CS|TAMS 0x0000000713400000| PB 0x0000000713400000| Complete 
| 118|0x0000000713600000, 0x0000000713800000, 0x0000000713800000|100%| E|CS|TAMS 0x0000000713600000| PB 0x0000000713600000| Complete 
| 119|0x0000000713800000, 0x0000000713a00000, 0x0000000713a00000|100%| E|CS|TAMS 0x0000000713800000| PB 0x0000000713800000| Complete 
| 120|0x0000000713a00000, 0x0000000713c00000, 0x0000000713c00000|100%| E|CS|TAMS 0x0000000713a00000| PB 0x0000000713a00000| Complete 
| 121|0x0000000713c00000, 0x0000000713e00000, 0x0000000713e00000|100%| E|CS|TAMS 0x0000000713c00000| PB 0x0000000713c00000| Complete 
| 122|0x0000000713e00000, 0x0000000714000000, 0x0000000714000000|100%| E|CS|TAMS 0x0000000713e00000| PB 0x0000000713e00000| Complete 
| 123|0x0000000714000000, 0x0000000714200000, 0x0000000714200000|100%| E|CS|TAMS 0x0000000714000000| PB 0x0000000714000000| Complete 
| 124|0x0000000714200000, 0x0000000714400000, 0x0000000714400000|100%| E|CS|TAMS 0x0000000714200000| PB 0x0000000714200000| Complete 
| 125|0x0000000714400000, 0x0000000714600000, 0x0000000714600000|100%| E|CS|TAMS 0x0000000714400000| PB 0x0000000714400000| Complete 

Card table byte_map: [0x0000018e61170000,0x0000018e61950000] _byte_map_base: 0x0000018e5d94b000

Marking Bits: (CMBitMap*) 0x0000018e48ce22d0
 Bits: [0x0000018e61950000, 0x0000018e65828000)

Polling page: 0x0000018e46bc0000

Metaspace:

Usage:
  Non-class:     12.25 MB used.
      Class:      1.63 MB used.
       Both:     13.88 MB used.

Virtual space:
  Non-class space:       64.00 MB reserved,      12.31 MB ( 19%) committed,  1 nodes.
      Class space:        1.00 GB reserved,       1.75 MB ( <1%) committed,  1 nodes.
             Both:        1.06 GB reserved,      14.06 MB (  1%) committed. 

Chunk freelists:
   Non-Class:  3.05 MB
       Class:  14.10 MB
        Both:  17.15 MB

MaxMetaspaceSize: unlimited
CompressedClassSpaceSize: 1.00 GB
Initial GC threshold: 21.00 MB
Current GC threshold: 21.00 MB
CDS: on
 - commit_granule_bytes: 65536.
 - commit_granule_words: 8192.
 - virtual_space_node_default_size: 8388608.
 - enlarge_chunks_in_place: 1.
 - use_allocation_guard: 0.


Internal statistics:

num_allocs_failed_limit: 0.
num_arena_births: 134.
num_arena_deaths: 0.
num_vsnodes_births: 2.
num_vsnodes_deaths: 0.
num_space_committed: 225.
num_space_uncommitted: 0.
num_chunks_returned_to_freelist: 0.
num_chunks_taken_from_freelist: 594.
num_chunk_merges: 0.
num_chunk_splits: 417.
num_chunks_enlarged: 347.
num_inconsistent_stats: 0.

CodeHeap 'non-profiled nmethods': size=119168Kb used=1137Kb max_used=1137Kb free=118031Kb
 bounds [0x0000018e58ca0000, 0x0000018e58f10000, 0x0000018e60100000]
CodeHeap 'profiled nmethods': size=119104Kb used=6024Kb max_used=6024Kb free=113079Kb
 bounds [0x0000018e51100000, 0x0000018e516f0000, 0x0000018e58550000]
CodeHeap 'non-nmethods': size=7488Kb used=3212Kb max_used=3238Kb free=4275Kb
 bounds [0x0000018e58550000, 0x0000018e588f0000, 0x0000018e58ca0000]
 total_blobs=3472 nmethods=2988 adapters=385
 compilation: enabled
              stopped_count=0, restarted_count=0
 full_count=0

Compilation events (20 events):
Event: 11.917 Thread 0x0000018e688a1ba0 2976       4       java.util.concurrent.ConcurrentHashMap::get (162 bytes)
Event: 11.921 Thread 0x0000018e688a1ba0 nmethod 2976 0x0000018e58dba490 code [0x0000018e58dba640, 0x0000018e58dba968]
Event: 11.921 Thread 0x0000018e688a1ba0 2972       4       java.lang.String::<init> (99 bytes)
Event: 11.928 Thread 0x0000018e688a1ba0 nmethod 2972 0x0000018e58dbac10 code [0x0000018e58dbadc0, 0x0000018e58dbb3c0]
Event: 11.928 Thread 0x0000018e688a1ba0 2975       4       java.lang.AbstractStringBuilder::isLatin1 (19 bytes)
Event: 11.928 Thread 0x0000018e688a1ba0 nmethod 2975 0x0000018e58dbb610 code [0x0000018e58dbb7a0, 0x0000018e58dbb830]
Event: 11.928 Thread 0x0000018e688a1ba0 2974       4       java.util.Arrays::copyOfRange (25 bytes)
Event: 11.931 Thread 0x0000018e688a1ba0 nmethod 2974 0x0000018e58dbb910 code [0x0000018e58dbbac0, 0x0000018e58dbbf60]
Event: 11.988 Thread 0x0000018e6da5a8d0 2984       3       java.util.Optional::ofNullable (19 bytes)
Event: 11.989 Thread 0x0000018e6da5a8d0 nmethod 2984 0x0000018e516e0810 code [0x0000018e516e09c0, 0x0000018e516e0c80]
Event: 11.989 Thread 0x0000018e68a76ec0 2985       3       java.util.ArrayList::<init> (12 bytes)
Event: 11.989 Thread 0x0000018e68a76ec0 nmethod 2985 0x0000018e516e0d90 code [0x0000018e516e0f40, 0x0000018e516e11e0]
Event: 11.991 Thread 0x0000018e6da5a8d0 2986       3       java.lang.Character::isLowSurrogate (18 bytes)
Event: 11.991 Thread 0x0000018e6da5a8d0 nmethod 2986 0x0000018e516e1310 code [0x0000018e516e14a0, 0x0000018e516e1620]
Event: 11.993 Thread 0x0000018e68a76ec0 2987       3       com.google.inject.internal.BindingImpl::getProvider (44 bytes)
Event: 11.993 Thread 0x0000018e688a2240 2988       1       com.google.inject.internal.InternalContext::getDependency (5 bytes)
Event: 11.993 Thread 0x0000018e688a2240 nmethod 2988 0x0000018e58dbc110 code [0x0000018e58dbc2a0, 0x0000018e58dbc370]
Event: 11.993 Thread 0x0000018e68a76ec0 nmethod 2987 0x0000018e516e1690 code [0x0000018e516e1860, 0x0000018e516e1b90]
Event: 11.994 Thread 0x0000018e6da5a8d0 2989       3       com.google.inject.internal.Scoping$4::acceptVisitor (10 bytes)
Event: 11.994 Thread 0x0000018e6da5a8d0 nmethod 2989 0x0000018e516e1c90 code [0x0000018e516e1e40, 0x0000018e516e2028]

GC Heap History (4 events):
Event: 6.758 GC heap before
{Heap before GC invocations=0 (full 0):
 garbage-first heap   total 258048K, used 22528K [0x0000000704a00000, 0x0000000800000000)
  region size 2048K, 11 young (22528K), 0 survivors (0K)
 Metaspace       used 5787K, committed 6016K, reserved 1114112K
  class space    used 652K, committed 768K, reserved 1048576K
}
Event: 7.385 GC heap after
{Heap after GC invocations=1 (full 0):
 garbage-first heap   total 258048K, used 3850K [0x0000000704a00000, 0x0000000800000000)
  region size 2048K, 2 young (4096K), 2 survivors (4096K)
 Metaspace       used 5787K, committed 6016K, reserved 1114112K
  class space    used 652K, committed 768K, reserved 1048576K
}
Event: 10.017 GC heap before
{Heap before GC invocations=1 (full 0):
 garbage-first heap   total 258048K, used 34570K [0x0000000704a00000, 0x0000000800000000)
  region size 2048K, 17 young (34816K), 2 survivors (4096K)
 Metaspace       used 9810K, committed 9984K, reserved 1114112K
  class space    used 1133K, committed 1216K, reserved 1048576K
}
Event: 10.022 GC heap after
{Heap after GC invocations=2 (full 0):
 garbage-first heap   total 258048K, used 5603K [0x0000000704a00000, 0x0000000800000000)
  region size 2048K, 1 young (2048K), 1 survivors (2048K)
 Metaspace       used 9810K, committed 9984K, reserved 1114112K
  class space    used 1133K, committed 1216K, reserved 1048576K
}

Dll operation events (8 events):
Event: 0.056 Loaded shared library C:\Program Files\Java\jdk-21\bin\java.dll
Event: 0.312 Loaded shared library C:\Program Files\Java\jdk-21\bin\jsvml.dll
Event: 0.370 Loaded shared library C:\Program Files\Java\jdk-21\bin\net.dll
Event: 0.462 Loaded shared library C:\Program Files\Java\jdk-21\bin\nio.dll
Event: 0.466 Loaded shared library C:\Program Files\Java\jdk-21\bin\zip.dll
Event: 4.978 Loaded shared library C:\Program Files\Java\jdk-21\bin\jimage.dll
Event: 4.988 Loaded shared library C:\Program Files\NetBeans-21\netbeans\java\maven\lib\jansi-native\Windows\x86_64\jansi.dll
Event: 5.048 Loaded shared library C:\Program Files\Java\jdk-21\bin\verify.dll

Deoptimization events (20 events):
Event: 11.768 Thread 0x0000018e4698e830 DEOPT PACKING pc=0x0000018e58d1f910 sp=0x0000000fffafe870
Event: 11.768 Thread 0x0000018e4698e830 DEOPT UNPACKING pc=0x0000018e585a7da2 sp=0x0000000fffafe6f0 mode 2
Event: 11.768 Thread 0x0000018e4698e830 Uncommon trap: trap_request=0x000000e1 fr.pc=0x0000018e58cf7e04 relative=0x00000000000000e4
Event: 11.768 Thread 0x0000018e4698e830 Uncommon trap: reason=unloaded action=reinterpret pc=0x0000018e58cf7e04 method=org.codehaus.plexus.util.xml.pull.MXParser.more()C @ 22 c2
Event: 11.769 Thread 0x0000018e4698e830 DEOPT PACKING pc=0x0000018e58cf7e04 sp=0x0000000fffafea80
Event: 11.769 Thread 0x0000018e4698e830 DEOPT UNPACKING pc=0x0000018e585a7da2 sp=0x0000000fffafea20 mode 2
Event: 11.787 Thread 0x0000018e4698e830 Uncommon trap: trap_request=0xffffff45 fr.pc=0x0000018e58cfaa18 relative=0x0000000000001e58
Event: 11.787 Thread 0x0000018e4698e830 Uncommon trap: reason=unstable_if action=reinterpret pc=0x0000018e58cfaa18 method=sun.nio.cs.StreamDecoder.implRead([CII)I @ 36 c2
Event: 11.787 Thread 0x0000018e4698e830 DEOPT PACKING pc=0x0000018e58cfaa18 sp=0x0000000fffafe850
Event: 11.787 Thread 0x0000018e4698e830 DEOPT UNPACKING pc=0x0000018e585a7da2 sp=0x0000000fffafe748 mode 2
Event: 11.986 Thread 0x0000018e4698e830 DEOPT PACKING pc=0x0000018e513cfc34 sp=0x0000000fffafe9d0
Event: 11.986 Thread 0x0000018e4698e830 DEOPT UNPACKING pc=0x0000018e585a88e2 sp=0x0000000fffafde98 mode 0
Event: 11.987 Thread 0x0000018e4698e830 Uncommon trap: trap_request=0xffffffc6 fr.pc=0x0000018e58db70f8 relative=0x0000000000003358
Event: 11.987 Thread 0x0000018e4698e830 Uncommon trap: reason=bimorphic_or_optimized_type_check action=maybe_recompile pc=0x0000018e58db70f8 method=java.net.URL.<init>(Ljava/net/URL;Ljava/lang/String;Ljava/net/URLStreamHandler;)V @ 504 c2
Event: 11.987 Thread 0x0000018e4698e830 DEOPT PACKING pc=0x0000018e58db70f8 sp=0x0000000fffafea70
Event: 11.987 Thread 0x0000018e4698e830 DEOPT UNPACKING pc=0x0000018e585a7da2 sp=0x0000000fffafe9f0 mode 2
Event: 11.990 Thread 0x0000018e4698e830 Uncommon trap: trap_request=0xffffffc6 fr.pc=0x0000018e58db70f8 relative=0x0000000000003358
Event: 11.990 Thread 0x0000018e4698e830 Uncommon trap: reason=bimorphic_or_optimized_type_check action=maybe_recompile pc=0x0000018e58db70f8 method=java.net.URL.<init>(Ljava/net/URL;Ljava/lang/String;Ljava/net/URLStreamHandler;)V @ 504 c2
Event: 11.990 Thread 0x0000018e4698e830 DEOPT PACKING pc=0x0000018e58db70f8 sp=0x0000000fffafea70
Event: 11.991 Thread 0x0000018e4698e830 DEOPT UNPACKING pc=0x0000018e585a7da2 sp=0x0000000fffafe9f0 mode 2

Classes loaded (20 events):
Event: 11.919 Loading class jdk/internal/misc/ThreadTracker
Event: 11.919 Loading class jdk/internal/misc/ThreadTracker done
Event: 11.919 Loading class jdk/internal/misc/ThreadTracker$ThreadRef
Event: 11.919 Loading class jdk/internal/misc/ThreadTracker$ThreadRef done
Event: 11.919 Loading class java/net/URL$2
Event: 11.984 Loading class java/net/URL$2 done
Event: 11.984 Loading class java/net/URL$1
Event: 11.985 Loading class java/net/URL$1 done
Event: 11.985 Loading class java/net/spi/URLStreamHandlerProvider
Event: 11.985 Loading class java/net/spi/URLStreamHandlerProvider done
Event: 11.986 Loading class sun/net/www/protocol/https/Handler
Event: 11.986 Loading class sun/net/www/protocol/http/Handler
Event: 11.986 Loading class sun/net/www/protocol/http/Handler done
Event: 11.986 Loading class sun/net/www/protocol/https/Handler done
Event: 11.990 Loading class java/util/regex/Pattern$Pos
Event: 11.990 Loading class java/util/regex/Pattern$Pos done
Event: 11.994 Loading class java/util/ArrayList$SubList$1
Event: 11.995 Loading class java/util/ArrayList$SubList$1 done
Event: 12.001 Loading class java/util/concurrent/atomic/AtomicReference
Event: 12.001 Loading class java/util/concurrent/atomic/AtomicReference done

Classes unloaded (0 events):
No events

Classes redefined (0 events):
No events

Internal exceptions (20 events):
Event: 5.994 Thread 0x0000018e4698e830 Exception <a 'java/lang/NoSuchMethodError'{0x00000007137cc500}: 'int java.lang.invoke.DirectMethodHandle$Holder.invokeStatic(java.lang.Object, java.lang.Object, java.lang.Object, java.lang.Object)'> (0x00000007137cc500) 
thrown [s\open\src\hotspot\share\interpreter\linkResolver.cpp, line 773]
Event: 5.994 Thread 0x0000018e4698e830 Exception <a 'java/lang/NoSuchMethodError'{0x00000007137cff60}: 'java.lang.Object java.lang.invoke.Invokers$Holder.invokeExact_MT(java.lang.Object, java.lang.Object, java.lang.Object, java.lang.Object, java.lang.Object, java.lang.Object)'> (0x00000007137cff60) 
thrown [s\open\src\hotspot\share\interpreter\linkResolver.cpp, line 773]
Event: 6.003 Thread 0x0000018e4698e830 Exception <a 'java/lang/NoSuchMethodError'{0x00000007137de5d0}: 'int java.lang.invoke.DirectMethodHandle$Holder.invokeSpecialIFC(java.lang.Object, java.lang.Object, java.lang.Object, java.lang.Object, java.lang.Object)'> (0x00000007137de5d0) 
thrown [s\open\src\hotspot\share\interpreter\linkResolver.cpp, line 773]
Event: 6.111 Thread 0x0000018e4698e830 Exception <a 'java/lang/NoSuchMethodError'{0x0000000713555e50}: 'java.lang.Object java.lang.invoke.DirectMethodHandle$Holder.newInvokeSpecial(java.lang.Object, java.lang.Object, java.lang.Object, java.lang.Object, java.lang.Object)'> (0x0000000713555e50) 
thrown [s\open\src\hotspot\share\interpreter\linkResolver.cpp, line 773]
Event: 6.158 Thread 0x0000018e4698e830 Exception <a 'java/lang/NoSuchMethodError'{0x000000071324b470}: 'int java.lang.invoke.DirectMethodHandle$Holder.invokeStaticInit(java.lang.Object, java.lang.Object)'> (0x000000071324b470) 
thrown [s\open\src\hotspot\share\interpreter\linkResolver.cpp, line 773]
Event: 6.269 Thread 0x0000018e4698e830 Exception <a 'java/lang/NoClassDefFoundError'{0x0000000713280f90}: javax/enterprise/inject/Typed> (0x0000000713280f90) 
thrown [s\open\src\hotspot\share\classfile\systemDictionary.cpp, line 301]
Event: 10.539 Thread 0x0000018e4698e830 Exception <a 'java/lang/NoSuchMethodError'{0x00000007140ceb58}: 'void java.lang.invoke.DirectMethodHandle$Holder.invokeStaticInit(java.lang.Object, java.lang.Object, java.lang.Object)'> (0x00000007140ceb58) 
thrown [s\open\src\hotspot\share\interpreter\linkResolver.cpp, line 773]
Event: 10.545 Thread 0x0000018e4698e830 Exception <a 'java/lang/ExceptionInInitializerError'{0x00000007140f6ae8}> (0x00000007140f6ae8) 
thrown [s\open\src\hotspot\share\oops\instanceKlass.cpp, line 1192]
Event: 10.645 Thread 0x0000018e4698e830 Exception <a 'java/lang/NoSuchMethodError'{0x00000007141fea88}: 'long java.lang.invoke.DirectMethodHandle$Holder.invokeStatic(java.lang.Object, java.lang.Object, int)'> (0x00000007141fea88) 
thrown [s\open\src\hotspot\share\interpreter\linkResolver.cpp, line 773]
Event: 10.648 Thread 0x0000018e4698e830 Exception <a 'java/lang/NoSuchMethodError'{0x0000000713e120a0}: 'java.lang.Object java.lang.invoke.DirectMethodHandle$Holder.invokeStatic(java.lang.Object, java.lang.Object, java.lang.Object, java.lang.Object, int)'> (0x0000000713e120a0) 
thrown [s\open\src\hotspot\share\interpreter\linkResolver.cpp, line 773]
Event: 10.650 Thread 0x0000018e4698e830 Exception <a 'java/lang/NoSuchMethodError'{0x0000000713e19fd8}: 'java.lang.Object java.lang.invoke.DirectMethodHandle$Holder.invokeSpecial(java.lang.Object, java.lang.Object, java.lang.Object, java.lang.Object, long)'> (0x0000000713e19fd8) 
thrown [s\open\src\hotspot\share\interpreter\linkResolver.cpp, line 773]
Event: 10.652 Thread 0x0000018e4698e830 Exception <a 'java/lang/NoSuchMethodError'{0x0000000713e258a0}: 'java.lang.Object java.lang.invoke.DirectMethodHandle$Holder.invokeSpecial(java.lang.Object, java.lang.Object, java.lang.Object, int, java.lang.Object)'> (0x0000000713e258a0) 
thrown [s\open\src\hotspot\share\interpreter\linkResolver.cpp, line 773]
Event: 10.654 Thread 0x0000018e4698e830 Exception <a 'java/lang/NoSuchMethodError'{0x0000000713e2d9e0}: 'int java.lang.invoke.DirectMethodHandle$Holder.invokeSpecial(java.lang.Object, java.lang.Object, java.lang.Object, int)'> (0x0000000713e2d9e0) 
thrown [s\open\src\hotspot\share\interpreter\linkResolver.cpp, line 773]
Event: 10.667 Thread 0x0000018e4698e830 Implicit null exception at 0x0000018e58d3a85d to 0x0000018e58d3aa68
Event: 10.671 Thread 0x0000018e4698e830 Exception <a 'java/lang/NoSuchMethodError'{0x0000000713e51b78}: 'java.lang.Object java.lang.invoke.Invokers$Holder.invokeExact_MT(java.lang.Object, int, java.lang.Object)'> (0x0000000713e51b78) 
thrown [s\open\src\hotspot\share\interpreter\linkResolver.cpp, line 773]
Event: 10.707 Thread 0x0000018e4698e830 Exception <a 'java/lang/NoSuchMethodError'{0x0000000713eccd08}: 'void java.lang.invoke.DirectMethodHandle$Holder.invokeStatic(java.lang.Object, java.lang.Object)'> (0x0000000713eccd08) 
thrown [s\open\src\hotspot\share\interpreter\linkResolver.cpp, line 773]
Event: 11.355 Thread 0x0000018e4698e830 Exception <a 'java/lang/NoSuchMethodError'{0x00000007136513e0}: 'void java.lang.invoke.Invokers$Holder.invokeExact_MT(java.lang.Object, java.lang.Object, java.lang.Object, java.lang.Object)'> (0x00000007136513e0) 
thrown [s\open\src\hotspot\share\interpreter\linkResolver.cpp, line 773]
Event: 11.394 Thread 0x0000018e4698e830 Exception <a 'java/lang/NoClassDefFoundError'{0x00000007136e1510}: com/google/inject/servlet/ServletModuleTargetVisitor> (0x00000007136e1510) 
thrown [s\open\src\hotspot\share\classfile\systemDictionary.cpp, line 301]
Event: 11.565 Thread 0x0000018e4698e830 Exception <a 'java/lang/NoSuchMethodError'{0x0000000713591f08}: 'void java.lang.invoke.DirectMethodHandle$Holder.invokeVirtual(java.lang.Object, java.lang.Object)'> (0x0000000713591f08) 
thrown [s\open\src\hotspot\share\interpreter\linkResolver.cpp, line 773]
Event: 11.636 Thread 0x0000018e4698e830 Exception <a 'java/lang/NoSuchMethodError'{0x000000071324df68}: 'java.lang.Object java.lang.invoke.DirectMethodHandle$Holder.invokeStaticInit(java.lang.Object, int, int, int, int)'> (0x000000071324df68) 
thrown [s\open\src\hotspot\share\interpreter\linkResolver.cpp, line 773]

ZGC Phase Switch (0 events):
No events

VM Operations (20 events):
Event: 10.804 Executing VM operation: HandshakeAllThreads (Deoptimize)
Event: 10.804 Executing VM operation: HandshakeAllThreads (Deoptimize) done
Event: 11.057 Executing VM operation: HandshakeAllThreads (Deoptimize)
Event: 11.057 Executing VM operation: HandshakeAllThreads (Deoptimize) done
Event: 11.057 Executing VM operation: Cleanup
Event: 11.057 Executing VM operation: Cleanup done
Event: 11.346 Executing VM operation: HandshakeAllThreads (Deoptimize)
Event: 11.346 Executing VM operation: HandshakeAllThreads (Deoptimize) done
Event: 11.584 Executing VM operation: HandshakeAllThreads (Deoptimize)
Event: 11.584 Executing VM operation: HandshakeAllThreads (Deoptimize) done
Event: 11.638 Executing VM operation: ICBufferFull
Event: 11.638 Executing VM operation: ICBufferFull done
Event: 11.717 Executing VM operation: HandshakeAllThreads (Deoptimize)
Event: 11.717 Executing VM operation: HandshakeAllThreads (Deoptimize) done
Event: 11.771 Executing VM operation: HandshakeAllThreads (Deoptimize)
Event: 11.771 Executing VM operation: HandshakeAllThreads (Deoptimize) done
Event: 11.986 Executing VM operation: HandshakeAllThreads (Deoptimize)
Event: 11.986 Executing VM operation: HandshakeAllThreads (Deoptimize) done
Event: 11.987 Executing VM operation: HandshakeAllThreads (Deoptimize)
Event: 11.987 Executing VM operation: HandshakeAllThreads (Deoptimize) done

Events (20 events):
Event: 6.043 Thread 0x0000018e6d540540 Thread exited: 0x0000018e6d540540
Event: 6.251 Thread 0x0000018e6d271eb0 Thread exited: 0x0000018e6d271eb0
Event: 6.285 Thread 0x0000018e6d271eb0 Thread added: 0x0000018e6d271eb0
Event: 6.310 Thread 0x0000018e6d879730 Thread added: 0x0000018e6d879730
Event: 6.310 Thread 0x0000018e6d8741e0 Thread added: 0x0000018e6d8741e0
Event: 6.393 Thread 0x0000018e6d6b9290 Thread added: 0x0000018e6d6b9290
Event: 6.400 Thread 0x0000018e6d53a530 Thread added: 0x0000018e6d53a530
Event: 6.400 Thread 0x0000018e68dd7d60 Thread added: 0x0000018e68dd7d60
Event: 6.400 Thread 0x0000018e6d9f1570 Thread added: 0x0000018e6d9f1570
Event: 6.401 Thread 0x0000018e6d7f86e0 Thread added: 0x0000018e6d7f86e0
Event: 7.388 Thread 0x0000018e6d271eb0 Thread exited: 0x0000018e6d271eb0
Event: 7.835 Thread 0x0000018e6d7f86e0 Thread exited: 0x0000018e6d7f86e0
Event: 7.835 Thread 0x0000018e6d9f1570 Thread exited: 0x0000018e6d9f1570
Event: 7.837 Thread 0x0000018e68dd7d60 Thread exited: 0x0000018e68dd7d60
Event: 7.837 Thread 0x0000018e6d53a530 Thread exited: 0x0000018e6d53a530
Event: 7.839 Thread 0x0000018e6d6b9290 Thread exited: 0x0000018e6d6b9290
Event: 7.839 Thread 0x0000018e6d8741e0 Thread exited: 0x0000018e6d8741e0
Event: 8.518 Thread 0x0000018e6d879730 Thread exited: 0x0000018e6d879730
Event: 11.370 Thread 0x0000018e6da5a8d0 Thread added: 0x0000018e6da5a8d0
Event: 11.891 Thread 0x0000018e6d8c1700 Thread added: 0x0000018e6d8c1700


Dynamic libraries:
0x00007ff65f260000 - 0x00007ff65f270000 	C:\Program Files\Java\jdk-21\bin\java.exe
0x00007ffc80210000 - 0x00007ffc80428000 	C:\Windows\SYSTEM32\ntdll.dll
0x00007ffc7f080000 - 0x00007ffc7f144000 	C:\Windows\System32\KERNEL32.DLL
0x00007ffc7d930000 - 0x00007ffc7dd03000 	C:\Windows\System32\KERNELBASE.dll
0x00007ffc7d770000 - 0x00007ffc7d881000 	C:\Windows\System32\ucrtbase.dll
0x00007ffc2a360000 - 0x00007ffc2a379000 	C:\Program Files\Java\jdk-21\bin\jli.dll
0x00007ffc7fce0000 - 0x00007ffc7fd91000 	C:\Windows\System32\ADVAPI32.dll
0x00007ffc7eeb0000 - 0x00007ffc7ef57000 	C:\Windows\System32\msvcrt.dll
0x00007ffc7efd0000 - 0x00007ffc7f078000 	C:\Windows\System32\sechost.dll
0x00007ffc7d740000 - 0x00007ffc7d768000 	C:\Windows\System32\bcrypt.dll
0x00007ffbb88f0000 - 0x00007ffbb890b000 	C:\Program Files\Java\jdk-21\bin\VCRUNTIME140.dll
0x00007ffc7ebb0000 - 0x00007ffc7ecc8000 	C:\Windows\System32\RPCRT4.dll
0x00007ffc7e390000 - 0x00007ffc7e542000 	C:\Windows\System32\USER32.dll
0x00007ffc7dd10000 - 0x00007ffc7dd36000 	C:\Windows\System32\win32u.dll
0x00007ffc7f2b0000 - 0x00007ffc7f2d9000 	C:\Windows\System32\GDI32.dll
0x00007ffc69c10000 - 0x00007ffc69eac000 	C:\Windows\WinSxS\amd64_microsoft.windows.common-controls_6595b64144ccf1df_6.0.22621.6060_none_2712eda17382d24b\COMCTL32.dll
0x00007ffc7d620000 - 0x00007ffc7d73b000 	C:\Windows\System32\gdi32full.dll
0x00007ffc7d890000 - 0x00007ffc7d92a000 	C:\Windows\System32\msvcp_win.dll
0x00007ffc776c0000 - 0x00007ffc776ca000 	C:\Windows\SYSTEM32\VERSION.dll
0x00007ffc7f150000 - 0x00007ffc7f181000 	C:\Windows\System32\IMM32.DLL
0x00007ffc23220000 - 0x00007ffc2322c000 	C:\Program Files\Java\jdk-21\bin\vcruntime140_1.dll
0x00007ffbdf1d0000 - 0x00007ffbdf25e000 	C:\Program Files\Java\jdk-21\bin\msvcp140.dll
0x00007ffbad5b0000 - 0x00007ffbae2ca000 	C:\Program Files\Java\jdk-21\bin\server\jvm.dll
0x00007ffc7e550000 - 0x00007ffc7e5c1000 	C:\Windows\System32\WS2_32.dll
0x00007ffc7caf0000 - 0x00007ffc7cb3d000 	C:\Windows\SYSTEM32\POWRPROF.dll
0x00007ffc75cc0000 - 0x00007ffc75cf4000 	C:\Windows\SYSTEM32\WINMM.dll
0x00007ffc7cad0000 - 0x00007ffc7cae3000 	C:\Windows\SYSTEM32\UMPDC.dll
0x00007ffc7c2c0000 - 0x00007ffc7c2d8000 	C:\Windows\SYSTEM32\kernel.appcore.dll
0x00007ffc22a20000 - 0x00007ffc22a2a000 	C:\Program Files\Java\jdk-21\bin\jimage.dll
0x00007ffc7ad40000 - 0x00007ffc7af73000 	C:\Windows\SYSTEM32\DBGHELP.DLL
0x00007ffc7e640000 - 0x00007ffc7e9d1000 	C:\Windows\System32\combase.dll
0x00007ffc7f190000 - 0x00007ffc7f268000 	C:\Windows\System32\OLEAUT32.dll
0x00007ffc716c0000 - 0x00007ffc716f2000 	C:\Windows\SYSTEM32\dbgcore.DLL
0x00007ffc7d3e0000 - 0x00007ffc7d45b000 	C:\Windows\System32\bcryptPrimitives.dll
0x00007ffbad550000 - 0x00007ffbad56f000 	C:\Program Files\Java\jdk-21\bin\java.dll
0x00007ffc7f440000 - 0x00007ffc7fcdc000 	C:\Windows\System32\SHELL32.dll
0x00007ffc7d4e0000 - 0x00007ffc7d61f000 	C:\Windows\System32\wintypes.dll
0x00007ffc7b1d0000 - 0x00007ffc7baea000 	C:\Windows\SYSTEM32\windows.storage.dll
0x00007ffc7ed20000 - 0x00007ffc7ee24000 	C:\Windows\System32\SHCORE.dll
0x00007ffc7ef60000 - 0x00007ffc7efc9000 	C:\Windows\System32\shlwapi.dll
0x00007ffc7d250000 - 0x00007ffc7d275000 	C:\Windows\SYSTEM32\profapi.dll
0x00007ffbad470000 - 0x00007ffbad547000 	C:\Program Files\Java\jdk-21\bin\jsvml.dll
0x00007ffc1f7d0000 - 0x00007ffc1f7e0000 	C:\Program Files\Java\jdk-21\bin\net.dll
0x00007ffc76140000 - 0x00007ffc7626c000 	C:\Windows\SYSTEM32\WINHTTP.dll
0x00007ffc7c780000 - 0x00007ffc7c7e9000 	C:\Windows\system32\mswsock.dll
0x00007ffbad450000 - 0x00007ffbad466000 	C:\Program Files\Java\jdk-21\bin\nio.dll
0x00007ffbad430000 - 0x00007ffbad448000 	C:\Program Files\Java\jdk-21\bin\zip.dll
0x0000000069ac0000 - 0x0000000069ae4000 	C:\Program Files\NetBeans-21\netbeans\java\maven\lib\jansi-native\Windows\x86_64\jansi.dll
0x00007ffc0fec0000 - 0x00007ffc0fed0000 	C:\Program Files\Java\jdk-21\bin\verify.dll

dbghelp: loaded successfully - version: 4.0.5 - missing functions: none
symbol engine: initialized successfully - sym options: 0x614 - pdb path: .;C:\Program Files\Java\jdk-21\bin;C:\Windows\SYSTEM32;C:\Windows\WinSxS\amd64_microsoft.windows.common-controls_6595b64144ccf1df_6.0.22621.6060_none_2712eda17382d24b;C:\Program Files\Java\jdk-21\bin\server;C:\Program Files\NetBeans-21\netbeans\java\maven\lib\jansi-native\Windows\x86_64

VM Arguments:
jvm_args: -Dclassworlds.conf=C:\Program Files\NetBeans-21\netbeans\java\maven\bin\m2.conf -Dmaven.home=C:\Program Files\NetBeans-21\netbeans\java\maven -Dlibrary.jansi.path=C:\Program Files\NetBeans-21\netbeans\java\maven\lib\jansi-native -Dmaven.multiModuleProjectDirectory=C:\Users\pc\Documents\NetBeansProjects\GHADS 
java_command: org.codehaus.plexus.classworlds.launcher.Launcher -Dmaven.ext.class.path=C:\Program Files\NetBeans-21\netbeans\java\maven-nblib\netbeans-eventspy.jar --no-transfer-progress install
java_class_path (initial): C:\Program Files\NetBeans-21\netbeans\java\maven\boot\plexus-classworlds-2.7.0.jar
Launcher Type: SUN_STANDARD

[Global flags]
     intx CICompilerCount                          = 12                                        {product} {ergonomic}
     uint ConcGCThreads                            = 3                                         {product} {ergonomic}
     uint G1ConcRefinementThreads                  = 13                                        {product} {ergonomic}
   size_t G1HeapRegionSize                         = 2097152                                   {product} {ergonomic}
    uintx GCDrainStackTargetSize                   = 64                                        {product} {ergonomic}
   size_t InitialHeapSize                          = 264241152                                 {product} {ergonomic}
   size_t MarkStackSize                            = 4194304                                   {product} {ergonomic}
   size_t MaxHeapSize                              = 4217372672                                {product} {ergonomic}
   size_t MaxNewSize                               = 2529165312                                {product} {ergonomic}
   size_t MinHeapDeltaBytes                        = 2097152                                   {product} {ergonomic}
   size_t MinHeapSize                              = 8388608                                   {product} {ergonomic}
    uintx NonNMethodCodeHeapSize                   = 7602480                                {pd product} {ergonomic}
    uintx NonProfiledCodeHeapSize                  = 122027880                              {pd product} {ergonomic}
    uintx ProfiledCodeHeapSize                     = 122027880                              {pd product} {ergonomic}
    uintx ReservedCodeCacheSize                    = 251658240                              {pd product} {ergonomic}
     bool SegmentedCodeCache                       = true                                      {product} {ergonomic}
   size_t SoftMaxHeapSize                          = 4217372672                             {manageable} {ergonomic}
     bool UseCompressedOops                        = true                           {product lp64_product} {ergonomic}
     bool UseG1GC                                  = true                                      {product} {ergonomic}
     bool UseLargePagesIndividualAllocation        = false                                  {pd product} {ergonomic}

Logging:
Log output configuration:
 #0: stdout all=warning uptime,level,tags foldmultilines=false
 #1: stderr all=off uptime,level,tags foldmultilines=false

Environment Variables:
JAVA_HOME=C:\Program Files\Java\jdk-21
PATH=C:\Program Files (x86)\VMware\VMware Workstation\bin\;C:\Program Files (x86)\Common Files\Intel\Shared Libraries\redist\intel64\compiler;C:\Program Files\Common Files\Oracle\Java\javapath;C:\Windows\system32;C:\Windows;C:\Windows\System32\Wbem;C:\Windows\System32\WindowsPowerShell\v1.0\;C:\Windows\System32\OpenSSH\;C:\Program Files\IBM\SPSS\Statistics\Subscription\JRE\bin;E:\MATLAB 2018\runtime\win64;E:\MATLAB 2018\bin;E:\MATLAB\R2018a\runtime\win64;E:\MATLAB\R2018a\bin;C:\Program Files (x86)\Microsoft SQL Server\160\DTS\Binn\;C:\Program Files\NVIDIA Corporation\NVIDIA App\NvDLISR;C:\Program Files (x86)\NVIDIA Corporation\PhysX\Common;C:\Program Files\dotnet\;C:\Program Files\Git\cmd;C:\Users\pc\dart-sdk\bin;C:\Program Files\nodejs\;C:\Users\pc\AppData\Local\Programs\Python\Python311\Scripts\;C:\Users\pc\AppData\Local\Programs\Python\Python311\;C:\Users\pc\AppData\Local\Microsoft\WindowsApps;C:\Users\pc\AppData\Local\Programs\Microsoft VS Code\bin;C:\mingw64\bin;C:\Users\pc\.dotnet\tools;C:\dart-sdk\bin;C:\Users\pc\AppData\Roaming\npm;D:\Antigravity\bin;C:\flutter\bin;C:\Users\pc\AppData\Local\Programs\Antigravity IDE\bin;
USERNAME=pc
OS=Windows_NT
PROCESSOR_IDENTIFIER=Intel64 Family 6 Model 141 Stepping 1, GenuineIntel
TMP=C:\Users\pc\AppData\Local\Temp
TEMP=C:\Users\pc\AppData\Local\Temp




Periodic native trim disabled

---------------  S Y S T E M  ---------------

OS:
 Windows 11 , 64 bit Build 22621 (10.0.22621.5415)
OS uptime: 0 days 0:03 hours
Hyper-V role detected

CPU: total 16 (initial active 16) (8 cores per cpu, 2 threads per core) family 6 model 141 stepping 1 microcode 0x34, cx8, cmov, fxsr, ht, mmx, 3dnowpref, sse, sse2, sse3, ssse3, sse4.1, sse4.2, popcnt, lzcnt, tsc, tscinvbit, avx, avx2, aes, erms, clmul, bmi1, bmi2, adx, avx512f, avx512dq, avx512cd, avx512bw, avx512vl, sha, fma, vzeroupper, avx512_vpopcntdq, avx512_vpclmulqdq, avx512_vaes, avx512_vnni, clflush, clflushopt, clwb, avx512_vbmi2, avx512_vbmi, hv, rdtscp, rdpid, fsrm, gfni, avx512_bitalg, f16c, cet_ibt, cet_ss, avx512_ifma
Processor Information for all 16 processors :
  Max Mhz: 2304, Current Mhz: 2304, Mhz Limit: 2304

Memory: 4k page, system-wide physical 16085M (5723M free)
TotalPageFile size 21796M (AvailPageFile size 3605M)
current process WorkingSet (physical memory assigned to process): 114M, peak: 124M
current process commit charge ("private bytes"): 382M, peak: 400M

vm_info: Java HotSpot(TM) 64-Bit Server VM (21.0.6+8-LTS-188) for windows-amd64 JRE (21.0.6+8-LTS-188), built on 2024-12-03T10:50:54Z by "mach5one" with MS VC++ 17.6 (VS2022)

END.
