#
# There is insufficient memory for the Java Runtime Environment to continue.
# Native memory allocation (malloc) failed to allocate 32744 bytes for Chunk::new
# Possible reasons:
#   The system is out of physical RAM or swap space
#   The process is running with CompressedOops enabled, and the Java Heap may be blocking the growth of the native heap
# Possible solutions:
#   Reduce memory load on the system
#   Increase physical memory or swap space
#   Check if swap backing store is full
#   Decrease Java heap size (-Xmx/-Xms)
#   Decrease number of Java threads
#   Decrease Java thread stack sizes (-Xss)
#   Set larger code cache with -XX:ReservedCodeCacheSize=
#   JVM is running with Zero Based Compressed Oops mode in which the Java heap is
#     placed in the first 32GB address space. The Java Heap base address is the
#     maximum limit for the native heap growth. Please use -XX:HeapBaseMinAddress
#     to set the Java Heap base and to place the Java Heap above 32GB virtual address.
# This output file may be truncated or incomplete.
#
#  Out of Memory Error (arena.cpp:168), pid=18588, tid=26696
#
# JRE version: Java(TM) SE Runtime Environment (21.0.6+8) (build 21.0.6+8-LTS-188)
# Java VM: Java HotSpot(TM) 64-Bit Server VM (21.0.6+8-LTS-188, mixed mode, sharing, tiered, compressed oops, compressed class ptrs, g1 gc, windows-amd64)
# No core dump will be written. Minidumps are not enabled by default on client versions of Windows
#

---------------  S U M M A R Y ------------

Command Line: -Dclassworlds.conf=C:\Program Files\NetBeans-21\netbeans\java\maven\bin\m2.conf -Dmaven.home=C:\Program Files\NetBeans-21\netbeans\java\maven -Dlibrary.jansi.path=C:\Program Files\NetBeans-21\netbeans\java\maven\lib\jansi-native -Dmaven.multiModuleProjectDirectory=C:\Users\pc\Documents\NetBeansProjects\GHADS org.codehaus.plexus.classworlds.launcher.Launcher -Dmaven.ext.class.path=C:\Program Files\NetBeans-21\netbeans\java\maven-nblib\netbeans-eventspy.jar --no-transfer-progress install

Host: 11th Gen Intel(R) Core(TM) i7-11800H @ 2.30GHz, 16 cores, 15G,  Windows 11 , 64 bit Build 22621 (10.0.22621.5415)
Time: Wed Jun  3 21:35:54 2026  Windows 11 , 64 bit Build 22621 (10.0.22621.5415) elapsed time: 5.241737 seconds (0d 0h 0m 5s)

---------------  T H R E A D  ---------------

Current thread (0x000001d05a504db0):  JavaThread "C1 CompilerThread2" daemon [_thread_in_native, id=26696, stack(0x000000382d200000,0x000000382d300000) (1024K)]


Current CompileTask:
C1:   5241  836       3       java.util.jar.JavaUtilJarAccessImpl::entryFor (6 bytes)

Stack: [0x000000382d200000,0x000000382d300000]
Native frames: (J=compiled Java code, j=interpreted, Vv=VM code, C=native code)
V  [jvm.dll+0x6ca6d9]
V  [jvm.dll+0x854f51]
V  [jvm.dll+0x85747e]
V  [jvm.dll+0x857b53]
V  [jvm.dll+0x27dcc6]
V  [jvm.dll+0xc4c2d]
V  [jvm.dll+0xc5163]
V  [jvm.dll+0x193dea]
V  [jvm.dll+0x196d9a]
V  [jvm.dll+0x198814]
V  [jvm.dll+0x153613]
V  [jvm.dll+0x152e58]
V  [jvm.dll+0x1530a4]
V  [jvm.dll+0x1524d6]
V  [jvm.dll+0x1542ad]
V  [jvm.dll+0x2554f9]
V  [jvm.dll+0x253a8a]
V  [jvm.dll+0x3ee576]
V  [jvm.dll+0x7ff2fb]
V  [jvm.dll+0x6c8dbd]
C  [ucrtbase.dll+0x29333]
C  [KERNEL32.DLL+0x1259d]
C  [ntdll.dll+0x5af78]


---------------  P R O C E S S  ---------------

Threads class SMR info:
_java_thread_list=0x000001d05a568710, length=14, elements={
0x000001d0723fc6f0, 0x000001d07f33d6b0, 0x000001d07f3426c0, 0x000001d07f345580,
0x000001d07f3480d0, 0x000001d07f349c20, 0x000001d07f34a760, 0x000001d07f34c4f0,
0x000001d07f34ef90, 0x000001d05a091370, 0x000001d05a115c20, 0x000001d05a116440,
0x000001d05a504db0, 0x000001d05a596230
}

Java Threads: ( => current thread )
  0x000001d0723fc6f0 JavaThread "main"                              [_thread_in_vm, id=5924, stack(0x000000382c100000,0x000000382c200000) (1024K)]
  0x000001d07f33d6b0 JavaThread "Reference Handler"          daemon [_thread_blocked, id=19772, stack(0x000000382c900000,0x000000382ca00000) (1024K)]
  0x000001d07f3426c0 JavaThread "Finalizer"                  daemon [_thread_blocked, id=13480, stack(0x000000382ca00000,0x000000382cb00000) (1024K)]
  0x000001d07f345580 JavaThread "Signal Dispatcher"          daemon [_thread_blocked, id=19372, stack(0x000000382cb00000,0x000000382cc00000) (1024K)]
  0x000001d07f3480d0 JavaThread "Attach Listener"            daemon [_thread_blocked, id=17548, stack(0x000000382cc00000,0x000000382cd00000) (1024K)]
  0x000001d07f349c20 JavaThread "Service Thread"             daemon [_thread_blocked, id=17608, stack(0x000000382cd00000,0x000000382ce00000) (1024K)]
  0x000001d07f34a760 JavaThread "Monitor Deflation Thread"   daemon [_thread_blocked, id=3344, stack(0x000000382ce00000,0x000000382cf00000) (1024K)]
  0x000001d07f34c4f0 JavaThread "C2 CompilerThread0"         daemon [_thread_in_native, id=19716, stack(0x000000382cf00000,0x000000382d000000) (1024K)]
  0x000001d07f34ef90 JavaThread "C1 CompilerThread0"         daemon [_thread_in_native, id=18824, stack(0x000000382d000000,0x000000382d100000) (1024K)]
  0x000001d05a091370 JavaThread "C1 CompilerThread1"         daemon [_thread_in_native, id=7248, stack(0x000000382d100000,0x000000382d200000) (1024K)]
  0x000001d05a115c20 JavaThread "Notification Thread"        daemon [_thread_blocked, id=19156, stack(0x000000382d400000,0x000000382d500000) (1024K)]
  0x000001d05a116440 JavaThread "Common-Cleaner"             daemon [_thread_blocked, id=6864, stack(0x000000382d500000,0x000000382d600000) (1024K)]
=>0x000001d05a504db0 JavaThread "C1 CompilerThread2"         daemon [_thread_in_native, id=26696, stack(0x000000382d200000,0x000000382d300000) (1024K)]
  0x000001d05a596230 JavaThread "C1 CompilerThread3"         daemon [_thread_in_native, id=26716, stack(0x000000382d300000,0x000000382d400000) (1024K)]
Total: 14

Other Threads:
  0x000001d07f324670 VMThread "VM Thread"                           [id=11628, stack(0x000000382c800000,0x000000382c900000) (1024K)]
  0x000001d07f311640 WatcherThread "VM Periodic Task Thread"        [id=3280, stack(0x000000382c700000,0x000000382c800000) (1024K)]
  0x000001d074680f00 WorkerThread "GC Thread#0"                     [id=4764, stack(0x000000382c200000,0x000000382c300000) (1024K)]
  0x000001d074692240 ConcurrentGCThread "G1 Main Marker"            [id=23536, stack(0x000000382c300000,0x000000382c400000) (1024K)]
  0x000001d074692d40 WorkerThread "G1 Conc#0"                       [id=1824, stack(0x000000382c400000,0x000000382c500000) (1024K)]
  0x000001d0746de950 ConcurrentGCThread "G1 Refine#0"               [id=7224, stack(0x000000382c500000,0x000000382c600000) (1024K)]
  0x000001d07f1e2740 ConcurrentGCThread "G1 Service"                [id=3244, stack(0x000000382c600000,0x000000382c700000) (1024K)]
Total: 7

Threads with active compile tasks:
C2 CompilerThread0     5305  834   !   4       java.util.jar.JarFile::checkForSpecialAttributes (163 bytes)
C1 CompilerThread0     5305  833       3       java.net.URLStreamHandler::parseURL (1124 bytes)
C1 CompilerThread1     5305  844       3       java.lang.AbstractStringBuilder::append (77 bytes)
C1 CompilerThread2     5305  836       3       java.util.jar.JavaUtilJarAccessImpl::entryFor (6 bytes)
C1 CompilerThread3     5305  847       3       java.io.WinNTFileSystem::resolve (326 bytes)
Total: 5

VM state: not at safepoint (normal execution)

VM Mutex/Monitor currently owned by a thread:  ([mutex/lock_event])
[0x00007ffbae1ebe18] Metaspace_lock - owner thread: 0x000001d0723fc6f0

Heap address: 0x0000000704a00000, size: 4022 MB, Compressed Oops mode: Zero based, Oop shift amount: 3

CDS archive(s) mapped at: [0x000001d015000000-0x000001d015c90000-0x000001d015c90000), size 13172736, SharedBaseAddress: 0x000001d015000000, ArchiveRelocationMode: 1.
Compressed class space mapped at: 0x000001d016000000-0x000001d056000000, reserved size: 1073741824
Narrow klass base: 0x000001d015000000, Narrow klass shift: 0, Narrow klass range: 0x100000000

GC Precious Log:
 CardTable entry size: 512
 Card Set container configuration: InlinePtr #cards 4 size 8 Array Of Cards #cards 16 size 48 Howl #buckets 8 coarsen threshold 3686 Howl Bitmap #cards 512 size 80 coarsen threshold 460 Card regions per heap region 1 cards per card region 4096
 CPUs: 16 total, 16 available
 Memory: 16085M
 Large Page Support: Disabled
 NUMA Support: Disabled
 Compressed Oops: Enabled (Zero based)
 Heap Region Size: 2M
 Heap Min Capacity: 8M
 Heap Initial Capacity: 252M
 Heap Max Capacity: 4022M
 Pre-touch: Disabled
 Parallel Workers: 13
 Concurrent Workers: 3
 Concurrent Refinement Workers: 13
 Periodic GC: Disabled

Heap:
 garbage-first heap   total 258048K, used 10240K [0x0000000704a00000, 0x0000000800000000)
  region size 2048K, 6 young (12288K), 0 survivors (0K)
 Metaspace       used 2971K, committed 3136K, reserved 1114112K
  class space    used 273K, committed 384K, reserved 1048576K

Heap Regions: E=young(eden), S=young(survivor), O=old, HS=humongous(starts), HC=humongous(continues), CS=collection set, F=free, TAMS=top-at-mark-start, PB=parsable bottom
|   0|0x0000000704a00000, 0x0000000704a00000, 0x0000000704c00000|  0%| F|  |TAMS 0x0000000704a00000| PB 0x0000000704a00000| Untracked 
|   1|0x0000000704c00000, 0x0000000704c00000, 0x0000000704e00000|  0%| F|  |TAMS 0x0000000704c00000| PB 0x0000000704c00000| Untracked 
|   2|0x0000000704e00000, 0x0000000704e00000, 0x0000000705000000|  0%| F|  |TAMS 0x0000000704e00000| PB 0x0000000704e00000| Untracked 
|   3|0x0000000705000000, 0x0000000705000000, 0x0000000705200000|  0%| F|  |TAMS 0x0000000705000000| PB 0x0000000705000000| Untracked 
|   4|0x0000000705200000, 0x0000000705200000, 0x0000000705400000|  0%| F|  |TAMS 0x0000000705200000| PB 0x0000000705200000| Untracked 
|   5|0x0000000705400000, 0x0000000705400000, 0x0000000705600000|  0%| F|  |TAMS 0x0000000705400000| PB 0x0000000705400000| Untracked 
|   6|0x0000000705600000, 0x0000000705600000, 0x0000000705800000|  0%| F|  |TAMS 0x0000000705600000| PB 0x0000000705600000| Untracked 
|   7|0x0000000705800000, 0x0000000705800000, 0x0000000705a00000|  0%| F|  |TAMS 0x0000000705800000| PB 0x0000000705800000| Untracked 
|   8|0x0000000705a00000, 0x0000000705a00000, 0x0000000705c00000|  0%| F|  |TAMS 0x0000000705a00000| PB 0x0000000705a00000| Untracked 
|   9|0x0000000705c00000, 0x0000000705c00000, 0x0000000705e00000|  0%| F|  |TAMS 0x0000000705c00000| PB 0x0000000705c00000| Untracked 
|  10|0x0000000705e00000, 0x0000000705e00000, 0x0000000706000000|  0%| F|  |TAMS 0x0000000705e00000| PB 0x0000000705e00000| Untracked 
|  11|0x0000000706000000, 0x0000000706000000, 0x0000000706200000|  0%| F|  |TAMS 0x0000000706000000| PB 0x0000000706000000| Untracked 
|  12|0x0000000706200000, 0x0000000706200000, 0x0000000706400000|  0%| F|  |TAMS 0x0000000706200000| PB 0x0000000706200000| Untracked 
|  13|0x0000000706400000, 0x0000000706400000, 0x0000000706600000|  0%| F|  |TAMS 0x0000000706400000| PB 0x0000000706400000| Untracked 
|  14|0x0000000706600000, 0x0000000706600000, 0x0000000706800000|  0%| F|  |TAMS 0x0000000706600000| PB 0x0000000706600000| Untracked 
|  15|0x0000000706800000, 0x0000000706800000, 0x0000000706a00000|  0%| F|  |TAMS 0x0000000706800000| PB 0x0000000706800000| Untracked 
|  16|0x0000000706a00000, 0x0000000706a00000, 0x0000000706c00000|  0%| F|  |TAMS 0x0000000706a00000| PB 0x0000000706a00000| Untracked 
|  17|0x0000000706c00000, 0x0000000706c00000, 0x0000000706e00000|  0%| F|  |TAMS 0x0000000706c00000| PB 0x0000000706c00000| Untracked 
|  18|0x0000000706e00000, 0x0000000706e00000, 0x0000000707000000|  0%| F|  |TAMS 0x0000000706e00000| PB 0x0000000706e00000| Untracked 
|  19|0x0000000707000000, 0x0000000707000000, 0x0000000707200000|  0%| F|  |TAMS 0x0000000707000000| PB 0x0000000707000000| Untracked 
|  20|0x0000000707200000, 0x0000000707200000, 0x0000000707400000|  0%| F|  |TAMS 0x0000000707200000| PB 0x0000000707200000| Untracked 
|  21|0x0000000707400000, 0x0000000707400000, 0x0000000707600000|  0%| F|  |TAMS 0x0000000707400000| PB 0x0000000707400000| Untracked 
|  22|0x0000000707600000, 0x0000000707600000, 0x0000000707800000|  0%| F|  |TAMS 0x0000000707600000| PB 0x0000000707600000| Untracked 
|  23|0x0000000707800000, 0x0000000707800000, 0x0000000707a00000|  0%| F|  |TAMS 0x0000000707800000| PB 0x0000000707800000| Untracked 
|  24|0x0000000707a00000, 0x0000000707a00000, 0x0000000707c00000|  0%| F|  |TAMS 0x0000000707a00000| PB 0x0000000707a00000| Untracked 
|  25|0x0000000707c00000, 0x0000000707c00000, 0x0000000707e00000|  0%| F|  |TAMS 0x0000000707c00000| PB 0x0000000707c00000| Untracked 
|  26|0x0000000707e00000, 0x0000000707e00000, 0x0000000708000000|  0%| F|  |TAMS 0x0000000707e00000| PB 0x0000000707e00000| Untracked 
|  27|0x0000000708000000, 0x0000000708000000, 0x0000000708200000|  0%| F|  |TAMS 0x0000000708000000| PB 0x0000000708000000| Untracked 
|  28|0x0000000708200000, 0x0000000708200000, 0x0000000708400000|  0%| F|  |TAMS 0x0000000708200000| PB 0x0000000708200000| Untracked 
|  29|0x0000000708400000, 0x0000000708400000, 0x0000000708600000|  0%| F|  |TAMS 0x0000000708400000| PB 0x0000000708400000| Untracked 
|  30|0x0000000708600000, 0x0000000708600000, 0x0000000708800000|  0%| F|  |TAMS 0x0000000708600000| PB 0x0000000708600000| Untracked 
|  31|0x0000000708800000, 0x0000000708800000, 0x0000000708a00000|  0%| F|  |TAMS 0x0000000708800000| PB 0x0000000708800000| Untracked 
|  32|0x0000000708a00000, 0x0000000708a00000, 0x0000000708c00000|  0%| F|  |TAMS 0x0000000708a00000| PB 0x0000000708a00000| Untracked 
|  33|0x0000000708c00000, 0x0000000708c00000, 0x0000000708e00000|  0%| F|  |TAMS 0x0000000708c00000| PB 0x0000000708c00000| Untracked 
|  34|0x0000000708e00000, 0x0000000708e00000, 0x0000000709000000|  0%| F|  |TAMS 0x0000000708e00000| PB 0x0000000708e00000| Untracked 
|  35|0x0000000709000000, 0x0000000709000000, 0x0000000709200000|  0%| F|  |TAMS 0x0000000709000000| PB 0x0000000709000000| Untracked 
|  36|0x0000000709200000, 0x0000000709200000, 0x0000000709400000|  0%| F|  |TAMS 0x0000000709200000| PB 0x0000000709200000| Untracked 
|  37|0x0000000709400000, 0x0000000709400000, 0x0000000709600000|  0%| F|  |TAMS 0x0000000709400000| PB 0x0000000709400000| Untracked 
|  38|0x0000000709600000, 0x0000000709600000, 0x0000000709800000|  0%| F|  |TAMS 0x0000000709600000| PB 0x0000000709600000| Untracked 
|  39|0x0000000709800000, 0x0000000709800000, 0x0000000709a00000|  0%| F|  |TAMS 0x0000000709800000| PB 0x0000000709800000| Untracked 
|  40|0x0000000709a00000, 0x0000000709a00000, 0x0000000709c00000|  0%| F|  |TAMS 0x0000000709a00000| PB 0x0000000709a00000| Untracked 
|  41|0x0000000709c00000, 0x0000000709c00000, 0x0000000709e00000|  0%| F|  |TAMS 0x0000000709c00000| PB 0x0000000709c00000| Untracked 
|  42|0x0000000709e00000, 0x0000000709e00000, 0x000000070a000000|  0%| F|  |TAMS 0x0000000709e00000| PB 0x0000000709e00000| Untracked 
|  43|0x000000070a000000, 0x000000070a000000, 0x000000070a200000|  0%| F|  |TAMS 0x000000070a000000| PB 0x000000070a000000| Untracked 
|  44|0x000000070a200000, 0x000000070a200000, 0x000000070a400000|  0%| F|  |TAMS 0x000000070a200000| PB 0x000000070a200000| Untracked 
|  45|0x000000070a400000, 0x000000070a400000, 0x000000070a600000|  0%| F|  |TAMS 0x000000070a400000| PB 0x000000070a400000| Untracked 
|  46|0x000000070a600000, 0x000000070a600000, 0x000000070a800000|  0%| F|  |TAMS 0x000000070a600000| PB 0x000000070a600000| Untracked 
|  47|0x000000070a800000, 0x000000070a800000, 0x000000070aa00000|  0%| F|  |TAMS 0x000000070a800000| PB 0x000000070a800000| Untracked 
|  48|0x000000070aa00000, 0x000000070aa00000, 0x000000070ac00000|  0%| F|  |TAMS 0x000000070aa00000| PB 0x000000070aa00000| Untracked 
|  49|0x000000070ac00000, 0x000000070ac00000, 0x000000070ae00000|  0%| F|  |TAMS 0x000000070ac00000| PB 0x000000070ac00000| Untracked 
|  50|0x000000070ae00000, 0x000000070ae00000, 0x000000070b000000|  0%| F|  |TAMS 0x000000070ae00000| PB 0x000000070ae00000| Untracked 
|  51|0x000000070b000000, 0x000000070b000000, 0x000000070b200000|  0%| F|  |TAMS 0x000000070b000000| PB 0x000000070b000000| Untracked 
|  52|0x000000070b200000, 0x000000070b200000, 0x000000070b400000|  0%| F|  |TAMS 0x000000070b200000| PB 0x000000070b200000| Untracked 
|  53|0x000000070b400000, 0x000000070b400000, 0x000000070b600000|  0%| F|  |TAMS 0x000000070b400000| PB 0x000000070b400000| Untracked 
|  54|0x000000070b600000, 0x000000070b600000, 0x000000070b800000|  0%| F|  |TAMS 0x000000070b600000| PB 0x000000070b600000| Untracked 
|  55|0x000000070b800000, 0x000000070b800000, 0x000000070ba00000|  0%| F|  |TAMS 0x000000070b800000| PB 0x000000070b800000| Untracked 
|  56|0x000000070ba00000, 0x000000070ba00000, 0x000000070bc00000|  0%| F|  |TAMS 0x000000070ba00000| PB 0x000000070ba00000| Untracked 
|  57|0x000000070bc00000, 0x000000070bc00000, 0x000000070be00000|  0%| F|  |TAMS 0x000000070bc00000| PB 0x000000070bc00000| Untracked 
|  58|0x000000070be00000, 0x000000070be00000, 0x000000070c000000|  0%| F|  |TAMS 0x000000070be00000| PB 0x000000070be00000| Untracked 
|  59|0x000000070c000000, 0x000000070c000000, 0x000000070c200000|  0%| F|  |TAMS 0x000000070c000000| PB 0x000000070c000000| Untracked 
|  60|0x000000070c200000, 0x000000070c200000, 0x000000070c400000|  0%| F|  |TAMS 0x000000070c200000| PB 0x000000070c200000| Untracked 
|  61|0x000000070c400000, 0x000000070c400000, 0x000000070c600000|  0%| F|  |TAMS 0x000000070c400000| PB 0x000000070c400000| Untracked 
|  62|0x000000070c600000, 0x000000070c600000, 0x000000070c800000|  0%| F|  |TAMS 0x000000070c600000| PB 0x000000070c600000| Untracked 
|  63|0x000000070c800000, 0x000000070c800000, 0x000000070ca00000|  0%| F|  |TAMS 0x000000070c800000| PB 0x000000070c800000| Untracked 
|  64|0x000000070ca00000, 0x000000070ca00000, 0x000000070cc00000|  0%| F|  |TAMS 0x000000070ca00000| PB 0x000000070ca00000| Untracked 
|  65|0x000000070cc00000, 0x000000070cc00000, 0x000000070ce00000|  0%| F|  |TAMS 0x000000070cc00000| PB 0x000000070cc00000| Untracked 
|  66|0x000000070ce00000, 0x000000070ce00000, 0x000000070d000000|  0%| F|  |TAMS 0x000000070ce00000| PB 0x000000070ce00000| Untracked 
|  67|0x000000070d000000, 0x000000070d000000, 0x000000070d200000|  0%| F|  |TAMS 0x000000070d000000| PB 0x000000070d000000| Untracked 
|  68|0x000000070d200000, 0x000000070d200000, 0x000000070d400000|  0%| F|  |TAMS 0x000000070d200000| PB 0x000000070d200000| Untracked 
|  69|0x000000070d400000, 0x000000070d400000, 0x000000070d600000|  0%| F|  |TAMS 0x000000070d400000| PB 0x000000070d400000| Untracked 
|  70|0x000000070d600000, 0x000000070d600000, 0x000000070d800000|  0%| F|  |TAMS 0x000000070d600000| PB 0x000000070d600000| Untracked 
|  71|0x000000070d800000, 0x000000070d800000, 0x000000070da00000|  0%| F|  |TAMS 0x000000070d800000| PB 0x000000070d800000| Untracked 
|  72|0x000000070da00000, 0x000000070da00000, 0x000000070dc00000|  0%| F|  |TAMS 0x000000070da00000| PB 0x000000070da00000| Untracked 
|  73|0x000000070dc00000, 0x000000070dc00000, 0x000000070de00000|  0%| F|  |TAMS 0x000000070dc00000| PB 0x000000070dc00000| Untracked 
|  74|0x000000070de00000, 0x000000070de00000, 0x000000070e000000|  0%| F|  |TAMS 0x000000070de00000| PB 0x000000070de00000| Untracked 
|  75|0x000000070e000000, 0x000000070e000000, 0x000000070e200000|  0%| F|  |TAMS 0x000000070e000000| PB 0x000000070e000000| Untracked 
|  76|0x000000070e200000, 0x000000070e200000, 0x000000070e400000|  0%| F|  |TAMS 0x000000070e200000| PB 0x000000070e200000| Untracked 
|  77|0x000000070e400000, 0x000000070e400000, 0x000000070e600000|  0%| F|  |TAMS 0x000000070e400000| PB 0x000000070e400000| Untracked 
|  78|0x000000070e600000, 0x000000070e600000, 0x000000070e800000|  0%| F|  |TAMS 0x000000070e600000| PB 0x000000070e600000| Untracked 
|  79|0x000000070e800000, 0x000000070e800000, 0x000000070ea00000|  0%| F|  |TAMS 0x000000070e800000| PB 0x000000070e800000| Untracked 
|  80|0x000000070ea00000, 0x000000070ea00000, 0x000000070ec00000|  0%| F|  |TAMS 0x000000070ea00000| PB 0x000000070ea00000| Untracked 
|  81|0x000000070ec00000, 0x000000070ec00000, 0x000000070ee00000|  0%| F|  |TAMS 0x000000070ec00000| PB 0x000000070ec00000| Untracked 
|  82|0x000000070ee00000, 0x000000070ee00000, 0x000000070f000000|  0%| F|  |TAMS 0x000000070ee00000| PB 0x000000070ee00000| Untracked 
|  83|0x000000070f000000, 0x000000070f000000, 0x000000070f200000|  0%| F|  |TAMS 0x000000070f000000| PB 0x000000070f000000| Untracked 
|  84|0x000000070f200000, 0x000000070f200000, 0x000000070f400000|  0%| F|  |TAMS 0x000000070f200000| PB 0x000000070f200000| Untracked 
|  85|0x000000070f400000, 0x000000070f400000, 0x000000070f600000|  0%| F|  |TAMS 0x000000070f400000| PB 0x000000070f400000| Untracked 
|  86|0x000000070f600000, 0x000000070f600000, 0x000000070f800000|  0%| F|  |TAMS 0x000000070f600000| PB 0x000000070f600000| Untracked 
|  87|0x000000070f800000, 0x000000070f800000, 0x000000070fa00000|  0%| F|  |TAMS 0x000000070f800000| PB 0x000000070f800000| Untracked 
|  88|0x000000070fa00000, 0x000000070fa00000, 0x000000070fc00000|  0%| F|  |TAMS 0x000000070fa00000| PB 0x000000070fa00000| Untracked 
|  89|0x000000070fc00000, 0x000000070fc00000, 0x000000070fe00000|  0%| F|  |TAMS 0x000000070fc00000| PB 0x000000070fc00000| Untracked 
|  90|0x000000070fe00000, 0x000000070fe00000, 0x0000000710000000|  0%| F|  |TAMS 0x000000070fe00000| PB 0x000000070fe00000| Untracked 
|  91|0x0000000710000000, 0x0000000710000000, 0x0000000710200000|  0%| F|  |TAMS 0x0000000710000000| PB 0x0000000710000000| Untracked 
|  92|0x0000000710200000, 0x0000000710200000, 0x0000000710400000|  0%| F|  |TAMS 0x0000000710200000| PB 0x0000000710200000| Untracked 
|  93|0x0000000710400000, 0x0000000710400000, 0x0000000710600000|  0%| F|  |TAMS 0x0000000710400000| PB 0x0000000710400000| Untracked 
|  94|0x0000000710600000, 0x0000000710600000, 0x0000000710800000|  0%| F|  |TAMS 0x0000000710600000| PB 0x0000000710600000| Untracked 
|  95|0x0000000710800000, 0x0000000710800000, 0x0000000710a00000|  0%| F|  |TAMS 0x0000000710800000| PB 0x0000000710800000| Untracked 
|  96|0x0000000710a00000, 0x0000000710a00000, 0x0000000710c00000|  0%| F|  |TAMS 0x0000000710a00000| PB 0x0000000710a00000| Untracked 
|  97|0x0000000710c00000, 0x0000000710c00000, 0x0000000710e00000|  0%| F|  |TAMS 0x0000000710c00000| PB 0x0000000710c00000| Untracked 
|  98|0x0000000710e00000, 0x0000000710e00000, 0x0000000711000000|  0%| F|  |TAMS 0x0000000710e00000| PB 0x0000000710e00000| Untracked 
|  99|0x0000000711000000, 0x0000000711000000, 0x0000000711200000|  0%| F|  |TAMS 0x0000000711000000| PB 0x0000000711000000| Untracked 
| 100|0x0000000711200000, 0x0000000711200000, 0x0000000711400000|  0%| F|  |TAMS 0x0000000711200000| PB 0x0000000711200000| Untracked 
| 101|0x0000000711400000, 0x0000000711400000, 0x0000000711600000|  0%| F|  |TAMS 0x0000000711400000| PB 0x0000000711400000| Untracked 
| 102|0x0000000711600000, 0x0000000711600000, 0x0000000711800000|  0%| F|  |TAMS 0x0000000711600000| PB 0x0000000711600000| Untracked 
| 103|0x0000000711800000, 0x0000000711800000, 0x0000000711a00000|  0%| F|  |TAMS 0x0000000711800000| PB 0x0000000711800000| Untracked 
| 104|0x0000000711a00000, 0x0000000711a00000, 0x0000000711c00000|  0%| F|  |TAMS 0x0000000711a00000| PB 0x0000000711a00000| Untracked 
| 105|0x0000000711c00000, 0x0000000711c00000, 0x0000000711e00000|  0%| F|  |TAMS 0x0000000711c00000| PB 0x0000000711c00000| Untracked 
| 106|0x0000000711e00000, 0x0000000711e00000, 0x0000000712000000|  0%| F|  |TAMS 0x0000000711e00000| PB 0x0000000711e00000| Untracked 
| 107|0x0000000712000000, 0x0000000712000000, 0x0000000712200000|  0%| F|  |TAMS 0x0000000712000000| PB 0x0000000712000000| Untracked 
| 108|0x0000000712200000, 0x0000000712200000, 0x0000000712400000|  0%| F|  |TAMS 0x0000000712200000| PB 0x0000000712200000| Untracked 
| 109|0x0000000712400000, 0x0000000712400000, 0x0000000712600000|  0%| F|  |TAMS 0x0000000712400000| PB 0x0000000712400000| Untracked 
| 110|0x0000000712600000, 0x0000000712600000, 0x0000000712800000|  0%| F|  |TAMS 0x0000000712600000| PB 0x0000000712600000| Untracked 
| 111|0x0000000712800000, 0x0000000712800000, 0x0000000712a00000|  0%| F|  |TAMS 0x0000000712800000| PB 0x0000000712800000| Untracked 
| 112|0x0000000712a00000, 0x0000000712a00000, 0x0000000712c00000|  0%| F|  |TAMS 0x0000000712a00000| PB 0x0000000712a00000| Untracked 
| 113|0x0000000712c00000, 0x0000000712c00000, 0x0000000712e00000|  0%| F|  |TAMS 0x0000000712c00000| PB 0x0000000712c00000| Untracked 
| 114|0x0000000712e00000, 0x0000000712e00000, 0x0000000713000000|  0%| F|  |TAMS 0x0000000712e00000| PB 0x0000000712e00000| Untracked 
| 115|0x0000000713000000, 0x0000000713000000, 0x0000000713200000|  0%| F|  |TAMS 0x0000000713000000| PB 0x0000000713000000| Untracked 
| 116|0x0000000713200000, 0x0000000713200000, 0x0000000713400000|  0%| F|  |TAMS 0x0000000713200000| PB 0x0000000713200000| Untracked 
| 117|0x0000000713400000, 0x0000000713400000, 0x0000000713600000|  0%| F|  |TAMS 0x0000000713400000| PB 0x0000000713400000| Untracked 
| 118|0x0000000713600000, 0x0000000713600000, 0x0000000713800000|  0%| F|  |TAMS 0x0000000713600000| PB 0x0000000713600000| Untracked 
| 119|0x0000000713800000, 0x0000000713800000, 0x0000000713a00000|  0%| F|  |TAMS 0x0000000713800000| PB 0x0000000713800000| Untracked 
| 120|0x0000000713a00000, 0x0000000713c00000, 0x0000000713c00000|100%| E|  |TAMS 0x0000000713a00000| PB 0x0000000713a00000| Complete 
| 121|0x0000000713c00000, 0x0000000713e00000, 0x0000000713e00000|100%| E|CS|TAMS 0x0000000713c00000| PB 0x0000000713c00000| Complete 
| 122|0x0000000713e00000, 0x0000000714000000, 0x0000000714000000|100%| E|CS|TAMS 0x0000000713e00000| PB 0x0000000713e00000| Complete 
| 123|0x0000000714000000, 0x0000000714200000, 0x0000000714200000|100%| E|CS|TAMS 0x0000000714000000| PB 0x0000000714000000| Complete 
| 124|0x0000000714200000, 0x0000000714400000, 0x0000000714400000|100%| E|CS|TAMS 0x0000000714200000| PB 0x0000000714200000| Complete 
| 125|0x0000000714400000, 0x0000000714600000, 0x0000000714600000|100%| E|CS|TAMS 0x0000000714400000| PB 0x0000000714400000| Complete 

Card table byte_map: [0x000001d07db00000,0x000001d07e2e0000] _byte_map_base: 0x000001d07a2db000

Marking Bits: (CMBitMap*) 0x000001d074681600
 Bits: [0x000001d00f000000, 0x000001d012ed8000)

Polling page: 0x000001d073de0000

Metaspace:

Usage:
  Non-class:      2.63 MB used.
      Class:    273.86 KB used.
       Both:      2.90 MB used.

Virtual space:
  Non-class space:       64.00 MB reserved,       2.69 MB (  4%) committed,  1 nodes.
      Class space:        1.00 GB reserved,     384.00 KB ( <1%) committed,  1 nodes.
             Both:        1.06 GB reserved,       3.06 MB ( <1%) committed. 

Chunk freelists:
   Non-Class:  10.86 MB
       Class:  15.59 MB
        Both:  26.45 MB

MaxMetaspaceSize: unlimited
CompressedClassSpaceSize: 1.00 GB
Initial GC threshold: 21.00 MB
Current GC threshold: 21.00 MB
CDS: on
 - commit_granule_bytes: 65536.
 - commit_granule_words: 8192.
 - virtual_space_node_default_size: 8388608.
 - enlarge_chunks_in_place: 1.
 - use_allocation_guard: 0.


Internal statistics:

num_allocs_failed_limit: 0.
num_arena_births: 34.
num_arena_deaths: 0.
num_vsnodes_births: 2.
num_vsnodes_deaths: 0.
num_space_committed: 49.
num_space_uncommitted: 0.
num_chunks_returned_to_freelist: 0.
num_chunks_taken_from_freelist: 98.
num_chunk_merges: 0.
num_chunk_splits: 65.
num_chunks_enlarged: 50.
num_inconsistent_stats: 0.

CodeHeap 'non-profiled nmethods': size=119168Kb used=791Kb max_used=791Kb free=118376Kb
 bounds [0x000001d007ba0000, 0x000001d007e10000, 0x000001d00f000000]
CodeHeap 'profiled nmethods': size=119104Kb used=1495Kb max_used=1495Kb free=117608Kb
 bounds [0x000001d000000000, 0x000001d000270000, 0x000001d007450000]
CodeHeap 'non-nmethods': size=7488Kb used=2589Kb max_used=3113Kb free=4898Kb
 bounds [0x000001d007450000, 0x000001d007770000, 0x000001d007ba0000]
 total_blobs=1286 nmethods=839 adapters=349
 compilation: enabled
              stopped_count=0, restarted_count=0
 full_count=0

Compilation events (20 events):
Event: 5.230 Thread 0x000001d05a091370 nmethod 825 0x000001d00016f610 code [0x000001d00016f800, 0x000001d00016fcd0]
Event: 5.230 Thread 0x000001d07f34ef90 nmethod 827 0x000001d00016fe90 code [0x000001d000170040, 0x000001d000170270]
Event: 5.230 Thread 0x000001d05a504db0 nmethod 826 0x000001d000170310 code [0x000001d000170520, 0x000001d000170c58]
Event: 5.233 Thread 0x000001d07f34ef90  828       3       java.util.zip.InflaterInputStream::close (34 bytes)
Event: 5.233 Thread 0x000001d05a504db0  829       3       java.util.zip.ZipFile$InflaterCleanupAction::run (12 bytes)
Event: 5.233 Thread 0x000001d05a091370  830   !   3       java.util.zip.ZipFile$CleanableResource::releaseInflater (53 bytes)
Event: 5.233 Thread 0x000001d05a504db0 nmethod 829 0x000001d000170e10 code [0x000001d000170fc0, 0x000001d000171128]
Event: 5.233 Thread 0x000001d05a504db0  831   !   3       java.util.zip.Inflater::reset (64 bytes)
Event: 5.233 Thread 0x000001d07f34ef90 nmethod 828 0x000001d000171210 code [0x000001d0001713e0, 0x000001d000171698]
Event: 5.233 Thread 0x000001d05a091370 nmethod 830 0x000001d000171790 code [0x000001d000171980, 0x000001d000171dd8]
Event: 5.233 Thread 0x000001d05a504db0 nmethod 831 0x000001d000171f90 code [0x000001d000172160, 0x000001d000172508]
Event: 5.234 Thread 0x000001d07f34c4f0 nmethod 816 0x000001d007bd7d90 code [0x000001d007bd7f40, 0x000001d007bd84c0]
Event: 5.234 Thread 0x000001d07f34c4f0  817       4       java.util.zip.ZipCoder::hash (36 bytes)
Event: 5.234 Thread 0x000001d05a504db0  832       3       sun.net.www.protocol.file.Handler::parseURL (18 bytes)
Event: 5.234 Thread 0x000001d07f34ef90  833       3       java.net.URLStreamHandler::parseURL (1124 bytes)
Event: 5.235 Thread 0x000001d05a504db0 nmethod 832 0x000001d000172690 code [0x000001d000172840, 0x000001d000172a00]
Event: 5.239 Thread 0x000001d07f34c4f0 nmethod 817 0x000001d007bd8710 code [0x000001d007bd8900, 0x000001d007bd8d70]
Event: 5.239 Thread 0x000001d07f34c4f0  834   !   4       java.util.jar.JarFile::checkForSpecialAttributes (163 bytes)
Event: 5.240 Thread 0x000001d05a504db0  836       3       java.util.jar.JavaUtilJarAccessImpl::entryFor (6 bytes)
Event: 5.240 Thread 0x000001d05a091370  837       3       java.util.jar.JarFile::entryFor (10 bytes)

GC Heap History (0 events):
No events

Dll operation events (8 events):
Event: 0.115 Loaded shared library C:\Program Files\Java\jdk-21\bin\java.dll
Event: 0.228 Loaded shared library C:\Program Files\Java\jdk-21\bin\jsvml.dll
Event: 0.284 Loaded shared library C:\Program Files\Java\jdk-21\bin\net.dll
Event: 0.300 Loaded shared library C:\Program Files\Java\jdk-21\bin\nio.dll
Event: 0.307 Loaded shared library C:\Program Files\Java\jdk-21\bin\zip.dll
Event: 2.213 Loaded shared library C:\Program Files\Java\jdk-21\bin\jimage.dll
Event: 2.224 Loaded shared library C:\Program Files\NetBeans-21\netbeans\java\maven\lib\jansi-native\Windows\x86_64\jansi.dll
Event: 2.241 Loaded shared library C:\Program Files\Java\jdk-21\bin\verify.dll

Deoptimization events (20 events):
Event: 1.186 Thread 0x000001d0723fc6f0 DEOPT PACKING pc=0x000001d007bae8cc sp=0x000000382c1fa650
Event: 1.186 Thread 0x000001d0723fc6f0 DEOPT UNPACKING pc=0x000001d0074a7da2 sp=0x000000382c1fa5f0 mode 2
Event: 5.214 Thread 0x000001d0723fc6f0 Uncommon trap: trap_request=0xffffff45 fr.pc=0x000001d007bd5034 relative=0x0000000000000674
Event: 5.214 Thread 0x000001d0723fc6f0 Uncommon trap: reason=unstable_if action=reinterpret pc=0x000001d007bd5034 method=java.util.regex.Matcher.search(I)Z @ 30 c2
Event: 5.214 Thread 0x000001d0723fc6f0 DEOPT PACKING pc=0x000001d007bd5034 sp=0x000000382c1fdc60
Event: 5.214 Thread 0x000001d0723fc6f0 DEOPT UNPACKING pc=0x000001d0074a7da2 sp=0x000000382c1fdc50 mode 2
Event: 5.219 Thread 0x000001d0723fc6f0 Uncommon trap: trap_request=0xffffff45 fr.pc=0x000001d007baf804 relative=0x0000000000000524
Event: 5.219 Thread 0x000001d0723fc6f0 Uncommon trap: reason=unstable_if action=reinterpret pc=0x000001d007baf804 method=java.lang.StringLatin1.canEncode(I)Z @ 4 c2
Event: 5.219 Thread 0x000001d0723fc6f0 DEOPT PACKING pc=0x000001d007baf804 sp=0x000000382c1fe2a0
Event: 5.219 Thread 0x000001d0723fc6f0 DEOPT UNPACKING pc=0x000001d0074a7da2 sp=0x000000382c1fe1d8 mode 2
Event: 5.219 Thread 0x000001d0723fc6f0 Uncommon trap: trap_request=0xffffff45 fr.pc=0x000001d007bc9eec relative=0x000000000000050c
Event: 5.219 Thread 0x000001d0723fc6f0 Uncommon trap: reason=unstable_if action=reinterpret pc=0x000001d007bc9eec method=java.lang.AbstractStringBuilder.isLatin1()Z @ 10 c2
Event: 5.219 Thread 0x000001d0723fc6f0 DEOPT PACKING pc=0x000001d007bc9eec sp=0x000000382c1fe2c0
Event: 5.219 Thread 0x000001d0723fc6f0 DEOPT UNPACKING pc=0x000001d0074a7da2 sp=0x000000382c1fe250 mode 2
Event: 5.225 Thread 0x000001d0723fc6f0 Uncommon trap: trap_request=0xffffff45 fr.pc=0x000001d007bad468 relative=0x0000000000000048
Event: 5.225 Thread 0x000001d0723fc6f0 Uncommon trap: reason=unstable_if action=reinterpret pc=0x000001d007bad468 method=java.lang.StringLatin1.canEncode(I)Z @ 4 c2
Event: 5.225 Thread 0x000001d0723fc6f0 DEOPT PACKING pc=0x000001d007bad468 sp=0x000000382c1fe250
Event: 5.225 Thread 0x000001d0723fc6f0 DEOPT UNPACKING pc=0x000001d0074a7da2 sp=0x000000382c1fe1e0 mode 2
Event: 5.226 Thread 0x000001d0723fc6f0 DEOPT PACKING pc=0x000001d0000680f7 sp=0x000000382c1fdab0
Event: 5.226 Thread 0x000001d0723fc6f0 DEOPT UNPACKING pc=0x000001d0074a88e2 sp=0x000000382c1fcf00 mode 0

Classes loaded (20 events):
Event: 5.047 Loading class java/util/concurrent/locks/ReentrantReadWriteLock$Sync done
Event: 5.047 Loading class java/util/concurrent/locks/ReentrantReadWriteLock$NonfairSync done
Event: 5.048 Loading class java/util/concurrent/locks/ReentrantReadWriteLock$Sync$ThreadLocalHoldCounter
Event: 5.048 Loading class java/util/concurrent/locks/ReentrantReadWriteLock$Sync$ThreadLocalHoldCounter done
Event: 5.048 Loading class java/util/concurrent/locks/ReentrantReadWriteLock$ReadLock
Event: 5.048 Loading class java/util/concurrent/locks/ReentrantReadWriteLock$ReadLock done
Event: 5.048 Loading class java/util/concurrent/locks/ReentrantReadWriteLock$WriteLock
Event: 5.048 Loading class java/util/concurrent/locks/ReentrantReadWriteLock$WriteLock done
Event: 5.054 Loading class java/text/ParseException
Event: 5.054 Loading class java/text/ParseException done
Event: 5.068 Loading class sun/util/calendar/ZoneInfoFile$Checksum
Event: 5.068 Loading class sun/util/calendar/ZoneInfoFile$Checksum done
Event: 5.071 Loading class jdk/internal/module/ModulePatcher$PatchedModuleReader
Event: 5.071 Loading class jdk/internal/module/ModulePatcher$PatchedModuleReader done
Event: 5.072 Loading class sun/net/www/protocol/jrt/Handler
Event: 5.072 Loading class sun/net/www/protocol/jrt/Handler done
Event: 5.217 Loading class sun/text/resources/cldr/FormatData_en
Event: 5.217 Loading class sun/text/resources/cldr/FormatData_en done
Event: 5.217 Loading class sun/text/resources/cldr/FormatData_en_US
Event: 5.217 Loading class sun/text/resources/cldr/FormatData_en_US done

Classes unloaded (0 events):
No events

Classes redefined (0 events):
No events

Internal exceptions (19 events):
Event: 0.397 Thread 0x000001d0723fc6f0 Exception <a 'java/lang/NoSuchMethodError'{0x000000071431c980}: 'int java.lang.invoke.DirectMethodHandle$Holder.invokeSpecial(java.lang.Object, java.lang.Object, java.lang.Object)'> (0x000000071431c980) 
thrown [s\open\src\hotspot\share\interpreter\linkResolver.cpp, line 773]
Event: 2.130 Thread 0x000001d0723fc6f0 Exception <a 'java/lang/NoSuchMethodError'{0x0000000713e1cec0}: 'java.lang.Object java.lang.invoke.Invokers$Holder.invokeExact_MT(java.lang.Object, java.lang.Object, java.lang.Object, java.lang.Object, java.lang.Object)'> (0x0000000713e1cec0) 
thrown [s\open\src\hotspot\share\interpreter\linkResolver.cpp, line 773]
Event: 2.160 Thread 0x000001d0723fc6f0 Exception <a 'java/lang/NullPointerException'{0x0000000713e72678}> (0x0000000713e72678) 
thrown [s\open\src\hotspot\share\interpreter\linkResolver.cpp, line 1372]
Event: 2.227 Thread 0x000001d0723fc6f0 Exception <a 'java/lang/NullPointerException'{0x0000000713e996f0}> (0x0000000713e996f0) 
thrown [s\open\src\hotspot\share\interpreter\linkResolver.cpp, line 1372]
Event: 2.227 Thread 0x000001d0723fc6f0 Exception <a 'java/lang/NullPointerException'{0x0000000713e999d0}> (0x0000000713e999d0) 
thrown [s\open\src\hotspot\share\interpreter\linkResolver.cpp, line 1372]
Event: 2.227 Thread 0x000001d0723fc6f0 Exception <a 'java/lang/NullPointerException'{0x0000000713e99cb0}> (0x0000000713e99cb0) 
thrown [s\open\src\hotspot\share\interpreter\linkResolver.cpp, line 1372]
Event: 2.229 Thread 0x000001d0723fc6f0 Exception <a 'java/lang/NullPointerException'{0x0000000713e9ea38}> (0x0000000713e9ea38) 
thrown [s\open\src\hotspot\share\interpreter\linkResolver.cpp, line 1372]
Event: 2.232 Thread 0x000001d0723fc6f0 Exception <a 'java/lang/NullPointerException'{0x0000000713eb1b60}> (0x0000000713eb1b60) 
thrown [s\open\src\hotspot\share\interpreter\linkResolver.cpp, line 1372]
Event: 2.232 Thread 0x000001d0723fc6f0 Exception <a 'java/lang/NullPointerException'{0x0000000713eb1e40}> (0x0000000713eb1e40) 
thrown [s\open\src\hotspot\share\interpreter\linkResolver.cpp, line 1372]
Event: 2.232 Thread 0x000001d0723fc6f0 Exception <a 'java/lang/NullPointerException'{0x0000000713eb2120}> (0x0000000713eb2120) 
thrown [s\open\src\hotspot\share\interpreter\linkResolver.cpp, line 1372]
Event: 2.232 Thread 0x000001d0723fc6f0 Exception <a 'java/lang/NullPointerException'{0x0000000713eb2400}> (0x0000000713eb2400) 
thrown [s\open\src\hotspot\share\interpreter\linkResolver.cpp, line 1372]
Event: 2.239 Thread 0x000001d0723fc6f0 Exception <a 'sun/nio/fs/WindowsException'{0x0000000713edb190}> (0x0000000713edb190) 
thrown [s\open\src\hotspot\share\prims\jni.cpp, line 520]
Event: 2.239 Thread 0x000001d0723fc6f0 Exception <a 'sun/nio/fs/WindowsException'{0x0000000713edb8d0}> (0x0000000713edb8d0) 
thrown [s\open\src\hotspot\share\prims\jni.cpp, line 520]
Event: 2.239 Thread 0x000001d0723fc6f0 Exception <a 'sun/nio/fs/WindowsException'{0x0000000713edbe48}> (0x0000000713edbe48) 
thrown [s\open\src\hotspot\share\prims\jni.cpp, line 520]
Event: 2.239 Thread 0x000001d0723fc6f0 Exception <a 'sun/nio/fs/WindowsException'{0x0000000713edc358}> (0x0000000713edc358) 
thrown [s\open\src\hotspot\share\prims\jni.cpp, line 520]
Event: 2.239 Thread 0x000001d0723fc6f0 Exception <a 'sun/nio/fs/WindowsException'{0x0000000713edc860}> (0x0000000713edc860) 
thrown [s\open\src\hotspot\share\prims\jni.cpp, line 520]
Event: 2.239 Thread 0x000001d0723fc6f0 Exception <a 'sun/nio/fs/WindowsException'{0x0000000713edcd20}> (0x0000000713edcd20) 
thrown [s\open\src\hotspot\share\prims\jni.cpp, line 520]
Event: 2.395 Thread 0x000001d0723fc6f0 Exception <a 'java/lang/NoSuchMethodError'{0x0000000713f4e4c8}: 'void java.lang.invoke.DirectMethodHandle$Holder.invokeStatic(java.lang.Object, java.lang.Object, java.lang.Object)'> (0x0000000713f4e4c8) 
thrown [s\open\src\hotspot\share\interpreter\linkResolver.cpp, line 773]
Event: 5.014 Thread 0x000001d0723fc6f0 Exception <a 'java/lang/NoSuchMethodError'{0x0000000713d002e0}: 'java.lang.Object java.lang.invoke.DirectMethodHandle$Holder.invokeSpecialIFC(java.lang.Object, java.lang.Object, java.lang.Object, java.lang.Object)'> (0x0000000713d002e0) 
thrown [s\open\src\hotspot\share\interpreter\linkResolver.cpp, line 773]

ZGC Phase Switch (0 events):
No events

VM Operations (10 events):
Event: 0.308 Executing VM operation: HandshakeAllThreads (Deoptimize)
Event: 0.309 Executing VM operation: HandshakeAllThreads (Deoptimize) done
Event: 1.320 Executing VM operation: Cleanup
Event: 1.320 Executing VM operation: Cleanup done
Event: 2.157 Executing VM operation: HandshakeAllThreads (Deoptimize)
Event: 2.157 Executing VM operation: HandshakeAllThreads (Deoptimize) done
Event: 2.218 Executing VM operation: HandshakeAllThreads (Deoptimize)
Event: 2.218 Executing VM operation: HandshakeAllThreads (Deoptimize) done
Event: 3.224 Executing VM operation: Cleanup
Event: 3.224 Executing VM operation: Cleanup done

Events (18 events):
Event: 0.133 Thread 0x000001d0723fc6f0 Thread added: 0x000001d0723fc6f0
Event: 0.178 Thread 0x000001d07f33d6b0 Thread added: 0x000001d07f33d6b0
Event: 0.178 Thread 0x000001d07f3426c0 Thread added: 0x000001d07f3426c0
Event: 0.179 Thread 0x000001d07f345580 Thread added: 0x000001d07f345580
Event: 0.179 Thread 0x000001d07f3480d0 Thread added: 0x000001d07f3480d0
Event: 0.179 Thread 0x000001d07f349c20 Thread added: 0x000001d07f349c20
Event: 0.179 Thread 0x000001d07f34a760 Thread added: 0x000001d07f34a760
Event: 0.180 Thread 0x000001d07f34c4f0 Thread added: 0x000001d07f34c4f0
Event: 0.182 Thread 0x000001d07f34ef90 Thread added: 0x000001d07f34ef90
Event: 0.236 Thread 0x000001d05a091370 Thread added: 0x000001d05a091370
Event: 0.236 Thread 0x000001d05a091a10 Thread added: 0x000001d05a091a10
Event: 0.236 Thread 0x000001d05a0920b0 Thread added: 0x000001d05a0920b0
Event: 0.250 Thread 0x000001d05a115c20 Thread added: 0x000001d05a115c20
Event: 0.262 Thread 0x000001d05a116440 Thread added: 0x000001d05a116440
Event: 2.115 Thread 0x000001d05a091a10 Thread exited: 0x000001d05a091a10
Event: 2.117 Thread 0x000001d05a0920b0 Thread exited: 0x000001d05a0920b0
Event: 5.061 Thread 0x000001d05a504db0 Thread added: 0x000001d05a504db0
Event: 5.087 Thread 0x000001d05a596230 Thread added: 0x000001d05a596230


Dynamic libraries:
0x00007ff65f260000 - 0x00007ff65f270000 	C:\Program Files\Java\jdk-21\bin\java.exe
0x00007ffc80210000 - 0x00007ffc80428000 	C:\Windows\SYSTEM32\ntdll.dll
0x00007ffc7f080000 - 0x00007ffc7f144000 	C:\Windows\System32\KERNEL32.DLL
0x00007ffc7d930000 - 0x00007ffc7dd03000 	C:\Windows\System32\KERNELBASE.dll
0x00007ffc7d770000 - 0x00007ffc7d881000 	C:\Windows\System32\ucrtbase.dll
0x00007ffc2a360000 - 0x00007ffc2a379000 	C:\Program Files\Java\jdk-21\bin\jli.dll
0x00007ffc7fce0000 - 0x00007ffc7fd91000 	C:\Windows\System32\ADVAPI32.dll
0x00007ffc7eeb0000 - 0x00007ffc7ef57000 	C:\Windows\System32\msvcrt.dll
0x00007ffc7efd0000 - 0x00007ffc7f078000 	C:\Windows\System32\sechost.dll
0x00007ffc7d740000 - 0x00007ffc7d768000 	C:\Windows\System32\bcrypt.dll
0x00007ffc7ebb0000 - 0x00007ffc7ecc8000 	C:\Windows\System32\RPCRT4.dll
0x00007ffc7e390000 - 0x00007ffc7e542000 	C:\Windows\System32\USER32.dll
0x00007ffc7dd10000 - 0x00007ffc7dd36000 	C:\Windows\System32\win32u.dll
0x00007ffc7f2b0000 - 0x00007ffc7f2d9000 	C:\Windows\System32\GDI32.dll
0x00007ffc7d620000 - 0x00007ffc7d73b000 	C:\Windows\System32\gdi32full.dll
0x00007ffc7d890000 - 0x00007ffc7d92a000 	C:\Windows\System32\msvcp_win.dll
0x00007ffbb88f0000 - 0x00007ffbb890b000 	C:\Program Files\Java\jdk-21\bin\VCRUNTIME140.dll
0x00007ffc69c10000 - 0x00007ffc69eac000 	C:\Windows\WinSxS\amd64_microsoft.windows.common-controls_6595b64144ccf1df_6.0.22621.6060_none_2712eda17382d24b\COMCTL32.dll
0x00007ffc776c0000 - 0x00007ffc776ca000 	C:\Windows\SYSTEM32\VERSION.dll
0x00007ffc7f150000 - 0x00007ffc7f181000 	C:\Windows\System32\IMM32.DLL
0x00007ffc23220000 - 0x00007ffc2322c000 	C:\Program Files\Java\jdk-21\bin\vcruntime140_1.dll
0x00007ffbdf1d0000 - 0x00007ffbdf25e000 	C:\Program Files\Java\jdk-21\bin\msvcp140.dll
0x00007ffbad5b0000 - 0x00007ffbae2ca000 	C:\Program Files\Java\jdk-21\bin\server\jvm.dll
0x00007ffc7e550000 - 0x00007ffc7e5c1000 	C:\Windows\System32\WS2_32.dll
0x00007ffc7caf0000 - 0x00007ffc7cb3d000 	C:\Windows\SYSTEM32\POWRPROF.dll
0x00007ffc75cc0000 - 0x00007ffc75cf4000 	C:\Windows\SYSTEM32\WINMM.dll
0x00007ffc7cad0000 - 0x00007ffc7cae3000 	C:\Windows\SYSTEM32\UMPDC.dll
0x00007ffc7c2c0000 - 0x00007ffc7c2d8000 	C:\Windows\SYSTEM32\kernel.appcore.dll
0x00007ffc22a20000 - 0x00007ffc22a2a000 	C:\Program Files\Java\jdk-21\bin\jimage.dll
0x00007ffc7ad40000 - 0x00007ffc7af73000 	C:\Windows\SYSTEM32\DBGHELP.DLL
0x00007ffc7e640000 - 0x00007ffc7e9d1000 	C:\Windows\System32\combase.dll
0x00007ffc7f190000 - 0x00007ffc7f268000 	C:\Windows\System32\OLEAUT32.dll
0x00007ffc716c0000 - 0x00007ffc716f2000 	C:\Windows\SYSTEM32\dbgcore.DLL
0x00007ffc7d3e0000 - 0x00007ffc7d45b000 	C:\Windows\System32\bcryptPrimitives.dll
0x00007ffbad550000 - 0x00007ffbad56f000 	C:\Program Files\Java\jdk-21\bin\java.dll
0x00007ffc7f440000 - 0x00007ffc7fcdc000 	C:\Windows\System32\SHELL32.dll
0x00007ffc7d4e0000 - 0x00007ffc7d61f000 	C:\Windows\System32\wintypes.dll
0x00007ffc7b1d0000 - 0x00007ffc7baea000 	C:\Windows\SYSTEM32\windows.storage.dll
0x00007ffc7ed20000 - 0x00007ffc7ee24000 	C:\Windows\System32\SHCORE.dll
0x00007ffc7ef60000 - 0x00007ffc7efc9000 	C:\Windows\System32\shlwapi.dll
0x00007ffc7d250000 - 0x00007ffc7d275000 	C:\Windows\SYSTEM32\profapi.dll
0x00007ffbad470000 - 0x00007ffbad547000 	C:\Program Files\Java\jdk-21\bin\jsvml.dll
0x00007ffc1f7d0000 - 0x00007ffc1f7e0000 	C:\Program Files\Java\jdk-21\bin\net.dll
0x00007ffc76140000 - 0x00007ffc7626c000 	C:\Windows\SYSTEM32\WINHTTP.dll
0x00007ffc7c780000 - 0x00007ffc7c7e9000 	C:\Windows\system32\mswsock.dll
0x00007ffbad450000 - 0x00007ffbad466000 	C:\Program Files\Java\jdk-21\bin\nio.dll
0x00007ffbad430000 - 0x00007ffbad448000 	C:\Program Files\Java\jdk-21\bin\zip.dll
0x0000000069ac0000 - 0x0000000069ae4000 	C:\Program Files\NetBeans-21\netbeans\java\maven\lib\jansi-native\Windows\x86_64\jansi.dll
0x00007ffc0fec0000 - 0x00007ffc0fed0000 	C:\Program Files\Java\jdk-21\bin\verify.dll

dbghelp: loaded successfully - version: 4.0.5 - missing functions: none
symbol engine: initialized successfully - sym options: 0x614 - pdb path: .;C:\Program Files\Java\jdk-21\bin;C:\Windows\SYSTEM32;C:\Windows\WinSxS\amd64_microsoft.windows.common-controls_6595b64144ccf1df_6.0.22621.6060_none_2712eda17382d24b;C:\Program Files\Java\jdk-21\bin\server;C:\Program Files\NetBeans-21\netbeans\java\maven\lib\jansi-native\Windows\x86_64

VM Arguments:
jvm_args: -Dclassworlds.conf=C:\Program Files\NetBeans-21\netbeans\java\maven\bin\m2.conf -Dmaven.home=C:\Program Files\NetBeans-21\netbeans\java\maven -Dlibrary.jansi.path=C:\Program Files\NetBeans-21\netbeans\java\maven\lib\jansi-native -Dmaven.multiModuleProjectDirectory=C:\Users\pc\Documents\NetBeansProjects\GHADS 
java_command: org.codehaus.plexus.classworlds.launcher.Launcher -Dmaven.ext.class.path=C:\Program Files\NetBeans-21\netbeans\java\maven-nblib\netbeans-eventspy.jar --no-transfer-progress install
java_class_path (initial): C:\Program Files\NetBeans-21\netbeans\java\maven\boot\plexus-classworlds-2.7.0.jar
Launcher Type: SUN_STANDARD

[Global flags]
     intx CICompilerCount                          = 12                                        {product} {ergonomic}
     uint ConcGCThreads                            = 3                                         {product} {ergonomic}
     uint G1ConcRefinementThreads                  = 13                                        {product} {ergonomic}
   size_t G1HeapRegionSize                         = 2097152                                   {product} {ergonomic}
    uintx GCDrainStackTargetSize                   = 64                                        {product} {ergonomic}
   size_t InitialHeapSize                          = 264241152                                 {product} {ergonomic}
   size_t MarkStackSize                            = 4194304                                   {product} {ergonomic}
   size_t MaxHeapSize                              = 4217372672                                {product} {ergonomic}
   size_t MaxNewSize                               = 2529165312                                {product} {ergonomic}
   size_t MinHeapDeltaBytes                        = 2097152                                   {product} {ergonomic}
   size_t MinHeapSize                              = 8388608                                   {product} {ergonomic}
    uintx NonNMethodCodeHeapSize                   = 7602480                                {pd product} {ergonomic}
    uintx NonProfiledCodeHeapSize                  = 122027880                              {pd product} {ergonomic}
    uintx ProfiledCodeHeapSize                     = 122027880                              {pd product} {ergonomic}
    uintx ReservedCodeCacheSize                    = 251658240                              {pd product} {ergonomic}
     bool SegmentedCodeCache                       = true                                      {product} {ergonomic}
   size_t SoftMaxHeapSize                          = 4217372672                             {manageable} {ergonomic}
     bool UseCompressedOops                        = true                           {product lp64_product} {ergonomic}
     bool UseG1GC                                  = true                                      {product} {ergonomic}
     bool UseLargePagesIndividualAllocation        = false                                  {pd product} {ergonomic}

Logging:
Log output configuration:
 #0: stdout all=warning uptime,level,tags foldmultilines=false
 #1: stderr all=off uptime,level,tags foldmultilines=false

Environment Variables:
JAVA_HOME=C:\Program Files\Java\jdk-21
PATH=C:\Program Files (x86)\VMware\VMware Workstation\bin\;C:\Program Files (x86)\Common Files\Intel\Shared Libraries\redist\intel64\compiler;C:\Program Files\Common Files\Oracle\Java\javapath;C:\Windows\system32;C:\Windows;C:\Windows\System32\Wbem;C:\Windows\System32\WindowsPowerShell\v1.0\;C:\Windows\System32\OpenSSH\;C:\Program Files\IBM\SPSS\Statistics\Subscription\JRE\bin;E:\MATLAB 2018\runtime\win64;E:\MATLAB 2018\bin;E:\MATLAB\R2018a\runtime\win64;E:\MATLAB\R2018a\bin;C:\Program Files (x86)\Microsoft SQL Server\160\DTS\Binn\;C:\Program Files\NVIDIA Corporation\NVIDIA App\NvDLISR;C:\Program Files (x86)\NVIDIA Corporation\PhysX\Common;C:\Program Files\dotnet\;C:\Program Files\Git\cmd;C:\Users\pc\dart-sdk\bin;C:\Program Files\nodejs\;C:\Users\pc\AppData\Local\Programs\Python\Python311\Scripts\;C:\Users\pc\AppData\Local\Programs\Python\Python311\;C:\Users\pc\AppData\Local\Microsoft\WindowsApps;C:\Users\pc\AppData\Local\Programs\Microsoft VS Code\bin;C:\mingw64\bin;C:\Users\pc\.dotnet\tools;C:\dart-sdk\bin;C:\Users\pc\AppData\Roaming\npm;D:\Antigravity\bin;C:\flutter\bin;C:\Users\pc\AppData\Local\Programs\Antigravity IDE\bin;
USERNAME=pc
OS=Windows_NT
PROCESSOR_IDENTIFIER=Intel64 Family 6 Model 141 Stepping 1, GenuineIntel
TMP=C:\Users\pc\AppData\Local\Temp
TEMP=C:\Users\pc\AppData\Local\Temp




Periodic native trim disabled

---------------  S Y S T E M  ---------------

OS:
 Windows 11 , 64 bit Build 22621 (10.0.22621.5415)
OS uptime: 0 days 0:03 hours
Hyper-V role detected

CPU: total 16 (initial active 16) (8 cores per cpu, 2 threads per core) family 6 model 141 stepping 1 microcode 0x34, cx8, cmov, fxsr, ht, mmx, 3dnowpref, sse, sse2, sse3, ssse3, sse4.1, sse4.2, popcnt, lzcnt, tsc, tscinvbit, avx, avx2, aes, erms, clmul, bmi1, bmi2, adx, avx512f, avx512dq, avx512cd, avx512bw, avx512vl, sha, fma, vzeroupper, avx512_vpopcntdq, avx512_vpclmulqdq, avx512_vaes, avx512_vnni, clflush, clflushopt, clwb, avx512_vbmi2, avx512_vbmi, hv, rdtscp, rdpid, fsrm, gfni, avx512_bitalg, f16c, cet_ibt, cet_ss, avx512_ifma
Processor Information for all 16 processors :
  Max Mhz: 2304, Current Mhz: 2304, Mhz Limit: 2304

Memory: 4k page, system-wide physical 16085M (5810M free)
TotalPageFile size 21796M (AvailPageFile size 93M)
current process WorkingSet (physical memory assigned to process): 57M, peak: 57M
current process commit charge ("private bytes"): 356M, peak: 356M

vm_info: Java HotSpot(TM) 64-Bit Server VM (21.0.6+8-LTS-188) for windows-amd64 JRE (21.0.6+8-LTS-188), built on 2024-12-03T10:50:54Z by "mach5one" with MS VC++ 17.6 (VS2022)

END.
